2024-10-14 15:47:52,959:INFO:root:test
2024-10-14 15:47:58,650:INFO:__main__:Homed Jubilee
2024-10-14 16:52:57,945:INFO:stober_synthesis_utils:Dispensed 1361.0 uL of ethanol_volume into Well A1 form septavialrev1_44_holder_2000ul on slot 2
2024-10-14 16:53:18,050:INFO:stober_synthesis_utils:Dispensed 1384.0 uL of ethanol_volume into Well A2 form septavialrev1_44_holder_2000ul on slot 2
2024-10-14 16:53:38,623:INFO:stober_synthesis_utils:Dispensed 1567.0 uL of ethanol_volume into Well A3 form septavialrev1_44_holder_2000ul on slot 2
2024-10-14 16:53:58,477:INFO:stober_synthesis_utils:Dispensed 1283.0 uL of ethanol_volume into Well A4 form septavialrev1_44_holder_2000ul on slot 2
2024-10-14 16:54:19,079:INFO:stober_synthesis_utils:Dispensed 1534.0 uL of ethanol_volume into Well A5 form septavialrev1_44_holder_2000ul on slot 2
2024-10-14 16:54:19,079:INFO:stober_synthesis_utils:Refilling 10cc_1 with 9228.0 uL from Well A4 form 20mLscintillation 12 Well Plate 18000 µL on slot 4
2024-10-14 16:55:06,418:INFO:stober_synthesis_utils:Dispensed 1415.0 uL of ethanol_volume into Well A6 form septavialrev1_44_holder_2000ul on slot 2
2024-10-14 16:55:26,650:INFO:stober_synthesis_utils:Dispensed 1467.0 uL of ethanol_volume into Well A7 form septavialrev1_44_holder_2000ul on slot 2
2024-10-14 16:55:47,280:INFO:stober_synthesis_utils:Dispensed 1625.0 uL of ethanol_volume into Well A8 form septavialrev1_44_holder_2000ul on slot 2
2024-10-14 16:56:08,276:INFO:stober_synthesis_utils:Dispensed 1338.0 uL of ethanol_volume into Well B1 form septavialrev1_44_holder_2000ul on slot 2
2024-10-14 16:56:28,931:INFO:stober_synthesis_utils:Dispensed 1579.0 uL of ethanol_volume into Well B3 form septavialrev1_44_holder_2000ul on slot 2
2024-10-14 16:56:49,295:INFO:stober_synthesis_utils:Dispensed 1472.0 uL of ethanol_volume into Well B4 form septavialrev1_44_holder_2000ul on slot 2
2024-10-14 16:56:49,296:INFO:stober_synthesis_utils:Refilling 10cc_1 with 8896.0 uL from Well B1 form 20mLscintillation 12 Well Plate 18000 µL on slot 4
2024-10-14 16:57:36,209:INFO:stober_synthesis_utils:Dispensed 1475.0 uL of ethanol_volume into Well B5 form septavialrev1_44_holder_2000ul on slot 2
2024-10-14 16:57:56,697:INFO:stober_synthesis_utils:Dispensed 1543.0 uL of ethanol_volume into Well B6 form septavialrev1_44_holder_2000ul on slot 2
2024-10-14 16:58:16,963:INFO:stober_synthesis_utils:Dispensed 1415.0 uL of ethanol_volume into Well B8 form septavialrev1_44_holder_2000ul on slot 2
2024-10-14 16:58:37,865:INFO:stober_synthesis_utils:Dispensed 1321.0 uL of ethanol_volume into Well C1 form septavialrev1_44_holder_2000ul on slot 2
2024-10-14 16:58:57,888:INFO:stober_synthesis_utils:Dispensed 1339.0 uL of ethanol_volume into Well C2 form septavialrev1_44_holder_2000ul on slot 2
2024-10-14 16:59:18,057:INFO:stober_synthesis_utils:Dispensed 1383.0 uL of ethanol_volume into Well C3 form septavialrev1_44_holder_2000ul on slot 2
2024-10-14 17:06:31,333:INFO:stober_synthesis_utils:Refilling 10cc_1 with 9924.0 uL from Well A4 form 20mLscintillation 12 Well Plate 18000 µL on slot 4
2024-10-14 17:09:11,829:INFO:stober_synthesis_utils:Dispensed 1339.0 uL of ethanol_volume into Well C2 form septavialrev1_44_holder_2000ul on slot 2
2024-10-14 17:09:31,791:INFO:stober_synthesis_utils:Dispensed 1383.0 uL of ethanol_volume into Well C3 form septavialrev1_44_holder_2000ul on slot 2
2024-10-14 17:09:52,042:INFO:stober_synthesis_utils:Dispensed 1448.0 uL of ethanol_volume into Well C4 form septavialrev1_44_holder_2000ul on slot 2
2024-10-14 17:10:12,083:INFO:stober_synthesis_utils:Dispensed 1422.0 uL of ethanol_volume into Well C5 form septavialrev1_44_holder_2000ul on slot 2
2024-10-14 17:10:31,795:INFO:stober_synthesis_utils:Dispensed 1413.0 uL of ethanol_volume into Well C6 form septavialrev1_44_holder_2000ul on slot 2
2024-10-14 17:10:31,795:INFO:stober_synthesis_utils:Refilling 10cc_1 with 9104.0 uL from Well A4 form 20mLscintillation 12 Well Plate 18000 µL on slot 4
2024-10-14 17:11:19,296:INFO:stober_synthesis_utils:Dispensed 1331.0 uL of ethanol_volume into Well C7 form septavialrev1_44_holder_2000ul on slot 2
2024-10-14 17:11:39,368:INFO:stober_synthesis_utils:Dispensed 1362.0 uL of ethanol_volume into Well C8 form septavialrev1_44_holder_2000ul on slot 2
2024-10-14 17:12:00,509:INFO:stober_synthesis_utils:Dispensed 1421.0 uL of ethanol_volume into Well D1 form septavialrev1_44_holder_2000ul on slot 2
2024-10-14 17:12:20,556:INFO:stober_synthesis_utils:Dispensed 1393.0 uL of ethanol_volume into Well D2 form septavialrev1_44_holder_2000ul on slot 2
2024-10-14 17:12:40,709:INFO:stober_synthesis_utils:Dispensed 1435.0 uL of ethanol_volume into Well D3 form septavialrev1_44_holder_2000ul on slot 2
2024-10-14 17:14:07,954:INFO:stober_synthesis_utils:Dispensed 1342.0 uL of ethanol_volume into Well D4 form septavialrev1_44_holder_2000ul on slot 2
2024-10-14 17:14:28,069:INFO:stober_synthesis_utils:Dispensed 1404.0 uL of ethanol_volume into Well D5 form septavialrev1_44_holder_2000ul on slot 2
2024-10-14 17:14:28,070:INFO:stober_synthesis_utils:Refilling 10cc_1 with 9688.0 uL from Well B1 form 20mLscintillation 12 Well Plate 18000 µL on slot 4
2024-10-14 17:15:17,207:INFO:stober_synthesis_utils:Dispensed 1487.0 uL of ethanol_volume into Well D6 form septavialrev1_44_holder_2000ul on slot 2
2024-10-14 17:15:36,915:INFO:stober_synthesis_utils:Dispensed 1257.0 uL of ethanol_volume into Well D7 form septavialrev1_44_holder_2000ul on slot 2
2024-10-14 17:15:56,796:INFO:stober_synthesis_utils:Dispensed 1250.0 uL of ethanol_volume into Well D8 form septavialrev1_44_holder_2000ul on slot 2
2024-10-14 17:16:18,175:INFO:stober_synthesis_utils:Dispensed 1550.0 uL of ethanol_volume into Well E1 form septavialrev1_44_holder_2000ul on slot 2
2024-10-14 17:16:38,454:INFO:stober_synthesis_utils:Dispensed 1375.0 uL of ethanol_volume into Well E3 form septavialrev1_44_holder_2000ul on slot 2
2024-10-14 17:16:57,978:INFO:stober_synthesis_utils:Dispensed 1148.0 uL of ethanol_volume into Well E4 form septavialrev1_44_holder_2000ul on slot 2
2024-10-14 17:17:18,372:INFO:stober_synthesis_utils:Dispensed 1559.0 uL of ethanol_volume into Well E5 form septavialrev1_44_holder_2000ul on slot 2
2024-10-14 17:17:18,374:INFO:stober_synthesis_utils:Refilling 10cc_1 with 9626.0 uL from Well B2 form 20mLscintillation 12 Well Plate 18000 µL on slot 4
2024-10-14 17:18:07,258:INFO:stober_synthesis_utils:Dispensed 1348.0 uL of ethanol_volume into Well E6 form septavialrev1_44_holder_2000ul on slot 2
2024-10-14 17:18:27,276:INFO:stober_synthesis_utils:Dispensed 1312.0 uL of ethanol_volume into Well E8 form septavialrev1_44_holder_2000ul on slot 2
2024-10-14 17:18:48,352:INFO:stober_synthesis_utils:Dispensed 1375.0 uL of ethanol_volume into Well F1 form septavialrev1_44_holder_2000ul on slot 2
2024-10-14 17:19:08,778:INFO:stober_synthesis_utils:Dispensed 1561.0 uL of ethanol_volume into Well F2 form septavialrev1_44_holder_2000ul on slot 2
2024-10-14 17:19:28,208:INFO:stober_synthesis_utils:Dispensed 1040.0 uL of ethanol_volume into Well F3 form septavialrev1_44_holder_2000ul on slot 2
2024-10-14 17:19:47,919:INFO:stober_synthesis_utils:Dispensed 1196.0 uL of ethanol_volume into Well F4 form septavialrev1_44_holder_2000ul on slot 2
2024-10-14 17:20:14,186:INFO:__main__:Emptied ethanol syringe into trash
2024-10-14 17:22:24,151:INFO:stober_synthesis_utils:Dispensed 165.0 uL of water_volume into Well A1 form septavialrev1_44_holder_2000ul on slot 2
2024-10-14 17:22:41,417:INFO:stober_synthesis_utils:Dispensed 175.0 uL of water_volume into Well A2 form septavialrev1_44_holder_2000ul on slot 2
2024-10-14 17:22:56,325:INFO:stober_synthesis_utils:Dispensed 49.0 uL of water_volume into Well A3 form septavialrev1_44_holder_2000ul on slot 2
2024-10-14 17:22:56,325:INFO:stober_synthesis_utils:Refilling 1cc_1 with 803.0 uL from Well A3 form 20mLscintillation 12 Well Plate 18000 µL on slot 4
2024-10-14 17:23:39,777:INFO:stober_synthesis_utils:Dispensed 228.0 uL of water_volume into Well A4 form septavialrev1_44_holder_2000ul on slot 2
2024-10-14 17:23:53,721:INFO:stober_synthesis_utils:Dispensed 15.0 uL of water_volume into Well A5 form septavialrev1_44_holder_2000ul on slot 2
2024-10-14 17:24:08,541:INFO:stober_synthesis_utils:Dispensed 61.0 uL of water_volume into Well A6 form septavialrev1_44_holder_2000ul on slot 2
2024-10-14 17:24:22,808:INFO:stober_synthesis_utils:Dispensed 33.0 uL of water_volume into Well A7 form septavialrev1_44_holder_2000ul on slot 2
2024-10-14 17:24:36,770:INFO:stober_synthesis_utils:Dispensed 19.0 uL of water_volume into Well A8 form septavialrev1_44_holder_2000ul on slot 2
2024-10-14 17:24:55,277:INFO:stober_synthesis_utils:Dispensed 186.0 uL of water_volume into Well B1 form septavialrev1_44_holder_2000ul on slot 2
2024-10-14 17:25:09,632:INFO:stober_synthesis_utils:Dispensed 33.0 uL of water_volume into Well B3 form septavialrev1_44_holder_2000ul on slot 2
2024-10-14 17:25:26,590:INFO:stober_synthesis_utils:Dispensed 160.0 uL of water_volume into Well B4 form septavialrev1_44_holder_2000ul on slot 2
2024-10-14 17:25:42,820:INFO:stober_synthesis_utils:Dispensed 121.0 uL of water_volume into Well B5 form septavialrev1_44_holder_2000ul on slot 2
2024-10-14 17:25:57,366:INFO:stober_synthesis_utils:Dispensed 40.0 uL of water_volume into Well B6 form septavialrev1_44_holder_2000ul on slot 2
2024-10-14 17:25:57,366:INFO:stober_synthesis_utils:Refilling 1cc_1 with 896.0 uL from Well A3 form 20mLscintillation 12 Well Plate 18000 µL on slot 4
2024-10-14 17:26:40,545:INFO:stober_synthesis_utils:Dispensed 116.0 uL of water_volume into Well B8 form septavialrev1_44_holder_2000ul on slot 2
2024-10-14 17:27:00,031:INFO:stober_synthesis_utils:Dispensed 236.0 uL of water_volume into Well C1 form septavialrev1_44_holder_2000ul on slot 2
2024-10-14 17:27:15,963:INFO:stober_synthesis_utils:Dispensed 109.0 uL of water_volume into Well C2 form septavialrev1_44_holder_2000ul on slot 2
2024-10-14 17:27:32,493:INFO:stober_synthesis_utils:Dispensed 138.0 uL of water_volume into Well C3 form septavialrev1_44_holder_2000ul on slot 2
2024-10-14 17:27:48,012:INFO:stober_synthesis_utils:Dispensed 89.0 uL of water_volume into Well C4 form septavialrev1_44_holder_2000ul on slot 2
2024-10-14 17:28:04,226:INFO:stober_synthesis_utils:Dispensed 130.0 uL of water_volume into Well C5 form septavialrev1_44_holder_2000ul on slot 2
2024-10-14 17:28:20,724:INFO:stober_synthesis_utils:Dispensed 137.0 uL of water_volume into Well C6 form septavialrev1_44_holder_2000ul on slot 2
2024-10-14 17:28:20,724:INFO:stober_synthesis_utils:Refilling 1cc_1 with 955.0 uL from Well A3 form 20mLscintillation 12 Well Plate 18000 µL on slot 4
2024-10-14 17:29:06,033:INFO:stober_synthesis_utils:Dispensed 137.0 uL of water_volume into Well C7 form septavialrev1_44_holder_2000ul on slot 2
2024-10-14 17:29:22,864:INFO:stober_synthesis_utils:Dispensed 156.0 uL of water_volume into Well C8 form septavialrev1_44_holder_2000ul on slot 2
2024-10-14 17:29:37,811:INFO:stober_synthesis_utils:Dispensed 19.0 uL of water_volume into Well D1 form septavialrev1_44_holder_2000ul on slot 2
2024-10-14 17:29:53,598:INFO:stober_synthesis_utils:Dispensed 102.0 uL of water_volume into Well D2 form septavialrev1_44_holder_2000ul on slot 2
2024-10-14 17:30:09,749:INFO:stober_synthesis_utils:Dispensed 120.0 uL of water_volume into Well D3 form septavialrev1_44_holder_2000ul on slot 2
2024-10-14 17:30:26,067:INFO:stober_synthesis_utils:Dispensed 130.0 uL of water_volume into Well D4 form septavialrev1_44_holder_2000ul on slot 2
2024-10-14 17:30:42,516:INFO:stober_synthesis_utils:Dispensed 135.0 uL of water_volume into Well D5 form septavialrev1_44_holder_2000ul on slot 2
2024-10-14 17:30:58,140:INFO:stober_synthesis_utils:Dispensed 94.0 uL of water_volume into Well D6 form septavialrev1_44_holder_2000ul on slot 2
2024-10-14 17:30:58,140:INFO:stober_synthesis_utils:Refilling 1cc_1 with 893.0 uL from Well A3 form 20mLscintillation 12 Well Plate 18000 µL on slot 4
2024-10-14 17:31:42,680:INFO:stober_synthesis_utils:Dispensed 155.0 uL of water_volume into Well D7 form septavialrev1_44_holder_2000ul on slot 2
2024-10-14 17:32:00,542:INFO:stober_synthesis_utils:Dispensed 203.0 uL of water_volume into Well D8 form septavialrev1_44_holder_2000ul on slot 2
2024-10-14 17:32:16,733:INFO:stober_synthesis_utils:Dispensed 79.0 uL of water_volume into Well E1 form septavialrev1_44_holder_2000ul on slot 2
2024-10-14 17:32:34,327:INFO:stober_synthesis_utils:Dispensed 186.0 uL of water_volume into Well E3 form septavialrev1_44_holder_2000ul on slot 2
2024-10-14 17:32:53,075:INFO:stober_synthesis_utils:Dispensed 241.0 uL of water_volume into Well E4 form septavialrev1_44_holder_2000ul on slot 2
2024-10-14 17:33:08,327:INFO:stober_synthesis_utils:Dispensed 79.0 uL of water_volume into Well E5 form septavialrev1_44_holder_2000ul on slot 2
2024-10-14 17:33:22,341:INFO:stober_synthesis_utils:Dispensed 23.0 uL of water_volume into Well E6 form septavialrev1_44_holder_2000ul on slot 2
2024-10-14 17:33:22,341:INFO:stober_synthesis_utils:Refilling 1cc_1 with 966.0 uL from Well A3 form 20mLscintillation 12 Well Plate 18000 µL on slot 4
2024-10-14 17:34:08,037:INFO:stober_synthesis_utils:Dispensed 113.0 uL of water_volume into Well E8 form septavialrev1_44_holder_2000ul on slot 2
2024-10-14 17:34:25,877:INFO:stober_synthesis_utils:Dispensed 155.0 uL of water_volume into Well F1 form septavialrev1_44_holder_2000ul on slot 2
2024-10-14 17:34:40,727:INFO:stober_synthesis_utils:Dispensed 62.0 uL of water_volume into Well F2 form septavialrev1_44_holder_2000ul on slot 2
2024-10-14 17:34:59,114:INFO:stober_synthesis_utils:Dispensed 231.0 uL of water_volume into Well F3 form septavialrev1_44_holder_2000ul on slot 2
2024-10-14 17:35:17,809:INFO:stober_synthesis_utils:Dispensed 239.0 uL of water_volume into Well F4 form septavialrev1_44_holder_2000ul on slot 2
2024-10-14 18:42:46,907:INFO:stober_synthesis_utils:Dispensed 124.0 uL of ammonia_volume into Well A1 form septavialrev1_44_holder_2000ul on slot 2
2024-10-14 18:42:58,077:INFO:stober_synthesis_utils:Dispensed 58.0 uL of ammonia_volume into Well A2 form septavialrev1_44_holder_2000ul on slot 2
2024-10-14 18:43:09,350:INFO:stober_synthesis_utils:Dispensed 64.0 uL of ammonia_volume into Well A3 form septavialrev1_44_holder_2000ul on slot 2
2024-10-14 18:43:19,192:INFO:stober_synthesis_utils:Dispensed 9.0 uL of ammonia_volume into Well A4 form septavialrev1_44_holder_2000ul on slot 2
2024-10-14 18:43:30,165:INFO:stober_synthesis_utils:Dispensed 52.0 uL of ammonia_volume into Well A5 form septavialrev1_44_holder_2000ul on slot 2
2024-10-14 18:43:40,400:INFO:stober_synthesis_utils:Dispensed 12.0 uL of ammonia_volume into Well A6 form septavialrev1_44_holder_2000ul on slot 2
2024-10-14 18:43:52,231:INFO:stober_synthesis_utils:Dispensed 100.0 uL of ammonia_volume into Well A7 form septavialrev1_44_holder_2000ul on slot 2
2024-10-14 18:43:52,232:INFO:stober_synthesis_utils:Refilling 1cc_2 with 988.0 uL from Well A2 form 20mLscintillation 12 Well Plate 18000 µL on slot 4
2024-10-14 18:44:32,344:INFO:stober_synthesis_utils:Dispensed 33.0 uL of ammonia_volume into Well A8 form septavialrev1_44_holder_2000ul on slot 2
2024-10-14 18:44:46,218:INFO:stober_synthesis_utils:Dispensed 137.0 uL of ammonia_volume into Well B1 form septavialrev1_44_holder_2000ul on slot 2
2024-10-14 18:44:56,517:INFO:stober_synthesis_utils:Dispensed 19.0 uL of ammonia_volume into Well B3 form septavialrev1_44_holder_2000ul on slot 2
2024-10-14 18:45:07,331:INFO:stober_synthesis_utils:Dispensed 48.0 uL of ammonia_volume into Well B4 form septavialrev1_44_holder_2000ul on slot 2
2024-10-14 18:45:17,362:INFO:stober_synthesis_utils:Dispensed 14.0 uL of ammonia_volume into Well B5 form septavialrev1_44_holder_2000ul on slot 2
2024-10-14 18:45:28,006:INFO:stober_synthesis_utils:Dispensed 37.0 uL of ammonia_volume into Well B6 form septavialrev1_44_holder_2000ul on slot 2
2024-10-14 18:45:40,013:INFO:stober_synthesis_utils:Dispensed 105.0 uL of ammonia_volume into Well B8 form septavialrev1_44_holder_2000ul on slot 2
2024-10-14 18:45:52,297:INFO:stober_synthesis_utils:Dispensed 64.0 uL of ammonia_volume into Well C1 form septavialrev1_44_holder_2000ul on slot 2
2024-10-14 18:46:02,604:INFO:stober_synthesis_utils:Dispensed 38.0 uL of ammonia_volume into Well C2 form septavialrev1_44_holder_2000ul on slot 2
2024-10-14 18:46:15,274:INFO:stober_synthesis_utils:Dispensed 147.0 uL of ammonia_volume into Well C3 form septavialrev1_44_holder_2000ul on slot 2
2024-10-14 18:46:27,639:INFO:stober_synthesis_utils:Dispensed 130.0 uL of ammonia_volume into Well C4 form septavialrev1_44_holder_2000ul on slot 2
2024-10-14 18:46:38,426:INFO:stober_synthesis_utils:Dispensed 54.0 uL of ammonia_volume into Well C5 form septavialrev1_44_holder_2000ul on slot 2
2024-10-14 18:46:50,451:INFO:stober_synthesis_utils:Dispensed 116.0 uL of ammonia_volume into Well C6 form septavialrev1_44_holder_2000ul on slot 2
2024-10-14 18:47:00,297:INFO:stober_synthesis_utils:Dispensed 10.0 uL of ammonia_volume into Well C7 form septavialrev1_44_holder_2000ul on slot 2
2024-10-14 18:47:10,560:INFO:stober_synthesis_utils:Dispensed 32.0 uL of ammonia_volume into Well C8 form septavialrev1_44_holder_2000ul on slot 2
2024-10-14 18:47:10,560:INFO:stober_synthesis_utils:Refilling 1cc_2 with 984.0 uL from Well A2 form 20mLscintillation 12 Well Plate 18000 µL on slot 4
2024-10-14 18:47:51,326:INFO:stober_synthesis_utils:Dispensed 77.0 uL of ammonia_volume into Well D1 form septavialrev1_44_holder_2000ul on slot 2
2024-10-14 18:48:02,037:INFO:stober_synthesis_utils:Dispensed 53.0 uL of ammonia_volume into Well D2 form septavialrev1_44_holder_2000ul on slot 2
2024-10-14 18:48:13,348:INFO:stober_synthesis_utils:Dispensed 83.0 uL of ammonia_volume into Well D3 form septavialrev1_44_holder_2000ul on slot 2
2024-10-14 18:48:25,252:INFO:stober_synthesis_utils:Dispensed 112.0 uL of ammonia_volume into Well D4 form septavialrev1_44_holder_2000ul on slot 2
2024-10-14 18:48:36,344:INFO:stober_synthesis_utils:Dispensed 77.0 uL of ammonia_volume into Well D5 form septavialrev1_44_holder_2000ul on slot 2
2024-10-14 18:48:46,200:INFO:stober_synthesis_utils:Dispensed 10.0 uL of ammonia_volume into Well D6 form septavialrev1_44_holder_2000ul on slot 2
2024-10-14 18:48:57,202:INFO:stober_synthesis_utils:Dispensed 67.0 uL of ammonia_volume into Well D7 form septavialrev1_44_holder_2000ul on slot 2
2024-10-14 18:49:10,056:INFO:stober_synthesis_utils:Dispensed 158.0 uL of ammonia_volume into Well D8 form septavialrev1_44_holder_2000ul on slot 2
2024-10-14 18:49:21,281:INFO:stober_synthesis_utils:Dispensed 30.0 uL of ammonia_volume into Well E1 form septavialrev1_44_holder_2000ul on slot 2
2024-10-14 18:49:32,819:INFO:stober_synthesis_utils:Dispensed 82.0 uL of ammonia_volume into Well E3 form septavialrev1_44_holder_2000ul on slot 2
2024-10-14 18:49:46,142:INFO:stober_synthesis_utils:Dispensed 174.0 uL of ammonia_volume into Well E4 form septavialrev1_44_holder_2000ul on slot 2
2024-10-14 18:49:55,948:INFO:stober_synthesis_utils:Dispensed 13.0 uL of ammonia_volume into Well E5 form septavialrev1_44_holder_2000ul on slot 2
2024-10-14 18:49:55,948:INFO:stober_synthesis_utils:Refilling 1cc_2 with 936.0 uL from Well A2 form 20mLscintillation 12 Well Plate 18000 µL on slot 4
2024-10-14 18:50:37,204:INFO:stober_synthesis_utils:Dispensed 125.0 uL of ammonia_volume into Well E6 form septavialrev1_44_holder_2000ul on slot 2
2024-10-14 18:50:49,011:INFO:stober_synthesis_utils:Dispensed 97.0 uL of ammonia_volume into Well E8 form septavialrev1_44_holder_2000ul on slot 2
2024-10-14 18:51:01,588:INFO:stober_synthesis_utils:Dispensed 101.0 uL of ammonia_volume into Well F1 form septavialrev1_44_holder_2000ul on slot 2
2024-10-14 18:51:12,380:INFO:stober_synthesis_utils:Dispensed 57.0 uL of ammonia_volume into Well F2 form septavialrev1_44_holder_2000ul on slot 2
2024-10-14 18:51:25,700:INFO:stober_synthesis_utils:Dispensed 175.0 uL of ammonia_volume into Well F3 form septavialrev1_44_holder_2000ul on slot 2
2024-10-14 18:51:38,015:INFO:stober_synthesis_utils:Dispensed 131.0 uL of ammonia_volume into Well F4 form septavialrev1_44_holder_2000ul on slot 2
2024-10-14 18:52:33,599:INFO:stober_synthesis_utils:Mixed well Well A1 form septavialrev1_44_holder_2000ul on slot 2 5 times, 2000 uL per cycle
2024-10-14 18:55:38,344:INFO:stober_synthesis_utils:Washed mix syringe in wash solutions [Well C2 form 20mLscintillation 12 Well Plate 18000 µL on slot 4, Well C3 form 20mLscintillation 12 Well Plate 18000 µL on slot 4, Well C4 form 20mLscintillation 12 Well Plate 18000 µL on slot 4]
2024-10-14 18:56:20,594:INFO:stober_synthesis_utils:Mixed well Well A2 form septavialrev1_44_holder_2000ul on slot 2 5 times, 2000 uL per cycle
2024-10-14 18:59:25,162:INFO:stober_synthesis_utils:Washed mix syringe in wash solutions [Well C2 form 20mLscintillation 12 Well Plate 18000 µL on slot 4, Well C3 form 20mLscintillation 12 Well Plate 18000 µL on slot 4, Well C4 form 20mLscintillation 12 Well Plate 18000 µL on slot 4]
2024-10-14 19:00:07,386:INFO:stober_synthesis_utils:Mixed well Well A3 form septavialrev1_44_holder_2000ul on slot 2 5 times, 2000 uL per cycle
2024-10-14 19:03:11,843:INFO:stober_synthesis_utils:Washed mix syringe in wash solutions [Well C2 form 20mLscintillation 12 Well Plate 18000 µL on slot 4, Well C3 form 20mLscintillation 12 Well Plate 18000 µL on slot 4, Well C4 form 20mLscintillation 12 Well Plate 18000 µL on slot 4]
2024-10-14 19:03:53,776:INFO:stober_synthesis_utils:Mixed well Well A4 form septavialrev1_44_holder_2000ul on slot 2 5 times, 2000 uL per cycle
2024-10-14 19:06:58,420:INFO:stober_synthesis_utils:Washed mix syringe in wash solutions [Well C2 form 20mLscintillation 12 Well Plate 18000 µL on slot 4, Well C3 form 20mLscintillation 12 Well Plate 18000 µL on slot 4, Well C4 form 20mLscintillation 12 Well Plate 18000 µL on slot 4]
2024-10-14 19:07:40,713:INFO:stober_synthesis_utils:Mixed well Well A5 form septavialrev1_44_holder_2000ul on slot 2 5 times, 2000 uL per cycle
2024-10-14 19:10:46,316:INFO:stober_synthesis_utils:Washed mix syringe in wash solutions [Well C2 form 20mLscintillation 12 Well Plate 18000 µL on slot 4, Well C3 form 20mLscintillation 12 Well Plate 18000 µL on slot 4, Well C4 form 20mLscintillation 12 Well Plate 18000 µL on slot 4]
2024-10-14 19:11:28,030:INFO:stober_synthesis_utils:Mixed well Well A6 form septavialrev1_44_holder_2000ul on slot 2 5 times, 2000 uL per cycle
2024-10-14 19:14:32,741:INFO:stober_synthesis_utils:Washed mix syringe in wash solutions [Well C2 form 20mLscintillation 12 Well Plate 18000 µL on slot 4, Well C3 form 20mLscintillation 12 Well Plate 18000 µL on slot 4, Well C4 form 20mLscintillation 12 Well Plate 18000 µL on slot 4]
2024-10-14 19:15:14,299:INFO:stober_synthesis_utils:Mixed well Well A7 form septavialrev1_44_holder_2000ul on slot 2 5 times, 2000 uL per cycle
2024-10-14 19:18:19,414:INFO:stober_synthesis_utils:Washed mix syringe in wash solutions [Well C2 form 20mLscintillation 12 Well Plate 18000 µL on slot 4, Well C3 form 20mLscintillation 12 Well Plate 18000 µL on slot 4, Well C4 form 20mLscintillation 12 Well Plate 18000 µL on slot 4]
2024-10-14 19:19:01,476:INFO:stober_synthesis_utils:Mixed well Well A8 form septavialrev1_44_holder_2000ul on slot 2 5 times, 2000 uL per cycle
2024-10-14 19:22:07,333:INFO:stober_synthesis_utils:Washed mix syringe in wash solutions [Well C2 form 20mLscintillation 12 Well Plate 18000 µL on slot 4, Well C3 form 20mLscintillation 12 Well Plate 18000 µL on slot 4, Well C4 form 20mLscintillation 12 Well Plate 18000 µL on slot 4]
2024-10-14 19:22:50,170:INFO:stober_synthesis_utils:Mixed well Well B1 form septavialrev1_44_holder_2000ul on slot 2 5 times, 2000 uL per cycle
2024-10-14 19:25:56,084:INFO:stober_synthesis_utils:Washed mix syringe in wash solutions [Well C2 form 20mLscintillation 12 Well Plate 18000 µL on slot 4, Well C3 form 20mLscintillation 12 Well Plate 18000 µL on slot 4, Well C4 form 20mLscintillation 12 Well Plate 18000 µL on slot 4]
2024-10-14 19:26:38,541:INFO:stober_synthesis_utils:Mixed well Well B3 form septavialrev1_44_holder_2000ul on slot 2 5 times, 2000 uL per cycle
2024-10-14 19:29:43,688:INFO:stober_synthesis_utils:Washed mix syringe in wash solutions [Well C2 form 20mLscintillation 12 Well Plate 18000 µL on slot 4, Well C3 form 20mLscintillation 12 Well Plate 18000 µL on slot 4, Well C4 form 20mLscintillation 12 Well Plate 18000 µL on slot 4]
2024-10-14 19:30:25,723:INFO:stober_synthesis_utils:Mixed well Well B4 form septavialrev1_44_holder_2000ul on slot 2 5 times, 2000 uL per cycle
2024-10-14 19:33:30,374:INFO:stober_synthesis_utils:Washed mix syringe in wash solutions [Well C2 form 20mLscintillation 12 Well Plate 18000 µL on slot 4, Well C3 form 20mLscintillation 12 Well Plate 18000 µL on slot 4, Well C4 form 20mLscintillation 12 Well Plate 18000 µL on slot 4]
2024-10-14 19:34:12,226:INFO:stober_synthesis_utils:Mixed well Well B5 form septavialrev1_44_holder_2000ul on slot 2 5 times, 2000 uL per cycle
2024-10-14 19:37:16,800:INFO:stober_synthesis_utils:Washed mix syringe in wash solutions [Well C2 form 20mLscintillation 12 Well Plate 18000 µL on slot 4, Well C3 form 20mLscintillation 12 Well Plate 18000 µL on slot 4, Well C4 form 20mLscintillation 12 Well Plate 18000 µL on slot 4]
2024-10-14 19:37:58,633:INFO:stober_synthesis_utils:Mixed well Well B6 form septavialrev1_44_holder_2000ul on slot 2 5 times, 2000 uL per cycle
2024-10-14 19:41:03,410:INFO:stober_synthesis_utils:Washed mix syringe in wash solutions [Well C2 form 20mLscintillation 12 Well Plate 18000 µL on slot 4, Well C3 form 20mLscintillation 12 Well Plate 18000 µL on slot 4, Well C4 form 20mLscintillation 12 Well Plate 18000 µL on slot 4]
2024-10-14 19:41:45,173:INFO:stober_synthesis_utils:Mixed well Well B8 form septavialrev1_44_holder_2000ul on slot 2 5 times, 2000 uL per cycle
2024-10-14 19:44:50,150:INFO:stober_synthesis_utils:Washed mix syringe in wash solutions [Well C2 form 20mLscintillation 12 Well Plate 18000 µL on slot 4, Well C3 form 20mLscintillation 12 Well Plate 18000 µL on slot 4, Well C4 form 20mLscintillation 12 Well Plate 18000 µL on slot 4]
2024-10-14 19:45:32,824:INFO:stober_synthesis_utils:Mixed well Well C1 form septavialrev1_44_holder_2000ul on slot 2 5 times, 2000 uL per cycle
2024-10-14 19:48:37,700:INFO:stober_synthesis_utils:Washed mix syringe in wash solutions [Well C2 form 20mLscintillation 12 Well Plate 18000 µL on slot 4, Well C3 form 20mLscintillation 12 Well Plate 18000 µL on slot 4, Well C4 form 20mLscintillation 12 Well Plate 18000 µL on slot 4]
2024-10-14 19:49:20,078:INFO:stober_synthesis_utils:Mixed well Well C2 form septavialrev1_44_holder_2000ul on slot 2 5 times, 2000 uL per cycle
2024-10-14 19:52:24,971:INFO:stober_synthesis_utils:Washed mix syringe in wash solutions [Well C2 form 20mLscintillation 12 Well Plate 18000 µL on slot 4, Well C3 form 20mLscintillation 12 Well Plate 18000 µL on slot 4, Well C4 form 20mLscintillation 12 Well Plate 18000 µL on slot 4]
2024-10-14 19:53:07,152:INFO:stober_synthesis_utils:Mixed well Well C3 form septavialrev1_44_holder_2000ul on slot 2 5 times, 2000 uL per cycle
2024-10-14 19:56:12,151:INFO:stober_synthesis_utils:Washed mix syringe in wash solutions [Well C2 form 20mLscintillation 12 Well Plate 18000 µL on slot 4, Well C3 form 20mLscintillation 12 Well Plate 18000 µL on slot 4, Well C4 form 20mLscintillation 12 Well Plate 18000 µL on slot 4]
2024-10-14 19:56:54,496:INFO:stober_synthesis_utils:Mixed well Well C4 form septavialrev1_44_holder_2000ul on slot 2 5 times, 2000 uL per cycle
2024-10-14 19:59:59,473:INFO:stober_synthesis_utils:Washed mix syringe in wash solutions [Well C2 form 20mLscintillation 12 Well Plate 18000 µL on slot 4, Well C3 form 20mLscintillation 12 Well Plate 18000 µL on slot 4, Well C4 form 20mLscintillation 12 Well Plate 18000 µL on slot 4]
2024-10-14 20:00:41,586:INFO:stober_synthesis_utils:Mixed well Well C5 form septavialrev1_44_holder_2000ul on slot 2 5 times, 2000 uL per cycle
2024-10-14 20:03:46,759:INFO:stober_synthesis_utils:Washed mix syringe in wash solutions [Well C2 form 20mLscintillation 12 Well Plate 18000 µL on slot 4, Well C3 form 20mLscintillation 12 Well Plate 18000 µL on slot 4, Well C4 form 20mLscintillation 12 Well Plate 18000 µL on slot 4]
2024-10-14 20:04:28,772:INFO:stober_synthesis_utils:Mixed well Well C6 form septavialrev1_44_holder_2000ul on slot 2 5 times, 2000 uL per cycle
2024-10-14 20:07:33,596:INFO:stober_synthesis_utils:Washed mix syringe in wash solutions [Well C2 form 20mLscintillation 12 Well Plate 18000 µL on slot 4, Well C3 form 20mLscintillation 12 Well Plate 18000 µL on slot 4, Well C4 form 20mLscintillation 12 Well Plate 18000 µL on slot 4]
2024-10-14 20:08:15,319:INFO:stober_synthesis_utils:Mixed well Well C7 form septavialrev1_44_holder_2000ul on slot 2 5 times, 2000 uL per cycle
2024-10-14 20:11:20,331:INFO:stober_synthesis_utils:Washed mix syringe in wash solutions [Well C2 form 20mLscintillation 12 Well Plate 18000 µL on slot 4, Well C3 form 20mLscintillation 12 Well Plate 18000 µL on slot 4, Well C4 form 20mLscintillation 12 Well Plate 18000 µL on slot 4]
2024-10-14 20:12:02,401:INFO:stober_synthesis_utils:Mixed well Well C8 form septavialrev1_44_holder_2000ul on slot 2 5 times, 2000 uL per cycle
2024-10-14 20:15:07,551:INFO:stober_synthesis_utils:Washed mix syringe in wash solutions [Well C2 form 20mLscintillation 12 Well Plate 18000 µL on slot 4, Well C3 form 20mLscintillation 12 Well Plate 18000 µL on slot 4, Well C4 form 20mLscintillation 12 Well Plate 18000 µL on slot 4]
2024-10-14 20:15:50,287:INFO:stober_synthesis_utils:Mixed well Well D1 form septavialrev1_44_holder_2000ul on slot 2 5 times, 2000 uL per cycle
2024-10-14 20:18:55,374:INFO:stober_synthesis_utils:Washed mix syringe in wash solutions [Well C2 form 20mLscintillation 12 Well Plate 18000 µL on slot 4, Well C3 form 20mLscintillation 12 Well Plate 18000 µL on slot 4, Well C4 form 20mLscintillation 12 Well Plate 18000 µL on slot 4]
2024-10-14 20:19:37,884:INFO:stober_synthesis_utils:Mixed well Well D2 form septavialrev1_44_holder_2000ul on slot 2 5 times, 2000 uL per cycle
2024-10-14 20:22:42,859:INFO:stober_synthesis_utils:Washed mix syringe in wash solutions [Well C2 form 20mLscintillation 12 Well Plate 18000 µL on slot 4, Well C3 form 20mLscintillation 12 Well Plate 18000 µL on slot 4, Well C4 form 20mLscintillation 12 Well Plate 18000 µL on slot 4]
2024-10-14 20:23:25,469:INFO:stober_synthesis_utils:Mixed well Well D3 form septavialrev1_44_holder_2000ul on slot 2 5 times, 2000 uL per cycle
2024-10-14 20:26:30,796:INFO:stober_synthesis_utils:Washed mix syringe in wash solutions [Well C2 form 20mLscintillation 12 Well Plate 18000 µL on slot 4, Well C3 form 20mLscintillation 12 Well Plate 18000 µL on slot 4, Well C4 form 20mLscintillation 12 Well Plate 18000 µL on slot 4]
2024-10-14 20:27:13,189:INFO:stober_synthesis_utils:Mixed well Well D4 form septavialrev1_44_holder_2000ul on slot 2 5 times, 2000 uL per cycle
2024-10-14 20:30:18,247:INFO:stober_synthesis_utils:Washed mix syringe in wash solutions [Well C2 form 20mLscintillation 12 Well Plate 18000 µL on slot 4, Well C3 form 20mLscintillation 12 Well Plate 18000 µL on slot 4, Well C4 form 20mLscintillation 12 Well Plate 18000 µL on slot 4]
2024-10-14 20:31:00,453:INFO:stober_synthesis_utils:Mixed well Well D5 form septavialrev1_44_holder_2000ul on slot 2 5 times, 2000 uL per cycle
2024-10-14 20:34:05,486:INFO:stober_synthesis_utils:Washed mix syringe in wash solutions [Well C2 form 20mLscintillation 12 Well Plate 18000 µL on slot 4, Well C3 form 20mLscintillation 12 Well Plate 18000 µL on slot 4, Well C4 form 20mLscintillation 12 Well Plate 18000 µL on slot 4]
2024-10-14 20:34:47,632:INFO:stober_synthesis_utils:Mixed well Well D6 form septavialrev1_44_holder_2000ul on slot 2 5 times, 2000 uL per cycle
2024-10-14 20:37:52,867:INFO:stober_synthesis_utils:Washed mix syringe in wash solutions [Well C2 form 20mLscintillation 12 Well Plate 18000 µL on slot 4, Well C3 form 20mLscintillation 12 Well Plate 18000 µL on slot 4, Well C4 form 20mLscintillation 12 Well Plate 18000 µL on slot 4]
2024-10-14 20:38:34,934:INFO:stober_synthesis_utils:Mixed well Well D7 form septavialrev1_44_holder_2000ul on slot 2 5 times, 2000 uL per cycle
2024-10-14 20:41:40,014:INFO:stober_synthesis_utils:Washed mix syringe in wash solutions [Well C2 form 20mLscintillation 12 Well Plate 18000 µL on slot 4, Well C3 form 20mLscintillation 12 Well Plate 18000 µL on slot 4, Well C4 form 20mLscintillation 12 Well Plate 18000 µL on slot 4]
2024-10-14 20:43:56,829:WARNING:urllib3.connectionpool:Retrying (Retry(total=4, connect=None, read=None, redirect=None, status=None)) after connection broken by 'NewConnectionError('<urllib3.connection.HTTPConnection object at 0x7f4730febd60>: Failed to establish a new connection: [Errno 110] Connection timed out')': /rr_reply
2024-10-14 20:44:35,898:INFO:stober_synthesis_utils:Mixed well Well D8 form septavialrev1_44_holder_2000ul on slot 2 5 times, 2000 uL per cycle
2024-10-14 20:47:41,205:INFO:stober_synthesis_utils:Washed mix syringe in wash solutions [Well C2 form 20mLscintillation 12 Well Plate 18000 µL on slot 4, Well C3 form 20mLscintillation 12 Well Plate 18000 µL on slot 4, Well C4 form 20mLscintillation 12 Well Plate 18000 µL on slot 4]
2024-10-14 20:48:23,856:INFO:stober_synthesis_utils:Mixed well Well E1 form septavialrev1_44_holder_2000ul on slot 2 5 times, 2000 uL per cycle
2024-10-14 20:51:30,081:INFO:stober_synthesis_utils:Washed mix syringe in wash solutions [Well C2 form 20mLscintillation 12 Well Plate 18000 µL on slot 4, Well C3 form 20mLscintillation 12 Well Plate 18000 µL on slot 4, Well C4 form 20mLscintillation 12 Well Plate 18000 µL on slot 4]
2024-10-14 20:52:12,880:INFO:stober_synthesis_utils:Mixed well Well E3 form septavialrev1_44_holder_2000ul on slot 2 5 times, 2000 uL per cycle
2024-10-14 20:55:19,320:INFO:stober_synthesis_utils:Washed mix syringe in wash solutions [Well C2 form 20mLscintillation 12 Well Plate 18000 µL on slot 4, Well C3 form 20mLscintillation 12 Well Plate 18000 µL on slot 4, Well C4 form 20mLscintillation 12 Well Plate 18000 µL on slot 4]
2024-10-14 20:56:02,205:INFO:stober_synthesis_utils:Mixed well Well E4 form septavialrev1_44_holder_2000ul on slot 2 5 times, 2000 uL per cycle
2024-10-14 20:59:08,096:INFO:stober_synthesis_utils:Washed mix syringe in wash solutions [Well C2 form 20mLscintillation 12 Well Plate 18000 µL on slot 4, Well C3 form 20mLscintillation 12 Well Plate 18000 µL on slot 4, Well C4 form 20mLscintillation 12 Well Plate 18000 µL on slot 4]
2024-10-14 20:59:50,408:INFO:stober_synthesis_utils:Mixed well Well E5 form septavialrev1_44_holder_2000ul on slot 2 5 times, 2000 uL per cycle
2024-10-14 21:02:55,516:INFO:stober_synthesis_utils:Washed mix syringe in wash solutions [Well C2 form 20mLscintillation 12 Well Plate 18000 µL on slot 4, Well C3 form 20mLscintillation 12 Well Plate 18000 µL on slot 4, Well C4 form 20mLscintillation 12 Well Plate 18000 µL on slot 4]
2024-10-14 21:03:37,752:INFO:stober_synthesis_utils:Mixed well Well E6 form septavialrev1_44_holder_2000ul on slot 2 5 times, 2000 uL per cycle
2024-10-14 21:06:42,935:INFO:stober_synthesis_utils:Washed mix syringe in wash solutions [Well C2 form 20mLscintillation 12 Well Plate 18000 µL on slot 4, Well C3 form 20mLscintillation 12 Well Plate 18000 µL on slot 4, Well C4 form 20mLscintillation 12 Well Plate 18000 µL on slot 4]
2024-10-14 21:07:25,180:INFO:stober_synthesis_utils:Mixed well Well E8 form septavialrev1_44_holder_2000ul on slot 2 5 times, 2000 uL per cycle
2024-10-14 21:10:30,451:INFO:stober_synthesis_utils:Washed mix syringe in wash solutions [Well C2 form 20mLscintillation 12 Well Plate 18000 µL on slot 4, Well C3 form 20mLscintillation 12 Well Plate 18000 µL on slot 4, Well C4 form 20mLscintillation 12 Well Plate 18000 µL on slot 4]
2024-10-14 21:11:13,274:INFO:stober_synthesis_utils:Mixed well Well F1 form septavialrev1_44_holder_2000ul on slot 2 5 times, 2000 uL per cycle
2024-10-14 21:14:18,563:INFO:stober_synthesis_utils:Washed mix syringe in wash solutions [Well C2 form 20mLscintillation 12 Well Plate 18000 µL on slot 4, Well C3 form 20mLscintillation 12 Well Plate 18000 µL on slot 4, Well C4 form 20mLscintillation 12 Well Plate 18000 µL on slot 4]
2024-10-14 21:15:01,218:INFO:stober_synthesis_utils:Mixed well Well F2 form septavialrev1_44_holder_2000ul on slot 2 5 times, 2000 uL per cycle
2024-10-14 21:18:06,419:INFO:stober_synthesis_utils:Washed mix syringe in wash solutions [Well C2 form 20mLscintillation 12 Well Plate 18000 µL on slot 4, Well C3 form 20mLscintillation 12 Well Plate 18000 µL on slot 4, Well C4 form 20mLscintillation 12 Well Plate 18000 µL on slot 4]
2024-10-14 21:18:48,978:INFO:stober_synthesis_utils:Mixed well Well F3 form septavialrev1_44_holder_2000ul on slot 2 5 times, 2000 uL per cycle
2024-10-14 21:21:54,310:INFO:stober_synthesis_utils:Washed mix syringe in wash solutions [Well C2 form 20mLscintillation 12 Well Plate 18000 µL on slot 4, Well C3 form 20mLscintillation 12 Well Plate 18000 µL on slot 4, Well C4 form 20mLscintillation 12 Well Plate 18000 µL on slot 4]
2024-10-14 21:22:36,886:INFO:stober_synthesis_utils:Mixed well Well F4 form septavialrev1_44_holder_2000ul on slot 2 5 times, 2000 uL per cycle
2024-10-14 21:25:42,272:INFO:stober_synthesis_utils:Washed mix syringe in wash solutions [Well C2 form 20mLscintillation 12 Well Plate 18000 µL on slot 4, Well C3 form 20mLscintillation 12 Well Plate 18000 µL on slot 4, Well C4 form 20mLscintillation 12 Well Plate 18000 µL on slot 4]
2024-10-14 21:26:07,758:INFO:stober_synthesis_utils:Dispensed 50.0 uL of teos_volume into Well A1 form septavialrev1_44_holder_2000ul on slot 2
2024-10-14 21:27:04,324:INFO:stober_synthesis_utils:Mixed well Well A1 form septavialrev1_44_holder_2000ul on slot 2 5 times, 2000 uL per cycle
2024-10-14 21:30:09,045:INFO:stober_synthesis_utils:Washed mix syringe in wash solutions [Well C2 form 20mLscintillation 12 Well Plate 18000 µL on slot 4, Well C3 form 20mLscintillation 12 Well Plate 18000 µL on slot 4, Well C4 form 20mLscintillation 12 Well Plate 18000 µL on slot 4]
2024-10-14 21:30:35,305:INFO:stober_synthesis_utils:Dispensed 83.0 uL of teos_volume into Well A2 form septavialrev1_44_holder_2000ul on slot 2
2024-10-14 21:31:31,912:INFO:stober_synthesis_utils:Mixed well Well A2 form septavialrev1_44_holder_2000ul on slot 2 5 times, 2000 uL per cycle
2024-10-14 21:34:36,389:INFO:stober_synthesis_utils:Washed mix syringe in wash solutions [Well C2 form 20mLscintillation 12 Well Plate 18000 µL on slot 4, Well C3 form 20mLscintillation 12 Well Plate 18000 µL on slot 4, Well C4 form 20mLscintillation 12 Well Plate 18000 µL on slot 4]
2024-10-14 21:35:01,384:INFO:stober_synthesis_utils:Dispensed 20.0 uL of teos_volume into Well A3 form septavialrev1_44_holder_2000ul on slot 2
2024-10-14 21:35:58,179:INFO:stober_synthesis_utils:Mixed well Well A3 form septavialrev1_44_holder_2000ul on slot 2 5 times, 2000 uL per cycle
2024-10-14 21:39:02,544:INFO:stober_synthesis_utils:Washed mix syringe in wash solutions [Well C2 form 20mLscintillation 12 Well Plate 18000 µL on slot 4, Well C3 form 20mLscintillation 12 Well Plate 18000 µL on slot 4, Well C4 form 20mLscintillation 12 Well Plate 18000 µL on slot 4]
2024-10-14 21:39:30,940:INFO:stober_synthesis_utils:Dispensed 181.0 uL of teos_volume into Well A4 form septavialrev1_44_holder_2000ul on slot 2
2024-10-14 21:40:27,145:INFO:stober_synthesis_utils:Mixed well Well A4 form septavialrev1_44_holder_2000ul on slot 2 5 times, 2000 uL per cycle
2024-10-14 21:43:31,687:INFO:stober_synthesis_utils:Washed mix syringe in wash solutions [Well C2 form 20mLscintillation 12 Well Plate 18000 µL on slot 4, Well C3 form 20mLscintillation 12 Well Plate 18000 µL on slot 4, Well C4 form 20mLscintillation 12 Well Plate 18000 µL on slot 4]
2024-10-14 21:43:57,857:INFO:stober_synthesis_utils:Dispensed 100.0 uL of teos_volume into Well A5 form septavialrev1_44_holder_2000ul on slot 2
2024-10-14 21:44:54,129:INFO:stober_synthesis_utils:Mixed well Well A5 form septavialrev1_44_holder_2000ul on slot 2 5 times, 2000 uL per cycle
2024-10-14 21:48:10,004:INFO:stober_synthesis_utils:Washed mix syringe in wash solutions [Well C2 form 20mLscintillation 12 Well Plate 18000 µL on slot 4, Well C3 form 20mLscintillation 12 Well Plate 18000 µL on slot 4, Well C4 form 20mLscintillation 12 Well Plate 18000 µL on slot 4]
2024-10-14 21:48:38,956:INFO:stober_synthesis_utils:Dispensed 211.0 uL of teos_volume into Well A6 form septavialrev1_44_holder_2000ul on slot 2
2024-10-14 21:49:35,427:INFO:stober_synthesis_utils:Mixed well Well A6 form septavialrev1_44_holder_2000ul on slot 2 5 times, 2000 uL per cycle
2024-10-14 21:52:41,205:INFO:stober_synthesis_utils:Washed mix syringe in wash solutions [Well C2 form 20mLscintillation 12 Well Plate 18000 µL on slot 4, Well C3 form 20mLscintillation 12 Well Plate 18000 µL on slot 4, Well C4 form 20mLscintillation 12 Well Plate 18000 µL on slot 4]
2024-10-14 21:52:55,741:INFO:stober_synthesis_utils:Refilling 1cc_3 with 964.0 uL from Well A1 form 20mLscintillation 12 Well Plate 18000 µL on slot 4
2024-10-14 21:53:53,379:INFO:stober_synthesis_utils:Dispensed 101.0 uL of teos_volume into Well A7 form septavialrev1_44_holder_2000ul on slot 2
2024-10-14 21:54:50,195:INFO:stober_synthesis_utils:Mixed well Well A7 form septavialrev1_44_holder_2000ul on slot 2 5 times, 2000 uL per cycle
2024-10-14 21:57:55,915:INFO:stober_synthesis_utils:Washed mix syringe in wash solutions [Well C2 form 20mLscintillation 12 Well Plate 18000 µL on slot 4, Well C3 form 20mLscintillation 12 Well Plate 18000 µL on slot 4, Well C4 form 20mLscintillation 12 Well Plate 18000 µL on slot 4]
2024-10-14 21:58:20,872:INFO:stober_synthesis_utils:Dispensed 23.0 uL of teos_volume into Well A8 form septavialrev1_44_holder_2000ul on slot 2
2024-10-14 21:59:17,127:INFO:stober_synthesis_utils:Mixed well Well A8 form septavialrev1_44_holder_2000ul on slot 2 5 times, 2000 uL per cycle
2024-10-14 22:02:22,259:INFO:stober_synthesis_utils:Washed mix syringe in wash solutions [Well C2 form 20mLscintillation 12 Well Plate 18000 µL on slot 4, Well C3 form 20mLscintillation 12 Well Plate 18000 µL on slot 4, Well C4 form 20mLscintillation 12 Well Plate 18000 µL on slot 4]
2024-10-14 22:02:48,392:INFO:stober_synthesis_utils:Dispensed 39.0 uL of teos_volume into Well B1 form septavialrev1_44_holder_2000ul on slot 2
2024-10-14 22:03:44,388:INFO:stober_synthesis_utils:Mixed well Well B1 form septavialrev1_44_holder_2000ul on slot 2 5 times, 2000 uL per cycle
2024-10-14 22:06:49,459:INFO:stober_synthesis_utils:Washed mix syringe in wash solutions [Well C2 form 20mLscintillation 12 Well Plate 18000 µL on slot 4, Well C3 form 20mLscintillation 12 Well Plate 18000 µL on slot 4, Well C4 form 20mLscintillation 12 Well Plate 18000 µL on slot 4]
2024-10-14 22:07:15,412:INFO:stober_synthesis_utils:Dispensed 69.0 uL of teos_volume into Well B3 form septavialrev1_44_holder_2000ul on slot 2
2024-10-14 22:08:12,265:INFO:stober_synthesis_utils:Mixed well Well B3 form septavialrev1_44_holder_2000ul on slot 2 5 times, 2000 uL per cycle
2024-10-14 22:11:17,081:INFO:stober_synthesis_utils:Washed mix syringe in wash solutions [Well C2 form 20mLscintillation 12 Well Plate 18000 µL on slot 4, Well C3 form 20mLscintillation 12 Well Plate 18000 µL on slot 4, Well C4 form 20mLscintillation 12 Well Plate 18000 µL on slot 4]
2024-10-14 22:11:41,838:INFO:stober_synthesis_utils:Dispensed 19.0 uL of teos_volume into Well B4 form septavialrev1_44_holder_2000ul on slot 2
2024-10-14 22:12:38,617:INFO:stober_synthesis_utils:Mixed well Well B4 form septavialrev1_44_holder_2000ul on slot 2 5 times, 2000 uL per cycle
2024-10-14 22:15:43,301:INFO:stober_synthesis_utils:Washed mix syringe in wash solutions [Well C2 form 20mLscintillation 12 Well Plate 18000 µL on slot 4, Well C3 form 20mLscintillation 12 Well Plate 18000 µL on slot 4, Well C4 form 20mLscintillation 12 Well Plate 18000 µL on slot 4]
2024-10-14 22:16:09,387:INFO:stober_synthesis_utils:Dispensed 91.0 uL of teos_volume into Well B5 form septavialrev1_44_holder_2000ul on slot 2
2024-10-14 22:17:06,422:INFO:stober_synthesis_utils:Mixed well Well B5 form septavialrev1_44_holder_2000ul on slot 2 5 times, 2000 uL per cycle
2024-10-14 22:20:11,213:INFO:stober_synthesis_utils:Washed mix syringe in wash solutions [Well C2 form 20mLscintillation 12 Well Plate 18000 µL on slot 4, Well C3 form 20mLscintillation 12 Well Plate 18000 µL on slot 4, Well C4 form 20mLscintillation 12 Well Plate 18000 µL on slot 4]
2024-10-14 22:20:37,046:INFO:stober_synthesis_utils:Dispensed 80.0 uL of teos_volume into Well B6 form septavialrev1_44_holder_2000ul on slot 2
2024-10-14 22:21:33,869:INFO:stober_synthesis_utils:Mixed well Well B6 form septavialrev1_44_holder_2000ul on slot 2 5 times, 2000 uL per cycle
2024-10-14 22:24:38,680:INFO:stober_synthesis_utils:Washed mix syringe in wash solutions [Well C2 form 20mLscintillation 12 Well Plate 18000 µL on slot 4, Well C3 form 20mLscintillation 12 Well Plate 18000 µL on slot 4, Well C4 form 20mLscintillation 12 Well Plate 18000 µL on slot 4]
2024-10-14 22:25:03,916:INFO:stober_synthesis_utils:Dispensed 63.0 uL of teos_volume into Well B8 form septavialrev1_44_holder_2000ul on slot 2
2024-10-14 22:26:00,886:INFO:stober_synthesis_utils:Mixed well Well B8 form septavialrev1_44_holder_2000ul on slot 2 5 times, 2000 uL per cycle
2024-10-14 22:29:05,995:INFO:stober_synthesis_utils:Washed mix syringe in wash solutions [Well C2 form 20mLscintillation 12 Well Plate 18000 µL on slot 4, Well C3 form 20mLscintillation 12 Well Plate 18000 µL on slot 4, Well C4 form 20mLscintillation 12 Well Plate 18000 µL on slot 4]
2024-10-14 22:29:32,466:INFO:stober_synthesis_utils:Dispensed 79.0 uL of teos_volume into Well C1 form septavialrev1_44_holder_2000ul on slot 2
2024-10-14 22:30:29,560:INFO:stober_synthesis_utils:Mixed well Well C1 form septavialrev1_44_holder_2000ul on slot 2 5 times, 2000 uL per cycle
2024-10-14 22:33:34,358:INFO:stober_synthesis_utils:Washed mix syringe in wash solutions [Well C2 form 20mLscintillation 12 Well Plate 18000 µL on slot 4, Well C3 form 20mLscintillation 12 Well Plate 18000 µL on slot 4, Well C4 form 20mLscintillation 12 Well Plate 18000 µL on slot 4]
2024-10-14 22:34:03,500:INFO:stober_synthesis_utils:Dispensed 214.0 uL of teos_volume into Well C2 form septavialrev1_44_holder_2000ul on slot 2
2024-10-14 22:35:00,507:INFO:stober_synthesis_utils:Mixed well Well C2 form septavialrev1_44_holder_2000ul on slot 2 5 times, 2000 uL per cycle
2024-10-14 22:38:05,316:INFO:stober_synthesis_utils:Washed mix syringe in wash solutions [Well C2 form 20mLscintillation 12 Well Plate 18000 µL on slot 4, Well C3 form 20mLscintillation 12 Well Plate 18000 µL on slot 4, Well C4 form 20mLscintillation 12 Well Plate 18000 µL on slot 4]
2024-10-14 22:38:30,640:INFO:stober_synthesis_utils:Dispensed 33.0 uL of teos_volume into Well C3 form septavialrev1_44_holder_2000ul on slot 2
2024-10-14 22:39:27,745:INFO:stober_synthesis_utils:Mixed well Well C3 form septavialrev1_44_holder_2000ul on slot 2 5 times, 2000 uL per cycle
2024-10-14 22:42:32,414:INFO:stober_synthesis_utils:Washed mix syringe in wash solutions [Well C2 form 20mLscintillation 12 Well Plate 18000 µL on slot 4, Well C3 form 20mLscintillation 12 Well Plate 18000 µL on slot 4, Well C4 form 20mLscintillation 12 Well Plate 18000 µL on slot 4]
2024-10-14 22:42:57,542:INFO:stober_synthesis_utils:Dispensed 32.0 uL of teos_volume into Well C4 form septavialrev1_44_holder_2000ul on slot 2
2024-10-14 22:43:54,647:INFO:stober_synthesis_utils:Mixed well Well C4 form septavialrev1_44_holder_2000ul on slot 2 5 times, 2000 uL per cycle
2024-10-14 22:46:59,419:INFO:stober_synthesis_utils:Washed mix syringe in wash solutions [Well C2 form 20mLscintillation 12 Well Plate 18000 µL on slot 4, Well C3 form 20mLscintillation 12 Well Plate 18000 µL on slot 4, Well C4 form 20mLscintillation 12 Well Plate 18000 µL on slot 4]
2024-10-14 22:47:25,863:INFO:stober_synthesis_utils:Dispensed 94.0 uL of teos_volume into Well C5 form septavialrev1_44_holder_2000ul on slot 2
2024-10-14 22:48:22,975:INFO:stober_synthesis_utils:Mixed well Well C5 form septavialrev1_44_holder_2000ul on slot 2 5 times, 2000 uL per cycle
2024-10-14 22:51:27,696:INFO:stober_synthesis_utils:Washed mix syringe in wash solutions [Well C2 form 20mLscintillation 12 Well Plate 18000 µL on slot 4, Well C3 form 20mLscintillation 12 Well Plate 18000 µL on slot 4, Well C4 form 20mLscintillation 12 Well Plate 18000 µL on slot 4]
2024-10-14 22:51:52,864:INFO:stober_synthesis_utils:Dispensed 35.0 uL of teos_volume into Well C6 form septavialrev1_44_holder_2000ul on slot 2
2024-10-14 22:52:50,094:INFO:stober_synthesis_utils:Mixed well Well C6 form septavialrev1_44_holder_2000ul on slot 2 5 times, 2000 uL per cycle
2024-10-14 22:55:54,960:INFO:stober_synthesis_utils:Washed mix syringe in wash solutions [Well C2 form 20mLscintillation 12 Well Plate 18000 µL on slot 4, Well C3 form 20mLscintillation 12 Well Plate 18000 µL on slot 4, Well C4 form 20mLscintillation 12 Well Plate 18000 µL on slot 4]
2024-10-14 22:56:08,990:INFO:stober_synthesis_utils:Refilling 1cc_3 with 972.0 uL from Well A1 form 20mLscintillation 12 Well Plate 18000 µL on slot 4
2024-10-14 22:56:52,150:INFO:stober_synthesis_utils:Dispensed 223.0 uL of teos_volume into Well C7 form septavialrev1_44_holder_2000ul on slot 2
2024-10-14 22:57:49,112:INFO:stober_synthesis_utils:Mixed well Well C7 form septavialrev1_44_holder_2000ul on slot 2 5 times, 2000 uL per cycle
2024-10-14 23:00:54,186:INFO:stober_synthesis_utils:Washed mix syringe in wash solutions [Well C2 form 20mLscintillation 12 Well Plate 18000 µL on slot 4, Well C3 form 20mLscintillation 12 Well Plate 18000 µL on slot 4, Well C4 form 20mLscintillation 12 Well Plate 18000 µL on slot 4]
2024-10-14 23:01:15,434:INFO:stober_synthesis_utils:Dispensed 150.0 uL of teos_volume into Well C8 form septavialrev1_44_holder_2000ul on slot 2
2024-10-14 23:02:12,566:INFO:stober_synthesis_utils:Mixed well Well C8 form septavialrev1_44_holder_2000ul on slot 2 5 times, 2000 uL per cycle
2024-10-14 23:05:17,842:INFO:stober_synthesis_utils:Washed mix syringe in wash solutions [Well C2 form 20mLscintillation 12 Well Plate 18000 µL on slot 4, Well C3 form 20mLscintillation 12 Well Plate 18000 µL on slot 4, Well C4 form 20mLscintillation 12 Well Plate 18000 µL on slot 4]
2024-10-14 23:05:46,585:INFO:stober_synthesis_utils:Dispensed 184.0 uL of teos_volume into Well D1 form septavialrev1_44_holder_2000ul on slot 2
2024-10-14 23:06:43,921:INFO:stober_synthesis_utils:Mixed well Well D1 form septavialrev1_44_holder_2000ul on slot 2 5 times, 2000 uL per cycle
2024-10-14 23:09:48,952:INFO:stober_synthesis_utils:Washed mix syringe in wash solutions [Well C2 form 20mLscintillation 12 Well Plate 18000 µL on slot 4, Well C3 form 20mLscintillation 12 Well Plate 18000 µL on slot 4, Well C4 form 20mLscintillation 12 Well Plate 18000 µL on slot 4]
2024-10-14 23:10:17,021:INFO:stober_synthesis_utils:Dispensed 152.0 uL of teos_volume into Well D2 form septavialrev1_44_holder_2000ul on slot 2
2024-10-14 23:11:14,417:INFO:stober_synthesis_utils:Mixed well Well D2 form septavialrev1_44_holder_2000ul on slot 2 5 times, 2000 uL per cycle
2024-10-14 23:14:19,436:INFO:stober_synthesis_utils:Washed mix syringe in wash solutions [Well C2 form 20mLscintillation 12 Well Plate 18000 µL on slot 4, Well C3 form 20mLscintillation 12 Well Plate 18000 µL on slot 4, Well C4 form 20mLscintillation 12 Well Plate 18000 µL on slot 4]
2024-10-14 23:14:45,445:INFO:stober_synthesis_utils:Dispensed 63.0 uL of teos_volume into Well D3 form septavialrev1_44_holder_2000ul on slot 2
2024-10-14 23:15:42,512:INFO:stober_synthesis_utils:Mixed well Well D3 form septavialrev1_44_holder_2000ul on slot 2 5 times, 2000 uL per cycle
2024-10-14 23:18:47,438:INFO:stober_synthesis_utils:Washed mix syringe in wash solutions [Well C2 form 20mLscintillation 12 Well Plate 18000 µL on slot 4, Well C3 form 20mLscintillation 12 Well Plate 18000 µL on slot 4, Well C4 form 20mLscintillation 12 Well Plate 18000 µL on slot 4]
2024-10-14 23:19:14,593:INFO:stober_synthesis_utils:Dispensed 117.0 uL of teos_volume into Well D4 form septavialrev1_44_holder_2000ul on slot 2
2024-10-14 23:20:11,787:INFO:stober_synthesis_utils:Mixed well Well D4 form septavialrev1_44_holder_2000ul on slot 2 5 times, 2000 uL per cycle
2024-10-14 23:23:16,557:INFO:stober_synthesis_utils:Washed mix syringe in wash solutions [Well C2 form 20mLscintillation 12 Well Plate 18000 µL on slot 4, Well C3 form 20mLscintillation 12 Well Plate 18000 µL on slot 4, Well C4 form 20mLscintillation 12 Well Plate 18000 µL on slot 4]
2024-10-14 23:23:42,785:INFO:stober_synthesis_utils:Dispensed 84.0 uL of teos_volume into Well D5 form septavialrev1_44_holder_2000ul on slot 2
2024-10-14 23:24:40,039:INFO:stober_synthesis_utils:Mixed well Well D5 form septavialrev1_44_holder_2000ul on slot 2 5 times, 2000 uL per cycle
2024-10-14 23:27:45,244:INFO:stober_synthesis_utils:Washed mix syringe in wash solutions [Well C2 form 20mLscintillation 12 Well Plate 18000 µL on slot 4, Well C3 form 20mLscintillation 12 Well Plate 18000 µL on slot 4, Well C4 form 20mLscintillation 12 Well Plate 18000 µL on slot 4]
2024-10-14 23:27:59,228:INFO:stober_synthesis_utils:Refilling 1cc_3 with 973.0 uL from Well A1 form 20mLscintillation 12 Well Plate 18000 µL on slot 4
2024-10-14 23:28:40,112:INFO:stober_synthesis_utils:Dispensed 109.0 uL of teos_volume into Well D6 form septavialrev1_44_holder_2000ul on slot 2
2024-10-14 23:29:37,343:INFO:stober_synthesis_utils:Mixed well Well D6 form septavialrev1_44_holder_2000ul on slot 2 5 times, 2000 uL per cycle
2024-10-14 23:32:42,454:INFO:stober_synthesis_utils:Washed mix syringe in wash solutions [Well C2 form 20mLscintillation 12 Well Plate 18000 µL on slot 4, Well C3 form 20mLscintillation 12 Well Plate 18000 µL on slot 4, Well C4 form 20mLscintillation 12 Well Plate 18000 µL on slot 4]
2024-10-14 23:33:11,252:INFO:stober_synthesis_utils:Dispensed 221.0 uL of teos_volume into Well D7 form septavialrev1_44_holder_2000ul on slot 2
2024-10-14 23:34:08,703:INFO:stober_synthesis_utils:Mixed well Well D7 form septavialrev1_44_holder_2000ul on slot 2 5 times, 2000 uL per cycle
2024-10-14 23:37:13,702:INFO:stober_synthesis_utils:Washed mix syringe in wash solutions [Well C2 form 20mLscintillation 12 Well Plate 18000 µL on slot 4, Well C3 form 20mLscintillation 12 Well Plate 18000 µL on slot 4, Well C4 form 20mLscintillation 12 Well Plate 18000 µL on slot 4]
2024-10-14 23:37:39,816:INFO:stober_synthesis_utils:Dispensed 89.0 uL of teos_volume into Well D8 form septavialrev1_44_holder_2000ul on slot 2
2024-10-14 23:38:36,887:INFO:stober_synthesis_utils:Mixed well Well D8 form septavialrev1_44_holder_2000ul on slot 2 5 times, 2000 uL per cycle
2024-10-14 23:41:42,224:INFO:stober_synthesis_utils:Washed mix syringe in wash solutions [Well C2 form 20mLscintillation 12 Well Plate 18000 µL on slot 4, Well C3 form 20mLscintillation 12 Well Plate 18000 µL on slot 4, Well C4 form 20mLscintillation 12 Well Plate 18000 µL on slot 4]
2024-10-14 23:42:08,212:INFO:stober_synthesis_utils:Dispensed 40.0 uL of teos_volume into Well E1 form septavialrev1_44_holder_2000ul on slot 2
2024-10-14 23:43:05,512:INFO:stober_synthesis_utils:Mixed well Well E1 form septavialrev1_44_holder_2000ul on slot 2 5 times, 2000 uL per cycle
2024-10-14 23:46:10,708:INFO:stober_synthesis_utils:Washed mix syringe in wash solutions [Well C2 form 20mLscintillation 12 Well Plate 18000 µL on slot 4, Well C3 form 20mLscintillation 12 Well Plate 18000 µL on slot 4, Well C4 form 20mLscintillation 12 Well Plate 18000 µL on slot 4]
2024-10-14 23:46:36,531:INFO:stober_synthesis_utils:Dispensed 57.0 uL of teos_volume into Well E3 form septavialrev1_44_holder_2000ul on slot 2
2024-10-14 23:47:34,034:INFO:stober_synthesis_utils:Mixed well Well E3 form septavialrev1_44_holder_2000ul on slot 2 5 times, 2000 uL per cycle
2024-10-14 23:50:38,999:INFO:stober_synthesis_utils:Washed mix syringe in wash solutions [Well C2 form 20mLscintillation 12 Well Plate 18000 µL on slot 4, Well C3 form 20mLscintillation 12 Well Plate 18000 µL on slot 4, Well C4 form 20mLscintillation 12 Well Plate 18000 µL on slot 4]
2024-10-14 23:51:06,583:INFO:stober_synthesis_utils:Dispensed 138.0 uL of teos_volume into Well E4 form septavialrev1_44_holder_2000ul on slot 2
2024-10-14 23:52:03,983:INFO:stober_synthesis_utils:Mixed well Well E4 form septavialrev1_44_holder_2000ul on slot 2 5 times, 2000 uL per cycle
2024-10-14 23:55:09,144:INFO:stober_synthesis_utils:Washed mix syringe in wash solutions [Well C2 form 20mLscintillation 12 Well Plate 18000 µL on slot 4, Well C3 form 20mLscintillation 12 Well Plate 18000 µL on slot 4, Well C4 form 20mLscintillation 12 Well Plate 18000 µL on slot 4]
2024-10-14 23:55:34,913:INFO:stober_synthesis_utils:Dispensed 49.0 uL of teos_volume into Well E5 form septavialrev1_44_holder_2000ul on slot 2
2024-10-14 23:56:32,381:INFO:stober_synthesis_utils:Mixed well Well E5 form septavialrev1_44_holder_2000ul on slot 2 5 times, 2000 uL per cycle
2024-10-14 23:59:37,405:INFO:stober_synthesis_utils:Washed mix syringe in wash solutions [Well C2 form 20mLscintillation 12 Well Plate 18000 µL on slot 4, Well C3 form 20mLscintillation 12 Well Plate 18000 µL on slot 4, Well C4 form 20mLscintillation 12 Well Plate 18000 µL on slot 4]
2024-10-15 00:00:06,128:INFO:stober_synthesis_utils:Dispensed 204.0 uL of teos_volume into Well E6 form septavialrev1_44_holder_2000ul on slot 2
2024-10-15 00:01:03,626:INFO:stober_synthesis_utils:Mixed well Well E6 form septavialrev1_44_holder_2000ul on slot 2 5 times, 2000 uL per cycle
2024-10-15 00:04:08,829:INFO:stober_synthesis_utils:Washed mix syringe in wash solutions [Well C2 form 20mLscintillation 12 Well Plate 18000 µL on slot 4, Well C3 form 20mLscintillation 12 Well Plate 18000 µL on slot 4, Well C4 form 20mLscintillation 12 Well Plate 18000 µL on slot 4]
2024-10-15 00:04:22,875:INFO:stober_synthesis_utils:Refilling 1cc_3 with 907.0 uL from Well A1 form 20mLscintillation 12 Well Plate 18000 µL on slot 4
2024-10-15 00:05:04,248:INFO:stober_synthesis_utils:Dispensed 177.0 uL of teos_volume into Well E8 form septavialrev1_44_holder_2000ul on slot 2
2024-10-15 00:06:01,967:INFO:stober_synthesis_utils:Mixed well Well E8 form septavialrev1_44_holder_2000ul on slot 2 5 times, 2000 uL per cycle
2024-10-15 00:09:07,381:INFO:stober_synthesis_utils:Washed mix syringe in wash solutions [Well C2 form 20mLscintillation 12 Well Plate 18000 µL on slot 4, Well C3 form 20mLscintillation 12 Well Plate 18000 µL on slot 4, Well C4 form 20mLscintillation 12 Well Plate 18000 µL on slot 4]
2024-10-15 00:09:33,878:INFO:stober_synthesis_utils:Dispensed 68.0 uL of teos_volume into Well F1 form septavialrev1_44_holder_2000ul on slot 2
2024-10-15 00:10:31,390:INFO:stober_synthesis_utils:Mixed well Well F1 form septavialrev1_44_holder_2000ul on slot 2 5 times, 2000 uL per cycle
2024-10-15 00:13:36,869:INFO:stober_synthesis_utils:Washed mix syringe in wash solutions [Well C2 form 20mLscintillation 12 Well Plate 18000 µL on slot 4, Well C3 form 20mLscintillation 12 Well Plate 18000 µL on slot 4, Well C4 form 20mLscintillation 12 Well Plate 18000 µL on slot 4]
2024-10-15 00:14:02,418:INFO:stober_synthesis_utils:Dispensed 21.0 uL of teos_volume into Well F2 form septavialrev1_44_holder_2000ul on slot 2
2024-10-15 00:14:59,934:INFO:stober_synthesis_utils:Mixed well Well F2 form septavialrev1_44_holder_2000ul on slot 2 5 times, 2000 uL per cycle
2024-10-15 00:18:05,192:INFO:stober_synthesis_utils:Washed mix syringe in wash solutions [Well C2 form 20mLscintillation 12 Well Plate 18000 µL on slot 4, Well C3 form 20mLscintillation 12 Well Plate 18000 µL on slot 4, Well C4 form 20mLscintillation 12 Well Plate 18000 µL on slot 4]
2024-10-15 00:18:35,291:INFO:stober_synthesis_utils:Dispensed 253.0 uL of teos_volume into Well F3 form septavialrev1_44_holder_2000ul on slot 2
2024-10-15 00:19:33,047:INFO:stober_synthesis_utils:Mixed well Well F3 form septavialrev1_44_holder_2000ul on slot 2 5 times, 2000 uL per cycle
2024-10-15 00:22:38,298:INFO:stober_synthesis_utils:Washed mix syringe in wash solutions [Well C2 form 20mLscintillation 12 Well Plate 18000 µL on slot 4, Well C3 form 20mLscintillation 12 Well Plate 18000 µL on slot 4, Well C4 form 20mLscintillation 12 Well Plate 18000 µL on slot 4]
2024-10-15 00:23:05,999:INFO:stober_synthesis_utils:Dispensed 134.0 uL of teos_volume into Well F4 form septavialrev1_44_holder_2000ul on slot 2
2024-10-15 00:24:03,746:INFO:stober_synthesis_utils:Mixed well Well F4 form septavialrev1_44_holder_2000ul on slot 2 5 times, 2000 uL per cycle
2024-10-15 00:27:09,125:INFO:stober_synthesis_utils:Washed mix syringe in wash solutions [Well C2 form 20mLscintillation 12 Well Plate 18000 µL on slot 4, Well C3 form 20mLscintillation 12 Well Plate 18000 µL on slot 4, Well C4 form 20mLscintillation 12 Well Plate 18000 µL on slot 4]
2024-10-15 10:23:20,410:INFO:stober_synthesis_utils:Refilling 10cc_1 with 9998.0 uL from Well A4 form 20mLscintillation 12 Well Plate 18000 µL on slot 4
2024-10-15 10:23:57,429:INFO:stober_synthesis_utils:Dispensed 775.0 uL of ethanol_dilute_vol into Well A1 form septavialrev1_44_holder_2000ul on slot 2
2024-10-15 10:24:07,549:INFO:stober_synthesis_utils:Dispensed 1144.0 uL of ethanol_dilute_vol into Well A2 form septavialrev1_44_holder_2000ul on slot 2
2024-10-15 10:24:16,456:INFO:stober_synthesis_utils:Dispensed -605.0 uL of ethanol_dilute_vol into Well A3 form septavialrev1_44_holder_2000ul on slot 2
2024-10-15 10:24:27,125:INFO:stober_synthesis_utils:Dispensed 1443.0 uL of ethanol_dilute_vol into Well A4 form septavialrev1_44_holder_2000ul on slot 2
2024-10-15 10:24:37,310:INFO:stober_synthesis_utils:Dispensed 1233.0 uL of ethanol_dilute_vol into Well A5 form septavialrev1_44_holder_2000ul on slot 2
2024-10-15 10:24:48,064:INFO:stober_synthesis_utils:Dispensed 1480.0 uL of ethanol_dilute_vol into Well A6 form septavialrev1_44_holder_2000ul on slot 2
2024-10-15 10:24:58,245:INFO:stober_synthesis_utils:Dispensed 1239.0 uL of ethanol_dilute_vol into Well A7 form septavialrev1_44_holder_2000ul on slot 2
2024-10-15 10:25:06,633:INFO:stober_synthesis_utils:Dispensed -288.0 uL of ethanol_dilute_vol into Well A8 form septavialrev1_44_holder_2000ul on slot 2
2024-10-15 10:25:16,382:INFO:stober_synthesis_utils:Dispensed 496.0 uL of ethanol_dilute_vol into Well B1 form septavialrev1_44_holder_2000ul on slot 2
2024-10-15 10:25:26,373:INFO:stober_synthesis_utils:Dispensed 1029.0 uL of ethanol_dilute_vol into Well B3 form septavialrev1_44_holder_2000ul on slot 2
2024-10-15 10:25:35,520:INFO:stober_synthesis_utils:Dispensed -703.0 uL of ethanol_dilute_vol into Well B4 form septavialrev1_44_holder_2000ul on slot 2
2024-10-15 10:25:45,691:INFO:stober_synthesis_utils:Dispensed 1189.0 uL of ethanol_dilute_vol into Well B5 form septavialrev1_44_holder_2000ul on slot 2
2024-10-15 10:25:55,561:INFO:stober_synthesis_utils:Dispensed 1121.0 uL of ethanol_dilute_vol into Well B6 form septavialrev1_44_holder_2000ul on slot 2
2024-10-15 10:25:55,562:INFO:stober_synthesis_utils:Refilling 10cc_1 with 9553.0 uL from Well B1 form 20mLscintillation 12 Well Plate 18000 µL on slot 4
2024-10-15 10:26:33,479:INFO:stober_synthesis_utils:Dispensed 967.0 uL of ethanol_dilute_vol into Well B8 form septavialrev1_44_holder_2000ul on slot 2
2024-10-15 10:26:44,303:INFO:stober_synthesis_utils:Dispensed 1113.0 uL of ethanol_dilute_vol into Well C1 form septavialrev1_44_holder_2000ul on slot 2
2024-10-15 10:26:54,948:INFO:stober_synthesis_utils:Dispensed 1483.0 uL of ethanol_dilute_vol into Well C2 form septavialrev1_44_holder_2000ul on slot 2
2024-10-15 10:27:03,092:INFO:stober_synthesis_utils:Dispensed 278.0 uL of ethanol_dilute_vol into Well C3 form septavialrev1_44_holder_2000ul on slot 2
2024-10-15 10:27:11,192:INFO:stober_synthesis_utils:Dispensed 244.0 uL of ethanol_dilute_vol into Well C4 form septavialrev1_44_holder_2000ul on slot 2
2024-10-15 10:27:21,345:INFO:stober_synthesis_utils:Dispensed 1206.0 uL of ethanol_dilute_vol into Well C5 form septavialrev1_44_holder_2000ul on slot 2
2024-10-15 10:27:29,609:INFO:stober_synthesis_utils:Dispensed 366.0 uL of ethanol_dilute_vol into Well C6 form septavialrev1_44_holder_2000ul on slot 2
2024-10-15 10:27:40,360:INFO:stober_synthesis_utils:Dispensed 1491.0 uL of ethanol_dilute_vol into Well C7 form septavialrev1_44_holder_2000ul on slot 2
2024-10-15 10:27:50,848:INFO:stober_synthesis_utils:Dispensed 1390.0 uL of ethanol_dilute_vol into Well C8 form septavialrev1_44_holder_2000ul on slot 2
2024-10-15 10:28:02,476:INFO:stober_synthesis_utils:Dispensed 1447.0 uL of ethanol_dilute_vol into Well D1 form septavialrev1_44_holder_2000ul on slot 2
2024-10-15 10:28:02,476:INFO:stober_synthesis_utils:Refilling 10cc_1 with 9985.0 uL from Well B2 form 20mLscintillation 12 Well Plate 18000 µL on slot 4
2024-10-15 10:28:42,236:INFO:stober_synthesis_utils:Dispensed 1395.0 uL of ethanol_dilute_vol into Well D2 form septavialrev1_44_holder_2000ul on slot 2
2024-10-15 10:28:51,837:INFO:stober_synthesis_utils:Dispensed 964.0 uL of ethanol_dilute_vol into Well D3 form septavialrev1_44_holder_2000ul on slot 2
2024-10-15 10:29:02,147:INFO:stober_synthesis_utils:Dispensed 1302.0 uL of ethanol_dilute_vol into Well D4 form septavialrev1_44_holder_2000ul on slot 2
2024-10-15 10:29:12,128:INFO:stober_synthesis_utils:Dispensed 1147.0 uL of ethanol_dilute_vol into Well D5 form septavialrev1_44_holder_2000ul on slot 2
2024-10-15 10:29:22,512:INFO:stober_synthesis_utils:Dispensed 1275.0 uL of ethanol_dilute_vol into Well D6 form septavialrev1_44_holder_2000ul on slot 2
2024-10-15 10:29:33,209:INFO:stober_synthesis_utils:Dispensed 1490.0 uL of ethanol_dilute_vol into Well D7 form septavialrev1_44_holder_2000ul on slot 2
2024-10-15 10:29:43,380:INFO:stober_synthesis_utils:Dispensed 1180.0 uL of ethanol_dilute_vol into Well D8 form septavialrev1_44_holder_2000ul on slot 2
2024-10-15 10:29:53,089:INFO:stober_synthesis_utils:Dispensed 548.0 uL of ethanol_dilute_vol into Well E1 form septavialrev1_44_holder_2000ul on slot 2
2024-10-15 10:29:53,090:INFO:stober_synthesis_utils:Refilling 10cc_1 with 9301.0 uL from Well B3 form 20mLscintillation 12 Well Plate 18000 µL on slot 4
2024-10-15 10:30:31,026:INFO:stober_synthesis_utils:Dispensed 880.0 uL of ethanol_dilute_vol into Well E3 form septavialrev1_44_holder_2000ul on slot 2
2024-10-15 10:30:41,455:INFO:stober_synthesis_utils:Dispensed 1363.0 uL of ethanol_dilute_vol into Well E4 form septavialrev1_44_holder_2000ul on slot 2
2024-10-15 10:30:50,733:INFO:stober_synthesis_utils:Dispensed 751.0 uL of ethanol_dilute_vol into Well E5 form septavialrev1_44_holder_2000ul on slot 2
2024-10-15 10:31:01,413:INFO:stober_synthesis_utils:Dispensed 1472.0 uL of ethanol_dilute_vol into Well E6 form septavialrev1_44_holder_2000ul on slot 2
2024-10-15 10:31:12,166:INFO:stober_synthesis_utils:Dispensed 1438.0 uL of ethanol_dilute_vol into Well E8 form septavialrev1_44_holder_2000ul on slot 2
2024-10-15 10:31:22,793:INFO:stober_synthesis_utils:Dispensed 1015.0 uL of ethanol_dilute_vol into Well F1 form septavialrev1_44_holder_2000ul on slot 2
2024-10-15 10:31:31,644:INFO:stober_synthesis_utils:Dispensed -534.0 uL of ethanol_dilute_vol into Well F2 form septavialrev1_44_holder_2000ul on slot 2
2024-10-15 10:31:42,394:INFO:stober_synthesis_utils:Dispensed 1517.0 uL of ethanol_dilute_vol into Well F3 form septavialrev1_44_holder_2000ul on slot 2
2024-10-15 10:31:52,728:INFO:stober_synthesis_utils:Dispensed 1354.0 uL of ethanol_dilute_vol into Well F4 form septavialrev1_44_holder_2000ul on slot 2
