2025-02-10 18:36:55,323:INFO:stober_synthesis_utils:Dispensed 1164.1914499999998 uL of ethanol_volume into Well A7 form septavialrev1_44_holder_2000ul on slot 2
2025-02-10 18:37:14,158:INFO:stober_synthesis_utils:Dispensed 1164.1914499999998 uL of ethanol_volume into Well A8 form septavialrev1_44_holder_2000ul on slot 2
2025-02-10 18:37:34,167:INFO:stober_synthesis_utils:Dispensed 1164.1914499999998 uL of ethanol_volume into Well B1 form septavialrev1_44_holder_2000ul on slot 2
2025-02-10 18:37:52,881:INFO:stober_synthesis_utils:Dispensed 1019.02556 uL of ethanol_volume into Well B3 form septavialrev1_44_holder_2000ul on slot 2
2025-02-10 18:38:11,389:INFO:stober_synthesis_utils:Dispensed 1019.02556 uL of ethanol_volume into Well B4 form septavialrev1_44_holder_2000ul on slot 2
2025-02-10 18:38:11,389:INFO:stober_synthesis_utils:Refilling 10cc_1 with 9329.625469999999 uL from Well A4 form 20mLscintillation 12 Well Plate 18000 µL on slot 4
2025-02-10 18:39:04,229:INFO:stober_synthesis_utils:Dispensed 1019.02556 uL of ethanol_volume into Well B5 form septavialrev1_44_holder_2000ul on slot 2
2025-02-10 18:39:42,206:INFO:__main__:Emptied ethanol syringe into trash
2025-02-10 18:40:12,041:INFO:stober_synthesis_utils:Dispensed 93.16935 uL of water_volume into Well A7 form septavialrev1_44_holder_2000ul on slot 2
2025-02-10 18:40:27,524:INFO:stober_synthesis_utils:Dispensed 93.16935 uL of water_volume into Well A8 form septavialrev1_44_holder_2000ul on slot 2
2025-02-10 18:40:44,015:INFO:stober_synthesis_utils:Dispensed 93.16935 uL of water_volume into Well B1 form septavialrev1_44_holder_2000ul on slot 2
2025-02-10 18:41:06,483:INFO:stober_synthesis_utils:Dispensed 424.99371 uL of water_volume into Well B3 form septavialrev1_44_holder_2000ul on slot 2
2025-02-10 18:41:06,484:INFO:stober_synthesis_utils:Refilling 1cc_1 with 963.5017600000001 uL from Well A3 form 20mLscintillation 12 Well Plate 18000 µL on slot 4
2025-02-10 18:42:04,865:INFO:stober_synthesis_utils:Dispensed 424.99371 uL of water_volume into Well B4 form septavialrev1_44_holder_2000ul on slot 2
2025-02-10 18:42:27,296:INFO:stober_synthesis_utils:Dispensed 424.99371 uL of water_volume into Well B5 form septavialrev1_44_holder_2000ul on slot 2
2025-02-10 18:42:55,383:INFO:stober_synthesis_utils:Dispensed 268.19982000000005 uL of ammonia_volume into Well A7 form septavialrev1_44_holder_2000ul on slot 2
2025-02-10 18:43:10,748:INFO:stober_synthesis_utils:Dispensed 268.19982000000005 uL of ammonia_volume into Well A8 form septavialrev1_44_holder_2000ul on slot 2
2025-02-10 18:43:10,748:INFO:stober_synthesis_utils:Refilling 1cc_2_hamilton with 975.3996400000001 uL from Well A2 form 20mLscintillation 12 Well Plate 18000 µL on slot 4
2025-02-10 18:44:03,399:INFO:stober_synthesis_utils:Dispensed 268.19982000000005 uL of ammonia_volume into Well B1 form septavialrev1_44_holder_2000ul on slot 2
2025-02-10 18:44:17,013:INFO:stober_synthesis_utils:Dispensed 183.05379 uL of ammonia_volume into Well B3 form septavialrev1_44_holder_2000ul on slot 2
2025-02-10 18:44:30,456:INFO:stober_synthesis_utils:Dispensed 183.05379 uL of ammonia_volume into Well B4 form septavialrev1_44_holder_2000ul on slot 2
2025-02-10 18:44:43,939:INFO:stober_synthesis_utils:Dispensed 183.05379 uL of ammonia_volume into Well B5 form septavialrev1_44_holder_2000ul on slot 2
2025-02-10 18:45:37,554:INFO:stober_synthesis_utils:Mixed well Well A7 form septavialrev1_44_holder_2000ul on slot 2 5 times, 2000 uL per cycle
2025-02-10 18:48:42,162:INFO:stober_synthesis_utils:Washed mix syringe in wash solutions [Well C2 form 20mLscintillation 12 Well Plate 18000 µL on slot 4, Well C3 form 20mLscintillation 12 Well Plate 18000 µL on slot 4, Well C4 form 20mLscintillation 12 Well Plate 18000 µL on slot 4]
2025-02-10 18:49:23,743:INFO:stober_synthesis_utils:Mixed well Well A8 form septavialrev1_44_holder_2000ul on slot 2 5 times, 2000 uL per cycle
2025-02-10 18:52:28,613:INFO:stober_synthesis_utils:Washed mix syringe in wash solutions [Well C2 form 20mLscintillation 12 Well Plate 18000 µL on slot 4, Well C3 form 20mLscintillation 12 Well Plate 18000 µL on slot 4, Well C4 form 20mLscintillation 12 Well Plate 18000 µL on slot 4]
2025-02-10 18:53:11,106:INFO:stober_synthesis_utils:Mixed well Well B1 form septavialrev1_44_holder_2000ul on slot 2 5 times, 2000 uL per cycle
2025-02-10 18:56:15,680:INFO:stober_synthesis_utils:Washed mix syringe in wash solutions [Well C2 form 20mLscintillation 12 Well Plate 18000 µL on slot 4, Well C3 form 20mLscintillation 12 Well Plate 18000 µL on slot 4, Well C4 form 20mLscintillation 12 Well Plate 18000 µL on slot 4]
2025-02-10 18:56:57,965:INFO:stober_synthesis_utils:Mixed well Well B3 form septavialrev1_44_holder_2000ul on slot 2 5 times, 2000 uL per cycle
2025-02-10 19:00:02,458:INFO:stober_synthesis_utils:Washed mix syringe in wash solutions [Well C2 form 20mLscintillation 12 Well Plate 18000 µL on slot 4, Well C3 form 20mLscintillation 12 Well Plate 18000 µL on slot 4, Well C4 form 20mLscintillation 12 Well Plate 18000 µL on slot 4]
2025-02-10 19:00:44,444:INFO:stober_synthesis_utils:Mixed well Well B4 form septavialrev1_44_holder_2000ul on slot 2 5 times, 2000 uL per cycle
2025-02-10 19:03:48,936:INFO:stober_synthesis_utils:Washed mix syringe in wash solutions [Well C2 form 20mLscintillation 12 Well Plate 18000 µL on slot 4, Well C3 form 20mLscintillation 12 Well Plate 18000 µL on slot 4, Well C4 form 20mLscintillation 12 Well Plate 18000 µL on slot 4]
2025-02-10 19:04:30,748:INFO:stober_synthesis_utils:Mixed well Well B5 form septavialrev1_44_holder_2000ul on slot 2 5 times, 2000 uL per cycle
2025-02-10 19:07:35,242:INFO:stober_synthesis_utils:Washed mix syringe in wash solutions [Well C2 form 20mLscintillation 12 Well Plate 18000 µL on slot 4, Well C3 form 20mLscintillation 12 Well Plate 18000 µL on slot 4, Well C4 form 20mLscintillation 12 Well Plate 18000 µL on slot 4]
2025-02-10 19:08:00,808:INFO:stober_synthesis_utils:Dispensed 174.43938 uL of teos_volume into Well A7 form septavialrev1_44_holder_2000ul on slot 2
2025-02-10 19:08:54,568:INFO:stober_synthesis_utils:Mixed well Well A7 form septavialrev1_44_holder_2000ul on slot 2 5 times, 2000 uL per cycle
2025-02-10 19:11:59,160:INFO:stober_synthesis_utils:Washed mix syringe in wash solutions [Well C2 form 20mLscintillation 12 Well Plate 18000 µL on slot 4, Well C3 form 20mLscintillation 12 Well Plate 18000 µL on slot 4, Well C4 form 20mLscintillation 12 Well Plate 18000 µL on slot 4]
2025-02-10 19:12:24,690:INFO:stober_synthesis_utils:Dispensed 174.43938 uL of teos_volume into Well A8 form septavialrev1_44_holder_2000ul on slot 2
2025-02-10 19:13:18,382:INFO:stober_synthesis_utils:Mixed well Well A8 form septavialrev1_44_holder_2000ul on slot 2 5 times, 2000 uL per cycle
2025-02-10 19:16:23,075:INFO:stober_synthesis_utils:Washed mix syringe in wash solutions [Well C2 form 20mLscintillation 12 Well Plate 18000 µL on slot 4, Well C3 form 20mLscintillation 12 Well Plate 18000 µL on slot 4, Well C4 form 20mLscintillation 12 Well Plate 18000 µL on slot 4]
2025-02-10 19:16:35,242:INFO:stober_synthesis_utils:Refilling 1cc_3_hamilton with 867.87876 uL from Well A1 form 20mLscintillation 12 Well Plate 18000 µL on slot 4
2025-02-10 19:17:22,950:INFO:stober_synthesis_utils:Dispensed 174.43938 uL of teos_volume into Well B1 form septavialrev1_44_holder_2000ul on slot 2
2025-02-10 19:18:17,547:INFO:stober_synthesis_utils:Mixed well Well B1 form septavialrev1_44_holder_2000ul on slot 2 5 times, 2000 uL per cycle
2025-02-10 19:21:22,242:INFO:stober_synthesis_utils:Washed mix syringe in wash solutions [Well C2 form 20mLscintillation 12 Well Plate 18000 µL on slot 4, Well C3 form 20mLscintillation 12 Well Plate 18000 µL on slot 4, Well C4 form 20mLscintillation 12 Well Plate 18000 µL on slot 4]
2025-02-10 19:21:46,066:INFO:stober_synthesis_utils:Dispensed 72.92694 uL of teos_volume into Well B3 form septavialrev1_44_holder_2000ul on slot 2
2025-02-10 19:22:40,109:INFO:stober_synthesis_utils:Mixed well Well B3 form septavialrev1_44_holder_2000ul on slot 2 5 times, 2000 uL per cycle
2025-02-10 19:25:44,566:INFO:stober_synthesis_utils:Washed mix syringe in wash solutions [Well C2 form 20mLscintillation 12 Well Plate 18000 µL on slot 4, Well C3 form 20mLscintillation 12 Well Plate 18000 µL on slot 4, Well C4 form 20mLscintillation 12 Well Plate 18000 µL on slot 4]
2025-02-10 19:26:08,285:INFO:stober_synthesis_utils:Dispensed 72.92694 uL of teos_volume into Well B4 form septavialrev1_44_holder_2000ul on slot 2
2025-02-10 19:27:02,324:INFO:stober_synthesis_utils:Mixed well Well B4 form septavialrev1_44_holder_2000ul on slot 2 5 times, 2000 uL per cycle
2025-02-10 19:30:06,795:INFO:stober_synthesis_utils:Washed mix syringe in wash solutions [Well C2 form 20mLscintillation 12 Well Plate 18000 µL on slot 4, Well C3 form 20mLscintillation 12 Well Plate 18000 µL on slot 4, Well C4 form 20mLscintillation 12 Well Plate 18000 µL on slot 4]
2025-02-10 19:30:30,422:INFO:stober_synthesis_utils:Dispensed 72.92694 uL of teos_volume into Well B5 form septavialrev1_44_holder_2000ul on slot 2
2025-02-10 19:31:24,480:INFO:stober_synthesis_utils:Mixed well Well B5 form septavialrev1_44_holder_2000ul on slot 2 5 times, 2000 uL per cycle
2025-02-10 19:34:29,089:INFO:stober_synthesis_utils:Washed mix syringe in wash solutions [Well C2 form 20mLscintillation 12 Well Plate 18000 µL on slot 4, Well C3 form 20mLscintillation 12 Well Plate 18000 µL on slot 4, Well C4 form 20mLscintillation 12 Well Plate 18000 µL on slot 4]
