2025-02-10 17:13:09,837:INFO:stober_synthesis_utils:Refilling 10cc_1 with 9999 uL from Well A4 form 20mLscintillation 12 Well Plate 18000 µL on slot 4
2025-02-10 17:16:15,608:INFO:stober_synthesis_utils:Dispensed 1432.095725 uL of ethanol_volume into Well A1 form septavialrev1_44_holder_2000ul on slot 2
2025-02-10 17:16:34,938:INFO:stober_synthesis_utils:Dispensed 1432.095725 uL of ethanol_volume into Well A2 form septavialrev1_44_holder_2000ul on slot 2
2025-02-10 17:16:54,448:INFO:stober_synthesis_utils:Dispensed 1432.095725 uL of ethanol_volume into Well A3 form septavialrev1_44_holder_2000ul on slot 2
2025-02-10 17:17:13,727:INFO:stober_synthesis_utils:Dispensed 1359.51278 uL of ethanol_volume into Well A4 form septavialrev1_44_holder_2000ul on slot 2
2025-02-10 17:17:13,728:INFO:stober_synthesis_utils:Refilling 10cc_1 with 9454.799955 uL from Well A4 form 20mLscintillation 12 Well Plate 18000 µL on slot 4
2025-02-10 17:18:06,936:INFO:stober_synthesis_utils:Dispensed 1359.51278 uL of ethanol_volume into Well A5 form septavialrev1_44_holder_2000ul on slot 2
2025-02-10 17:18:26,083:INFO:stober_synthesis_utils:Dispensed 1359.51278 uL of ethanol_volume into Well A6 form septavialrev1_44_holder_2000ul on slot 2
2025-02-10 17:19:14,250:INFO:__main__:Emptied ethanol syringe into trash
2025-02-10 17:19:57,841:INFO:stober_synthesis_utils:Dispensed 46.584675 uL of water_volume into Well A1 form septavialrev1_44_holder_2000ul on slot 2
2025-02-10 17:20:12,288:INFO:stober_synthesis_utils:Dispensed 46.584675 uL of water_volume into Well A2 form septavialrev1_44_holder_2000ul on slot 2
2025-02-10 17:20:26,822:INFO:stober_synthesis_utils:Dispensed 46.584675 uL of water_volume into Well A3 form septavialrev1_44_holder_2000ul on slot 2
2025-02-10 17:20:44,879:INFO:stober_synthesis_utils:Dispensed 212.496855 uL of water_volume into Well A4 form septavialrev1_44_holder_2000ul on slot 2
2025-02-10 17:21:02,773:INFO:stober_synthesis_utils:Dispensed 212.496855 uL of water_volume into Well A5 form septavialrev1_44_holder_2000ul on slot 2
2025-02-10 17:21:02,773:INFO:stober_synthesis_utils:Refilling 1cc_1 with 823.7477349999998 uL from Well A3 form 20mLscintillation 12 Well Plate 18000 µL on slot 4
2025-02-10 17:21:53,316:INFO:stober_synthesis_utils:Dispensed 212.496855 uL of water_volume into Well A6 form septavialrev1_44_holder_2000ul on slot 2
2025-02-10 17:22:33,502:INFO:stober_synthesis_utils:Dispensed 134.09991000000002 uL of ammonia_volume into Well A1 form septavialrev1_44_holder_2000ul on slot 2
2025-02-10 17:22:45,840:INFO:stober_synthesis_utils:Dispensed 134.09991000000002 uL of ammonia_volume into Well A2 form septavialrev1_44_holder_2000ul on slot 2
2025-02-10 17:22:58,137:INFO:stober_synthesis_utils:Dispensed 134.09991000000002 uL of ammonia_volume into Well A3 form septavialrev1_44_holder_2000ul on slot 2
2025-02-10 17:23:09,432:INFO:stober_synthesis_utils:Dispensed 91.526895 uL of ammonia_volume into Well A4 form septavialrev1_44_holder_2000ul on slot 2
2025-02-10 17:23:09,433:INFO:stober_synthesis_utils:Refilling 1cc_2_hamilton with 932.826625 uL from Well A2 form 20mLscintillation 12 Well Plate 18000 µL on slot 4
2025-02-10 17:25:59,453:WARNING:urllib3.connectionpool:Retrying (Retry(total=4, connect=None, read=None, redirect=None, status=None)) after connection broken by 'NewConnectionError('<urllib3.connection.HTTPConnection object at 0x7e45200e0ca0>: Failed to establish a new connection: [Errno 110] Connection timed out')': /rr_reply
2025-02-10 17:26:11,674:INFO:stober_synthesis_utils:Dispensed 91.526895 uL of ammonia_volume into Well A5 form septavialrev1_44_holder_2000ul on slot 2
2025-02-10 17:26:23,012:INFO:stober_synthesis_utils:Dispensed 91.526895 uL of ammonia_volume into Well A6 form septavialrev1_44_holder_2000ul on slot 2
2025-02-10 17:28:51,485:WARNING:urllib3.connectionpool:Retrying (Retry(total=4, connect=None, read=None, redirect=None, status=None)) after connection broken by 'NewConnectionError('<urllib3.connection.HTTPConnection object at 0x7e44f9dca0a0>: Failed to establish a new connection: [Errno 110] Connection timed out')': /rr_model?key=seqs
2025-02-10 17:29:30,996:INFO:stober_synthesis_utils:Mixed well Well A1 form septavialrev1_44_holder_2000ul on slot 2 5 times, 2000 uL per cycle
2025-02-10 17:32:35,027:INFO:stober_synthesis_utils:Washed mix syringe in wash solutions [Well C2 form 20mLscintillation 12 Well Plate 18000 µL on slot 4, Well C3 form 20mLscintillation 12 Well Plate 18000 µL on slot 4, Well C4 form 20mLscintillation 12 Well Plate 18000 µL on slot 4]
2025-02-10 17:33:17,109:INFO:stober_synthesis_utils:Mixed well Well A2 form septavialrev1_44_holder_2000ul on slot 2 5 times, 2000 uL per cycle
2025-02-10 17:36:21,152:INFO:stober_synthesis_utils:Washed mix syringe in wash solutions [Well C2 form 20mLscintillation 12 Well Plate 18000 µL on slot 4, Well C3 form 20mLscintillation 12 Well Plate 18000 µL on slot 4, Well C4 form 20mLscintillation 12 Well Plate 18000 µL on slot 4]
2025-02-10 17:37:03,107:INFO:stober_synthesis_utils:Mixed well Well A3 form septavialrev1_44_holder_2000ul on slot 2 5 times, 2000 uL per cycle
2025-02-10 17:40:06,954:INFO:stober_synthesis_utils:Washed mix syringe in wash solutions [Well C2 form 20mLscintillation 12 Well Plate 18000 µL on slot 4, Well C3 form 20mLscintillation 12 Well Plate 18000 µL on slot 4, Well C4 form 20mLscintillation 12 Well Plate 18000 µL on slot 4]
2025-02-10 17:40:48,747:INFO:stober_synthesis_utils:Mixed well Well A4 form septavialrev1_44_holder_2000ul on slot 2 5 times, 2000 uL per cycle
2025-02-10 17:43:52,552:INFO:stober_synthesis_utils:Washed mix syringe in wash solutions [Well C2 form 20mLscintillation 12 Well Plate 18000 µL on slot 4, Well C3 form 20mLscintillation 12 Well Plate 18000 µL on slot 4, Well C4 form 20mLscintillation 12 Well Plate 18000 µL on slot 4]
2025-02-10 17:44:34,217:INFO:stober_synthesis_utils:Mixed well Well A5 form septavialrev1_44_holder_2000ul on slot 2 5 times, 2000 uL per cycle
2025-02-10 17:47:38,228:INFO:stober_synthesis_utils:Washed mix syringe in wash solutions [Well C2 form 20mLscintillation 12 Well Plate 18000 µL on slot 4, Well C3 form 20mLscintillation 12 Well Plate 18000 µL on slot 4, Well C4 form 20mLscintillation 12 Well Plate 18000 µL on slot 4]
2025-02-10 17:48:19,811:INFO:stober_synthesis_utils:Mixed well Well A6 form septavialrev1_44_holder_2000ul on slot 2 5 times, 2000 uL per cycle
2025-02-10 17:51:23,843:INFO:stober_synthesis_utils:Washed mix syringe in wash solutions [Well C2 form 20mLscintillation 12 Well Plate 18000 µL on slot 4, Well C3 form 20mLscintillation 12 Well Plate 18000 µL on slot 4, Well C4 form 20mLscintillation 12 Well Plate 18000 µL on slot 4]
2025-02-10 17:53:53,188:INFO:stober_synthesis_utils:Dispensed 87.21969 uL of teos_volume into Well A1 form septavialrev1_44_holder_2000ul on slot 2
2025-02-10 17:54:48,311:INFO:stober_synthesis_utils:Mixed well Well A1 form septavialrev1_44_holder_2000ul on slot 2 5 times, 2000 uL per cycle
2025-02-10 17:57:52,243:INFO:stober_synthesis_utils:Washed mix syringe in wash solutions [Well C2 form 20mLscintillation 12 Well Plate 18000 µL on slot 4, Well C3 form 20mLscintillation 12 Well Plate 18000 µL on slot 4, Well C4 form 20mLscintillation 12 Well Plate 18000 µL on slot 4]
2025-02-10 17:58:16,219:INFO:stober_synthesis_utils:Dispensed 87.21969 uL of teos_volume into Well A2 form septavialrev1_44_holder_2000ul on slot 2
2025-02-10 17:59:11,088:INFO:stober_synthesis_utils:Mixed well Well A2 form septavialrev1_44_holder_2000ul on slot 2 5 times, 2000 uL per cycle
2025-02-10 18:02:15,094:INFO:stober_synthesis_utils:Washed mix syringe in wash solutions [Well C2 form 20mLscintillation 12 Well Plate 18000 µL on slot 4, Well C3 form 20mLscintillation 12 Well Plate 18000 µL on slot 4, Well C4 form 20mLscintillation 12 Well Plate 18000 µL on slot 4]
2025-02-10 18:02:39,135:INFO:stober_synthesis_utils:Dispensed 87.21969 uL of teos_volume into Well A3 form septavialrev1_44_holder_2000ul on slot 2
2025-02-10 18:04:54,173:WARNING:urllib3.connectionpool:Retrying (Retry(total=4, connect=None, read=None, redirect=None, status=None)) after connection broken by 'NewConnectionError('<urllib3.connection.HTTPConnection object at 0x7e44fa565370>: Failed to establish a new connection: [Errno 110] Connection timed out')': /rr_model?key=seqs
2025-02-10 18:05:45,753:INFO:stober_synthesis_utils:Mixed well Well A3 form septavialrev1_44_holder_2000ul on slot 2 5 times, 2000 uL per cycle
2025-02-10 18:08:49,761:INFO:stober_synthesis_utils:Washed mix syringe in wash solutions [Well C2 form 20mLscintillation 12 Well Plate 18000 µL on slot 4, Well C3 form 20mLscintillation 12 Well Plate 18000 µL on slot 4, Well C4 form 20mLscintillation 12 Well Plate 18000 µL on slot 4]
2025-02-10 18:09:12,281:INFO:stober_synthesis_utils:Dispensed 36.46347 uL of teos_volume into Well A4 form septavialrev1_44_holder_2000ul on slot 2
2025-02-10 18:10:07,037:INFO:stober_synthesis_utils:Mixed well Well A4 form septavialrev1_44_holder_2000ul on slot 2 5 times, 2000 uL per cycle
2025-02-10 18:13:11,156:INFO:stober_synthesis_utils:Washed mix syringe in wash solutions [Well C2 form 20mLscintillation 12 Well Plate 18000 µL on slot 4, Well C3 form 20mLscintillation 12 Well Plate 18000 µL on slot 4, Well C4 form 20mLscintillation 12 Well Plate 18000 µL on slot 4]
2025-02-10 18:13:33,487:INFO:stober_synthesis_utils:Dispensed 36.46347 uL of teos_volume into Well A5 form septavialrev1_44_holder_2000ul on slot 2
2025-02-10 18:14:28,352:INFO:stober_synthesis_utils:Mixed well Well A5 form septavialrev1_44_holder_2000ul on slot 2 5 times, 2000 uL per cycle
2025-02-10 18:17:32,231:INFO:stober_synthesis_utils:Washed mix syringe in wash solutions [Well C2 form 20mLscintillation 12 Well Plate 18000 µL on slot 4, Well C3 form 20mLscintillation 12 Well Plate 18000 µL on slot 4, Well C4 form 20mLscintillation 12 Well Plate 18000 µL on slot 4]
2025-02-10 18:17:54,644:INFO:stober_synthesis_utils:Dispensed 36.46347 uL of teos_volume into Well A6 form septavialrev1_44_holder_2000ul on slot 2
2025-02-10 18:18:49,027:INFO:stober_synthesis_utils:Mixed well Well A6 form septavialrev1_44_holder_2000ul on slot 2 5 times, 2000 uL per cycle
2025-02-10 18:21:53,091:INFO:stober_synthesis_utils:Washed mix syringe in wash solutions [Well C2 form 20mLscintillation 12 Well Plate 18000 µL on slot 4, Well C3 form 20mLscintillation 12 Well Plate 18000 µL on slot 4, Well C4 form 20mLscintillation 12 Well Plate 18000 µL on slot 4]
2025-02-10 18:35:10,088:ERROR:ipykernel.comm:No such comm target registered: jupyter.widget.control
2025-02-10 18:35:10,091:WARNING:Comm:No such comm: 7e39d0e5-8454-44b3-982f-a07dd60ea46f
