2025-01-28 13:30:39,306:INFO:stober_synthesis_utils:Dispensed 1127.8365642530844 uL of ethanol_volume into Well A1 form septavialrev1_44_holder_2000ul on slot 2
2025-01-28 13:30:57,743:INFO:stober_synthesis_utils:Dispensed 1002.0768599445 uL of ethanol_volume into Well A2 form septavialrev1_44_holder_2000ul on slot 2
2025-01-28 13:31:15,358:INFO:stober_synthesis_utils:Dispensed 555.6454503163695 uL of ethanol_volume into Well A3 form septavialrev1_44_holder_2000ul on slot 2
2025-01-28 13:31:32,831:INFO:stober_synthesis_utils:Dispensed 353.5483690164983 uL of ethanol_volume into Well A4 form septavialrev1_44_holder_2000ul on slot 2
2025-01-28 13:31:53,097:INFO:stober_synthesis_utils:Dispensed 1306.943409668747 uL of ethanol_volume into Well A5 form septavialrev1_44_holder_2000ul on slot 2
2025-01-28 13:32:12,831:INFO:stober_synthesis_utils:Dispensed 1542.6859816210344 uL of ethanol_volume into Well A6 form septavialrev1_44_holder_2000ul on slot 2
2025-01-28 13:32:31,653:INFO:stober_synthesis_utils:Dispensed 1088.8656369177625 uL of ethanol_volume into Well A7 form septavialrev1_44_holder_2000ul on slot 2
2025-01-28 13:32:49,821:INFO:stober_synthesis_utils:Dispensed 770.0726913847029 uL of ethanol_volume into Well A8 form septavialrev1_44_holder_2000ul on slot 2
2025-01-28 13:32:49,822:INFO:stober_synthesis_utils:Refilling 10cc_1 with 9646.6749631227 uL from Well A4 form 20mLscintillation 12 Well Plate 18000 µL on slot 4
2025-01-28 13:33:42,796:INFO:stober_synthesis_utils:Dispensed 795.2543120738119 uL of ethanol_volume into Well B1 form septavialrev1_44_holder_2000ul on slot 2
2025-01-28 13:34:02,009:INFO:stober_synthesis_utils:Dispensed 1226.5772068314254 uL of ethanol_volume into Well B3 form septavialrev1_44_holder_2000ul on slot 2
2025-01-28 13:34:33,321:INFO:stober_synthesis_utils:Dispensed 1169.0962757356465 uL of ethanol_volume into Well A1 form septavialrev1_44_holder_2000ul on slot 3
2025-01-28 13:34:51,333:INFO:stober_synthesis_utils:Dispensed 730.0504801608622 uL of ethanol_volume into Well A2 form septavialrev1_44_holder_2000ul on slot 3
2025-01-28 13:35:08,897:INFO:stober_synthesis_utils:Dispensed 524.9262649333104 uL of ethanol_volume into Well A3 form septavialrev1_44_holder_2000ul on slot 3
2025-01-28 13:35:27,312:INFO:stober_synthesis_utils:Dispensed 917.5435440940782 uL of ethanol_volume into Well A4 form septavialrev1_44_holder_2000ul on slot 3
2025-01-28 13:35:45,348:INFO:stober_synthesis_utils:Dispensed 701.719835922122 uL of ethanol_volume into Well A5 form septavialrev1_44_holder_2000ul on slot 3
2025-01-28 13:36:03,867:INFO:stober_synthesis_utils:Dispensed 964.4894405081868 uL of ethanol_volume into Well A6 form septavialrev1_44_holder_2000ul on slot 3
2025-01-28 13:36:23,025:INFO:stober_synthesis_utils:Dispensed 1236.6986299073324 uL of ethanol_volume into Well A7 form septavialrev1_44_holder_2000ul on slot 3
2025-01-28 13:36:40,502:INFO:stober_synthesis_utils:Dispensed 465.693318862468 uL of ethanol_volume into Well A8 form septavialrev1_44_holder_2000ul on slot 3
2025-01-28 13:36:59,427:INFO:stober_synthesis_utils:Dispensed 663.3716543205082 uL of ethanol_volume into Well B1 form septavialrev1_44_holder_2000ul on slot 3
2025-01-28 13:36:59,428:INFO:stober_synthesis_utils:Refilling 10cc_1 with 9445.420963349752 uL from Well B3 form 20mLscintillation 12 Well Plate 18000 µL on slot 4
2025-01-28 13:37:51,870:INFO:stober_synthesis_utils:Dispensed 905.3394297370688 uL of ethanol_volume into Well B3 form septavialrev1_44_holder_2000ul on slot 3
2025-01-28 13:38:31,170:INFO:__main__:Emptied ethanol syringe into trash
2025-01-28 13:39:00,666:INFO:stober_synthesis_utils:Dispensed 39.87605467904359 uL of water_volume into Well A1 form septavialrev1_44_holder_2000ul on slot 2
2025-01-28 13:39:24,234:INFO:stober_synthesis_utils:Dispensed 480.552178658545 uL of water_volume into Well A2 form septavialrev1_44_holder_2000ul on slot 2
2025-01-28 13:39:24,235:INFO:stober_synthesis_utils:Refilling 1cc_1 with 779.4282333375886 uL from Well A3 form 20mLscintillation 12 Well Plate 18000 µL on slot 4
2025-01-28 13:40:23,124:INFO:stober_synthesis_utils:Dispensed 659.4098865240812 uL of water_volume into Well A3 form septavialrev1_44_holder_2000ul on slot 2
2025-01-28 13:40:23,125:INFO:stober_synthesis_utils:Refilling 1cc_1 with 709.4098865240812 uL from Well A3 form 20mLscintillation 12 Well Plate 18000 µL on slot 4
2025-01-28 13:41:21,928:INFO:stober_synthesis_utils:Dispensed 723.9936529844999 uL of water_volume into Well A4 form septavialrev1_44_holder_2000ul on slot 2
2025-01-28 13:41:36,047:INFO:stober_synthesis_utils:Dispensed 27.288292364683 uL of water_volume into Well A5 form septavialrev1_44_holder_2000ul on slot 2
2025-01-28 13:41:50,657:INFO:stober_synthesis_utils:Dispensed 48.6894689546898 uL of water_volume into Well A6 form septavialrev1_44_holder_2000ul on slot 2
2025-01-28 13:42:05,600:INFO:stober_synthesis_utils:Dispensed 63.35978492628783 uL of water_volume into Well A7 form septavialrev1_44_holder_2000ul on slot 2
2025-01-28 13:42:05,602:INFO:stober_synthesis_utils:Refilling 1cc_1 with 913.3311992301606 uL from Well A3 form 20mLscintillation 12 Well Plate 18000 µL on slot 4
2025-01-28 13:43:04,712:INFO:stober_synthesis_utils:Dispensed 526.7677345499396 uL of water_volume into Well A8 form septavialrev1_44_holder_2000ul on slot 2
2025-01-28 13:43:21,187:INFO:stober_synthesis_utils:Dispensed 91.42867759801447 uL of water_volume into Well B1 form septavialrev1_44_holder_2000ul on slot 2
2025-01-28 13:43:21,188:INFO:stober_synthesis_utils:Refilling 1cc_1 with 668.1964121479541 uL from Well A3 form 20mLscintillation 12 Well Plate 18000 µL on slot 4
2025-01-28 13:44:11,876:INFO:stober_synthesis_utils:Dispensed 335.0812804698944 uL of water_volume into Well B3 form septavialrev1_44_holder_2000ul on slot 2
2025-01-28 13:44:46,057:INFO:stober_synthesis_utils:Dispensed 250.6254581362009 uL of water_volume into Well A1 form septavialrev1_44_holder_2000ul on slot 3
2025-01-28 13:44:46,059:INFO:stober_synthesis_utils:Refilling 1cc_1 with 635.7067386060953 uL from Well A3 form 20mLscintillation 12 Well Plate 18000 µL on slot 4
2025-01-28 13:45:38,655:INFO:stober_synthesis_utils:Dispensed 470.888257920742 uL of water_volume into Well A2 form septavialrev1_44_holder_2000ul on slot 3
2025-01-28 13:45:38,656:INFO:stober_synthesis_utils:Refilling 1cc_1 with 520.888257920742 uL from Well A3 form 20mLscintillation 12 Well Plate 18000 µL on slot 4
2025-01-28 13:46:33,112:INFO:stober_synthesis_utils:Dispensed 666.3487283885479 uL of water_volume into Well A3 form septavialrev1_44_holder_2000ul on slot 3
2025-01-28 13:46:52,374:INFO:stober_synthesis_utils:Dispensed 273.7314492277801 uL of water_volume into Well A4 form septavialrev1_44_holder_2000ul on slot 3
2025-01-28 13:46:52,376:INFO:stober_synthesis_utils:Refilling 1cc_1 with 990.080177616328 uL from Well A3 form 20mLscintillation 12 Well Plate 18000 µL on slot 4
2025-01-28 13:47:53,778:INFO:stober_synthesis_utils:Dispensed 489.2200816422701 uL of water_volume into Well A5 form septavialrev1_44_holder_2000ul on slot 3
2025-01-28 13:48:12,011:INFO:stober_synthesis_utils:Dispensed 221.6841610148549 uL of water_volume into Well A6 form septavialrev1_44_holder_2000ul on slot 3
2025-01-28 13:48:30,371:INFO:stober_synthesis_utils:Dispensed 226.7514807544649 uL of water_volume into Well A7 form septavialrev1_44_holder_2000ul on slot 3
2025-01-28 13:48:30,372:INFO:stober_synthesis_utils:Refilling 1cc_1 with 987.6557234115899 uL from Well A3 form 20mLscintillation 12 Well Plate 18000 µL on slot 4
2025-01-28 13:49:33,314:INFO:stober_synthesis_utils:Dispensed 538.1404653936625 uL of water_volume into Well A8 form septavialrev1_44_holder_2000ul on slot 3
2025-01-28 13:49:33,316:INFO:stober_synthesis_utils:Refilling 1cc_1 with 588.1404653936625 uL from Well A3 form 20mLscintillation 12 Well Plate 18000 µL on slot 4
2025-01-28 13:50:30,677:INFO:stober_synthesis_utils:Dispensed 701.939108222723 uL of water_volume into Well B1 form septavialrev1_44_holder_2000ul on slot 3
2025-01-28 13:50:45,711:INFO:stober_synthesis_utils:Dispensed 63.18333759438247 uL of water_volume into Well B3 form septavialrev1_44_holder_2000ul on slot 3
2025-01-28 13:51:00,633:INFO:stober_synthesis_utils:Refilling 1cc_2_hamilton with 599 uL from Well A2 form 20mLscintillation 12 Well Plate 18000 µL on slot 4
2025-01-28 13:51:46,672:INFO:stober_synthesis_utils:Dispensed 431.84051390737295 uL of ammonia_volume into Well A1 form septavialrev1_44_holder_2000ul on slot 2
2025-01-28 13:52:00,076:INFO:stober_synthesis_utils:Dispensed 169.6273609623313 uL of ammonia_volume into Well A2 form septavialrev1_44_holder_2000ul on slot 2
2025-01-28 13:52:13,632:INFO:stober_synthesis_utils:Dispensed 187.2605788707733 uL of ammonia_volume into Well A3 form septavialrev1_44_holder_2000ul on slot 2
2025-01-28 13:52:13,634:INFO:stober_synthesis_utils:Refilling 1cc_2_hamilton with 838.7284537404776 uL from Well A2 form 20mLscintillation 12 Well Plate 18000 µL on slot 4
2025-01-28 13:53:07,162:INFO:stober_synthesis_utils:Dispensed 457.3387777805328 uL of ammonia_volume into Well A4 form septavialrev1_44_holder_2000ul on slot 2
2025-01-28 13:53:22,945:INFO:stober_synthesis_utils:Dispensed 282.27835150435567 uL of ammonia_volume into Well A5 form septavialrev1_44_holder_2000ul on slot 2
2025-01-28 13:53:33,276:INFO:stober_synthesis_utils:Dispensed 34.51371449511498 uL of ammonia_volume into Well A6 form septavialrev1_44_holder_2000ul on slot 2
2025-01-28 13:53:33,277:INFO:stober_synthesis_utils:Refilling 1cc_2_hamilton with 824.1308437800035 uL from Well A2 form 20mLscintillation 12 Well Plate 18000 µL on slot 4
2025-01-28 13:54:26,483:INFO:stober_synthesis_utils:Dispensed 456.3181411474943 uL of ammonia_volume into Well A7 form septavialrev1_44_holder_2000ul on slot 2
2025-01-28 13:54:39,841:INFO:stober_synthesis_utils:Dispensed 172.91318714618683 uL of ammonia_volume into Well A8 form septavialrev1_44_holder_2000ul on slot 2
2025-01-28 13:54:39,841:INFO:stober_synthesis_utils:Refilling 1cc_2_hamilton with 679.2313282936811 uL from Well A2 form 20mLscintillation 12 Well Plate 18000 µL on slot 4
2025-01-28 13:55:28,443:INFO:stober_synthesis_utils:Dispensed 365.8460712432861 uL of ammonia_volume into Well B1 form septavialrev1_44_holder_2000ul on slot 2
2025-01-28 13:55:40,163:INFO:stober_synthesis_utils:Dispensed 94.8028989136219 uL of ammonia_volume into Well B3 form septavialrev1_44_holder_2000ul on slot 2
2025-01-28 13:56:06,534:INFO:stober_synthesis_utils:Dispensed 189.66415034607053 uL of ammonia_volume into Well A1 form septavialrev1_44_holder_2000ul on slot 3
2025-01-28 13:56:22,057:INFO:stober_synthesis_utils:Dispensed 270.37719916552305 uL of ammonia_volume into Well A2 form septavialrev1_44_holder_2000ul on slot 3
2025-01-28 13:56:22,058:INFO:stober_synthesis_utils:Refilling 1cc_2_hamilton with 970.6903196685016 uL from Well A2 form 20mLscintillation 12 Well Plate 18000 µL on slot 4
2025-01-28 13:57:20,038:INFO:stober_synthesis_utils:Dispensed 484.5000072196126 uL of ammonia_volume into Well A3 form septavialrev1_44_holder_2000ul on slot 3
2025-01-28 13:57:30,214:INFO:stober_synthesis_utils:Dispensed 24.22499945852905 uL of ammonia_volume into Well A4 form septavialrev1_44_holder_2000ul on slot 3
2025-01-28 13:57:47,946:INFO:stober_synthesis_utils:Dispensed 373.3526634424925 uL of ammonia_volume into Well A5 form septavialrev1_44_holder_2000ul on slot 3
2025-01-28 13:57:47,947:INFO:stober_synthesis_utils:Refilling 1cc_2_hamilton with 932.0776701206341 uL from Well A2 form 20mLscintillation 12 Well Plate 18000 µL on slot 4
2025-01-28 13:58:38,322:INFO:stober_synthesis_utils:Dispensed 133.90525929629803 uL of ammonia_volume into Well A6 form septavialrev1_44_holder_2000ul on slot 3
2025-01-28 13:58:52,544:INFO:stober_synthesis_utils:Dispensed 212.3248898796737 uL of ammonia_volume into Well A7 form septavialrev1_44_holder_2000ul on slot 3
2025-01-28 13:59:12,727:INFO:stober_synthesis_utils:Dispensed 484.5000072196126 uL of ammonia_volume into Well A8 form septavialrev1_44_holder_2000ul on slot 3
2025-01-28 13:59:12,728:INFO:stober_synthesis_utils:Refilling 1cc_2_hamilton with 880.7301563955843 uL from Well A2 form 20mLscintillation 12 Well Plate 18000 µL on slot 4
2025-01-28 14:00:01,693:INFO:stober_synthesis_utils:Dispensed 135.11364195495844 uL of ammonia_volume into Well B1 form septavialrev1_44_holder_2000ul on slot 3
2025-01-28 14:00:16,731:INFO:stober_synthesis_utils:Dispensed 246.97722544893625 uL of ammonia_volume into Well B3 form septavialrev1_44_holder_2000ul on slot 3
2025-01-28 14:01:11,987:INFO:stober_synthesis_utils:Mixed well Well A1 form septavialrev1_44_holder_2000ul on slot 2 5 times, 2000 uL per cycle
2025-01-28 14:04:16,668:INFO:stober_synthesis_utils:Washed mix syringe in wash solutions [Well C2 form 20mLscintillation 12 Well Plate 18000 µL on slot 4, Well C3 form 20mLscintillation 12 Well Plate 18000 µL on slot 4, Well C4 form 20mLscintillation 12 Well Plate 18000 µL on slot 4]
2025-01-28 14:04:58,978:INFO:stober_synthesis_utils:Mixed well Well A2 form septavialrev1_44_holder_2000ul on slot 2 5 times, 2000 uL per cycle
2025-01-28 14:08:03,325:INFO:stober_synthesis_utils:Washed mix syringe in wash solutions [Well C2 form 20mLscintillation 12 Well Plate 18000 µL on slot 4, Well C3 form 20mLscintillation 12 Well Plate 18000 µL on slot 4, Well C4 form 20mLscintillation 12 Well Plate 18000 µL on slot 4]
2025-01-28 14:08:45,433:INFO:stober_synthesis_utils:Mixed well Well A3 form septavialrev1_44_holder_2000ul on slot 2 5 times, 2000 uL per cycle
2025-01-28 14:11:49,834:INFO:stober_synthesis_utils:Washed mix syringe in wash solutions [Well C2 form 20mLscintillation 12 Well Plate 18000 µL on slot 4, Well C3 form 20mLscintillation 12 Well Plate 18000 µL on slot 4, Well C4 form 20mLscintillation 12 Well Plate 18000 µL on slot 4]
2025-01-28 14:12:31,716:INFO:stober_synthesis_utils:Mixed well Well A4 form septavialrev1_44_holder_2000ul on slot 2 5 times, 2000 uL per cycle
2025-01-28 14:15:36,100:INFO:stober_synthesis_utils:Washed mix syringe in wash solutions [Well C2 form 20mLscintillation 12 Well Plate 18000 µL on slot 4, Well C3 form 20mLscintillation 12 Well Plate 18000 µL on slot 4, Well C4 form 20mLscintillation 12 Well Plate 18000 µL on slot 4]
2025-01-28 14:16:17,857:INFO:stober_synthesis_utils:Mixed well Well A5 form septavialrev1_44_holder_2000ul on slot 2 5 times, 2000 uL per cycle
2025-01-28 14:19:22,403:INFO:stober_synthesis_utils:Washed mix syringe in wash solutions [Well C2 form 20mLscintillation 12 Well Plate 18000 µL on slot 4, Well C3 form 20mLscintillation 12 Well Plate 18000 µL on slot 4, Well C4 form 20mLscintillation 12 Well Plate 18000 µL on slot 4]
2025-01-28 14:20:04,042:INFO:stober_synthesis_utils:Mixed well Well A6 form septavialrev1_44_holder_2000ul on slot 2 5 times, 2000 uL per cycle
2025-01-28 14:23:08,658:INFO:stober_synthesis_utils:Washed mix syringe in wash solutions [Well C2 form 20mLscintillation 12 Well Plate 18000 µL on slot 4, Well C3 form 20mLscintillation 12 Well Plate 18000 µL on slot 4, Well C4 form 20mLscintillation 12 Well Plate 18000 µL on slot 4]
2025-01-28 14:23:50,325:INFO:stober_synthesis_utils:Mixed well Well A7 form septavialrev1_44_holder_2000ul on slot 2 5 times, 2000 uL per cycle
2025-01-28 14:26:55,110:INFO:stober_synthesis_utils:Washed mix syringe in wash solutions [Well C2 form 20mLscintillation 12 Well Plate 18000 µL on slot 4, Well C3 form 20mLscintillation 12 Well Plate 18000 µL on slot 4, Well C4 form 20mLscintillation 12 Well Plate 18000 µL on slot 4]
2025-01-28 14:27:36,770:INFO:stober_synthesis_utils:Mixed well Well A8 form septavialrev1_44_holder_2000ul on slot 2 5 times, 2000 uL per cycle
2025-01-28 14:30:41,530:INFO:stober_synthesis_utils:Washed mix syringe in wash solutions [Well C2 form 20mLscintillation 12 Well Plate 18000 µL on slot 4, Well C3 form 20mLscintillation 12 Well Plate 18000 µL on slot 4, Well C4 form 20mLscintillation 12 Well Plate 18000 µL on slot 4]
2025-01-28 14:31:24,046:INFO:stober_synthesis_utils:Mixed well Well B1 form septavialrev1_44_holder_2000ul on slot 2 5 times, 2000 uL per cycle
2025-01-28 14:34:28,802:INFO:stober_synthesis_utils:Washed mix syringe in wash solutions [Well C2 form 20mLscintillation 12 Well Plate 18000 µL on slot 4, Well C3 form 20mLscintillation 12 Well Plate 18000 µL on slot 4, Well C4 form 20mLscintillation 12 Well Plate 18000 µL on slot 4]
2025-01-28 14:35:10,969:INFO:stober_synthesis_utils:Mixed well Well B3 form septavialrev1_44_holder_2000ul on slot 2 5 times, 2000 uL per cycle
2025-01-28 14:38:15,594:INFO:stober_synthesis_utils:Washed mix syringe in wash solutions [Well C2 form 20mLscintillation 12 Well Plate 18000 µL on slot 4, Well C3 form 20mLscintillation 12 Well Plate 18000 µL on slot 4, Well C4 form 20mLscintillation 12 Well Plate 18000 µL on slot 4]
2025-01-28 14:39:09,108:INFO:stober_synthesis_utils:Mixed well Well A1 form septavialrev1_44_holder_2000ul on slot 3 5 times, 2000 uL per cycle
2025-01-28 14:42:14,275:INFO:stober_synthesis_utils:Washed mix syringe in wash solutions [Well C2 form 20mLscintillation 12 Well Plate 18000 µL on slot 4, Well C3 form 20mLscintillation 12 Well Plate 18000 µL on slot 4, Well C4 form 20mLscintillation 12 Well Plate 18000 µL on slot 4]
2025-01-28 14:42:56,270:INFO:stober_synthesis_utils:Mixed well Well A2 form septavialrev1_44_holder_2000ul on slot 3 5 times, 2000 uL per cycle
2025-01-28 14:46:01,582:INFO:stober_synthesis_utils:Washed mix syringe in wash solutions [Well C2 form 20mLscintillation 12 Well Plate 18000 µL on slot 4, Well C3 form 20mLscintillation 12 Well Plate 18000 µL on slot 4, Well C4 form 20mLscintillation 12 Well Plate 18000 µL on slot 4]
2025-01-28 14:46:43,694:INFO:stober_synthesis_utils:Mixed well Well A3 form septavialrev1_44_holder_2000ul on slot 3 5 times, 2000 uL per cycle
2025-01-28 14:49:49,145:INFO:stober_synthesis_utils:Washed mix syringe in wash solutions [Well C2 form 20mLscintillation 12 Well Plate 18000 µL on slot 4, Well C3 form 20mLscintillation 12 Well Plate 18000 µL on slot 4, Well C4 form 20mLscintillation 12 Well Plate 18000 µL on slot 4]
2025-01-28 14:50:31,489:INFO:stober_synthesis_utils:Mixed well Well A4 form septavialrev1_44_holder_2000ul on slot 3 5 times, 2000 uL per cycle
2025-01-28 14:53:37,166:INFO:stober_synthesis_utils:Washed mix syringe in wash solutions [Well C2 form 20mLscintillation 12 Well Plate 18000 µL on slot 4, Well C3 form 20mLscintillation 12 Well Plate 18000 µL on slot 4, Well C4 form 20mLscintillation 12 Well Plate 18000 µL on slot 4]
2025-01-28 14:54:19,468:INFO:stober_synthesis_utils:Mixed well Well A5 form septavialrev1_44_holder_2000ul on slot 3 5 times, 2000 uL per cycle
2025-01-28 14:57:25,101:INFO:stober_synthesis_utils:Washed mix syringe in wash solutions [Well C2 form 20mLscintillation 12 Well Plate 18000 µL on slot 4, Well C3 form 20mLscintillation 12 Well Plate 18000 µL on slot 4, Well C4 form 20mLscintillation 12 Well Plate 18000 µL on slot 4]
2025-01-28 14:58:07,618:INFO:stober_synthesis_utils:Mixed well Well A6 form septavialrev1_44_holder_2000ul on slot 3 5 times, 2000 uL per cycle
2025-01-28 15:01:13,613:INFO:stober_synthesis_utils:Washed mix syringe in wash solutions [Well C2 form 20mLscintillation 12 Well Plate 18000 µL on slot 4, Well C3 form 20mLscintillation 12 Well Plate 18000 µL on slot 4, Well C4 form 20mLscintillation 12 Well Plate 18000 µL on slot 4]
2025-01-28 15:01:56,327:INFO:stober_synthesis_utils:Mixed well Well A7 form septavialrev1_44_holder_2000ul on slot 3 5 times, 2000 uL per cycle
2025-01-28 15:05:02,304:INFO:stober_synthesis_utils:Washed mix syringe in wash solutions [Well C2 form 20mLscintillation 12 Well Plate 18000 µL on slot 4, Well C3 form 20mLscintillation 12 Well Plate 18000 µL on slot 4, Well C4 form 20mLscintillation 12 Well Plate 18000 µL on slot 4]
2025-01-28 15:05:45,337:INFO:stober_synthesis_utils:Mixed well Well A8 form septavialrev1_44_holder_2000ul on slot 3 5 times, 2000 uL per cycle
2025-01-28 15:08:51,623:INFO:stober_synthesis_utils:Washed mix syringe in wash solutions [Well C2 form 20mLscintillation 12 Well Plate 18000 µL on slot 4, Well C3 form 20mLscintillation 12 Well Plate 18000 µL on slot 4, Well C4 form 20mLscintillation 12 Well Plate 18000 µL on slot 4]
2025-01-28 15:09:33,500:INFO:stober_synthesis_utils:Mixed well Well B1 form septavialrev1_44_holder_2000ul on slot 3 5 times, 2000 uL per cycle
2025-01-28 15:12:38,880:INFO:stober_synthesis_utils:Washed mix syringe in wash solutions [Well C2 form 20mLscintillation 12 Well Plate 18000 µL on slot 4, Well C3 form 20mLscintillation 12 Well Plate 18000 µL on slot 4, Well C4 form 20mLscintillation 12 Well Plate 18000 µL on slot 4]
2025-01-28 15:13:21,206:INFO:stober_synthesis_utils:Mixed well Well B3 form septavialrev1_44_holder_2000ul on slot 3 5 times, 2000 uL per cycle
2025-01-28 15:16:26,621:INFO:stober_synthesis_utils:Washed mix syringe in wash solutions [Well C2 form 20mLscintillation 12 Well Plate 18000 µL on slot 4, Well C3 form 20mLscintillation 12 Well Plate 18000 µL on slot 4, Well C4 form 20mLscintillation 12 Well Plate 18000 µL on slot 4]
2025-01-28 15:16:51,770:INFO:stober_synthesis_utils:Dispensed 100.4468671604991 uL of teos_volume into Well A1 form septavialrev1_44_holder_2000ul on slot 2
2025-01-28 15:17:47,274:INFO:stober_synthesis_utils:Mixed well Well A1 form septavialrev1_44_holder_2000ul on slot 2 5 times, 2000 uL per cycle
2025-01-28 15:20:51,999:INFO:stober_synthesis_utils:Washed mix syringe in wash solutions [Well C2 form 20mLscintillation 12 Well Plate 18000 µL on slot 4, Well C3 form 20mLscintillation 12 Well Plate 18000 µL on slot 4, Well C4 form 20mLscintillation 12 Well Plate 18000 µL on slot 4]
2025-01-28 15:21:15,695:INFO:stober_synthesis_utils:Dispensed 47.74360043462366 uL of teos_volume into Well A2 form septavialrev1_44_holder_2000ul on slot 2
2025-01-28 15:22:11,116:INFO:stober_synthesis_utils:Mixed well Well A2 form septavialrev1_44_holder_2000ul on slot 2 5 times, 2000 uL per cycle
2025-01-28 15:25:15,538:INFO:stober_synthesis_utils:Washed mix syringe in wash solutions [Well C2 form 20mLscintillation 12 Well Plate 18000 µL on slot 4, Well C3 form 20mLscintillation 12 Well Plate 18000 µL on slot 4, Well C4 form 20mLscintillation 12 Well Plate 18000 µL on slot 4]
2025-01-28 15:25:44,472:INFO:stober_synthesis_utils:Dispensed 297.6840842887759 uL of teos_volume into Well A3 form septavialrev1_44_holder_2000ul on slot 2
2025-01-28 15:26:40,810:INFO:stober_synthesis_utils:Mixed well Well A3 form septavialrev1_44_holder_2000ul on slot 2 5 times, 2000 uL per cycle
2025-01-28 15:29:45,235:INFO:stober_synthesis_utils:Washed mix syringe in wash solutions [Well C2 form 20mLscintillation 12 Well Plate 18000 µL on slot 4, Well C3 form 20mLscintillation 12 Well Plate 18000 µL on slot 4, Well C4 form 20mLscintillation 12 Well Plate 18000 µL on slot 4]
2025-01-28 15:30:21,479:INFO:stober_synthesis_utils:Dispensed 165.1192002184689 uL of teos_volume into Well A4 form septavialrev1_44_holder_2000ul on slot 2
2025-01-28 15:31:16,745:INFO:stober_synthesis_utils:Mixed well Well A4 form septavialrev1_44_holder_2000ul on slot 2 5 times, 2000 uL per cycle
2025-01-28 15:34:21,306:INFO:stober_synthesis_utils:Washed mix syringe in wash solutions [Well C2 form 20mLscintillation 12 Well Plate 18000 µL on slot 4, Well C3 form 20mLscintillation 12 Well Plate 18000 µL on slot 4, Well C4 form 20mLscintillation 12 Well Plate 18000 µL on slot 4]
2025-01-28 15:34:33,814:INFO:stober_synthesis_utils:Refilling 1cc_3_hamilton with 919.9937521023676 uL from Well A1 form 20mLscintillation 12 Well Plate 18000 µL on slot 4
2025-01-28 15:35:20,413:INFO:stober_synthesis_utils:Dispensed 83.489946462214 uL of teos_volume into Well A5 form septavialrev1_44_holder_2000ul on slot 2
2025-01-28 15:36:15,350:INFO:stober_synthesis_utils:Mixed well Well A5 form septavialrev1_44_holder_2000ul on slot 2 5 times, 2000 uL per cycle
2025-01-28 15:39:19,795:INFO:stober_synthesis_utils:Washed mix syringe in wash solutions [Well C2 form 20mLscintillation 12 Well Plate 18000 µL on slot 4, Well C3 form 20mLscintillation 12 Well Plate 18000 µL on slot 4, Well C4 form 20mLscintillation 12 Well Plate 18000 µL on slot 4]
2025-01-28 15:39:43,498:INFO:stober_synthesis_utils:Dispensed 74.11083492916077 uL of teos_volume into Well A6 form septavialrev1_44_holder_2000ul on slot 2
2025-01-28 15:40:38,656:INFO:stober_synthesis_utils:Mixed well Well A6 form septavialrev1_44_holder_2000ul on slot 2 5 times, 2000 uL per cycle
2025-01-28 15:43:43,356:INFO:stober_synthesis_utils:Washed mix syringe in wash solutions [Well C2 form 20mLscintillation 12 Well Plate 18000 µL on slot 4, Well C3 form 20mLscintillation 12 Well Plate 18000 µL on slot 4, Well C4 form 20mLscintillation 12 Well Plate 18000 µL on slot 4]
2025-01-28 15:44:07,422:INFO:stober_synthesis_utils:Dispensed 91.4564370084554 uL of teos_volume into Well A7 form septavialrev1_44_holder_2000ul on slot 2
2025-01-28 15:45:02,616:INFO:stober_synthesis_utils:Mixed well Well A7 form septavialrev1_44_holder_2000ul on slot 2 5 times, 2000 uL per cycle
2025-01-28 15:48:07,367:INFO:stober_synthesis_utils:Washed mix syringe in wash solutions [Well C2 form 20mLscintillation 12 Well Plate 18000 µL on slot 4, Well C3 form 20mLscintillation 12 Well Plate 18000 µL on slot 4, Well C4 form 20mLscintillation 12 Well Plate 18000 µL on slot 4]
2025-01-28 15:48:34,267:INFO:stober_synthesis_utils:Dispensed 230.24638691917065 uL of teos_volume into Well A8 form septavialrev1_44_holder_2000ul on slot 2
2025-01-28 15:49:29,499:INFO:stober_synthesis_utils:Mixed well Well A8 form septavialrev1_44_holder_2000ul on slot 2 5 times, 2000 uL per cycle
2025-01-28 15:52:34,447:INFO:stober_synthesis_utils:Washed mix syringe in wash solutions [Well C2 form 20mLscintillation 12 Well Plate 18000 µL on slot 4, Well C3 form 20mLscintillation 12 Well Plate 18000 µL on slot 4, Well C4 form 20mLscintillation 12 Well Plate 18000 µL on slot 4]
2025-01-28 15:53:07,100:INFO:stober_synthesis_utils:Dispensed 447.4709390848875 uL of teos_volume into Well B1 form septavialrev1_44_holder_2000ul on slot 2
2025-01-28 15:54:02,558:INFO:stober_synthesis_utils:Mixed well Well B1 form septavialrev1_44_holder_2000ul on slot 2 5 times, 2000 uL per cycle
2025-01-28 15:57:07,251:INFO:stober_synthesis_utils:Washed mix syringe in wash solutions [Well C2 form 20mLscintillation 12 Well Plate 18000 µL on slot 4, Well C3 form 20mLscintillation 12 Well Plate 18000 µL on slot 4, Well C4 form 20mLscintillation 12 Well Plate 18000 µL on slot 4]
2025-01-28 15:57:19,773:INFO:stober_synthesis_utils:Refilling 1cc_3_hamilton with 976.7745444038883 uL from Well A1 form 20mLscintillation 12 Well Plate 18000 µL on slot 4
2025-01-28 15:58:06,986:INFO:stober_synthesis_utils:Dispensed 43.53861378505826 uL of teos_volume into Well B3 form septavialrev1_44_holder_2000ul on slot 2
2025-01-28 15:59:02,414:INFO:stober_synthesis_utils:Mixed well Well B3 form septavialrev1_44_holder_2000ul on slot 2 5 times, 2000 uL per cycle
2025-01-28 16:02:07,045:INFO:stober_synthesis_utils:Washed mix syringe in wash solutions [Well C2 form 20mLscintillation 12 Well Plate 18000 µL on slot 4, Well C3 form 20mLscintillation 12 Well Plate 18000 µL on slot 4, Well C4 form 20mLscintillation 12 Well Plate 18000 µL on slot 4]
2025-01-28 16:02:37,324:INFO:stober_synthesis_utils:Dispensed 90.61411578208208 uL of teos_volume into Well A1 form septavialrev1_44_holder_2000ul on slot 3
2025-01-28 16:03:32,354:INFO:stober_synthesis_utils:Mixed well Well A1 form septavialrev1_44_holder_2000ul on slot 3 5 times, 2000 uL per cycle
2025-01-28 16:06:37,430:INFO:stober_synthesis_utils:Washed mix syringe in wash solutions [Well C2 form 20mLscintillation 12 Well Plate 18000 µL on slot 4, Well C3 form 20mLscintillation 12 Well Plate 18000 µL on slot 4, Well C4 form 20mLscintillation 12 Well Plate 18000 µL on slot 4]
2025-01-28 16:07:04,245:INFO:stober_synthesis_utils:Dispensed 228.6840627528727 uL of teos_volume into Well A2 form septavialrev1_44_holder_2000ul on slot 3
2025-01-28 16:07:59,535:INFO:stober_synthesis_utils:Mixed well Well A2 form septavialrev1_44_holder_2000ul on slot 3 5 times, 2000 uL per cycle
2025-01-28 16:11:04,932:INFO:stober_synthesis_utils:Washed mix syringe in wash solutions [Well C2 form 20mLscintillation 12 Well Plate 18000 µL on slot 4, Well C3 form 20mLscintillation 12 Well Plate 18000 µL on slot 4, Well C4 form 20mLscintillation 12 Well Plate 18000 µL on slot 4]
2025-01-28 16:11:27,132:INFO:stober_synthesis_utils:Dispensed 24.22499945852905 uL of teos_volume into Well A3 form septavialrev1_44_holder_2000ul on slot 3
2025-01-28 16:12:22,459:INFO:stober_synthesis_utils:Mixed well Well A3 form septavialrev1_44_holder_2000ul on slot 3 5 times, 2000 uL per cycle
2025-01-28 16:15:28,076:INFO:stober_synthesis_utils:Washed mix syringe in wash solutions [Well C2 form 20mLscintillation 12 Well Plate 18000 µL on slot 4, Well C3 form 20mLscintillation 12 Well Plate 18000 µL on slot 4, Well C4 form 20mLscintillation 12 Well Plate 18000 µL on slot 4]
2025-01-28 16:16:00,444:INFO:stober_synthesis_utils:Dispensed 484.5000072196126 uL of teos_volume into Well A4 form septavialrev1_44_holder_2000ul on slot 3
2025-01-28 16:16:55,952:INFO:stober_synthesis_utils:Mixed well Well A4 form septavialrev1_44_holder_2000ul on slot 3 5 times, 2000 uL per cycle
2025-01-28 16:20:01,651:INFO:stober_synthesis_utils:Washed mix syringe in wash solutions [Well C2 form 20mLscintillation 12 Well Plate 18000 µL on slot 4, Well C3 form 20mLscintillation 12 Well Plate 18000 µL on slot 4, Well C4 form 20mLscintillation 12 Well Plate 18000 µL on slot 4]
2025-01-28 16:20:14,184:INFO:stober_synthesis_utils:Refilling 1cc_3_hamilton with 921.5617989981547 uL from Well A1 form 20mLscintillation 12 Well Plate 18000 µL on slot 4
2025-01-28 16:21:03,000:INFO:stober_synthesis_utils:Dispensed 135.70741899311545 uL of teos_volume into Well A5 form septavialrev1_44_holder_2000ul on slot 3
2025-01-28 16:21:58,501:INFO:stober_synthesis_utils:Mixed well Well A5 form septavialrev1_44_holder_2000ul on slot 3 5 times, 2000 uL per cycle
2025-01-28 16:25:04,311:INFO:stober_synthesis_utils:Washed mix syringe in wash solutions [Well C2 form 20mLscintillation 12 Well Plate 18000 µL on slot 4, Well C3 form 20mLscintillation 12 Well Plate 18000 µL on slot 4, Well C4 form 20mLscintillation 12 Well Plate 18000 µL on slot 4]
2025-01-28 16:25:34,506:INFO:stober_synthesis_utils:Dispensed 379.92113918066025 uL of teos_volume into Well A6 form septavialrev1_44_holder_2000ul on slot 3
2025-01-28 16:26:30,116:INFO:stober_synthesis_utils:Mixed well Well A6 form septavialrev1_44_holder_2000ul on slot 3 5 times, 2000 uL per cycle
2025-01-28 16:29:36,049:INFO:stober_synthesis_utils:Washed mix syringe in wash solutions [Well C2 form 20mLscintillation 12 Well Plate 18000 µL on slot 4, Well C3 form 20mLscintillation 12 Well Plate 18000 µL on slot 4, Well C4 form 20mLscintillation 12 Well Plate 18000 µL on slot 4]
2025-01-28 16:29:58,456:INFO:stober_synthesis_utils:Dispensed 24.22499945852905 uL of teos_volume into Well A7 form septavialrev1_44_holder_2000ul on slot 3
2025-01-28 16:30:54,656:INFO:stober_synthesis_utils:Mixed well Well A7 form septavialrev1_44_holder_2000ul on slot 3 5 times, 2000 uL per cycle
2025-01-28 16:34:00,912:INFO:stober_synthesis_utils:Washed mix syringe in wash solutions [Well C2 form 20mLscintillation 12 Well Plate 18000 µL on slot 4, Well C3 form 20mLscintillation 12 Well Plate 18000 µL on slot 4, Well C4 form 20mLscintillation 12 Well Plate 18000 µL on slot 4]
2025-01-28 16:34:27,511:INFO:stober_synthesis_utils:Dispensed 211.66620852425692 uL of teos_volume into Well A8 form septavialrev1_44_holder_2000ul on slot 3
2025-01-28 16:35:42,409:INFO:stober_synthesis_utils:Mixed well Well A8 form septavialrev1_44_holder_2000ul on slot 3 5 times, 2000 uL per cycle
2025-01-28 16:38:48,945:INFO:stober_synthesis_utils:Washed mix syringe in wash solutions [Well C2 form 20mLscintillation 12 Well Plate 18000 µL on slot 4, Well C3 form 20mLscintillation 12 Well Plate 18000 µL on slot 4, Well C4 form 20mLscintillation 12 Well Plate 18000 µL on slot 4]
2025-01-28 16:39:01,443:INFO:stober_synthesis_utils:Refilling 1cc_3_hamilton with 801.5197661565617 uL from Well A1 form 20mLscintillation 12 Well Plate 18000 µL on slot 4
2025-01-28 16:39:48,665:INFO:stober_synthesis_utils:Dispensed 199.5755955018103 uL of teos_volume into Well B1 form septavialrev1_44_holder_2000ul on slot 3
2025-01-28 16:40:44,345:INFO:stober_synthesis_utils:Mixed well Well B1 form septavialrev1_44_holder_2000ul on slot 3 5 times, 2000 uL per cycle
2025-01-28 16:43:50,551:INFO:stober_synthesis_utils:Washed mix syringe in wash solutions [Well C2 form 20mLscintillation 12 Well Plate 18000 µL on slot 4, Well C3 form 20mLscintillation 12 Well Plate 18000 µL on slot 4, Well C4 form 20mLscintillation 12 Well Plate 18000 µL on slot 4]
2025-01-28 16:44:22,981:INFO:stober_synthesis_utils:Dispensed 484.5000072196126 uL of teos_volume into Well B3 form septavialrev1_44_holder_2000ul on slot 3
2025-01-28 16:45:18,490:INFO:stober_synthesis_utils:Mixed well Well B3 form septavialrev1_44_holder_2000ul on slot 3 5 times, 2000 uL per cycle
2025-01-28 16:48:23,996:INFO:stober_synthesis_utils:Washed mix syringe in wash solutions [Well C2 form 20mLscintillation 12 Well Plate 18000 µL on slot 4, Well C3 form 20mLscintillation 12 Well Plate 18000 µL on slot 4, Well C4 form 20mLscintillation 12 Well Plate 18000 µL on slot 4]
2025-01-28 16:49:24,941:INFO:stober_synthesis_utils:Mixed well Well A1 form septavialrev1_44_holder_2000ul on slot 2 5 times, 2000 uL per cycle
2025-01-28 16:52:29,340:INFO:stober_synthesis_utils:Washed mix syringe in wash solutions [Well C2 form 20mLscintillation 12 Well Plate 18000 µL on slot 4, Well C3 form 20mLscintillation 12 Well Plate 18000 µL on slot 4, Well C4 form 20mLscintillation 12 Well Plate 18000 µL on slot 4]
2025-01-28 16:53:11,689:INFO:stober_synthesis_utils:Mixed well Well A2 form septavialrev1_44_holder_2000ul on slot 2 5 times, 2000 uL per cycle
2025-01-28 16:56:16,160:INFO:stober_synthesis_utils:Washed mix syringe in wash solutions [Well C2 form 20mLscintillation 12 Well Plate 18000 µL on slot 4, Well C3 form 20mLscintillation 12 Well Plate 18000 µL on slot 4, Well C4 form 20mLscintillation 12 Well Plate 18000 µL on slot 4]
2025-01-28 16:56:58,285:INFO:stober_synthesis_utils:Mixed well Well A3 form septavialrev1_44_holder_2000ul on slot 2 5 times, 2000 uL per cycle
2025-01-28 17:00:02,782:INFO:stober_synthesis_utils:Washed mix syringe in wash solutions [Well C2 form 20mLscintillation 12 Well Plate 18000 µL on slot 4, Well C3 form 20mLscintillation 12 Well Plate 18000 µL on slot 4, Well C4 form 20mLscintillation 12 Well Plate 18000 µL on slot 4]
2025-01-28 17:00:44,691:INFO:stober_synthesis_utils:Mixed well Well A4 form septavialrev1_44_holder_2000ul on slot 2 5 times, 2000 uL per cycle
2025-01-28 17:03:49,265:INFO:stober_synthesis_utils:Washed mix syringe in wash solutions [Well C2 form 20mLscintillation 12 Well Plate 18000 µL on slot 4, Well C3 form 20mLscintillation 12 Well Plate 18000 µL on slot 4, Well C4 form 20mLscintillation 12 Well Plate 18000 µL on slot 4]
2025-01-28 17:04:31,053:INFO:stober_synthesis_utils:Mixed well Well A5 form septavialrev1_44_holder_2000ul on slot 2 5 times, 2000 uL per cycle
2025-01-28 17:07:45,843:INFO:stober_synthesis_utils:Washed mix syringe in wash solutions [Well C2 form 20mLscintillation 12 Well Plate 18000 µL on slot 4, Well C3 form 20mLscintillation 12 Well Plate 18000 µL on slot 4, Well C4 form 20mLscintillation 12 Well Plate 18000 µL on slot 4]
2025-01-28 17:08:27,563:INFO:stober_synthesis_utils:Mixed well Well A6 form septavialrev1_44_holder_2000ul on slot 2 5 times, 2000 uL per cycle
2025-01-28 17:11:32,264:INFO:stober_synthesis_utils:Washed mix syringe in wash solutions [Well C2 form 20mLscintillation 12 Well Plate 18000 µL on slot 4, Well C3 form 20mLscintillation 12 Well Plate 18000 µL on slot 4, Well C4 form 20mLscintillation 12 Well Plate 18000 µL on slot 4]
2025-01-28 17:12:13,993:INFO:stober_synthesis_utils:Mixed well Well A7 form septavialrev1_44_holder_2000ul on slot 2 5 times, 2000 uL per cycle
2025-01-28 17:15:18,639:INFO:stober_synthesis_utils:Washed mix syringe in wash solutions [Well C2 form 20mLscintillation 12 Well Plate 18000 µL on slot 4, Well C3 form 20mLscintillation 12 Well Plate 18000 µL on slot 4, Well C4 form 20mLscintillation 12 Well Plate 18000 µL on slot 4]
2025-01-28 17:16:00,346:INFO:stober_synthesis_utils:Mixed well Well A8 form septavialrev1_44_holder_2000ul on slot 2 5 times, 2000 uL per cycle
2025-01-28 17:19:05,268:INFO:stober_synthesis_utils:Washed mix syringe in wash solutions [Well C2 form 20mLscintillation 12 Well Plate 18000 µL on slot 4, Well C3 form 20mLscintillation 12 Well Plate 18000 µL on slot 4, Well C4 form 20mLscintillation 12 Well Plate 18000 µL on slot 4]
2025-01-28 17:19:47,790:INFO:stober_synthesis_utils:Mixed well Well B1 form septavialrev1_44_holder_2000ul on slot 2 5 times, 2000 uL per cycle
2025-01-28 17:22:52,206:INFO:stober_synthesis_utils:Washed mix syringe in wash solutions [Well C2 form 20mLscintillation 12 Well Plate 18000 µL on slot 4, Well C3 form 20mLscintillation 12 Well Plate 18000 µL on slot 4, Well C4 form 20mLscintillation 12 Well Plate 18000 µL on slot 4]
2025-01-28 17:23:34,337:INFO:stober_synthesis_utils:Mixed well Well B3 form septavialrev1_44_holder_2000ul on slot 2 5 times, 2000 uL per cycle
2025-01-28 20:17:39,531:INFO:stober_synthesis_utils:Dispensed 0.0 uL of ethanol_dilute_vol into Well B4 form septavialrev1_44_holder_2000ul on slot 2
2025-01-28 20:17:56,275:INFO:stober_synthesis_utils:Dispensed 0.0 uL of ethanol_dilute_vol into Well B5 form septavialrev1_44_holder_2000ul on slot 2
2025-01-28 20:17:56,276:INFO:stober_synthesis_utils:Refilling 10cc_1 with 9498.0 uL from Well B2 form 20mLscintillation 12 Well Plate 18000 µL on slot 4
2025-01-28 20:18:49,054:INFO:stober_synthesis_utils:Dispensed 1082.0 uL of ethanol_dilute_vol into Well B6 form septavialrev1_44_holder_2000ul on slot 2
2025-01-28 20:19:06,818:INFO:stober_synthesis_utils:Dispensed 587.0 uL of ethanol_dilute_vol into Well B8 form septavialrev1_44_holder_2000ul on slot 2
2025-01-28 20:19:24,516:INFO:stober_synthesis_utils:Dispensed 0.0 uL of ethanol_dilute_vol into Well C1 form septavialrev1_44_holder_2000ul on slot 2
2025-01-28 20:19:41,220:INFO:stober_synthesis_utils:Dispensed 0.0 uL of ethanol_dilute_vol into Well C2 form septavialrev1_44_holder_2000ul on slot 2
2025-01-28 20:19:57,871:INFO:stober_synthesis_utils:Dispensed 0.0 uL of ethanol_dilute_vol into Well C3 form septavialrev1_44_holder_2000ul on slot 2
2025-01-28 20:20:16,275:INFO:stober_synthesis_utils:Dispensed 902.0 uL of ethanol_dilute_vol into Well C4 form septavialrev1_44_holder_2000ul on slot 2
2025-01-28 20:20:35,431:INFO:stober_synthesis_utils:Dispensed 1289.0 uL of ethanol_dilute_vol into Well C5 form septavialrev1_44_holder_2000ul on slot 2
2025-01-28 20:20:52,144:INFO:stober_synthesis_utils:Dispensed 0.0 uL of ethanol_dilute_vol into Well C6 form septavialrev1_44_holder_2000ul on slot 2
2025-01-28 20:21:24,953:INFO:__main__:Emptied ethanol syringe into trash
2025-01-28 20:22:18,241:INFO:__main__:Transferred 1700.0 uL from Well A1 form septavialrev1_44_holder_2000ul on slot 2 to Well B4 form septavialrev1_44_holder_2000ul on slot 2
2025-01-28 20:25:22,507:INFO:__main__:Washed mix syringe in wash solutions [Well C2 form 20mLscintillation 12 Well Plate 18000 µL on slot 4, Well C3 form 20mLscintillation 12 Well Plate 18000 µL on slot 4, Well C4 form 20mLscintillation 12 Well Plate 18000 µL on slot 4]
2025-01-28 20:26:03,598:INFO:__main__:Transferred 1700.0 uL from Well A2 form septavialrev1_44_holder_2000ul on slot 2 to Well B5 form septavialrev1_44_holder_2000ul on slot 2
2025-01-28 20:29:07,992:INFO:__main__:Washed mix syringe in wash solutions [Well C2 form 20mLscintillation 12 Well Plate 18000 µL on slot 4, Well C3 form 20mLscintillation 12 Well Plate 18000 µL on slot 4, Well C4 form 20mLscintillation 12 Well Plate 18000 µL on slot 4]
2025-01-28 20:29:44,327:INFO:__main__:Transferred 618.0 uL from Well A3 form septavialrev1_44_holder_2000ul on slot 2 to Well B6 form septavialrev1_44_holder_2000ul on slot 2
2025-01-28 20:32:48,868:INFO:__main__:Washed mix syringe in wash solutions [Well C2 form 20mLscintillation 12 Well Plate 18000 µL on slot 4, Well C3 form 20mLscintillation 12 Well Plate 18000 µL on slot 4, Well C4 form 20mLscintillation 12 Well Plate 18000 µL on slot 4]
2025-01-28 20:34:34,321:INFO:__main__:Transferred 1113.0 uL from Well A4 form septavialrev1_44_holder_2000ul on slot 2 to Well B8 form septavialrev1_44_holder_2000ul on slot 2
2025-01-28 20:37:39,191:INFO:__main__:Washed mix syringe in wash solutions [Well C2 form 20mLscintillation 12 Well Plate 18000 µL on slot 4, Well C3 form 20mLscintillation 12 Well Plate 18000 µL on slot 4, Well C4 form 20mLscintillation 12 Well Plate 18000 µL on slot 4]
2025-01-28 20:38:20,060:INFO:__main__:Transferred 1700.0 uL from Well A5 form septavialrev1_44_holder_2000ul on slot 2 to Well C1 form septavialrev1_44_holder_2000ul on slot 2
2025-01-28 20:41:24,675:INFO:__main__:Washed mix syringe in wash solutions [Well C2 form 20mLscintillation 12 Well Plate 18000 µL on slot 4, Well C3 form 20mLscintillation 12 Well Plate 18000 µL on slot 4, Well C4 form 20mLscintillation 12 Well Plate 18000 µL on slot 4]
2025-01-28 20:42:05,246:INFO:__main__:Transferred 1700.0 uL from Well A6 form septavialrev1_44_holder_2000ul on slot 2 to Well C2 form septavialrev1_44_holder_2000ul on slot 2
2025-01-28 20:45:09,686:INFO:__main__:Washed mix syringe in wash solutions [Well C2 form 20mLscintillation 12 Well Plate 18000 µL on slot 4, Well C3 form 20mLscintillation 12 Well Plate 18000 µL on slot 4, Well C4 form 20mLscintillation 12 Well Plate 18000 µL on slot 4]
2025-01-28 20:45:50,187:INFO:__main__:Transferred 1700.0 uL from Well A7 form septavialrev1_44_holder_2000ul on slot 2 to Well C3 form septavialrev1_44_holder_2000ul on slot 2
2025-01-28 20:48:54,553:INFO:__main__:Washed mix syringe in wash solutions [Well C2 form 20mLscintillation 12 Well Plate 18000 µL on slot 4, Well C3 form 20mLscintillation 12 Well Plate 18000 µL on slot 4, Well C4 form 20mLscintillation 12 Well Plate 18000 µL on slot 4]
2025-01-28 20:49:31,481:INFO:__main__:Transferred 798.0 uL from Well A8 form septavialrev1_44_holder_2000ul on slot 2 to Well C4 form septavialrev1_44_holder_2000ul on slot 2
2025-01-28 20:52:35,801:INFO:__main__:Washed mix syringe in wash solutions [Well C2 form 20mLscintillation 12 Well Plate 18000 µL on slot 4, Well C3 form 20mLscintillation 12 Well Plate 18000 µL on slot 4, Well C4 form 20mLscintillation 12 Well Plate 18000 µL on slot 4]
2025-01-28 20:53:12,056:INFO:__main__:Transferred 411.0 uL from Well B1 form septavialrev1_44_holder_2000ul on slot 2 to Well C5 form septavialrev1_44_holder_2000ul on slot 2
2025-01-28 20:56:16,708:INFO:__main__:Washed mix syringe in wash solutions [Well C2 form 20mLscintillation 12 Well Plate 18000 µL on slot 4, Well C3 form 20mLscintillation 12 Well Plate 18000 µL on slot 4, Well C4 form 20mLscintillation 12 Well Plate 18000 µL on slot 4]
2025-01-28 20:56:57,909:INFO:__main__:Transferred 1700.0 uL from Well B3 form septavialrev1_44_holder_2000ul on slot 2 to Well C6 form septavialrev1_44_holder_2000ul on slot 2
2025-01-28 21:00:02,475:INFO:__main__:Washed mix syringe in wash solutions [Well C2 form 20mLscintillation 12 Well Plate 18000 µL on slot 4, Well C3 form 20mLscintillation 12 Well Plate 18000 µL on slot 4, Well C4 form 20mLscintillation 12 Well Plate 18000 µL on slot 4]
2025-01-28 21:00:19,939:INFO:stober_synthesis_utils:Dispensed 0.0 uL of ethanol_dilute_vol into Well B4 form septavialrev1_44_holder_2000ul on slot 3
2025-01-28 21:00:19,941:INFO:stober_synthesis_utils:Refilling 10cc_1 with 9998.0 uL from Well C1 form 20mLscintillation 12 Well Plate 18000 µL on slot 4
2025-01-28 21:01:15,317:INFO:stober_synthesis_utils:Dispensed 896.0 uL of ethanol_dilute_vol into Well B5 form septavialrev1_44_holder_2000ul on slot 3
2025-01-28 21:01:31,981:INFO:stober_synthesis_utils:Dispensed 0.0 uL of ethanol_dilute_vol into Well B6 form septavialrev1_44_holder_2000ul on slot 3
2025-01-28 21:01:51,294:INFO:stober_synthesis_utils:Dispensed 1321.0 uL of ethanol_dilute_vol into Well B8 form septavialrev1_44_holder_2000ul on slot 3
2025-01-28 21:02:09,581:INFO:stober_synthesis_utils:Dispensed 345.0 uL of ethanol_dilute_vol into Well C1 form septavialrev1_44_holder_2000ul on slot 3
2025-01-28 21:02:28,542:INFO:stober_synthesis_utils:Dispensed 1216.0 uL of ethanol_dilute_vol into Well C2 form septavialrev1_44_holder_2000ul on slot 3
2025-01-28 21:02:45,239:INFO:stober_synthesis_utils:Dispensed 0.0 uL of ethanol_dilute_vol into Well C3 form septavialrev1_44_holder_2000ul on slot 3
2025-01-28 21:03:03,421:INFO:stober_synthesis_utils:Dispensed 831.0 uL of ethanol_dilute_vol into Well C4 form septavialrev1_44_holder_2000ul on slot 3
2025-01-28 21:03:21,514:INFO:stober_synthesis_utils:Dispensed 779.0 uL of ethanol_dilute_vol into Well C5 form septavialrev1_44_holder_2000ul on slot 3
2025-01-28 21:03:40,692:INFO:stober_synthesis_utils:Dispensed 1321.0 uL of ethanol_dilute_vol into Well C6 form septavialrev1_44_holder_2000ul on slot 3
2025-01-28 21:04:08,210:INFO:__main__:Emptied ethanol syringe into trash
2025-01-28 21:05:01,540:INFO:__main__:Transferred 1700.0 uL from Well A1 form septavialrev1_44_holder_2000ul on slot 3 to Well B4 form septavialrev1_44_holder_2000ul on slot 3
2025-01-28 21:08:07,095:INFO:__main__:Washed mix syringe in wash solutions [Well C2 form 20mLscintillation 12 Well Plate 18000 µL on slot 4, Well C3 form 20mLscintillation 12 Well Plate 18000 µL on slot 4, Well C4 form 20mLscintillation 12 Well Plate 18000 µL on slot 4]
2025-01-28 21:08:44,241:INFO:__main__:Transferred 804.0 uL from Well A2 form septavialrev1_44_holder_2000ul on slot 3 to Well B5 form septavialrev1_44_holder_2000ul on slot 3
2025-01-28 21:11:49,971:INFO:__main__:Washed mix syringe in wash solutions [Well C2 form 20mLscintillation 12 Well Plate 18000 µL on slot 4, Well C3 form 20mLscintillation 12 Well Plate 18000 µL on slot 4, Well C4 form 20mLscintillation 12 Well Plate 18000 µL on slot 4]
2025-01-28 21:12:30,758:INFO:__main__:Transferred 1700.0 uL from Well A3 form septavialrev1_44_holder_2000ul on slot 3 to Well B6 form septavialrev1_44_holder_2000ul on slot 3
2025-01-28 21:15:36,381:INFO:__main__:Washed mix syringe in wash solutions [Well C2 form 20mLscintillation 12 Well Plate 18000 µL on slot 4, Well C3 form 20mLscintillation 12 Well Plate 18000 µL on slot 4, Well C4 form 20mLscintillation 12 Well Plate 18000 µL on slot 4]
2025-01-28 21:16:12,246:INFO:__main__:Transferred 379.0 uL from Well A4 form septavialrev1_44_holder_2000ul on slot 3 to Well B8 form septavialrev1_44_holder_2000ul on slot 3
2025-01-28 21:19:18,164:INFO:__main__:Washed mix syringe in wash solutions [Well C2 form 20mLscintillation 12 Well Plate 18000 µL on slot 4, Well C3 form 20mLscintillation 12 Well Plate 18000 µL on slot 4, Well C4 form 20mLscintillation 12 Well Plate 18000 µL on slot 4]
2025-01-28 21:19:58,220:INFO:__main__:Transferred 1355.0 uL from Well A5 form septavialrev1_44_holder_2000ul on slot 3 to Well C1 form septavialrev1_44_holder_2000ul on slot 3
2025-01-28 21:23:03,212:INFO:__main__:Washed mix syringe in wash solutions [Well C2 form 20mLscintillation 12 Well Plate 18000 µL on slot 4, Well C3 form 20mLscintillation 12 Well Plate 18000 µL on slot 4, Well C4 form 20mLscintillation 12 Well Plate 18000 µL on slot 4]
2025-01-28 21:23:39,585:INFO:__main__:Transferred 484.0 uL from Well A6 form septavialrev1_44_holder_2000ul on slot 3 to Well C2 form septavialrev1_44_holder_2000ul on slot 3
2025-01-28 21:26:44,928:INFO:__main__:Washed mix syringe in wash solutions [Well C2 form 20mLscintillation 12 Well Plate 18000 µL on slot 4, Well C3 form 20mLscintillation 12 Well Plate 18000 µL on slot 4, Well C4 form 20mLscintillation 12 Well Plate 18000 µL on slot 4]
2025-01-28 21:27:26,575:INFO:__main__:Transferred 1700.0 uL from Well A7 form septavialrev1_44_holder_2000ul on slot 3 to Well C3 form septavialrev1_44_holder_2000ul on slot 3
2025-01-28 21:30:31,767:INFO:__main__:Washed mix syringe in wash solutions [Well C2 form 20mLscintillation 12 Well Plate 18000 µL on slot 4, Well C3 form 20mLscintillation 12 Well Plate 18000 µL on slot 4, Well C4 form 20mLscintillation 12 Well Plate 18000 µL on slot 4]
2025-01-28 21:31:10,235:INFO:__main__:Transferred 869.0 uL from Well A8 form septavialrev1_44_holder_2000ul on slot 3 to Well C4 form septavialrev1_44_holder_2000ul on slot 3
2025-01-28 21:34:15,718:INFO:__main__:Washed mix syringe in wash solutions [Well C2 form 20mLscintillation 12 Well Plate 18000 µL on slot 4, Well C3 form 20mLscintillation 12 Well Plate 18000 µL on slot 4, Well C4 form 20mLscintillation 12 Well Plate 18000 µL on slot 4]
2025-01-28 21:34:53,263:INFO:__main__:Transferred 921.0 uL from Well B1 form septavialrev1_44_holder_2000ul on slot 3 to Well C5 form septavialrev1_44_holder_2000ul on slot 3
2025-01-28 21:37:58,923:INFO:__main__:Washed mix syringe in wash solutions [Well C2 form 20mLscintillation 12 Well Plate 18000 µL on slot 4, Well C3 form 20mLscintillation 12 Well Plate 18000 µL on slot 4, Well C4 form 20mLscintillation 12 Well Plate 18000 µL on slot 4]
2025-01-28 21:38:34,519:INFO:__main__:Transferred 379.0 uL from Well B3 form septavialrev1_44_holder_2000ul on slot 3 to Well C6 form septavialrev1_44_holder_2000ul on slot 3
2025-01-28 21:41:40,456:INFO:__main__:Washed mix syringe in wash solutions [Well C2 form 20mLscintillation 12 Well Plate 18000 µL on slot 4, Well C3 form 20mLscintillation 12 Well Plate 18000 µL on slot 4, Well C4 form 20mLscintillation 12 Well Plate 18000 µL on slot 4]
