2025-03-03 12:05:31,083:INFO:stober_synthesis_utils:Refilling 10cc_1 with 3799 uL from Well A4 form 20mLscintillation 12 Well Plate 18000 µL on slot 4
2025-03-03 12:06:24,711:INFO:stober_synthesis_utils:Dispensed 7997.134 uL of ethanol_volume into Well A1 form 20mLscintillation 12 Well Plate 18000 µL on slot 2
2025-03-03 12:06:24,712:INFO:stober_synthesis_utils:Refilling 10cc_1 with 8047.134 uL from Well A4 form 20mLscintillation 12 Well Plate 18000 µL on slot 4
2025-03-03 12:07:29,383:INFO:stober_synthesis_utils:Dispensed 7997.134 uL of ethanol_volume into Well A2 form 20mLscintillation 12 Well Plate 18000 µL on slot 2
2025-03-03 12:07:29,385:INFO:stober_synthesis_utils:Refilling 10cc_1 with 8047.134 uL from Well B1 form 20mLscintillation 12 Well Plate 18000 µL on slot 4
2025-03-03 12:08:32,761:INFO:stober_synthesis_utils:Dispensed 7997.134 uL of ethanol_volume into Well A3 form 20mLscintillation 12 Well Plate 18000 µL on slot 2
2025-03-03 12:08:32,762:INFO:stober_synthesis_utils:Refilling 10cc_1 with 8047.134 uL from Well B2 form 20mLscintillation 12 Well Plate 18000 µL on slot 4
2025-03-03 12:10:09,577:ERROR:ipykernel.comm:No such comm target registered: jupyter.widget.control
2025-03-03 12:10:09,578:WARNING:Comm:No such comm: 9ffcec0e-da83-49fa-98b8-5ab4d2484424
2025-03-03 12:12:16,679:INFO:stober_synthesis_utils:Refilling 10cc_1 with 3799 uL from Well B3 form 20mLscintillation 12 Well Plate 18000 µL on slot 4
2025-03-03 12:13:09,432:INFO:stober_synthesis_utils:Dispensed 7997.134 uL of ethanol_volume into Well A4 form 20mLscintillation 12 Well Plate 18000 µL on slot 2
2025-03-03 12:13:09,433:INFO:stober_synthesis_utils:Refilling 10cc_1 with 8047.134 uL from Well B3 form 20mLscintillation 12 Well Plate 18000 µL on slot 4
2025-03-03 12:14:12,972:INFO:stober_synthesis_utils:Dispensed 7997.134 uL of ethanol_volume into Well B1 form 20mLscintillation 12 Well Plate 18000 µL on slot 2
2025-03-03 12:15:14,609:INFO:__main__:Emptied ethanol syringe into trash
2025-03-03 12:15:30,918:INFO:stober_synthesis_utils:Refilling 1cc_1 with 409 uL from Well A3 form 20mLscintillation 12 Well Plate 18000 µL on slot 4
2025-03-03 12:16:20,496:INFO:stober_synthesis_utils:Dispensed 1249.9815 uL of water_volume into Well A1 form 20mLscintillation 12 Well Plate 18000 µL on slot 2
2025-03-03 12:16:20,496:INFO:stober_synthesis_utils:Refilling 1cc_1 with 674.99075 uL from Well A3 form 20mLscintillation 12 Well Plate 18000 µL on slot 4
2025-03-03 12:17:16,939:INFO:stober_synthesis_utils:Dispensed 1249.9815 uL of water_volume into Well A1 form 20mLscintillation 12 Well Plate 18000 µL on slot 2
2025-03-03 12:17:16,940:INFO:stober_synthesis_utils:Refilling 1cc_1 with 674.99075 uL from Well A3 form 20mLscintillation 12 Well Plate 18000 µL on slot 4
2025-03-03 12:18:12,845:INFO:stober_synthesis_utils:Dispensed 1249.9815 uL of water_volume into Well A2 form 20mLscintillation 12 Well Plate 18000 µL on slot 2
2025-03-03 12:18:12,845:INFO:stober_synthesis_utils:Refilling 1cc_1 with 674.99075 uL from Well A3 form 20mLscintillation 12 Well Plate 18000 µL on slot 4
2025-03-03 12:19:27,164:INFO:stober_synthesis_utils:Dispensed 1249.9815 uL of water_volume into Well A2 form 20mLscintillation 12 Well Plate 18000 µL on slot 2
2025-03-03 12:19:27,165:INFO:stober_synthesis_utils:Refilling 1cc_1 with 674.99075 uL from Well A3 form 20mLscintillation 12 Well Plate 18000 µL on slot 4
2025-03-03 12:20:23,089:INFO:stober_synthesis_utils:Dispensed 1249.9815 uL of water_volume into Well A3 form 20mLscintillation 12 Well Plate 18000 µL on slot 2
2025-03-03 12:20:23,089:INFO:stober_synthesis_utils:Refilling 1cc_1 with 674.99075 uL from Well A3 form 20mLscintillation 12 Well Plate 18000 µL on slot 4
2025-03-03 12:21:18,933:INFO:stober_synthesis_utils:Dispensed 1249.9815 uL of water_volume into Well A3 form 20mLscintillation 12 Well Plate 18000 µL on slot 2
2025-03-03 12:21:18,934:INFO:stober_synthesis_utils:Refilling 1cc_1 with 674.99075 uL from Well A3 form 20mLscintillation 12 Well Plate 18000 µL on slot 4
2025-03-03 12:22:14,758:INFO:stober_synthesis_utils:Dispensed 1249.9815 uL of water_volume into Well A4 form 20mLscintillation 12 Well Plate 18000 µL on slot 2
2025-03-03 12:22:14,759:INFO:stober_synthesis_utils:Refilling 1cc_1 with 674.99075 uL from Well A3 form 20mLscintillation 12 Well Plate 18000 µL on slot 4
2025-03-03 12:23:10,707:INFO:stober_synthesis_utils:Dispensed 1249.9815 uL of water_volume into Well A4 form 20mLscintillation 12 Well Plate 18000 µL on slot 2
2025-03-03 12:23:10,708:INFO:stober_synthesis_utils:Refilling 1cc_1 with 674.99075 uL from Well A3 form 20mLscintillation 12 Well Plate 18000 µL on slot 4
2025-03-03 12:24:06,921:INFO:stober_synthesis_utils:Dispensed 1249.9815 uL of water_volume into Well B1 form 20mLscintillation 12 Well Plate 18000 µL on slot 2
2025-03-03 12:24:06,921:INFO:stober_synthesis_utils:Refilling 1cc_1 with 674.99075 uL from Well A3 form 20mLscintillation 12 Well Plate 18000 µL on slot 4
2025-03-03 12:25:03,824:INFO:stober_synthesis_utils:Dispensed 1249.9815 uL of water_volume into Well B1 form 20mLscintillation 12 Well Plate 18000 µL on slot 2
2025-03-03 12:26:36,171:INFO:stober_synthesis_utils:Mixed well Well A1 form 20mLscintillation 12 Well Plate 18000 µL on slot 2 5 times, 5000 uL per cycle
2025-03-03 12:31:35,421:INFO:stober_synthesis_utils:Washed mix syringe in wash solutions [Well C2 form 20mLscintillation 12 Well Plate 18000 µL on slot 4, Well C3 form 20mLscintillation 12 Well Plate 18000 µL on slot 4, Well C4 form 20mLscintillation 12 Well Plate 18000 µL on slot 4]
2025-03-03 12:32:55,682:INFO:stober_synthesis_utils:Mixed well Well A2 form 20mLscintillation 12 Well Plate 18000 µL on slot 2 5 times, 5000 uL per cycle
2025-03-03 12:37:54,509:INFO:stober_synthesis_utils:Washed mix syringe in wash solutions [Well C2 form 20mLscintillation 12 Well Plate 18000 µL on slot 4, Well C3 form 20mLscintillation 12 Well Plate 18000 µL on slot 4, Well C4 form 20mLscintillation 12 Well Plate 18000 µL on slot 4]
2025-03-03 12:39:14,423:INFO:stober_synthesis_utils:Mixed well Well A3 form 20mLscintillation 12 Well Plate 18000 µL on slot 2 5 times, 5000 uL per cycle
2025-03-03 12:44:13,480:INFO:stober_synthesis_utils:Washed mix syringe in wash solutions [Well C2 form 20mLscintillation 12 Well Plate 18000 µL on slot 4, Well C3 form 20mLscintillation 12 Well Plate 18000 µL on slot 4, Well C4 form 20mLscintillation 12 Well Plate 18000 µL on slot 4]
2025-03-03 12:45:33,223:INFO:stober_synthesis_utils:Mixed well Well A4 form 20mLscintillation 12 Well Plate 18000 µL on slot 2 5 times, 5000 uL per cycle
2025-03-03 12:50:32,305:INFO:stober_synthesis_utils:Washed mix syringe in wash solutions [Well C2 form 20mLscintillation 12 Well Plate 18000 µL on slot 4, Well C3 form 20mLscintillation 12 Well Plate 18000 µL on slot 4, Well C4 form 20mLscintillation 12 Well Plate 18000 µL on slot 4]
2025-03-03 12:51:53,021:INFO:stober_synthesis_utils:Mixed well Well B1 form 20mLscintillation 12 Well Plate 18000 µL on slot 2 5 times, 5000 uL per cycle
2025-03-03 12:56:52,296:INFO:stober_synthesis_utils:Washed mix syringe in wash solutions [Well C2 form 20mLscintillation 12 Well Plate 18000 µL on slot 4, Well C3 form 20mLscintillation 12 Well Plate 18000 µL on slot 4, Well C4 form 20mLscintillation 12 Well Plate 18000 µL on slot 4]
2025-03-03 12:57:19,038:INFO:stober_synthesis_utils:Dispensed 214.491 uL of teos_volume into Well A1 form 20mLscintillation 12 Well Plate 18000 µL on slot 2
2025-03-03 12:59:29,426:INFO:stober_synthesis_utils:Mixed well Well A1 form 20mLscintillation 12 Well Plate 18000 µL on slot 2 5 times, 8000 uL per cycle
2025-03-03 13:06:22,883:INFO:stober_synthesis_utils:Washed mix syringe in wash solutions [Well C2 form 20mLscintillation 12 Well Plate 18000 µL on slot 4, Well C3 form 20mLscintillation 12 Well Plate 18000 µL on slot 4, Well C4 form 20mLscintillation 12 Well Plate 18000 µL on slot 4]
2025-03-03 13:06:49,466:INFO:stober_synthesis_utils:Dispensed 214.491 uL of teos_volume into Well A2 form 20mLscintillation 12 Well Plate 18000 µL on slot 2
2025-03-03 13:08:59,784:INFO:stober_synthesis_utils:Mixed well Well A2 form 20mLscintillation 12 Well Plate 18000 µL on slot 2 5 times, 8000 uL per cycle
2025-03-03 13:15:53,139:INFO:stober_synthesis_utils:Washed mix syringe in wash solutions [Well C2 form 20mLscintillation 12 Well Plate 18000 µL on slot 4, Well C3 form 20mLscintillation 12 Well Plate 18000 µL on slot 4, Well C4 form 20mLscintillation 12 Well Plate 18000 µL on slot 4]
2025-03-03 13:16:05,295:INFO:stober_synthesis_utils:Refilling 1cc_3_hamilton with 947.982 uL from Well A1 form 20mLscintillation 12 Well Plate 18000 µL on slot 4
2025-03-03 13:16:55,592:INFO:stober_synthesis_utils:Dispensed 214.491 uL of teos_volume into Well A3 form 20mLscintillation 12 Well Plate 18000 µL on slot 2
2025-03-03 13:19:05,940:INFO:stober_synthesis_utils:Mixed well Well A3 form 20mLscintillation 12 Well Plate 18000 µL on slot 2 5 times, 8000 uL per cycle
2025-03-03 13:25:59,379:INFO:stober_synthesis_utils:Washed mix syringe in wash solutions [Well C2 form 20mLscintillation 12 Well Plate 18000 µL on slot 4, Well C3 form 20mLscintillation 12 Well Plate 18000 µL on slot 4, Well C4 form 20mLscintillation 12 Well Plate 18000 µL on slot 4]
2025-03-03 13:26:25,451:INFO:stober_synthesis_utils:Dispensed 214.491 uL of teos_volume into Well A4 form 20mLscintillation 12 Well Plate 18000 µL on slot 2
2025-03-03 13:28:35,578:INFO:stober_synthesis_utils:Mixed well Well A4 form 20mLscintillation 12 Well Plate 18000 µL on slot 2 5 times, 8000 uL per cycle
2025-03-03 13:35:29,722:INFO:stober_synthesis_utils:Washed mix syringe in wash solutions [Well C2 form 20mLscintillation 12 Well Plate 18000 µL on slot 4, Well C3 form 20mLscintillation 12 Well Plate 18000 µL on slot 4, Well C4 form 20mLscintillation 12 Well Plate 18000 µL on slot 4]
2025-03-03 13:35:56,745:INFO:stober_synthesis_utils:Dispensed 214.491 uL of teos_volume into Well B1 form 20mLscintillation 12 Well Plate 18000 µL on slot 2
2025-03-03 13:38:07,717:INFO:stober_synthesis_utils:Mixed well Well B1 form 20mLscintillation 12 Well Plate 18000 µL on slot 2 5 times, 8000 uL per cycle
2025-03-03 13:45:01,310:INFO:stober_synthesis_utils:Washed mix syringe in wash solutions [Well C2 form 20mLscintillation 12 Well Plate 18000 µL on slot 4, Well C3 form 20mLscintillation 12 Well Plate 18000 µL on slot 4, Well C4 form 20mLscintillation 12 Well Plate 18000 µL on slot 4]
