2024-12-09 17:01:43,489:INFO:stober_synthesis_utils:Dispensed 1487.722631637007 uL of ethanol_volume into Well A1 form septavialrev1_44_holder_2000ul on slot 2
2024-12-09 17:02:03,229:INFO:stober_synthesis_utils:Dispensed 1490.9623140469191 uL of ethanol_volume into Well A2 form septavialrev1_44_holder_2000ul on slot 2
2024-12-09 17:02:22,961:INFO:stober_synthesis_utils:Dispensed 1460.4150217026472 uL of ethanol_volume into Well A3 form septavialrev1_44_holder_2000ul on slot 2
2024-12-09 17:02:42,663:INFO:stober_synthesis_utils:Dispensed 1520.5875067040324 uL of ethanol_volume into Well A4 form septavialrev1_44_holder_2000ul on slot 2
2024-12-09 17:03:01,775:INFO:stober_synthesis_utils:Dispensed 1186.8554458022118 uL of ethanol_volume into Well A5 form septavialrev1_44_holder_2000ul on slot 2
2024-12-09 17:03:01,775:INFO:stober_synthesis_utils:Refilling 10cc_1 with 9945.542919892818 uL from Well A4 form 20mLscintillation 12 Well Plate 18000 µL on slot 4
2024-12-09 17:03:50,257:INFO:stober_synthesis_utils:Dispensed 1594.5347228087485 uL of ethanol_volume into Well A6 form septavialrev1_44_holder_2000ul on slot 2
2024-12-09 17:04:09,451:INFO:stober_synthesis_utils:Dispensed 1191.7849339544773 uL of ethanol_volume into Well A7 form septavialrev1_44_holder_2000ul on slot 2
2024-12-09 17:04:29,385:INFO:stober_synthesis_utils:Dispensed 1571.774083469063 uL of ethanol_volume into Well A8 form septavialrev1_44_holder_2000ul on slot 2
2024-12-09 17:04:49,888:INFO:stober_synthesis_utils:Dispensed 1413.8242650777102 uL of ethanol_volume into Well B1 form septavialrev1_44_holder_2000ul on slot 2
2024-12-09 17:05:09,808:INFO:stober_synthesis_utils:Dispensed 1500.4951791837811 uL of ethanol_volume into Well B3 form septavialrev1_44_holder_2000ul on slot 2
2024-12-09 17:05:29,297:INFO:stober_synthesis_utils:Dispensed 1400.515327230096 uL of ethanol_volume into Well B4 form septavialrev1_44_holder_2000ul on slot 2
2024-12-09 17:05:29,299:INFO:stober_synthesis_utils:Refilling 10cc_1 with 8672.928511723876 uL from Well B1 form 20mLscintillation 12 Well Plate 18000 µL on slot 4
2024-12-09 17:06:15,077:INFO:stober_synthesis_utils:Dispensed 1390.9479504451156 uL of ethanol_volume into Well B5 form septavialrev1_44_holder_2000ul on slot 2
2024-12-09 17:06:34,374:INFO:stober_synthesis_utils:Dispensed 1258.262214809656 uL of ethanol_volume into Well B6 form septavialrev1_44_holder_2000ul on slot 2
2024-12-09 17:06:54,194:INFO:stober_synthesis_utils:Dispensed 1419.4999904371798 uL of ethanol_volume into Well B8 form septavialrev1_44_holder_2000ul on slot 2
2024-12-09 17:07:14,500:INFO:stober_synthesis_utils:Dispensed 1298.0641797184944 uL of ethanol_volume into Well C1 form septavialrev1_44_holder_2000ul on slot 2
2024-12-09 17:07:33,848:INFO:stober_synthesis_utils:Dispensed 1280.9960339218378 uL of ethanol_volume into Well C2 form septavialrev1_44_holder_2000ul on slot 2
2024-12-09 17:07:53,083:INFO:stober_synthesis_utils:Dispensed 1240.999991260469 uL of ethanol_volume into Well C3 form septavialrev1_44_holder_2000ul on slot 2
2024-12-09 17:08:12,430:INFO:stober_synthesis_utils:Dispensed 1298.3301527798176 uL of ethanol_volume into Well C4 form septavialrev1_44_holder_2000ul on slot 2
2024-12-09 17:08:12,432:INFO:stober_synthesis_utils:Refilling 10cc_1 with 9187.10051337257 uL from Well B2 form 20mLscintillation 12 Well Plate 18000 µL on slot 4
2024-12-09 17:08:59,086:INFO:stober_synthesis_utils:Dispensed 1540.579999331385 uL of ethanol_volume into Well C5 form septavialrev1_44_holder_2000ul on slot 2
2024-12-09 17:09:18,569:INFO:stober_synthesis_utils:Dispensed 1360.9392158687117 uL of ethanol_volume into Well C6 form septavialrev1_44_holder_2000ul on slot 2
2024-12-09 17:09:51,654:INFO:stober_synthesis_utils:Dispensed 1388.9676993712785 uL of ethanol_volume into Well A1 form septavialrev1_44_holder_2000ul on slot 3
2024-12-09 17:10:11,079:INFO:stober_synthesis_utils:Dispensed 1347.9665726423264 uL of ethanol_volume into Well A2 form septavialrev1_44_holder_2000ul on slot 3
2024-12-09 17:10:30,751:INFO:stober_synthesis_utils:Dispensed 1423.653726466 uL of ethanol_volume into Well A3 form septavialrev1_44_holder_2000ul on slot 3
2024-12-09 17:10:50,148:INFO:stober_synthesis_utils:Dispensed 1305.5437743663788 uL of ethanol_volume into Well A4 form septavialrev1_44_holder_2000ul on slot 3
2024-12-09 17:11:09,714:INFO:stober_synthesis_utils:Dispensed 1438.197142072022 uL of ethanol_volume into Well A5 form septavialrev1_44_holder_2000ul on slot 3
2024-12-09 17:11:09,715:INFO:stober_synthesis_utils:Refilling 10cc_1 with 9805.848130118102 uL from Well A1 form 20mLscintillation 12 Well Plate 18000 µL on slot 5
2024-12-09 17:11:58,318:INFO:stober_synthesis_utils:Dispensed 1569.7693047113717 uL of ethanol_volume into Well A6 form septavialrev1_44_holder_2000ul on slot 3
2024-12-09 17:12:18,120:INFO:stober_synthesis_utils:Dispensed 1480.3726876154542 uL of ethanol_volume into Well A7 form septavialrev1_44_holder_2000ul on slot 3
2024-12-09 17:12:37,575:INFO:stober_synthesis_utils:Dispensed 1376.905845105648 uL of ethanol_volume into Well A8 form septavialrev1_44_holder_2000ul on slot 3
2024-12-09 17:12:58,388:INFO:stober_synthesis_utils:Dispensed 1476.2839328497648 uL of ethanol_volume into Well B1 form septavialrev1_44_holder_2000ul on slot 3
2024-12-09 17:13:17,631:INFO:stober_synthesis_utils:Dispensed 1181.4999799244106 uL of ethanol_volume into Well B3 form septavialrev1_44_holder_2000ul on slot 3
2024-12-09 17:13:37,164:INFO:stober_synthesis_utils:Dispensed 1361.7859434336424 uL of ethanol_volume into Well B4 form septavialrev1_44_holder_2000ul on slot 3
2024-12-09 17:13:56,872:INFO:stober_synthesis_utils:Dispensed 1484.8920131102204 uL of ethanol_volume into Well B5 form septavialrev1_44_holder_2000ul on slot 3
2024-12-09 17:13:56,872:INFO:stober_synthesis_utils:Refilling 10cc_1 with 9931.509706750512 uL from Well A2 form 20mLscintillation 12 Well Plate 18000 µL on slot 5
2024-12-09 17:14:44,936:INFO:stober_synthesis_utils:Dispensed 1260.5419658124447 uL of ethanol_volume into Well B6 form septavialrev1_44_holder_2000ul on slot 3
2024-12-09 17:15:04,672:INFO:stober_synthesis_utils:Dispensed 1466.3190894760191 uL of ethanol_volume into Well B8 form septavialrev1_44_holder_2000ul on slot 3
2024-12-09 17:15:25,439:INFO:stober_synthesis_utils:Dispensed 1540.098729822785 uL of ethanol_volume into Well C1 form septavialrev1_44_holder_2000ul on slot 3
2024-12-09 17:15:45,083:INFO:stober_synthesis_utils:Dispensed 1419.4999904371798 uL of ethanol_volume into Well C2 form septavialrev1_44_holder_2000ul on slot 3
2024-12-09 17:16:04,574:INFO:stober_synthesis_utils:Dispensed 1393.6807226389649 uL of ethanol_volume into Well C3 form septavialrev1_44_holder_2000ul on slot 3
2024-12-09 17:16:24,348:INFO:stober_synthesis_utils:Dispensed 1514.5906225778162 uL of ethanol_volume into Well C4 form septavialrev1_44_holder_2000ul on slot 3
2024-12-09 17:16:43,808:INFO:stober_synthesis_utils:Dispensed 1334.1517267748711 uL of ethanol_volume into Well C5 form septavialrev1_44_holder_2000ul on slot 3
2024-12-09 17:16:43,808:INFO:stober_synthesis_utils:Refilling 10cc_1 with 9928.88284754008 uL from Well A3 form 20mLscintillation 12 Well Plate 18000 µL on slot 5
2024-12-09 17:17:32,478:INFO:stober_synthesis_utils:Dispensed 1423.7391965463758 uL of ethanol_volume into Well C6 form septavialrev1_44_holder_2000ul on slot 3
2024-12-09 17:18:12,456:INFO:__main__:Emptied ethanol syringe into trash
2024-12-09 17:18:46,464:INFO:stober_synthesis_utils:Dispensed 186.7773689329624 uL of water_volume into Well A1 form septavialrev1_44_holder_2000ul on slot 2
2024-12-09 17:19:03,478:INFO:stober_synthesis_utils:Dispensed 162.1981218457222 uL of water_volume into Well A2 form septavialrev1_44_holder_2000ul on slot 2
2024-12-09 17:19:18,102:INFO:stober_synthesis_utils:Dispensed 54.18647304177284 uL of water_volume into Well A3 form septavialrev1_44_holder_2000ul on slot 2
2024-12-09 17:19:33,084:INFO:stober_synthesis_utils:Dispensed 71.89219295978546 uL of water_volume into Well A4 form septavialrev1_44_holder_2000ul on slot 2
2024-12-09 17:19:51,347:INFO:stober_synthesis_utils:Dispensed 222.60239124298096 uL of water_volume into Well A5 form septavialrev1_44_holder_2000ul on slot 2
2024-12-09 17:20:05,168:INFO:stober_synthesis_utils:Dispensed 8.499999810010195 uL of water_volume into Well A6 form septavialrev1_44_holder_2000ul on slot 2
2024-12-09 17:20:05,168:INFO:stober_synthesis_utils:Refilling 1cc_1 with 955.1565478332341 uL from Well A3 form 20mLscintillation 12 Well Plate 18000 µL on slot 4
2024-12-09 17:20:50,240:INFO:stober_synthesis_utils:Dispensed 157.06507861614227 uL of water_volume into Well A7 form septavialrev1_44_holder_2000ul on slot 2
2024-12-09 17:21:03,910:INFO:stober_synthesis_utils:Dispensed 8.499999810010195 uL of water_volume into Well A8 form septavialrev1_44_holder_2000ul on slot 2
2024-12-09 17:21:18,695:INFO:stober_synthesis_utils:Dispensed 11.105581745505331 uL of water_volume into Well B1 form septavialrev1_44_holder_2000ul on slot 2
2024-12-09 17:21:34,810:INFO:stober_synthesis_utils:Dispensed 114.58021700382233 uL of water_volume into Well B3 form septavialrev1_44_holder_2000ul on slot 2
2024-12-09 17:21:51,025:INFO:stober_synthesis_utils:Dispensed 124.74467158317566 uL of water_volume into Well B4 form septavialrev1_44_holder_2000ul on slot 2
2024-12-09 17:22:09,817:INFO:stober_synthesis_utils:Dispensed 255.0000101327896 uL of water_volume into Well B5 form septavialrev1_44_holder_2000ul on slot 2
2024-12-09 17:22:26,987:INFO:stober_synthesis_utils:Dispensed 168.294920027256 uL of water_volume into Well B6 form septavialrev1_44_holder_2000ul on slot 2
2024-12-09 17:22:26,988:INFO:stober_synthesis_utils:Refilling 1cc_1 with 839.2904789187014 uL from Well A3 form 20mLscintillation 12 Well Plate 18000 µL on slot 4
2024-12-09 17:23:11,803:INFO:stober_synthesis_utils:Dispensed 255.0000101327896 uL of water_volume into Well B8 form septavialrev1_44_holder_2000ul on slot 2
2024-12-09 17:23:27,645:INFO:stober_synthesis_utils:Dispensed 50.72442814707756 uL of water_volume into Well C1 form septavialrev1_44_holder_2000ul on slot 2
2024-12-09 17:23:45,929:INFO:stober_synthesis_utils:Dispensed 228.6047264933586 uL of water_volume into Well C2 form septavialrev1_44_holder_2000ul on slot 2
2024-12-09 17:24:04,658:INFO:stober_synthesis_utils:Dispensed 255.0000101327896 uL of water_volume into Well C3 form septavialrev1_44_holder_2000ul on slot 2
2024-12-09 17:24:21,276:INFO:stober_synthesis_utils:Dispensed 135.031770914793 uL of water_volume into Well C4 form septavialrev1_44_holder_2000ul on slot 2
2024-12-09 17:24:34,939:INFO:stober_synthesis_utils:Dispensed 8.499999810010195 uL of water_volume into Well C5 form septavialrev1_44_holder_2000ul on slot 2
2024-12-09 17:24:34,940:INFO:stober_synthesis_utils:Refilling 1cc_1 with 932.8609456308186 uL from Well A3 form 20mLscintillation 12 Well Plate 18000 µL on slot 4
2024-12-09 17:25:19,657:INFO:stober_synthesis_utils:Dispensed 146.5738795697689 uL of water_volume into Well C6 form septavialrev1_44_holder_2000ul on slot 2
2024-12-09 17:25:53,958:INFO:stober_synthesis_utils:Dispensed 255.0000101327896 uL of water_volume into Well A1 form septavialrev1_44_holder_2000ul on slot 3
2024-12-09 17:26:10,118:INFO:stober_synthesis_utils:Dispensed 123.50994050502776 uL of water_volume into Well A2 form septavialrev1_44_holder_2000ul on slot 3
2024-12-09 17:26:28,243:INFO:stober_synthesis_utils:Dispensed 220.97767442464828 uL of water_volume into Well A3 form septavialrev1_44_holder_2000ul on slot 3
2024-12-09 17:26:44,568:INFO:stober_synthesis_utils:Dispensed 132.6810523867607 uL of water_volume into Well A4 form septavialrev1_44_holder_2000ul on slot 3
2024-12-09 17:26:44,569:INFO:stober_synthesis_utils:Refilling 1cc_1 with 878.7425570189953 uL from Well A3 form 20mLscintillation 12 Well Plate 18000 µL on slot 4
2024-12-09 17:27:29,558:INFO:stober_synthesis_utils:Dispensed 176.7088085412979 uL of water_volume into Well A5 form septavialrev1_44_holder_2000ul on slot 3
2024-12-09 17:27:43,488:INFO:stober_synthesis_utils:Dispensed 8.499999810010195 uL of water_volume into Well A6 form septavialrev1_44_holder_2000ul on slot 3
2024-12-09 17:27:59,142:INFO:stober_synthesis_utils:Dispensed 93.94757114350796 uL of water_volume into Well A7 form septavialrev1_44_holder_2000ul on slot 3
2024-12-09 17:28:13,798:INFO:stober_synthesis_utils:Dispensed 45.01555114984512 uL of water_volume into Well A8 form septavialrev1_44_holder_2000ul on slot 3
2024-12-09 17:28:30,879:INFO:stober_synthesis_utils:Dispensed 119.60477605462074 uL of water_volume into Well B1 form septavialrev1_44_holder_2000ul on slot 3
2024-12-09 17:28:49,933:INFO:stober_synthesis_utils:Dispensed 255.0000101327896 uL of water_volume into Well B3 form septavialrev1_44_holder_2000ul on slot 3
2024-12-09 17:29:05,666:INFO:stober_synthesis_utils:Dispensed 99.04009588062765 uL of water_volume into Well B4 form septavialrev1_44_holder_2000ul on slot 3
2024-12-09 17:29:21,710:INFO:stober_synthesis_utils:Dispensed 113.01389038562776 uL of water_volume into Well B5 form septavialrev1_44_holder_2000ul on slot 3
2024-12-09 17:29:21,711:INFO:stober_synthesis_utils:Refilling 1cc_1 with 910.8307030983269 uL from Well A3 form 20mLscintillation 12 Well Plate 18000 µL on slot 4
2024-12-09 17:30:07,641:INFO:stober_synthesis_utils:Dispensed 147.6290449500084 uL of water_volume into Well B6 form septavialrev1_44_holder_2000ul on slot 3
2024-12-09 17:30:25,773:INFO:stober_synthesis_utils:Dispensed 208.18091109395027 uL of water_volume into Well B8 form septavialrev1_44_holder_2000ul on slot 3
2024-12-09 17:30:40,501:INFO:stober_synthesis_utils:Dispensed 8.499999810010195 uL of water_volume into Well C1 form septavialrev1_44_holder_2000ul on slot 3
2024-12-09 17:30:59,511:INFO:stober_synthesis_utils:Dispensed 255.0000101327896 uL of water_volume into Well C2 form septavialrev1_44_holder_2000ul on slot 3
2024-12-09 17:31:14,783:INFO:stober_synthesis_utils:Dispensed 75.59547424316406 uL of water_volume into Well C3 form septavialrev1_44_holder_2000ul on slot 3
2024-12-09 17:31:31,835:INFO:stober_synthesis_utils:Dispensed 159.90937799215317 uL of water_volume into Well C4 form septavialrev1_44_holder_2000ul on slot 3
2024-12-09 17:31:31,835:INFO:stober_synthesis_utils:Refilling 1cc_1 with 854.8148182220757 uL from Well A3 form 20mLscintillation 12 Well Plate 18000 µL on slot 4
2024-12-09 17:32:16,891:INFO:stober_synthesis_utils:Dispensed 171.07948660850525 uL of water_volume into Well C5 form septavialrev1_44_holder_2000ul on slot 3
2024-12-09 17:32:33,962:INFO:stober_synthesis_utils:Dispensed 164.46679010987282 uL of water_volume into Well C6 form septavialrev1_44_holder_2000ul on slot 3
2024-12-09 17:32:59,751:INFO:stober_synthesis_utils:Dispensed 8.499999810010195 uL of ammonia_volume into Well A1 form septavialrev1_44_holder_2000ul on slot 2
2024-12-09 17:33:10,180:INFO:stober_synthesis_utils:Dispensed 29.839564487338063 uL of ammonia_volume into Well A2 form septavialrev1_44_holder_2000ul on slot 2
2024-12-09 17:33:21,971:INFO:stober_synthesis_utils:Dispensed 101.36004872620106 uL of ammonia_volume into Well A3 form septavialrev1_44_holder_2000ul on slot 2
2024-12-09 17:33:33,289:INFO:stober_synthesis_utils:Dispensed 90.52030071616171 uL of ammonia_volume into Well A4 form septavialrev1_44_holder_2000ul on slot 2
2024-12-09 17:33:45,351:INFO:stober_synthesis_utils:Dispensed 111.70351803302763 uL of ammonia_volume into Well A5 form septavialrev1_44_holder_2000ul on slot 2
2024-12-09 17:33:45,351:INFO:stober_synthesis_utils:Refilling 1cc_2 with 970.9234317727387 uL from Well A2 form 20mLscintillation 12 Well Plate 18000 µL on slot 4
2024-12-09 17:34:25,437:INFO:stober_synthesis_utils:Dispensed 79.96527776122093 uL of ammonia_volume into Well A6 form septavialrev1_44_holder_2000ul on slot 2
2024-12-09 17:34:37,806:INFO:stober_synthesis_utils:Dispensed 126.46204009652138 uL of ammonia_volume into Well A7 form septavialrev1_44_holder_2000ul on slot 2
2024-12-09 17:34:49,559:INFO:stober_synthesis_utils:Dispensed 102.72591710090636 uL of ammonia_volume into Well A8 form septavialrev1_44_holder_2000ul on slot 2
2024-12-09 17:35:03,580:INFO:stober_synthesis_utils:Dispensed 159.5809742808342 uL of ammonia_volume into Well B1 form septavialrev1_44_holder_2000ul on slot 2
2024-12-09 17:35:14,852:INFO:stober_synthesis_utils:Dispensed 67.92460419237614 uL of ammonia_volume into Well B3 form septavialrev1_44_holder_2000ul on slot 2
2024-12-09 17:35:24,916:INFO:stober_synthesis_utils:Dispensed 18.36806870996952 uL of ammonia_volume into Well B4 form septavialrev1_44_holder_2000ul on slot 2
2024-12-09 17:35:35,344:INFO:stober_synthesis_utils:Dispensed 37.05203980207443 uL of ammonia_volume into Well B5 form septavialrev1_44_holder_2000ul on slot 2
2024-12-09 17:35:48,788:INFO:stober_synthesis_utils:Dispensed 178.8690559566021 uL of ammonia_volume into Well B6 form septavialrev1_44_holder_2000ul on slot 2
2024-12-09 17:35:58,710:INFO:stober_synthesis_utils:Dispensed 8.499999810010195 uL of ammonia_volume into Well B8 form septavialrev1_44_holder_2000ul on slot 2
2024-12-09 17:36:12,554:INFO:stober_synthesis_utils:Dispensed 153.32756116986275 uL of ammonia_volume into Well C1 form septavialrev1_44_holder_2000ul on slot 2
2024-12-09 17:36:12,554:INFO:stober_synthesis_utils:Refilling 1cc_2 with 932.775538880378 uL from Well A2 form 20mLscintillation 12 Well Plate 18000 µL on slot 4
2024-12-09 17:36:52,193:INFO:stober_synthesis_utils:Dispensed 70.70457302033901 uL of ammonia_volume into Well C2 form septavialrev1_44_holder_2000ul on slot 2
2024-12-09 17:37:05,800:INFO:stober_synthesis_utils:Dispensed 186.99999898672104 uL of ammonia_volume into Well C3 form septavialrev1_44_holder_2000ul on slot 2
2024-12-09 17:37:17,254:INFO:stober_synthesis_utils:Dispensed 82.0204608142376 uL of ammonia_volume into Well C4 form septavialrev1_44_holder_2000ul on slot 2
2024-12-09 17:37:29,709:INFO:stober_synthesis_utils:Dispensed 133.92000123858452 uL of ammonia_volume into Well C5 form septavialrev1_44_holder_2000ul on slot 2
2024-12-09 17:37:41,356:INFO:stober_synthesis_utils:Dispensed 95.47567814588548 uL of ammonia_volume into Well C6 form septavialrev1_44_holder_2000ul on slot 2
2024-12-09 17:38:06,197:INFO:stober_synthesis_utils:Dispensed 39.03229087591171 uL of ammonia_volume into Well A1 form septavialrev1_44_holder_2000ul on slot 3
2024-12-09 17:38:18,056:INFO:stober_synthesis_utils:Dispensed 103.30011695623398 uL of ammonia_volume into Well A2 form septavialrev1_44_holder_2000ul on slot 3
2024-12-09 17:38:28,452:INFO:stober_synthesis_utils:Dispensed 38.368599489331245 uL of ammonia_volume into Well A3 form septavialrev1_44_holder_2000ul on slot 3
2024-12-09 17:38:41,436:INFO:stober_synthesis_utils:Dispensed 156.89323917031288 uL of ammonia_volume into Well A4 form septavialrev1_44_holder_2000ul on slot 3
2024-12-09 17:38:52,659:INFO:stober_synthesis_utils:Dispensed 68.09404976665974 uL of ammonia_volume into Well A5 form septavialrev1_44_holder_2000ul on slot 3
2024-12-09 17:38:52,659:INFO:stober_synthesis_utils:Refilling 1cc_2 with 974.8090084642172 uL from Well A2 form 20mLscintillation 12 Well Plate 18000 µL on slot 4
2024-12-09 17:39:35,397:INFO:stober_synthesis_utils:Dispensed 104.73069585859776 uL of ammonia_volume into Well A6 form septavialrev1_44_holder_2000ul on slot 3
2024-12-09 17:39:47,288:INFO:stober_synthesis_utils:Dispensed 108.67974162101746 uL of ammonia_volume into Well A7 form septavialrev1_44_holder_2000ul on slot 3
2024-12-09 17:40:00,047:INFO:stober_synthesis_utils:Dispensed 153.35319712758064 uL of ammonia_volume into Well A8 form septavialrev1_44_holder_2000ul on slot 3
2024-12-09 17:40:10,930:INFO:stober_synthesis_utils:Dispensed 13.57281468808651 uL of ammonia_volume into Well B1 form septavialrev1_44_holder_2000ul on slot 3
2024-12-09 17:40:20,861:INFO:stober_synthesis_utils:Dispensed 8.499999810010195 uL of ammonia_volume into Well B3 form septavialrev1_44_holder_2000ul on slot 3
2024-12-09 17:40:33,772:INFO:stober_synthesis_utils:Dispensed 157.0289172232151 uL of ammonia_volume into Well B4 form septavialrev1_44_holder_2000ul on slot 3
2024-12-09 17:40:45,073:INFO:stober_synthesis_utils:Dispensed 85.09409688413143 uL of ammonia_volume into Well B5 form septavialrev1_44_holder_2000ul on slot 3
2024-12-09 17:40:57,814:INFO:stober_synthesis_utils:Dispensed 145.4702541232109 uL of ammonia_volume into Well B6 form septavialrev1_44_holder_2000ul on slot 3
2024-12-09 17:41:07,800:INFO:stober_synthesis_utils:Dispensed 8.499999810010195 uL of ammonia_volume into Well B8 form septavialrev1_44_holder_2000ul on slot 3
2024-12-09 17:41:21,205:INFO:stober_synthesis_utils:Dispensed 134.40127074718475 uL of ammonia_volume into Well C1 form septavialrev1_44_holder_2000ul on slot 3
2024-12-09 17:41:30,962:INFO:stober_synthesis_utils:Dispensed 8.499999810010195 uL of ammonia_volume into Well C2 form septavialrev1_44_holder_2000ul on slot 3
2024-12-09 17:41:30,962:INFO:stober_synthesis_utils:Refilling 1cc_2 with 927.8309877030551 uL from Well A2 form 20mLscintillation 12 Well Plate 18000 µL on slot 4
2024-12-09 17:42:11,476:INFO:stober_synthesis_utils:Dispensed 74.28503222763538 uL of ammonia_volume into Well C3 form septavialrev1_44_holder_2000ul on slot 3
2024-12-09 17:42:21,359:INFO:stober_synthesis_utils:Dispensed 8.499999810010195 uL of ammonia_volume into Well C4 form septavialrev1_44_holder_2000ul on slot 3
2024-12-09 17:42:34,068:INFO:stober_synthesis_utils:Dispensed 148.85815232992172 uL of ammonia_volume into Well C5 form septavialrev1_44_holder_2000ul on slot 3
2024-12-09 17:42:45,784:INFO:stober_synthesis_utils:Dispensed 94.79401372373104 uL of ammonia_volume into Well C6 form septavialrev1_44_holder_2000ul on slot 3
2024-12-09 17:43:41,606:INFO:stober_synthesis_utils:Mixed well Well A1 form septavialrev1_44_holder_2000ul on slot 2 5 times, 2000 uL per cycle
2024-12-09 17:46:46,699:INFO:stober_synthesis_utils:Washed mix syringe in wash solutions [Well C2 form 20mLscintillation 12 Well Plate 18000 µL on slot 4, Well C3 form 20mLscintillation 12 Well Plate 18000 µL on slot 4, Well C4 form 20mLscintillation 12 Well Plate 18000 µL on slot 4]
2024-12-09 17:47:29,083:INFO:stober_synthesis_utils:Mixed well Well A2 form septavialrev1_44_holder_2000ul on slot 2 5 times, 2000 uL per cycle
2024-12-09 17:50:33,986:INFO:stober_synthesis_utils:Washed mix syringe in wash solutions [Well C2 form 20mLscintillation 12 Well Plate 18000 µL on slot 4, Well C3 form 20mLscintillation 12 Well Plate 18000 µL on slot 4, Well C4 form 20mLscintillation 12 Well Plate 18000 µL on slot 4]
2024-12-09 17:51:16,108:INFO:stober_synthesis_utils:Mixed well Well A3 form septavialrev1_44_holder_2000ul on slot 2 5 times, 2000 uL per cycle
2024-12-09 17:54:20,991:INFO:stober_synthesis_utils:Washed mix syringe in wash solutions [Well C2 form 20mLscintillation 12 Well Plate 18000 µL on slot 4, Well C3 form 20mLscintillation 12 Well Plate 18000 µL on slot 4, Well C4 form 20mLscintillation 12 Well Plate 18000 µL on slot 4]
2024-12-09 17:55:02,984:INFO:stober_synthesis_utils:Mixed well Well A4 form septavialrev1_44_holder_2000ul on slot 2 5 times, 2000 uL per cycle
2024-12-09 17:58:07,839:INFO:stober_synthesis_utils:Washed mix syringe in wash solutions [Well C2 form 20mLscintillation 12 Well Plate 18000 µL on slot 4, Well C3 form 20mLscintillation 12 Well Plate 18000 µL on slot 4, Well C4 form 20mLscintillation 12 Well Plate 18000 µL on slot 4]
2024-12-09 17:58:49,740:INFO:stober_synthesis_utils:Mixed well Well A5 form septavialrev1_44_holder_2000ul on slot 2 5 times, 2000 uL per cycle
2024-12-09 18:01:54,574:INFO:stober_synthesis_utils:Washed mix syringe in wash solutions [Well C2 form 20mLscintillation 12 Well Plate 18000 µL on slot 4, Well C3 form 20mLscintillation 12 Well Plate 18000 µL on slot 4, Well C4 form 20mLscintillation 12 Well Plate 18000 µL on slot 4]
2024-12-09 18:02:36,335:INFO:stober_synthesis_utils:Mixed well Well A6 form septavialrev1_44_holder_2000ul on slot 2 5 times, 2000 uL per cycle
2024-12-09 18:05:41,233:INFO:stober_synthesis_utils:Washed mix syringe in wash solutions [Well C2 form 20mLscintillation 12 Well Plate 18000 µL on slot 4, Well C3 form 20mLscintillation 12 Well Plate 18000 µL on slot 4, Well C4 form 20mLscintillation 12 Well Plate 18000 µL on slot 4]
2024-12-09 18:06:22,782:INFO:stober_synthesis_utils:Mixed well Well A7 form septavialrev1_44_holder_2000ul on slot 2 5 times, 2000 uL per cycle
2024-12-09 18:09:27,884:INFO:stober_synthesis_utils:Washed mix syringe in wash solutions [Well C2 form 20mLscintillation 12 Well Plate 18000 µL on slot 4, Well C3 form 20mLscintillation 12 Well Plate 18000 µL on slot 4, Well C4 form 20mLscintillation 12 Well Plate 18000 µL on slot 4]
2024-12-09 18:10:09,676:INFO:stober_synthesis_utils:Mixed well Well A8 form septavialrev1_44_holder_2000ul on slot 2 5 times, 2000 uL per cycle
2024-12-09 18:13:14,997:INFO:stober_synthesis_utils:Washed mix syringe in wash solutions [Well C2 form 20mLscintillation 12 Well Plate 18000 µL on slot 4, Well C3 form 20mLscintillation 12 Well Plate 18000 µL on slot 4, Well C4 form 20mLscintillation 12 Well Plate 18000 µL on slot 4]
2024-12-09 18:13:57,522:INFO:stober_synthesis_utils:Mixed well Well B1 form septavialrev1_44_holder_2000ul on slot 2 5 times, 2000 uL per cycle
2024-12-09 18:17:02,754:INFO:stober_synthesis_utils:Washed mix syringe in wash solutions [Well C2 form 20mLscintillation 12 Well Plate 18000 µL on slot 4, Well C3 form 20mLscintillation 12 Well Plate 18000 µL on slot 4, Well C4 form 20mLscintillation 12 Well Plate 18000 µL on slot 4]
2024-12-09 18:17:45,123:INFO:stober_synthesis_utils:Mixed well Well B3 form septavialrev1_44_holder_2000ul on slot 2 5 times, 2000 uL per cycle
2024-12-09 18:20:50,163:INFO:stober_synthesis_utils:Washed mix syringe in wash solutions [Well C2 form 20mLscintillation 12 Well Plate 18000 µL on slot 4, Well C3 form 20mLscintillation 12 Well Plate 18000 µL on slot 4, Well C4 form 20mLscintillation 12 Well Plate 18000 µL on slot 4]
2024-12-09 18:21:32,236:INFO:stober_synthesis_utils:Mixed well Well B4 form septavialrev1_44_holder_2000ul on slot 2 5 times, 2000 uL per cycle
2024-12-09 18:24:37,062:INFO:stober_synthesis_utils:Washed mix syringe in wash solutions [Well C2 form 20mLscintillation 12 Well Plate 18000 µL on slot 4, Well C3 form 20mLscintillation 12 Well Plate 18000 µL on slot 4, Well C4 form 20mLscintillation 12 Well Plate 18000 µL on slot 4]
2024-12-09 18:25:19,068:INFO:stober_synthesis_utils:Mixed well Well B5 form septavialrev1_44_holder_2000ul on slot 2 5 times, 2000 uL per cycle
2024-12-09 18:28:23,948:INFO:stober_synthesis_utils:Washed mix syringe in wash solutions [Well C2 form 20mLscintillation 12 Well Plate 18000 µL on slot 4, Well C3 form 20mLscintillation 12 Well Plate 18000 µL on slot 4, Well C4 form 20mLscintillation 12 Well Plate 18000 µL on slot 4]
2024-12-09 18:29:05,885:INFO:stober_synthesis_utils:Mixed well Well B6 form septavialrev1_44_holder_2000ul on slot 2 5 times, 2000 uL per cycle
2024-12-09 18:32:10,962:INFO:stober_synthesis_utils:Washed mix syringe in wash solutions [Well C2 form 20mLscintillation 12 Well Plate 18000 µL on slot 4, Well C3 form 20mLscintillation 12 Well Plate 18000 µL on slot 4, Well C4 form 20mLscintillation 12 Well Plate 18000 µL on slot 4]
2024-12-09 18:32:52,920:INFO:stober_synthesis_utils:Mixed well Well B8 form septavialrev1_44_holder_2000ul on slot 2 5 times, 2000 uL per cycle
2024-12-09 18:35:58,193:INFO:stober_synthesis_utils:Washed mix syringe in wash solutions [Well C2 form 20mLscintillation 12 Well Plate 18000 µL on slot 4, Well C3 form 20mLscintillation 12 Well Plate 18000 µL on slot 4, Well C4 form 20mLscintillation 12 Well Plate 18000 µL on slot 4]
2024-12-09 18:36:40,863:INFO:stober_synthesis_utils:Mixed well Well C1 form septavialrev1_44_holder_2000ul on slot 2 5 times, 2000 uL per cycle
2024-12-09 18:39:46,001:INFO:stober_synthesis_utils:Washed mix syringe in wash solutions [Well C2 form 20mLscintillation 12 Well Plate 18000 µL on slot 4, Well C3 form 20mLscintillation 12 Well Plate 18000 µL on slot 4, Well C4 form 20mLscintillation 12 Well Plate 18000 µL on slot 4]
2024-12-09 18:40:28,508:INFO:stober_synthesis_utils:Mixed well Well C2 form septavialrev1_44_holder_2000ul on slot 2 5 times, 2000 uL per cycle
2024-12-09 18:43:33,705:INFO:stober_synthesis_utils:Washed mix syringe in wash solutions [Well C2 form 20mLscintillation 12 Well Plate 18000 µL on slot 4, Well C3 form 20mLscintillation 12 Well Plate 18000 µL on slot 4, Well C4 form 20mLscintillation 12 Well Plate 18000 µL on slot 4]
2024-12-09 18:44:16,009:INFO:stober_synthesis_utils:Mixed well Well C3 form septavialrev1_44_holder_2000ul on slot 2 5 times, 2000 uL per cycle
2024-12-09 18:47:20,925:INFO:stober_synthesis_utils:Washed mix syringe in wash solutions [Well C2 form 20mLscintillation 12 Well Plate 18000 µL on slot 4, Well C3 form 20mLscintillation 12 Well Plate 18000 µL on slot 4, Well C4 form 20mLscintillation 12 Well Plate 18000 µL on slot 4]
2024-12-09 18:48:03,252:INFO:stober_synthesis_utils:Mixed well Well C4 form septavialrev1_44_holder_2000ul on slot 2 5 times, 2000 uL per cycle
2024-12-09 18:51:07,842:INFO:stober_synthesis_utils:Washed mix syringe in wash solutions [Well C2 form 20mLscintillation 12 Well Plate 18000 µL on slot 4, Well C3 form 20mLscintillation 12 Well Plate 18000 µL on slot 4, Well C4 form 20mLscintillation 12 Well Plate 18000 µL on slot 4]
2024-12-09 18:51:50,001:INFO:stober_synthesis_utils:Mixed well Well C5 form septavialrev1_44_holder_2000ul on slot 2 5 times, 2000 uL per cycle
2024-12-09 18:54:54,756:INFO:stober_synthesis_utils:Washed mix syringe in wash solutions [Well C2 form 20mLscintillation 12 Well Plate 18000 µL on slot 4, Well C3 form 20mLscintillation 12 Well Plate 18000 µL on slot 4, Well C4 form 20mLscintillation 12 Well Plate 18000 µL on slot 4]
2024-12-09 18:55:36,746:INFO:stober_synthesis_utils:Mixed well Well C6 form septavialrev1_44_holder_2000ul on slot 2 5 times, 2000 uL per cycle
2024-12-09 18:58:41,906:INFO:stober_synthesis_utils:Washed mix syringe in wash solutions [Well C2 form 20mLscintillation 12 Well Plate 18000 µL on slot 4, Well C3 form 20mLscintillation 12 Well Plate 18000 µL on slot 4, Well C4 form 20mLscintillation 12 Well Plate 18000 µL on slot 4]
2024-12-09 18:59:37,039:INFO:stober_synthesis_utils:Mixed well Well A1 form septavialrev1_44_holder_2000ul on slot 3 5 times, 2000 uL per cycle
2024-12-09 19:02:42,692:INFO:stober_synthesis_utils:Washed mix syringe in wash solutions [Well B3 form 20mLscintillation 12 Well Plate 18000 µL on slot 5, Well B4 form 20mLscintillation 12 Well Plate 18000 µL on slot 5, Well C1 form 20mLscintillation 12 Well Plate 18000 µL on slot 5]
2024-12-09 19:03:24,357:INFO:stober_synthesis_utils:Mixed well Well A2 form septavialrev1_44_holder_2000ul on slot 3 5 times, 2000 uL per cycle
2024-12-09 19:06:30,394:INFO:stober_synthesis_utils:Washed mix syringe in wash solutions [Well B3 form 20mLscintillation 12 Well Plate 18000 µL on slot 5, Well B4 form 20mLscintillation 12 Well Plate 18000 µL on slot 5, Well C1 form 20mLscintillation 12 Well Plate 18000 µL on slot 5]
2024-12-09 19:07:12,036:INFO:stober_synthesis_utils:Mixed well Well A3 form septavialrev1_44_holder_2000ul on slot 3 5 times, 2000 uL per cycle
2024-12-09 19:10:17,889:INFO:stober_synthesis_utils:Washed mix syringe in wash solutions [Well B3 form 20mLscintillation 12 Well Plate 18000 µL on slot 5, Well B4 form 20mLscintillation 12 Well Plate 18000 µL on slot 5, Well C1 form 20mLscintillation 12 Well Plate 18000 µL on slot 5]
2024-12-09 19:11:05,908:INFO:stober_synthesis_utils:Mixed well Well A4 form septavialrev1_44_holder_2000ul on slot 3 5 times, 2000 uL per cycle
2024-12-09 19:14:11,550:INFO:stober_synthesis_utils:Washed mix syringe in wash solutions [Well B3 form 20mLscintillation 12 Well Plate 18000 µL on slot 5, Well B4 form 20mLscintillation 12 Well Plate 18000 µL on slot 5, Well C1 form 20mLscintillation 12 Well Plate 18000 µL on slot 5]
2024-12-09 19:14:53,510:INFO:stober_synthesis_utils:Mixed well Well A5 form septavialrev1_44_holder_2000ul on slot 3 5 times, 2000 uL per cycle
2024-12-09 19:17:59,008:INFO:stober_synthesis_utils:Washed mix syringe in wash solutions [Well B3 form 20mLscintillation 12 Well Plate 18000 µL on slot 5, Well B4 form 20mLscintillation 12 Well Plate 18000 µL on slot 5, Well C1 form 20mLscintillation 12 Well Plate 18000 µL on slot 5]
2024-12-09 19:18:41,094:INFO:stober_synthesis_utils:Mixed well Well A6 form septavialrev1_44_holder_2000ul on slot 3 5 times, 2000 uL per cycle
2024-12-09 19:21:46,822:INFO:stober_synthesis_utils:Washed mix syringe in wash solutions [Well B3 form 20mLscintillation 12 Well Plate 18000 µL on slot 5, Well B4 form 20mLscintillation 12 Well Plate 18000 µL on slot 5, Well C1 form 20mLscintillation 12 Well Plate 18000 µL on slot 5]
2024-12-09 19:22:29,187:INFO:stober_synthesis_utils:Mixed well Well A7 form septavialrev1_44_holder_2000ul on slot 3 5 times, 2000 uL per cycle
2024-12-09 19:25:34,954:INFO:stober_synthesis_utils:Washed mix syringe in wash solutions [Well B3 form 20mLscintillation 12 Well Plate 18000 µL on slot 5, Well B4 form 20mLscintillation 12 Well Plate 18000 µL on slot 5, Well C1 form 20mLscintillation 12 Well Plate 18000 µL on slot 5]
2024-12-09 19:26:17,457:INFO:stober_synthesis_utils:Mixed well Well A8 form septavialrev1_44_holder_2000ul on slot 3 5 times, 2000 uL per cycle
2024-12-09 19:29:23,339:INFO:stober_synthesis_utils:Washed mix syringe in wash solutions [Well B3 form 20mLscintillation 12 Well Plate 18000 µL on slot 5, Well B4 form 20mLscintillation 12 Well Plate 18000 µL on slot 5, Well C1 form 20mLscintillation 12 Well Plate 18000 µL on slot 5]
2024-12-09 19:30:05,301:INFO:stober_synthesis_utils:Mixed well Well B1 form septavialrev1_44_holder_2000ul on slot 3 5 times, 2000 uL per cycle
2024-12-09 19:33:11,826:INFO:stober_synthesis_utils:Washed mix syringe in wash solutions [Well B3 form 20mLscintillation 12 Well Plate 18000 µL on slot 5, Well B4 form 20mLscintillation 12 Well Plate 18000 µL on slot 5, Well C1 form 20mLscintillation 12 Well Plate 18000 µL on slot 5]
2024-12-09 19:33:54,205:INFO:stober_synthesis_utils:Mixed well Well B3 form septavialrev1_44_holder_2000ul on slot 3 5 times, 2000 uL per cycle
2024-12-09 19:37:01,460:INFO:stober_synthesis_utils:Washed mix syringe in wash solutions [Well B3 form 20mLscintillation 12 Well Plate 18000 µL on slot 5, Well B4 form 20mLscintillation 12 Well Plate 18000 µL on slot 5, Well C1 form 20mLscintillation 12 Well Plate 18000 µL on slot 5]
2024-12-09 19:37:43,460:INFO:stober_synthesis_utils:Mixed well Well B4 form septavialrev1_44_holder_2000ul on slot 3 5 times, 2000 uL per cycle
2024-12-09 19:40:49,418:INFO:stober_synthesis_utils:Washed mix syringe in wash solutions [Well B3 form 20mLscintillation 12 Well Plate 18000 µL on slot 5, Well B4 form 20mLscintillation 12 Well Plate 18000 µL on slot 5, Well C1 form 20mLscintillation 12 Well Plate 18000 µL on slot 5]
2024-12-09 19:41:31,532:INFO:stober_synthesis_utils:Mixed well Well B5 form septavialrev1_44_holder_2000ul on slot 3 5 times, 2000 uL per cycle
2024-12-09 19:44:37,299:INFO:stober_synthesis_utils:Washed mix syringe in wash solutions [Well B3 form 20mLscintillation 12 Well Plate 18000 µL on slot 5, Well B4 form 20mLscintillation 12 Well Plate 18000 µL on slot 5, Well C1 form 20mLscintillation 12 Well Plate 18000 µL on slot 5]
2024-12-09 19:45:19,607:INFO:stober_synthesis_utils:Mixed well Well B6 form septavialrev1_44_holder_2000ul on slot 3 5 times, 2000 uL per cycle
2024-12-09 19:48:25,305:INFO:stober_synthesis_utils:Washed mix syringe in wash solutions [Well B3 form 20mLscintillation 12 Well Plate 18000 µL on slot 5, Well B4 form 20mLscintillation 12 Well Plate 18000 µL on slot 5, Well C1 form 20mLscintillation 12 Well Plate 18000 µL on slot 5]
2024-12-09 19:49:07,804:INFO:stober_synthesis_utils:Mixed well Well B8 form septavialrev1_44_holder_2000ul on slot 3 5 times, 2000 uL per cycle
2024-12-09 19:52:13,593:INFO:stober_synthesis_utils:Washed mix syringe in wash solutions [Well B3 form 20mLscintillation 12 Well Plate 18000 µL on slot 5, Well B4 form 20mLscintillation 12 Well Plate 18000 µL on slot 5, Well C1 form 20mLscintillation 12 Well Plate 18000 µL on slot 5]
2024-12-09 19:52:55,586:INFO:stober_synthesis_utils:Mixed well Well C1 form septavialrev1_44_holder_2000ul on slot 3 5 times, 2000 uL per cycle
2024-12-09 19:56:01,855:INFO:stober_synthesis_utils:Washed mix syringe in wash solutions [Well B3 form 20mLscintillation 12 Well Plate 18000 µL on slot 5, Well B4 form 20mLscintillation 12 Well Plate 18000 µL on slot 5, Well C1 form 20mLscintillation 12 Well Plate 18000 µL on slot 5]
2024-12-09 19:56:43,847:INFO:stober_synthesis_utils:Mixed well Well C2 form septavialrev1_44_holder_2000ul on slot 3 5 times, 2000 uL per cycle
2024-12-09 19:59:50,026:INFO:stober_synthesis_utils:Washed mix syringe in wash solutions [Well B3 form 20mLscintillation 12 Well Plate 18000 µL on slot 5, Well B4 form 20mLscintillation 12 Well Plate 18000 µL on slot 5, Well C1 form 20mLscintillation 12 Well Plate 18000 µL on slot 5]
2024-12-09 20:00:32,054:INFO:stober_synthesis_utils:Mixed well Well C3 form septavialrev1_44_holder_2000ul on slot 3 5 times, 2000 uL per cycle
2024-12-09 20:03:38,098:INFO:stober_synthesis_utils:Washed mix syringe in wash solutions [Well B3 form 20mLscintillation 12 Well Plate 18000 µL on slot 5, Well B4 form 20mLscintillation 12 Well Plate 18000 µL on slot 5, Well C1 form 20mLscintillation 12 Well Plate 18000 µL on slot 5]
2024-12-09 20:04:20,300:INFO:stober_synthesis_utils:Mixed well Well C4 form septavialrev1_44_holder_2000ul on slot 3 5 times, 2000 uL per cycle
2024-12-09 20:07:26,223:INFO:stober_synthesis_utils:Washed mix syringe in wash solutions [Well B3 form 20mLscintillation 12 Well Plate 18000 µL on slot 5, Well B4 form 20mLscintillation 12 Well Plate 18000 µL on slot 5, Well C1 form 20mLscintillation 12 Well Plate 18000 µL on slot 5]
2024-12-09 20:08:08,554:INFO:stober_synthesis_utils:Mixed well Well C5 form septavialrev1_44_holder_2000ul on slot 3 5 times, 2000 uL per cycle
2024-12-09 20:11:14,428:INFO:stober_synthesis_utils:Washed mix syringe in wash solutions [Well B3 form 20mLscintillation 12 Well Plate 18000 µL on slot 5, Well B4 form 20mLscintillation 12 Well Plate 18000 µL on slot 5, Well C1 form 20mLscintillation 12 Well Plate 18000 µL on slot 5]
2024-12-09 20:11:56,738:INFO:stober_synthesis_utils:Mixed well Well C6 form septavialrev1_44_holder_2000ul on slot 3 5 times, 2000 uL per cycle
2024-12-09 20:15:02,902:INFO:stober_synthesis_utils:Washed mix syringe in wash solutions [Well B3 form 20mLscintillation 12 Well Plate 18000 µL on slot 5, Well B4 form 20mLscintillation 12 Well Plate 18000 µL on slot 5, Well C1 form 20mLscintillation 12 Well Plate 18000 µL on slot 5]
2024-12-09 21:44:09,443:INFO:stober_synthesis_utils:Dispensed 16.99999962002039 uL of teos_volume into Well A1 form septavialrev1_44_holder_2000ul on slot 2
2024-12-09 21:45:06,154:INFO:stober_synthesis_utils:Mixed well Well A1 form septavialrev1_44_holder_2000ul on slot 2 5 times, 2000 uL per cycle
2024-12-09 21:48:11,410:INFO:stober_synthesis_utils:Washed mix syringe in wash solutions [Well C2 form 20mLscintillation 12 Well Plate 18000 µL on slot 4, Well C3 form 20mLscintillation 12 Well Plate 18000 µL on slot 4, Well C4 form 20mLscintillation 12 Well Plate 18000 µL on slot 4]
2024-12-09 21:48:36,510:INFO:stober_synthesis_utils:Dispensed 16.99999962002039 uL of teos_volume into Well A2 form septavialrev1_44_holder_2000ul on slot 2
2024-12-09 21:49:33,314:INFO:stober_synthesis_utils:Mixed well Well A2 form septavialrev1_44_holder_2000ul on slot 2 5 times, 2000 uL per cycle
2024-12-09 21:52:38,218:INFO:stober_synthesis_utils:Washed mix syringe in wash solutions [Well C2 form 20mLscintillation 12 Well Plate 18000 µL on slot 4, Well C3 form 20mLscintillation 12 Well Plate 18000 µL on slot 4, Well C4 form 20mLscintillation 12 Well Plate 18000 µL on slot 4]
2024-12-09 21:53:04,657:INFO:stober_synthesis_utils:Dispensed 84.03845652937889 uL of teos_volume into Well A3 form septavialrev1_44_holder_2000ul on slot 2
2024-12-09 21:54:01,630:INFO:stober_synthesis_utils:Mixed well Well A3 form septavialrev1_44_holder_2000ul on slot 2 5 times, 2000 uL per cycle
2024-12-09 21:57:06,537:INFO:stober_synthesis_utils:Washed mix syringe in wash solutions [Well C2 form 20mLscintillation 12 Well Plate 18000 µL on slot 4, Well C3 form 20mLscintillation 12 Well Plate 18000 µL on slot 4, Well C4 form 20mLscintillation 12 Well Plate 18000 µL on slot 4]
2024-12-09 21:57:31,327:INFO:stober_synthesis_utils:Dispensed 16.99999962002039 uL of teos_volume into Well A4 form septavialrev1_44_holder_2000ul on slot 2
2024-12-09 21:58:28,454:INFO:stober_synthesis_utils:Mixed well Well A4 form septavialrev1_44_holder_2000ul on slot 2 5 times, 2000 uL per cycle
2024-12-09 22:01:33,021:INFO:stober_synthesis_utils:Washed mix syringe in wash solutions [Well C2 form 20mLscintillation 12 Well Plate 18000 µL on slot 4, Well C3 form 20mLscintillation 12 Well Plate 18000 µL on slot 4, Well C4 form 20mLscintillation 12 Well Plate 18000 µL on slot 4]
2024-12-09 22:02:01,244:INFO:stober_synthesis_utils:Dispensed 178.83864492177963 uL of teos_volume into Well A5 form septavialrev1_44_holder_2000ul on slot 2
2024-12-09 22:02:58,339:INFO:stober_synthesis_utils:Mixed well Well A5 form septavialrev1_44_holder_2000ul on slot 2 5 times, 2000 uL per cycle
2024-12-09 22:06:03,188:INFO:stober_synthesis_utils:Washed mix syringe in wash solutions [Well C2 form 20mLscintillation 12 Well Plate 18000 µL on slot 4, Well C3 form 20mLscintillation 12 Well Plate 18000 µL on slot 4, Well C4 form 20mLscintillation 12 Well Plate 18000 µL on slot 4]
2024-12-09 22:06:27,816:INFO:stober_synthesis_utils:Dispensed 16.99999962002039 uL of teos_volume into Well A6 form septavialrev1_44_holder_2000ul on slot 2
2024-12-09 22:07:24,805:INFO:stober_synthesis_utils:Mixed well Well A6 form septavialrev1_44_holder_2000ul on slot 2 5 times, 2000 uL per cycle
2024-12-09 22:10:29,516:INFO:stober_synthesis_utils:Washed mix syringe in wash solutions [Well C2 form 20mLscintillation 12 Well Plate 18000 µL on slot 4, Well C3 form 20mLscintillation 12 Well Plate 18000 µL on slot 4, Well C4 form 20mLscintillation 12 Well Plate 18000 µL on slot 4]
2024-12-09 22:10:58,247:INFO:stober_synthesis_utils:Dispensed 224.68794733285904 uL of teos_volume into Well A7 form septavialrev1_44_holder_2000ul on slot 2
2024-12-09 22:11:55,270:INFO:stober_synthesis_utils:Mixed well Well A7 form septavialrev1_44_holder_2000ul on slot 2 5 times, 2000 uL per cycle
2024-12-09 22:15:00,239:INFO:stober_synthesis_utils:Washed mix syringe in wash solutions [Well C2 form 20mLscintillation 12 Well Plate 18000 µL on slot 4, Well C3 form 20mLscintillation 12 Well Plate 18000 µL on slot 4, Well C4 form 20mLscintillation 12 Well Plate 18000 µL on slot 4]
2024-12-09 22:15:24,615:INFO:stober_synthesis_utils:Dispensed 16.99999962002039 uL of teos_volume into Well A8 form septavialrev1_44_holder_2000ul on slot 2
2024-12-09 22:16:21,689:INFO:stober_synthesis_utils:Mixed well Well A8 form septavialrev1_44_holder_2000ul on slot 2 5 times, 2000 uL per cycle
2024-12-09 22:19:26,726:INFO:stober_synthesis_utils:Washed mix syringe in wash solutions [Well C2 form 20mLscintillation 12 Well Plate 18000 µL on slot 4, Well C3 form 20mLscintillation 12 Well Plate 18000 µL on slot 4, Well C4 form 20mLscintillation 12 Well Plate 18000 µL on slot 4]
2024-12-09 22:19:54,109:INFO:stober_synthesis_utils:Dispensed 115.48917889595032 uL of teos_volume into Well B1 form septavialrev1_44_holder_2000ul on slot 2
2024-12-09 22:20:51,369:INFO:stober_synthesis_utils:Mixed well Well B1 form septavialrev1_44_holder_2000ul on slot 2 5 times, 2000 uL per cycle
2024-12-09 22:23:56,608:INFO:stober_synthesis_utils:Washed mix syringe in wash solutions [Well C2 form 20mLscintillation 12 Well Plate 18000 µL on slot 4, Well C3 form 20mLscintillation 12 Well Plate 18000 µL on slot 4, Well C4 form 20mLscintillation 12 Well Plate 18000 µL on slot 4]
2024-12-09 22:24:10,707:INFO:stober_synthesis_utils:Refilling 1cc_3 with 997.0542257800698 uL from Well A1 form 20mLscintillation 12 Well Plate 18000 µL on slot 4
2024-12-09 22:24:49,698:INFO:stober_synthesis_utils:Dispensed 16.99999962002039 uL of teos_volume into Well B3 form septavialrev1_44_holder_2000ul on slot 2
2024-12-09 22:25:46,710:INFO:stober_synthesis_utils:Mixed well Well B3 form septavialrev1_44_holder_2000ul on slot 2 5 times, 2000 uL per cycle
2024-12-09 22:28:51,685:INFO:stober_synthesis_utils:Washed mix syringe in wash solutions [Well C2 form 20mLscintillation 12 Well Plate 18000 µL on slot 4, Well C3 form 20mLscintillation 12 Well Plate 18000 µL on slot 4, Well C4 form 20mLscintillation 12 Well Plate 18000 µL on slot 4]
2024-12-09 22:29:19,542:INFO:stober_synthesis_utils:Dispensed 156.37193247675896 uL of teos_volume into Well B4 form septavialrev1_44_holder_2000ul on slot 2
2024-12-09 22:30:16,607:INFO:stober_synthesis_utils:Mixed well Well B4 form septavialrev1_44_holder_2000ul on slot 2 5 times, 2000 uL per cycle
2024-12-09 22:33:21,569:INFO:stober_synthesis_utils:Washed mix syringe in wash solutions [Well C2 form 20mLscintillation 12 Well Plate 18000 µL on slot 4, Well C3 form 20mLscintillation 12 Well Plate 18000 µL on slot 4, Well C4 form 20mLscintillation 12 Well Plate 18000 µL on slot 4]
2024-12-09 22:33:46,389:INFO:stober_synthesis_utils:Dispensed 16.99999962002039 uL of teos_volume into Well B5 form septavialrev1_44_holder_2000ul on slot 2
2024-12-09 22:34:43,659:INFO:stober_synthesis_utils:Mixed well Well B5 form septavialrev1_44_holder_2000ul on slot 2 5 times, 2000 uL per cycle
2024-12-09 22:37:48,043:INFO:stober_synthesis_utils:Washed mix syringe in wash solutions [Well C2 form 20mLscintillation 12 Well Plate 18000 µL on slot 4, Well C3 form 20mLscintillation 12 Well Plate 18000 µL on slot 4, Well C4 form 20mLscintillation 12 Well Plate 18000 µL on slot 4]
2024-12-09 22:38:14,352:INFO:stober_synthesis_utils:Dispensed 94.57380920648576 uL of teos_volume into Well B6 form septavialrev1_44_holder_2000ul on slot 2
2024-12-09 22:39:11,402:INFO:stober_synthesis_utils:Mixed well Well B6 form septavialrev1_44_holder_2000ul on slot 2 5 times, 2000 uL per cycle
2024-12-09 22:42:16,395:INFO:stober_synthesis_utils:Washed mix syringe in wash solutions [Well C2 form 20mLscintillation 12 Well Plate 18000 µL on slot 4, Well C3 form 20mLscintillation 12 Well Plate 18000 µL on slot 4, Well C4 form 20mLscintillation 12 Well Plate 18000 µL on slot 4]
2024-12-09 22:42:40,982:INFO:stober_synthesis_utils:Dispensed 16.99999962002039 uL of teos_volume into Well B8 form septavialrev1_44_holder_2000ul on slot 2
2024-12-09 22:43:38,238:INFO:stober_synthesis_utils:Mixed well Well B8 form septavialrev1_44_holder_2000ul on slot 2 5 times, 2000 uL per cycle
2024-12-09 22:46:43,653:INFO:stober_synthesis_utils:Washed mix syringe in wash solutions [Well C2 form 20mLscintillation 12 Well Plate 18000 µL on slot 4, Well C3 form 20mLscintillation 12 Well Plate 18000 µL on slot 4, Well C4 form 20mLscintillation 12 Well Plate 18000 µL on slot 4]
2024-12-09 22:47:12,822:INFO:stober_synthesis_utils:Dispensed 197.88383096456528 uL of teos_volume into Well C1 form septavialrev1_44_holder_2000ul on slot 2
2024-12-09 22:48:10,149:INFO:stober_synthesis_utils:Mixed well Well C1 form septavialrev1_44_holder_2000ul on slot 2 5 times, 2000 uL per cycle
2024-12-09 22:51:15,269:INFO:stober_synthesis_utils:Washed mix syringe in wash solutions [Well C2 form 20mLscintillation 12 Well Plate 18000 µL on slot 4, Well C3 form 20mLscintillation 12 Well Plate 18000 µL on slot 4, Well C4 form 20mLscintillation 12 Well Plate 18000 µL on slot 4]
2024-12-09 22:51:42,538:INFO:stober_synthesis_utils:Dispensed 119.69466656446455 uL of teos_volume into Well C2 form septavialrev1_44_holder_2000ul on slot 2
2024-12-09 22:52:39,887:INFO:stober_synthesis_utils:Mixed well Well C2 form septavialrev1_44_holder_2000ul on slot 2 5 times, 2000 uL per cycle
2024-12-09 22:55:45,107:INFO:stober_synthesis_utils:Washed mix syringe in wash solutions [Well C2 form 20mLscintillation 12 Well Plate 18000 µL on slot 4, Well C3 form 20mLscintillation 12 Well Plate 18000 µL on slot 4, Well C4 form 20mLscintillation 12 Well Plate 18000 µL on slot 4]
2024-12-09 22:56:10,255:INFO:stober_synthesis_utils:Dispensed 16.99999962002039 uL of teos_volume into Well C3 form septavialrev1_44_holder_2000ul on slot 2
2024-12-09 22:57:07,505:INFO:stober_synthesis_utils:Mixed well Well C3 form septavialrev1_44_holder_2000ul on slot 2 5 times, 2000 uL per cycle
2024-12-09 23:00:12,635:INFO:stober_synthesis_utils:Washed mix syringe in wash solutions [Well C2 form 20mLscintillation 12 Well Plate 18000 µL on slot 4, Well C3 form 20mLscintillation 12 Well Plate 18000 µL on slot 4, Well C4 form 20mLscintillation 12 Well Plate 18000 µL on slot 4]
2024-12-09 23:00:41,179:INFO:stober_synthesis_utils:Dispensed 184.6176154911518 uL of teos_volume into Well C4 form septavialrev1_44_holder_2000ul on slot 2
2024-12-09 23:01:38,494:INFO:stober_synthesis_utils:Mixed well Well C4 form septavialrev1_44_holder_2000ul on slot 2 5 times, 2000 uL per cycle
2024-12-09 23:04:43,693:INFO:stober_synthesis_utils:Washed mix syringe in wash solutions [Well C2 form 20mLscintillation 12 Well Plate 18000 µL on slot 4, Well C3 form 20mLscintillation 12 Well Plate 18000 µL on slot 4, Well C4 form 20mLscintillation 12 Well Plate 18000 µL on slot 4]
2024-12-09 23:05:08,377:INFO:stober_synthesis_utils:Dispensed 16.99999962002039 uL of teos_volume into Well C5 form septavialrev1_44_holder_2000ul on slot 2
2024-12-09 23:06:05,622:INFO:stober_synthesis_utils:Mixed well Well C5 form septavialrev1_44_holder_2000ul on slot 2 5 times, 2000 uL per cycle
2024-12-09 23:09:10,281:INFO:stober_synthesis_utils:Washed mix syringe in wash solutions [Well C2 form 20mLscintillation 12 Well Plate 18000 µL on slot 4, Well C3 form 20mLscintillation 12 Well Plate 18000 µL on slot 4, Well C4 form 20mLscintillation 12 Well Plate 18000 µL on slot 4]
2024-12-09 23:09:36,812:INFO:stober_synthesis_utils:Dispensed 97.01122641563416 uL of teos_volume into Well C6 form septavialrev1_44_holder_2000ul on slot 2
2024-12-09 23:10:34,247:INFO:stober_synthesis_utils:Mixed well Well C6 form septavialrev1_44_holder_2000ul on slot 2 5 times, 2000 uL per cycle
2024-12-09 23:13:39,309:INFO:stober_synthesis_utils:Washed mix syringe in wash solutions [Well C2 form 20mLscintillation 12 Well Plate 18000 µL on slot 4, Well C3 form 20mLscintillation 12 Well Plate 18000 µL on slot 4, Well C4 form 20mLscintillation 12 Well Plate 18000 µL on slot 4]
2024-12-09 23:14:10,791:INFO:stober_synthesis_utils:Dispensed 16.99999962002039 uL of teos_volume into Well A1 form septavialrev1_44_holder_2000ul on slot 3
2024-12-09 23:15:08,179:INFO:stober_synthesis_utils:Mixed well Well A1 form septavialrev1_44_holder_2000ul on slot 3 5 times, 2000 uL per cycle
2024-12-09 23:18:14,336:INFO:stober_synthesis_utils:Washed mix syringe in wash solutions [Well B3 form 20mLscintillation 12 Well Plate 18000 µL on slot 5, Well B4 form 20mLscintillation 12 Well Plate 18000 µL on slot 5, Well C1 form 20mLscintillation 12 Well Plate 18000 µL on slot 5]
2024-12-09 23:18:28,654:INFO:stober_synthesis_utils:Refilling 1cc_3 with 952.1530788391829 uL from Well A1 form 20mLscintillation 12 Well Plate 18000 µL on slot 4
2024-12-09 23:19:09,772:INFO:stober_synthesis_utils:Dispensed 125.2233698964119 uL of teos_volume into Well A2 form septavialrev1_44_holder_2000ul on slot 3
2024-12-09 23:20:07,082:INFO:stober_synthesis_utils:Mixed well Well A2 form septavialrev1_44_holder_2000ul on slot 3 5 times, 2000 uL per cycle
2024-12-09 23:23:13,183:INFO:stober_synthesis_utils:Washed mix syringe in wash solutions [Well B3 form 20mLscintillation 12 Well Plate 18000 µL on slot 5, Well B4 form 20mLscintillation 12 Well Plate 18000 µL on slot 5, Well C1 form 20mLscintillation 12 Well Plate 18000 µL on slot 5]
2024-12-09 23:23:37,632:INFO:stober_synthesis_utils:Dispensed 16.99999962002039 uL of teos_volume into Well A3 form septavialrev1_44_holder_2000ul on slot 3
2024-12-09 23:24:34,880:INFO:stober_synthesis_utils:Mixed well Well A3 form septavialrev1_44_holder_2000ul on slot 3 5 times, 2000 uL per cycle
2024-12-09 23:27:40,809:INFO:stober_synthesis_utils:Washed mix syringe in wash solutions [Well B3 form 20mLscintillation 12 Well Plate 18000 µL on slot 5, Well B4 form 20mLscintillation 12 Well Plate 18000 µL on slot 5, Well C1 form 20mLscintillation 12 Well Plate 18000 µL on slot 5]
2024-12-09 23:28:07,051:INFO:stober_synthesis_utils:Dispensed 104.88193407654762 uL of teos_volume into Well A4 form septavialrev1_44_holder_2000ul on slot 3
2024-12-09 23:29:04,562:INFO:stober_synthesis_utils:Mixed well Well A4 form septavialrev1_44_holder_2000ul on slot 3 5 times, 2000 uL per cycle
2024-12-09 23:32:10,393:INFO:stober_synthesis_utils:Washed mix syringe in wash solutions [Well B3 form 20mLscintillation 12 Well Plate 18000 µL on slot 5, Well B4 form 20mLscintillation 12 Well Plate 18000 µL on slot 5, Well C1 form 20mLscintillation 12 Well Plate 18000 µL on slot 5]
2024-12-09 23:32:34,863:INFO:stober_synthesis_utils:Dispensed 16.99999962002039 uL of teos_volume into Well A5 form septavialrev1_44_holder_2000ul on slot 3
2024-12-09 23:33:32,702:INFO:stober_synthesis_utils:Mixed well Well A5 form septavialrev1_44_holder_2000ul on slot 3 5 times, 2000 uL per cycle
2024-12-09 23:36:38,522:INFO:stober_synthesis_utils:Washed mix syringe in wash solutions [Well B3 form 20mLscintillation 12 Well Plate 18000 µL on slot 5, Well B4 form 20mLscintillation 12 Well Plate 18000 µL on slot 5, Well C1 form 20mLscintillation 12 Well Plate 18000 µL on slot 5]
2024-12-09 23:37:02,831:INFO:stober_synthesis_utils:Dispensed 16.99999962002039 uL of teos_volume into Well A6 form septavialrev1_44_holder_2000ul on slot 3
2024-12-09 23:38:00,801:INFO:stober_synthesis_utils:Mixed well Well A6 form septavialrev1_44_holder_2000ul on slot 3 5 times, 2000 uL per cycle
2024-12-09 23:41:06,539:INFO:stober_synthesis_utils:Washed mix syringe in wash solutions [Well B3 form 20mLscintillation 12 Well Plate 18000 µL on slot 5, Well B4 form 20mLscintillation 12 Well Plate 18000 µL on slot 5, Well C1 form 20mLscintillation 12 Well Plate 18000 µL on slot 5]
2024-12-09 23:41:31,262:INFO:stober_synthesis_utils:Dispensed 16.99999962002039 uL of teos_volume into Well A7 form septavialrev1_44_holder_2000ul on slot 3
2024-12-09 23:42:29,408:INFO:stober_synthesis_utils:Mixed well Well A7 form septavialrev1_44_holder_2000ul on slot 3 5 times, 2000 uL per cycle
2024-12-09 23:45:35,298:INFO:stober_synthesis_utils:Washed mix syringe in wash solutions [Well B3 form 20mLscintillation 12 Well Plate 18000 µL on slot 5, Well B4 form 20mLscintillation 12 Well Plate 18000 µL on slot 5, Well C1 form 20mLscintillation 12 Well Plate 18000 µL on slot 5]
2024-12-09 23:46:02,229:INFO:stober_synthesis_utils:Dispensed 124.7254066169262 uL of teos_volume into Well A8 form septavialrev1_44_holder_2000ul on slot 3
2024-12-09 23:47:00,653:INFO:stober_synthesis_utils:Mixed well Well A8 form septavialrev1_44_holder_2000ul on slot 3 5 times, 2000 uL per cycle
2024-12-09 23:50:06,396:INFO:stober_synthesis_utils:Washed mix syringe in wash solutions [Well B3 form 20mLscintillation 12 Well Plate 18000 µL on slot 5, Well B4 form 20mLscintillation 12 Well Plate 18000 µL on slot 5, Well C1 form 20mLscintillation 12 Well Plate 18000 µL on slot 5]
2024-12-09 23:50:32,528:INFO:stober_synthesis_utils:Dispensed 90.53847640752792 uL of teos_volume into Well B1 form septavialrev1_44_holder_2000ul on slot 3
2024-12-09 23:51:30,093:INFO:stober_synthesis_utils:Mixed well Well B1 form septavialrev1_44_holder_2000ul on slot 3 5 times, 2000 uL per cycle
2024-12-09 23:54:36,358:INFO:stober_synthesis_utils:Washed mix syringe in wash solutions [Well B3 form 20mLscintillation 12 Well Plate 18000 µL on slot 5, Well B4 form 20mLscintillation 12 Well Plate 18000 µL on slot 5, Well C1 form 20mLscintillation 12 Well Plate 18000 µL on slot 5]
2024-12-09 23:55:05,893:INFO:stober_synthesis_utils:Dispensed 255.0000101327896 uL of teos_volume into Well B3 form septavialrev1_44_holder_2000ul on slot 3
2024-12-09 23:56:03,315:INFO:stober_synthesis_utils:Mixed well Well B3 form septavialrev1_44_holder_2000ul on slot 3 5 times, 2000 uL per cycle
2024-12-09 23:59:09,378:INFO:stober_synthesis_utils:Washed mix syringe in wash solutions [Well B3 form 20mLscintillation 12 Well Plate 18000 µL on slot 5, Well B4 form 20mLscintillation 12 Well Plate 18000 µL on slot 5, Well C1 form 20mLscintillation 12 Well Plate 18000 µL on slot 5]
2024-12-09 23:59:35,186:INFO:stober_synthesis_utils:Dispensed 82.14504346251488 uL of teos_volume into Well B4 form septavialrev1_44_holder_2000ul on slot 3
2024-12-10 00:00:32,641:INFO:stober_synthesis_utils:Mixed well Well B4 form septavialrev1_44_holder_2000ul on slot 3 5 times, 2000 uL per cycle
2024-12-10 00:03:38,566:INFO:stober_synthesis_utils:Washed mix syringe in wash solutions [Well B3 form 20mLscintillation 12 Well Plate 18000 µL on slot 5, Well B4 form 20mLscintillation 12 Well Plate 18000 µL on slot 5, Well C1 form 20mLscintillation 12 Well Plate 18000 µL on slot 5]
2024-12-10 00:04:03,213:INFO:stober_synthesis_utils:Dispensed 16.99999962002039 uL of teos_volume into Well B5 form septavialrev1_44_holder_2000ul on slot 3
2024-12-10 00:05:00,990:INFO:stober_synthesis_utils:Mixed well Well B5 form septavialrev1_44_holder_2000ul on slot 3 5 times, 2000 uL per cycle
2024-12-10 00:08:06,643:INFO:stober_synthesis_utils:Washed mix syringe in wash solutions [Well B3 form 20mLscintillation 12 Well Plate 18000 µL on slot 5, Well B4 form 20mLscintillation 12 Well Plate 18000 µL on slot 5, Well C1 form 20mLscintillation 12 Well Plate 18000 µL on slot 5]
2024-12-10 00:08:21,074:INFO:stober_synthesis_utils:Refilling 1cc_3 with 867.5142386928201 uL from Well A1 form 20mLscintillation 12 Well Plate 18000 µL on slot 4
2024-12-10 00:09:01,351:INFO:stober_synthesis_utils:Dispensed 146.358735114336 uL of teos_volume into Well B6 form septavialrev1_44_holder_2000ul on slot 3
2024-12-10 00:09:59,503:INFO:stober_synthesis_utils:Mixed well Well B6 form septavialrev1_44_holder_2000ul on slot 3 5 times, 2000 uL per cycle
2024-12-10 00:13:05,256:INFO:stober_synthesis_utils:Washed mix syringe in wash solutions [Well B3 form 20mLscintillation 12 Well Plate 18000 µL on slot 5, Well B4 form 20mLscintillation 12 Well Plate 18000 µL on slot 5, Well C1 form 20mLscintillation 12 Well Plate 18000 µL on slot 5]
2024-12-10 00:13:29,977:INFO:stober_synthesis_utils:Dispensed 16.99999962002039 uL of teos_volume into Well B8 form septavialrev1_44_holder_2000ul on slot 3
2024-12-10 00:14:28,510:INFO:stober_synthesis_utils:Mixed well Well B8 form septavialrev1_44_holder_2000ul on slot 3 5 times, 2000 uL per cycle
2024-12-10 00:17:34,511:INFO:stober_synthesis_utils:Washed mix syringe in wash solutions [Well B3 form 20mLscintillation 12 Well Plate 18000 µL on slot 5, Well B4 form 20mLscintillation 12 Well Plate 18000 µL on slot 5, Well C1 form 20mLscintillation 12 Well Plate 18000 µL on slot 5]
2024-12-10 00:17:59,280:INFO:stober_synthesis_utils:Dispensed 16.99999962002039 uL of teos_volume into Well C1 form septavialrev1_44_holder_2000ul on slot 3
2024-12-10 00:18:56,781:INFO:stober_synthesis_utils:Mixed well Well C1 form septavialrev1_44_holder_2000ul on slot 3 5 times, 2000 uL per cycle
2024-12-10 00:22:03,042:INFO:stober_synthesis_utils:Washed mix syringe in wash solutions [Well B3 form 20mLscintillation 12 Well Plate 18000 µL on slot 5, Well B4 form 20mLscintillation 12 Well Plate 18000 µL on slot 5, Well C1 form 20mLscintillation 12 Well Plate 18000 µL on slot 5]
2024-12-10 00:22:27,722:INFO:stober_synthesis_utils:Dispensed 16.99999962002039 uL of teos_volume into Well C2 form septavialrev1_44_holder_2000ul on slot 3
2024-12-10 00:23:25,538:INFO:stober_synthesis_utils:Mixed well Well C2 form septavialrev1_44_holder_2000ul on slot 3 5 times, 2000 uL per cycle
2024-12-10 00:26:31,723:INFO:stober_synthesis_utils:Washed mix syringe in wash solutions [Well B3 form 20mLscintillation 12 Well Plate 18000 µL on slot 5, Well B4 form 20mLscintillation 12 Well Plate 18000 µL on slot 5, Well C1 form 20mLscintillation 12 Well Plate 18000 µL on slot 5]
2024-12-10 00:26:59,372:INFO:stober_synthesis_utils:Dispensed 156.4387708902359 uL of teos_volume into Well C3 form septavialrev1_44_holder_2000ul on slot 3
2024-12-10 00:27:56,932:INFO:stober_synthesis_utils:Mixed well Well C3 form septavialrev1_44_holder_2000ul on slot 3 5 times, 2000 uL per cycle
2024-12-10 00:31:03,041:INFO:stober_synthesis_utils:Washed mix syringe in wash solutions [Well B3 form 20mLscintillation 12 Well Plate 18000 µL on slot 5, Well B4 form 20mLscintillation 12 Well Plate 18000 µL on slot 5, Well C1 form 20mLscintillation 12 Well Plate 18000 µL on slot 5]
2024-12-10 00:31:27,744:INFO:stober_synthesis_utils:Dispensed 16.99999962002039 uL of teos_volume into Well C4 form septavialrev1_44_holder_2000ul on slot 3
2024-12-10 00:32:25,786:INFO:stober_synthesis_utils:Mixed well Well C4 form septavialrev1_44_holder_2000ul on slot 3 5 times, 2000 uL per cycle
2024-12-10 00:35:31,806:INFO:stober_synthesis_utils:Washed mix syringe in wash solutions [Well B3 form 20mLscintillation 12 Well Plate 18000 µL on slot 5, Well B4 form 20mLscintillation 12 Well Plate 18000 µL on slot 5, Well C1 form 20mLscintillation 12 Well Plate 18000 µL on slot 5]
2024-12-10 00:35:56,945:INFO:stober_synthesis_utils:Dispensed 45.91063428670168 uL of teos_volume into Well C5 form septavialrev1_44_holder_2000ul on slot 3
2024-12-10 00:36:54,931:INFO:stober_synthesis_utils:Mixed well Well C5 form septavialrev1_44_holder_2000ul on slot 3 5 times, 2000 uL per cycle
2024-12-10 00:40:00,961:INFO:stober_synthesis_utils:Washed mix syringe in wash solutions [Well B3 form 20mLscintillation 12 Well Plate 18000 µL on slot 5, Well B4 form 20mLscintillation 12 Well Plate 18000 µL on slot 5, Well C1 form 20mLscintillation 12 Well Plate 18000 µL on slot 5]
2024-12-10 00:40:25,651:INFO:stober_synthesis_utils:Dispensed 16.99999962002039 uL of teos_volume into Well C6 form septavialrev1_44_holder_2000ul on slot 3
2024-12-10 00:41:23,844:INFO:stober_synthesis_utils:Mixed well Well C6 form septavialrev1_44_holder_2000ul on slot 3 5 times, 2000 uL per cycle
2024-12-10 00:44:35,980:INFO:stober_synthesis_utils:Washed mix syringe in wash solutions [Well B3 form 20mLscintillation 12 Well Plate 18000 µL on slot 5, Well B4 form 20mLscintillation 12 Well Plate 18000 µL on slot 5, Well C1 form 20mLscintillation 12 Well Plate 18000 µL on slot 5]
2024-12-10 02:44:22,520:INFO:stober_synthesis_utils:Dispensed 0.0 uL of ethanol_dilute_vol into Well C7 form septavialrev1_44_holder_2000ul on slot 2
2024-12-10 02:44:39,366:INFO:stober_synthesis_utils:Dispensed 0.0 uL of ethanol_dilute_vol into Well C8 form septavialrev1_44_holder_2000ul on slot 2
2024-12-10 02:44:39,366:INFO:stober_synthesis_utils:Refilling 10cc_1 with 9998.0 uL from Well B4 form 20mLscintillation 12 Well Plate 18000 µL on slot 4
2024-12-10 02:45:27,119:INFO:stober_synthesis_utils:Dispensed 932.0 uL of ethanol_dilute_vol into Well D1 form septavialrev1_44_holder_2000ul on slot 2
2024-12-10 02:45:43,962:INFO:stober_synthesis_utils:Dispensed 0.0 uL of ethanol_dilute_vol into Well D2 form septavialrev1_44_holder_2000ul on slot 2
2024-12-10 02:46:03,457:INFO:stober_synthesis_utils:Dispensed 1339.0 uL of ethanol_dilute_vol into Well D3 form septavialrev1_44_holder_2000ul on slot 2
2024-12-10 02:46:20,414:INFO:stober_synthesis_utils:Dispensed 0.0 uL of ethanol_dilute_vol into Well D4 form septavialrev1_44_holder_2000ul on slot 2
2024-12-10 02:46:40,010:INFO:stober_synthesis_utils:Dispensed 1413.0 uL of ethanol_dilute_vol into Well D5 form septavialrev1_44_holder_2000ul on slot 2
2024-12-10 02:46:56,905:INFO:stober_synthesis_utils:Dispensed 0.0 uL of ethanol_dilute_vol into Well D6 form septavialrev1_44_holder_2000ul on slot 2
2024-12-10 02:47:15,977:INFO:stober_synthesis_utils:Dispensed 1141.0 uL of ethanol_dilute_vol into Well D7 form septavialrev1_44_holder_2000ul on slot 2
2024-12-10 02:47:32,774:INFO:stober_synthesis_utils:Dispensed 0.0 uL of ethanol_dilute_vol into Well D8 form septavialrev1_44_holder_2000ul on slot 2
2024-12-10 02:47:53,111:INFO:stober_synthesis_utils:Dispensed 1287.0 uL of ethanol_dilute_vol into Well E1 form septavialrev1_44_holder_2000ul on slot 2
2024-12-10 02:48:10,109:INFO:stober_synthesis_utils:Dispensed 0.0 uL of ethanol_dilute_vol into Well E3 form septavialrev1_44_holder_2000ul on slot 2
2024-12-10 02:48:28,932:INFO:stober_synthesis_utils:Dispensed 1018.0 uL of ethanol_dilute_vol into Well E4 form septavialrev1_44_holder_2000ul on slot 2
2024-12-10 02:48:45,777:INFO:stober_synthesis_utils:Dispensed 0.0 uL of ethanol_dilute_vol into Well E5 form septavialrev1_44_holder_2000ul on slot 2
2024-12-10 02:49:05,304:INFO:stober_synthesis_utils:Dispensed 1374.0 uL of ethanol_dilute_vol into Well E6 form septavialrev1_44_holder_2000ul on slot 2
2024-12-10 02:49:24,496:INFO:stober_synthesis_utils:Dispensed 1161.0 uL of ethanol_dilute_vol into Well E8 form septavialrev1_44_holder_2000ul on slot 2
2024-12-10 02:49:42,322:INFO:stober_synthesis_utils:Dispensed 0.0 uL of ethanol_dilute_vol into Well F1 form septavialrev1_44_holder_2000ul on slot 2
2024-12-10 02:49:42,323:INFO:stober_synthesis_utils:Refilling 10cc_1 with 9665.0 uL from Well C1 form 20mLscintillation 12 Well Plate 18000 µL on slot 4
2024-12-10 02:50:30,160:INFO:stober_synthesis_utils:Dispensed 1351.0 uL of ethanol_dilute_vol into Well F2 form septavialrev1_44_holder_2000ul on slot 2
2024-12-10 02:50:46,987:INFO:stober_synthesis_utils:Dispensed 0.0 uL of ethanol_dilute_vol into Well F3 form septavialrev1_44_holder_2000ul on slot 2
2024-12-10 02:51:05,822:INFO:stober_synthesis_utils:Dispensed 1035.0 uL of ethanol_dilute_vol into Well F4 form septavialrev1_44_holder_2000ul on slot 2
2024-12-10 02:52:00,358:INFO:__main__:Transferred 1700.0 uL from Well A1 form septavialrev1_44_holder_2000ul on slot 2 to Well C7 form septavialrev1_44_holder_2000ul on slot 2
2024-12-10 06:48:47,012:INFO:__main__:Emptied ethanol syringe into trash
2024-12-10 06:49:42,776:INFO:__main__:Transferred 1700.0 uL from Well A2 form septavialrev1_44_holder_2000ul on slot 2 to Well C8 form septavialrev1_44_holder_2000ul on slot 2
2024-12-10 07:11:21,010:INFO:__main__:Emptied ethanol syringe into trash
2024-12-10 07:12:11,777:INFO:__main__:Transferred 768.0 uL from Well A3 form septavialrev1_44_holder_2000ul on slot 2 to Well D1 form septavialrev1_44_holder_2000ul on slot 2
2024-12-10 07:15:17,529:INFO:__main__:Washed mix syringe in wash solutions [Well C2 form 20mLscintillation 12 Well Plate 18000 µL on slot 4, Well C3 form 20mLscintillation 12 Well Plate 18000 µL on slot 4, Well C4 form 20mLscintillation 12 Well Plate 18000 µL on slot 4]
2024-12-10 07:15:58,641:INFO:__main__:Transferred 1700.0 uL from Well A4 form septavialrev1_44_holder_2000ul on slot 2 to Well D2 form septavialrev1_44_holder_2000ul on slot 2
2024-12-10 07:19:04,087:INFO:__main__:Washed mix syringe in wash solutions [Well C2 form 20mLscintillation 12 Well Plate 18000 µL on slot 4, Well C3 form 20mLscintillation 12 Well Plate 18000 µL on slot 4, Well C4 form 20mLscintillation 12 Well Plate 18000 µL on slot 4]
2024-12-10 07:19:39,501:INFO:__main__:Transferred 361.0 uL from Well A5 form septavialrev1_44_holder_2000ul on slot 2 to Well D3 form septavialrev1_44_holder_2000ul on slot 2
2024-12-10 07:22:45,190:INFO:__main__:Washed mix syringe in wash solutions [Well C2 form 20mLscintillation 12 Well Plate 18000 µL on slot 4, Well C3 form 20mLscintillation 12 Well Plate 18000 µL on slot 4, Well C4 form 20mLscintillation 12 Well Plate 18000 µL on slot 4]
2024-12-10 07:23:26,440:INFO:__main__:Transferred 1700.0 uL from Well A6 form septavialrev1_44_holder_2000ul on slot 2 to Well D4 form septavialrev1_44_holder_2000ul on slot 2
2024-12-10 07:26:33,185:INFO:__main__:Washed mix syringe in wash solutions [Well C2 form 20mLscintillation 12 Well Plate 18000 µL on slot 4, Well C3 form 20mLscintillation 12 Well Plate 18000 µL on slot 4, Well C4 form 20mLscintillation 12 Well Plate 18000 µL on slot 4]
2024-12-10 07:27:08,522:INFO:__main__:Transferred 287.0 uL from Well A7 form septavialrev1_44_holder_2000ul on slot 2 to Well D5 form septavialrev1_44_holder_2000ul on slot 2
2024-12-10 07:30:14,940:INFO:__main__:Washed mix syringe in wash solutions [Well C2 form 20mLscintillation 12 Well Plate 18000 µL on slot 4, Well C3 form 20mLscintillation 12 Well Plate 18000 µL on slot 4, Well C4 form 20mLscintillation 12 Well Plate 18000 µL on slot 4]
2024-12-10 07:30:55,908:INFO:__main__:Transferred 1700.0 uL from Well A8 form septavialrev1_44_holder_2000ul on slot 2 to Well D6 form septavialrev1_44_holder_2000ul on slot 2
2024-12-10 07:34:00,959:INFO:__main__:Washed mix syringe in wash solutions [Well C2 form 20mLscintillation 12 Well Plate 18000 µL on slot 4, Well C3 form 20mLscintillation 12 Well Plate 18000 µL on slot 4, Well C4 form 20mLscintillation 12 Well Plate 18000 µL on slot 4]
2024-12-10 07:34:38,511:INFO:__main__:Transferred 559.0 uL from Well B1 form septavialrev1_44_holder_2000ul on slot 2 to Well D7 form septavialrev1_44_holder_2000ul on slot 2
2024-12-10 07:37:43,829:INFO:__main__:Washed mix syringe in wash solutions [Well C2 form 20mLscintillation 12 Well Plate 18000 µL on slot 4, Well C3 form 20mLscintillation 12 Well Plate 18000 µL on slot 4, Well C4 form 20mLscintillation 12 Well Plate 18000 µL on slot 4]
2024-12-10 07:38:25,706:INFO:__main__:Transferred 1700.0 uL from Well B3 form septavialrev1_44_holder_2000ul on slot 2 to Well D8 form septavialrev1_44_holder_2000ul on slot 2
2024-12-10 07:41:31,178:INFO:__main__:Washed mix syringe in wash solutions [Well C2 form 20mLscintillation 12 Well Plate 18000 µL on slot 4, Well C3 form 20mLscintillation 12 Well Plate 18000 µL on slot 4, Well C4 form 20mLscintillation 12 Well Plate 18000 µL on slot 4]
2024-12-10 07:42:07,130:INFO:__main__:Transferred 413.0 uL from Well B4 form septavialrev1_44_holder_2000ul on slot 2 to Well E1 form septavialrev1_44_holder_2000ul on slot 2
2024-12-10 07:45:12,792:INFO:__main__:Washed mix syringe in wash solutions [Well C2 form 20mLscintillation 12 Well Plate 18000 µL on slot 4, Well C3 form 20mLscintillation 12 Well Plate 18000 µL on slot 4, Well C4 form 20mLscintillation 12 Well Plate 18000 µL on slot 4]
2024-12-10 07:45:53,808:INFO:__main__:Transferred 1700.0 uL from Well B5 form septavialrev1_44_holder_2000ul on slot 2 to Well E3 form septavialrev1_44_holder_2000ul on slot 2
2024-12-10 07:48:59,676:INFO:__main__:Washed mix syringe in wash solutions [Well C2 form 20mLscintillation 12 Well Plate 18000 µL on slot 4, Well C3 form 20mLscintillation 12 Well Plate 18000 µL on slot 4, Well C4 form 20mLscintillation 12 Well Plate 18000 µL on slot 4]
2024-12-10 07:49:36,189:INFO:__main__:Transferred 682.0 uL from Well B6 form septavialrev1_44_holder_2000ul on slot 2 to Well E4 form septavialrev1_44_holder_2000ul on slot 2
2024-12-10 07:52:41,882:INFO:__main__:Washed mix syringe in wash solutions [Well C2 form 20mLscintillation 12 Well Plate 18000 µL on slot 4, Well C3 form 20mLscintillation 12 Well Plate 18000 µL on slot 4, Well C4 form 20mLscintillation 12 Well Plate 18000 µL on slot 4]
2024-12-10 07:53:22,689:INFO:__main__:Transferred 1700.0 uL from Well B8 form septavialrev1_44_holder_2000ul on slot 2 to Well E5 form septavialrev1_44_holder_2000ul on slot 2
2024-12-10 07:56:28,101:INFO:__main__:Washed mix syringe in wash solutions [Well C2 form 20mLscintillation 12 Well Plate 18000 µL on slot 4, Well C3 form 20mLscintillation 12 Well Plate 18000 µL on slot 4, Well C4 form 20mLscintillation 12 Well Plate 18000 µL on slot 4]
2024-12-10 07:57:04,403:INFO:__main__:Transferred 326.0 uL from Well C1 form septavialrev1_44_holder_2000ul on slot 2 to Well E6 form septavialrev1_44_holder_2000ul on slot 2
2024-12-10 08:00:10,274:INFO:__main__:Washed mix syringe in wash solutions [Well C2 form 20mLscintillation 12 Well Plate 18000 µL on slot 4, Well C3 form 20mLscintillation 12 Well Plate 18000 µL on slot 4, Well C4 form 20mLscintillation 12 Well Plate 18000 µL on slot 4]
2024-12-10 08:00:47,820:INFO:__main__:Transferred 539.0 uL from Well C2 form septavialrev1_44_holder_2000ul on slot 2 to Well E8 form septavialrev1_44_holder_2000ul on slot 2
2024-12-10 08:03:53,003:INFO:__main__:Washed mix syringe in wash solutions [Well C2 form 20mLscintillation 12 Well Plate 18000 µL on slot 4, Well C3 form 20mLscintillation 12 Well Plate 18000 µL on slot 4, Well C4 form 20mLscintillation 12 Well Plate 18000 µL on slot 4]
2024-12-10 08:04:34,499:INFO:__main__:Transferred 1700.0 uL from Well C3 form septavialrev1_44_holder_2000ul on slot 2 to Well F1 form septavialrev1_44_holder_2000ul on slot 2
2024-12-10 08:07:40,227:INFO:__main__:Washed mix syringe in wash solutions [Well C2 form 20mLscintillation 12 Well Plate 18000 µL on slot 4, Well C3 form 20mLscintillation 12 Well Plate 18000 µL on slot 4, Well C4 form 20mLscintillation 12 Well Plate 18000 µL on slot 4]
2024-12-10 08:08:16,175:INFO:__main__:Transferred 349.0 uL from Well C4 form septavialrev1_44_holder_2000ul on slot 2 to Well F2 form septavialrev1_44_holder_2000ul on slot 2
2024-12-10 08:11:21,390:INFO:__main__:Washed mix syringe in wash solutions [Well C2 form 20mLscintillation 12 Well Plate 18000 µL on slot 4, Well C3 form 20mLscintillation 12 Well Plate 18000 µL on slot 4, Well C4 form 20mLscintillation 12 Well Plate 18000 µL on slot 4]
2024-12-10 08:12:02,595:INFO:__main__:Transferred 1700.0 uL from Well C5 form septavialrev1_44_holder_2000ul on slot 2 to Well F3 form septavialrev1_44_holder_2000ul on slot 2
2024-12-10 08:15:08,406:INFO:__main__:Washed mix syringe in wash solutions [Well C2 form 20mLscintillation 12 Well Plate 18000 µL on slot 4, Well C3 form 20mLscintillation 12 Well Plate 18000 µL on slot 4, Well C4 form 20mLscintillation 12 Well Plate 18000 µL on slot 4]
2024-12-10 08:15:45,190:INFO:__main__:Transferred 665.0 uL from Well C6 form septavialrev1_44_holder_2000ul on slot 2 to Well F4 form septavialrev1_44_holder_2000ul on slot 2
2024-12-10 08:18:50,518:INFO:__main__:Washed mix syringe in wash solutions [Well C2 form 20mLscintillation 12 Well Plate 18000 µL on slot 4, Well C3 form 20mLscintillation 12 Well Plate 18000 µL on slot 4, Well C4 form 20mLscintillation 12 Well Plate 18000 µL on slot 4]
2024-12-10 08:19:08,513:INFO:stober_synthesis_utils:Dispensed 0.0 uL of ethanol_dilute_vol into Well C7 form septavialrev1_44_holder_2000ul on slot 3
2024-12-10 08:19:08,514:INFO:stober_synthesis_utils:Refilling 10cc_1 with 9998.0 uL from Well B1 form 20mLscintillation 12 Well Plate 18000 µL on slot 5
2024-12-10 08:19:57,077:INFO:stober_synthesis_utils:Dispensed 1185.0 uL of ethanol_dilute_vol into Well C8 form septavialrev1_44_holder_2000ul on slot 3
2024-12-10 08:20:14,980:INFO:stober_synthesis_utils:Dispensed 0.0 uL of ethanol_dilute_vol into Well D1 form septavialrev1_44_holder_2000ul on slot 3
2024-12-10 08:20:33,943:INFO:stober_synthesis_utils:Dispensed 1085.0 uL of ethanol_dilute_vol into Well D2 form septavialrev1_44_holder_2000ul on slot 3
2024-12-10 08:20:50,787:INFO:stober_synthesis_utils:Dispensed 0.0 uL of ethanol_dilute_vol into Well D3 form septavialrev1_44_holder_2000ul on slot 3
2024-12-10 08:21:07,673:INFO:stober_synthesis_utils:Dispensed 0.0 uL of ethanol_dilute_vol into Well D4 form septavialrev1_44_holder_2000ul on slot 3
2024-12-10 08:21:24,466:INFO:stober_synthesis_utils:Dispensed 0.0 uL of ethanol_dilute_vol into Well D5 form septavialrev1_44_holder_2000ul on slot 3
2024-12-10 08:21:43,615:INFO:stober_synthesis_utils:Dispensed 1183.0 uL of ethanol_dilute_vol into Well D6 form septavialrev1_44_holder_2000ul on slot 3
2024-12-10 08:22:02,317:INFO:stober_synthesis_utils:Dispensed 987.0 uL of ethanol_dilute_vol into Well D7 form septavialrev1_44_holder_2000ul on slot 3
2024-12-10 08:22:21,936:INFO:stober_synthesis_utils:Dispensed 1447.0 uL of ethanol_dilute_vol into Well D8 form septavialrev1_44_holder_2000ul on slot 3
2024-12-10 08:22:41,564:INFO:stober_synthesis_utils:Dispensed 915.0 uL of ethanol_dilute_vol into Well E1 form septavialrev1_44_holder_2000ul on slot 3
2024-12-10 08:22:58,551:INFO:stober_synthesis_utils:Dispensed 0.0 uL of ethanol_dilute_vol into Well E3 form septavialrev1_44_holder_2000ul on slot 3
2024-12-10 08:23:17,783:INFO:stober_synthesis_utils:Dispensed 1259.0 uL of ethanol_dilute_vol into Well E4 form septavialrev1_44_holder_2000ul on slot 3
2024-12-10 08:23:34,579:INFO:stober_synthesis_utils:Dispensed 0.0 uL of ethanol_dilute_vol into Well E5 form septavialrev1_44_holder_2000ul on slot 3
2024-12-10 08:23:51,445:INFO:stober_synthesis_utils:Dispensed 0.0 uL of ethanol_dilute_vol into Well E6 form septavialrev1_44_holder_2000ul on slot 3
2024-12-10 08:24:08,499:INFO:stober_synthesis_utils:Dispensed 0.0 uL of ethanol_dilute_vol into Well E8 form septavialrev1_44_holder_2000ul on slot 3
2024-12-10 08:24:28,668:INFO:stober_synthesis_utils:Dispensed 1288.0 uL of ethanol_dilute_vol into Well F1 form septavialrev1_44_holder_2000ul on slot 3
2024-12-10 08:24:45,571:INFO:stober_synthesis_utils:Dispensed 0.0 uL of ethanol_dilute_vol into Well F2 form septavialrev1_44_holder_2000ul on slot 3
2024-12-10 08:25:03,042:INFO:stober_synthesis_utils:Dispensed 295.0 uL of ethanol_dilute_vol into Well F3 form septavialrev1_44_holder_2000ul on slot 3
2024-12-10 08:25:19,832:INFO:stober_synthesis_utils:Dispensed 0.0 uL of ethanol_dilute_vol into Well F4 form septavialrev1_44_holder_2000ul on slot 3
2024-12-10 08:25:42,664:INFO:__main__:Emptied ethanol syringe into trash
2024-12-10 08:26:38,484:INFO:__main__:Transferred 1700.0 uL from Well A1 form septavialrev1_44_holder_2000ul on slot 3 to Well C7 form septavialrev1_44_holder_2000ul on slot 3
2024-12-10 08:30:51,721:INFO:__main__:Washed mix syringe in wash solutions [Well B3 form 20mLscintillation 12 Well Plate 18000 µL on slot 5, Well B4 form 20mLscintillation 12 Well Plate 18000 µL on slot 5, Well C1 form 20mLscintillation 12 Well Plate 18000 µL on slot 5]
2024-12-10 08:31:28,341:INFO:__main__:Transferred 515.0 uL from Well A2 form septavialrev1_44_holder_2000ul on slot 3 to Well C8 form septavialrev1_44_holder_2000ul on slot 3
2024-12-10 08:34:34,501:INFO:__main__:Washed mix syringe in wash solutions [Well B3 form 20mLscintillation 12 Well Plate 18000 µL on slot 5, Well B4 form 20mLscintillation 12 Well Plate 18000 µL on slot 5, Well C1 form 20mLscintillation 12 Well Plate 18000 µL on slot 5]
2024-12-10 08:35:15,391:INFO:__main__:Transferred 1700.0 uL from Well A3 form septavialrev1_44_holder_2000ul on slot 3 to Well D1 form septavialrev1_44_holder_2000ul on slot 3
2024-12-10 08:38:22,042:INFO:__main__:Washed mix syringe in wash solutions [Well B3 form 20mLscintillation 12 Well Plate 18000 µL on slot 5, Well B4 form 20mLscintillation 12 Well Plate 18000 µL on slot 5, Well C1 form 20mLscintillation 12 Well Plate 18000 µL on slot 5]
2024-12-10 08:38:58,581:INFO:__main__:Transferred 615.0 uL from Well A4 form septavialrev1_44_holder_2000ul on slot 3 to Well D2 form septavialrev1_44_holder_2000ul on slot 3
2024-12-10 08:42:04,430:INFO:__main__:Washed mix syringe in wash solutions [Well B3 form 20mLscintillation 12 Well Plate 18000 µL on slot 5, Well B4 form 20mLscintillation 12 Well Plate 18000 µL on slot 5, Well C1 form 20mLscintillation 12 Well Plate 18000 µL on slot 5]
2024-12-10 08:42:45,555:INFO:__main__:Transferred 1700.0 uL from Well A5 form septavialrev1_44_holder_2000ul on slot 3 to Well D3 form septavialrev1_44_holder_2000ul on slot 3
2024-12-10 08:45:52,556:INFO:__main__:Washed mix syringe in wash solutions [Well B3 form 20mLscintillation 12 Well Plate 18000 µL on slot 5, Well B4 form 20mLscintillation 12 Well Plate 18000 µL on slot 5, Well C1 form 20mLscintillation 12 Well Plate 18000 µL on slot 5]
2024-12-10 08:46:33,697:INFO:__main__:Transferred 1700.0 uL from Well A6 form septavialrev1_44_holder_2000ul on slot 3 to Well D4 form septavialrev1_44_holder_2000ul on slot 3
2024-12-10 08:49:39,872:INFO:__main__:Washed mix syringe in wash solutions [Well B3 form 20mLscintillation 12 Well Plate 18000 µL on slot 5, Well B4 form 20mLscintillation 12 Well Plate 18000 µL on slot 5, Well C1 form 20mLscintillation 12 Well Plate 18000 µL on slot 5]
2024-12-10 08:50:21,351:INFO:__main__:Transferred 1700.0 uL from Well A7 form septavialrev1_44_holder_2000ul on slot 3 to Well D5 form septavialrev1_44_holder_2000ul on slot 3
2024-12-10 08:53:27,616:INFO:__main__:Washed mix syringe in wash solutions [Well B3 form 20mLscintillation 12 Well Plate 18000 µL on slot 5, Well B4 form 20mLscintillation 12 Well Plate 18000 µL on slot 5, Well C1 form 20mLscintillation 12 Well Plate 18000 µL on slot 5]
2024-12-10 08:54:04,323:INFO:__main__:Transferred 517.0 uL from Well A8 form septavialrev1_44_holder_2000ul on slot 3 to Well D6 form septavialrev1_44_holder_2000ul on slot 3
2024-12-10 08:57:10,559:INFO:__main__:Washed mix syringe in wash solutions [Well B3 form 20mLscintillation 12 Well Plate 18000 µL on slot 5, Well B4 form 20mLscintillation 12 Well Plate 18000 µL on slot 5, Well C1 form 20mLscintillation 12 Well Plate 18000 µL on slot 5]
2024-12-10 08:57:48,085:INFO:__main__:Transferred 713.0 uL from Well B1 form septavialrev1_44_holder_2000ul on slot 3 to Well D7 form septavialrev1_44_holder_2000ul on slot 3
2024-12-10 09:00:54,133:INFO:__main__:Washed mix syringe in wash solutions [Well B3 form 20mLscintillation 12 Well Plate 18000 µL on slot 5, Well B4 form 20mLscintillation 12 Well Plate 18000 µL on slot 5, Well C1 form 20mLscintillation 12 Well Plate 18000 µL on slot 5]
2024-12-10 09:01:29,825:INFO:__main__:Transferred 253.0 uL from Well B3 form septavialrev1_44_holder_2000ul on slot 3 to Well D8 form septavialrev1_44_holder_2000ul on slot 3
2024-12-10 09:04:35,880:INFO:__main__:Washed mix syringe in wash solutions [Well B3 form 20mLscintillation 12 Well Plate 18000 µL on slot 5, Well B4 form 20mLscintillation 12 Well Plate 18000 µL on slot 5, Well C1 form 20mLscintillation 12 Well Plate 18000 µL on slot 5]
2024-12-10 09:05:13,230:INFO:__main__:Transferred 785.0 uL from Well B4 form septavialrev1_44_holder_2000ul on slot 3 to Well E1 form septavialrev1_44_holder_2000ul on slot 3
2024-12-10 09:08:19,583:INFO:__main__:Washed mix syringe in wash solutions [Well B3 form 20mLscintillation 12 Well Plate 18000 µL on slot 5, Well B4 form 20mLscintillation 12 Well Plate 18000 µL on slot 5, Well C1 form 20mLscintillation 12 Well Plate 18000 µL on slot 5]
2024-12-10 09:09:00,817:INFO:__main__:Transferred 1700.0 uL from Well B5 form septavialrev1_44_holder_2000ul on slot 3 to Well E3 form septavialrev1_44_holder_2000ul on slot 3
2024-12-10 09:12:07,531:INFO:__main__:Washed mix syringe in wash solutions [Well B3 form 20mLscintillation 12 Well Plate 18000 µL on slot 5, Well B4 form 20mLscintillation 12 Well Plate 18000 µL on slot 5, Well C1 form 20mLscintillation 12 Well Plate 18000 µL on slot 5]
2024-12-10 09:12:43,658:INFO:__main__:Transferred 441.0 uL from Well B6 form septavialrev1_44_holder_2000ul on slot 3 to Well E4 form septavialrev1_44_holder_2000ul on slot 3
2024-12-10 09:15:50,134:INFO:__main__:Washed mix syringe in wash solutions [Well B3 form 20mLscintillation 12 Well Plate 18000 µL on slot 5, Well B4 form 20mLscintillation 12 Well Plate 18000 µL on slot 5, Well C1 form 20mLscintillation 12 Well Plate 18000 µL on slot 5]
2024-12-10 09:16:31,704:INFO:__main__:Transferred 1700.0 uL from Well B8 form septavialrev1_44_holder_2000ul on slot 3 to Well E5 form septavialrev1_44_holder_2000ul on slot 3
2024-12-10 09:19:37,509:INFO:__main__:Washed mix syringe in wash solutions [Well B3 form 20mLscintillation 12 Well Plate 18000 µL on slot 5, Well B4 form 20mLscintillation 12 Well Plate 18000 µL on slot 5, Well C1 form 20mLscintillation 12 Well Plate 18000 µL on slot 5]
2024-12-10 09:20:18,959:INFO:__main__:Transferred 1700.0 uL from Well C1 form septavialrev1_44_holder_2000ul on slot 3 to Well E6 form septavialrev1_44_holder_2000ul on slot 3
2024-12-10 09:23:25,267:INFO:__main__:Washed mix syringe in wash solutions [Well B3 form 20mLscintillation 12 Well Plate 18000 µL on slot 5, Well B4 form 20mLscintillation 12 Well Plate 18000 µL on slot 5, Well C1 form 20mLscintillation 12 Well Plate 18000 µL on slot 5]
2024-12-10 09:24:07,024:INFO:__main__:Transferred 1700.0 uL from Well C2 form septavialrev1_44_holder_2000ul on slot 3 to Well E8 form septavialrev1_44_holder_2000ul on slot 3
2024-12-10 09:27:13,396:INFO:__main__:Washed mix syringe in wash solutions [Well B3 form 20mLscintillation 12 Well Plate 18000 µL on slot 5, Well B4 form 20mLscintillation 12 Well Plate 18000 µL on slot 5, Well C1 form 20mLscintillation 12 Well Plate 18000 µL on slot 5]
2024-12-10 09:27:49,350:INFO:__main__:Transferred 412.0 uL from Well C3 form septavialrev1_44_holder_2000ul on slot 3 to Well F1 form septavialrev1_44_holder_2000ul on slot 3
2024-12-10 09:30:55,898:INFO:__main__:Washed mix syringe in wash solutions [Well B3 form 20mLscintillation 12 Well Plate 18000 µL on slot 5, Well B4 form 20mLscintillation 12 Well Plate 18000 µL on slot 5, Well C1 form 20mLscintillation 12 Well Plate 18000 µL on slot 5]
2024-12-10 09:31:37,247:INFO:__main__:Transferred 1700.0 uL from Well C4 form septavialrev1_44_holder_2000ul on slot 3 to Well F2 form septavialrev1_44_holder_2000ul on slot 3
2024-12-10 09:34:44,127:INFO:__main__:Washed mix syringe in wash solutions [Well B3 form 20mLscintillation 12 Well Plate 18000 µL on slot 5, Well B4 form 20mLscintillation 12 Well Plate 18000 µL on slot 5, Well C1 form 20mLscintillation 12 Well Plate 18000 µL on slot 5]
2024-12-10 09:35:24,476:INFO:__main__:Transferred 1405.0 uL from Well C5 form septavialrev1_44_holder_2000ul on slot 3 to Well F3 form septavialrev1_44_holder_2000ul on slot 3
2024-12-10 09:38:31,127:INFO:__main__:Washed mix syringe in wash solutions [Well B3 form 20mLscintillation 12 Well Plate 18000 µL on slot 5, Well B4 form 20mLscintillation 12 Well Plate 18000 µL on slot 5, Well C1 form 20mLscintillation 12 Well Plate 18000 µL on slot 5]
2024-12-10 09:39:12,600:INFO:__main__:Transferred 1700.0 uL from Well C6 form septavialrev1_44_holder_2000ul on slot 3 to Well F4 form septavialrev1_44_holder_2000ul on slot 3
2024-12-10 09:42:19,423:INFO:__main__:Washed mix syringe in wash solutions [Well B3 form 20mLscintillation 12 Well Plate 18000 µL on slot 5, Well B4 form 20mLscintillation 12 Well Plate 18000 µL on slot 5, Well C1 form 20mLscintillation 12 Well Plate 18000 µL on slot 5]
