2024-12-16 14:56:25,758:INFO:stober_synthesis_utils:Dispensed 1486.209424585104 uL of ethanol_volume into Well A1 form septavialrev1_44_holder_2000ul on slot 2
2024-12-16 14:56:45,438:INFO:stober_synthesis_utils:Dispensed 1549.0131908096373 uL of ethanol_volume into Well A2 form septavialrev1_44_holder_2000ul on slot 2
2024-12-16 14:57:04,942:INFO:stober_synthesis_utils:Dispensed 1389.5888805389404 uL of ethanol_volume into Well A3 form septavialrev1_44_holder_2000ul on slot 2
2024-12-16 14:57:24,638:INFO:stober_synthesis_utils:Dispensed 1450.192959047854 uL of ethanol_volume into Well A4 form septavialrev1_44_holder_2000ul on slot 2
2024-12-16 14:57:24,638:INFO:stober_synthesis_utils:Refilling 10cc_1 with 8774.004454981536 uL from Well A4 form 20mLscintillation 12 Well Plate 18000 µL on slot 4
2024-12-16 14:58:10,931:INFO:stober_synthesis_utils:Dispensed 1419.4999904371798 uL of ethanol_volume into Well A5 form septavialrev1_44_holder_2000ul on slot 2
2024-12-16 14:58:29,969:INFO:stober_synthesis_utils:Dispensed 1181.4999799244106 uL of ethanol_volume into Well A6 form septavialrev1_44_holder_2000ul on slot 2
2024-12-16 14:58:49,470:INFO:stober_synthesis_utils:Dispensed 1359.9086795002222 uL of ethanol_volume into Well A7 form septavialrev1_44_holder_2000ul on slot 2
2024-12-16 14:59:09,436:INFO:stober_synthesis_utils:Dispensed 1581.9313960149884 uL of ethanol_volume into Well A8 form septavialrev1_44_holder_2000ul on slot 2
2024-12-16 14:59:29,796:INFO:stober_synthesis_utils:Dispensed 1326.9817680120468 uL of ethanol_volume into Well B1 form septavialrev1_44_holder_2000ul on slot 2
2024-12-16 14:59:49,102:INFO:stober_synthesis_utils:Dispensed 1264.1118869185448 uL of ethanol_volume into Well B3 form septavialrev1_44_holder_2000ul on slot 2
2024-12-16 15:00:08,246:INFO:stober_synthesis_utils:Dispensed 1254.7069419175386 uL of ethanol_volume into Well B4 form septavialrev1_44_holder_2000ul on slot 2
2024-12-16 15:00:08,246:INFO:stober_synthesis_utils:Refilling 10cc_1 with 9388.640642724931 uL from Well B1 form 20mLscintillation 12 Well Plate 18000 µL on slot 4
2024-12-16 15:00:55,024:INFO:stober_synthesis_utils:Dispensed 1273.423458263278 uL of ethanol_volume into Well B5 form septavialrev1_44_holder_2000ul on slot 2
2024-12-16 15:01:14,732:INFO:stober_synthesis_utils:Dispensed 1499.1203432902694 uL of ethanol_volume into Well B6 form septavialrev1_44_holder_2000ul on slot 2
2024-12-16 15:01:34,376:INFO:stober_synthesis_utils:Dispensed 1404.882068745792 uL of ethanol_volume into Well B8 form septavialrev1_44_holder_2000ul on slot 2
2024-12-16 15:01:55,034:INFO:stober_synthesis_utils:Dispensed 1510.097631253302 uL of ethanol_volume into Well C1 form septavialrev1_44_holder_2000ul on slot 2
2024-12-16 15:02:14,542:INFO:stober_synthesis_utils:Dispensed 1377.968847565353 uL of ethanol_volume into Well C2 form septavialrev1_44_holder_2000ul on slot 2
2024-12-16 15:02:33,899:INFO:stober_synthesis_utils:Dispensed 1300.2075908705592 uL of ethanol_volume into Well C3 form septavialrev1_44_holder_2000ul on slot 2
2024-12-16 15:02:53,077:INFO:stober_synthesis_utils:Dispensed 1259.3226745724678 uL of ethanol_volume into Well C4 form septavialrev1_44_holder_2000ul on slot 2
2024-12-16 15:02:53,077:INFO:stober_synthesis_utils:Refilling 10cc_1 with 9625.022614561021 uL from Well B2 form 20mLscintillation 12 Well Plate 18000 µL on slot 4
2024-12-16 15:03:40,863:INFO:stober_synthesis_utils:Dispensed 1487.5000015832484 uL of ethanol_volume into Well C5 form septavialrev1_44_holder_2000ul on slot 2
2024-12-16 15:04:00,193:INFO:stober_synthesis_utils:Dispensed 1292.9613828659058 uL of ethanol_volume into Well C6 form septavialrev1_44_holder_2000ul on slot 2
2024-12-16 15:04:33,629:INFO:stober_synthesis_utils:Dispensed 1419.4999904371798 uL of ethanol_volume into Well A1 form septavialrev1_44_holder_2000ul on slot 3
2024-12-16 15:04:53,212:INFO:stober_synthesis_utils:Dispensed 1444.9538840912282 uL of ethanol_volume into Well A2 form septavialrev1_44_holder_2000ul on slot 3
2024-12-16 15:05:12,955:INFO:stober_synthesis_utils:Dispensed 1472.249390091747 uL of ethanol_volume into Well A3 form septavialrev1_44_holder_2000ul on slot 3
2024-12-16 15:05:32,738:INFO:stober_synthesis_utils:Dispensed 1553.0000255443156 uL of ethanol_volume into Well A4 form septavialrev1_44_holder_2000ul on slot 3
2024-12-16 15:05:51,823:INFO:stober_synthesis_utils:Dispensed 1202.206006180495 uL of ethanol_volume into Well A5 form septavialrev1_44_holder_2000ul on slot 3
2024-12-16 15:05:51,823:INFO:stober_synthesis_utils:Refilling 10cc_1 with 9872.37068079412 uL from Well A1 form 20mLscintillation 12 Well Plate 18000 µL on slot 5
2024-12-16 15:06:40,565:INFO:stober_synthesis_utils:Dispensed 1530.4184848442674 uL of ethanol_volume into Well A6 form septavialrev1_44_holder_2000ul on slot 3
2024-12-16 15:06:59,764:INFO:stober_synthesis_utils:Dispensed 1226.84394903481 uL of ethanol_volume into Well A7 form septavialrev1_44_holder_2000ul on slot 3
2024-12-16 15:07:19,326:INFO:stober_synthesis_utils:Dispensed 1398.3312297612429 uL of ethanol_volume into Well A8 form septavialrev1_44_holder_2000ul on slot 3
2024-12-16 15:07:40,404:INFO:stober_synthesis_utils:Dispensed 1666.0000007599592 uL of ethanol_volume into Well B1 form septavialrev1_44_holder_2000ul on slot 3
2024-12-16 15:07:59,439:INFO:stober_synthesis_utils:Dispensed 1112.439048290253 uL of ethanol_volume into Well B3 form septavialrev1_44_holder_2000ul on slot 3
2024-12-16 15:08:19,032:INFO:stober_synthesis_utils:Dispensed 1372.601182758808 uL of ethanol_volume into Well B4 form septavialrev1_44_holder_2000ul on slot 3
2024-12-16 15:08:38,371:INFO:stober_synthesis_utils:Dispensed 1354.9784662202 uL of ethanol_volume into Well B5 form septavialrev1_44_holder_2000ul on slot 3
2024-12-16 15:08:38,371:INFO:stober_synthesis_utils:Refilling 10cc_1 with 9661.61236166954 uL from Well A2 form 20mLscintillation 12 Well Plate 18000 µL on slot 5
2024-12-16 15:09:26,081:INFO:stober_synthesis_utils:Dispensed 1265.4110625386238 uL of ethanol_volume into Well B6 form septavialrev1_44_holder_2000ul on slot 3
2024-12-16 15:09:46,029:INFO:stober_synthesis_utils:Dispensed 1558.269861433655 uL of ethanol_volume into Well B8 form septavialrev1_44_holder_2000ul on slot 3
2024-12-16 15:10:06,889:INFO:stober_synthesis_utils:Dispensed 1593.1962066330016 uL of ethanol_volume into Well C1 form septavialrev1_44_holder_2000ul on slot 3
2024-12-16 15:10:26,636:INFO:stober_synthesis_utils:Dispensed 1494.9347839690745 uL of ethanol_volume into Well C2 form septavialrev1_44_holder_2000ul on slot 3
2024-12-16 15:10:46,347:INFO:stober_synthesis_utils:Dispensed 1498.631258867681 uL of ethanol_volume into Well C3 form septavialrev1_44_holder_2000ul on slot 3
2024-12-16 15:11:05,561:INFO:stober_synthesis_utils:Dispensed 1320.49262188375 uL of ethanol_volume into Well C4 form septavialrev1_44_holder_2000ul on slot 3
2024-12-16 15:11:05,561:INFO:stober_synthesis_utils:Refilling 10cc_1 with 8730.935795325786 uL from Well A3 form 20mLscintillation 12 Well Plate 18000 µL on slot 5
2024-12-16 15:11:51,795:INFO:stober_synthesis_utils:Dispensed 1333.886109944433 uL of ethanol_volume into Well C5 form septavialrev1_44_holder_2000ul on slot 3
2024-12-16 15:12:11,009:INFO:stober_synthesis_utils:Dispensed 1320.6802336499095 uL of ethanol_volume into Well C6 form septavialrev1_44_holder_2000ul on slot 3
2024-12-16 15:12:48,147:INFO:__main__:Emptied ethanol syringe into trash
2024-12-16 15:13:19,862:INFO:stober_synthesis_utils:Dispensed 99.06954430043696 uL of water_volume into Well A1 form septavialrev1_44_holder_2000ul on slot 2
2024-12-16 15:13:33,661:INFO:stober_synthesis_utils:Dispensed 8.499999810010195 uL of water_volume into Well A2 form septavialrev1_44_holder_2000ul on slot 2
2024-12-16 15:13:48,688:INFO:stober_synthesis_utils:Dispensed 65.55108055472374 uL of water_volume into Well A3 form septavialrev1_44_holder_2000ul on slot 2
2024-12-16 15:14:05,473:INFO:stober_synthesis_utils:Dispensed 150.57978928089142 uL of water_volume into Well A4 form septavialrev1_44_holder_2000ul on slot 2
2024-12-16 15:14:24,401:INFO:stober_synthesis_utils:Dispensed 255.0000101327896 uL of water_volume into Well A5 form septavialrev1_44_holder_2000ul on slot 2
2024-12-16 15:14:24,401:INFO:stober_synthesis_utils:Refilling 1cc_1 with 837.7004240788519 uL from Well A3 form 20mLscintillation 12 Well Plate 18000 µL on slot 4
2024-12-16 15:15:08,808:INFO:stober_synthesis_utils:Dispensed 255.0000101327896 uL of water_volume into Well A6 form septavialrev1_44_holder_2000ul on slot 2
2024-12-16 15:15:25,032:INFO:stober_synthesis_utils:Dispensed 122.59931936860085 uL of water_volume into Well A7 form septavialrev1_44_holder_2000ul on slot 2
2024-12-16 15:15:39,438:INFO:stober_synthesis_utils:Dispensed 36.08959577977657 uL of water_volume into Well A8 form septavialrev1_44_holder_2000ul on slot 2
2024-12-16 15:15:57,277:INFO:stober_synthesis_utils:Dispensed 151.50807946920395 uL of water_volume into Well B1 form septavialrev1_44_holder_2000ul on slot 2
2024-12-16 15:16:12,415:INFO:stober_synthesis_utils:Dispensed 64.04935047030449 uL of water_volume into Well B3 form septavialrev1_44_holder_2000ul on slot 2
2024-12-16 15:16:29,148:INFO:stober_synthesis_utils:Dispensed 148.5387034714222 uL of water_volume into Well B4 form septavialrev1_44_holder_2000ul on slot 2
2024-12-16 15:16:45,719:INFO:stober_synthesis_utils:Dispensed 142.38826483488083 uL of water_volume into Well B5 form septavialrev1_44_holder_2000ul on slot 2
2024-12-16 15:16:45,719:INFO:stober_synthesis_utils:Refilling 1cc_1 with 920.1733235269785 uL from Well A3 form 20mLscintillation 12 Well Plate 18000 µL on slot 4
2024-12-16 15:17:28,875:INFO:stober_synthesis_utils:Dispensed 79.15922701358795 uL of water_volume into Well B6 form septavialrev1_44_holder_2000ul on slot 2
2024-12-16 15:17:45,985:INFO:stober_synthesis_utils:Dispensed 161.74264028668404 uL of water_volume into Well B8 form septavialrev1_44_holder_2000ul on slot 2
2024-12-16 15:18:03,374:INFO:stober_synthesis_utils:Dispensed 132.03863352537155 uL of water_volume into Well C1 form septavialrev1_44_holder_2000ul on slot 2
2024-12-16 15:18:22,233:INFO:stober_synthesis_utils:Dispensed 255.0000101327896 uL of water_volume into Well C2 form septavialrev1_44_holder_2000ul on slot 2
2024-12-16 15:18:41,139:INFO:stober_synthesis_utils:Dispensed 255.0000101327896 uL of water_volume into Well C3 form septavialrev1_44_holder_2000ul on slot 2
2024-12-16 15:18:41,139:INFO:stober_synthesis_utils:Refilling 1cc_1 with 882.9405210912228 uL from Well A3 form 20mLscintillation 12 Well Plate 18000 µL on slot 4
2024-12-16 15:19:26,269:INFO:stober_synthesis_utils:Dispensed 191.3283847272396 uL of water_volume into Well C4 form septavialrev1_44_holder_2000ul on slot 2
2024-12-16 15:19:40,052:INFO:stober_synthesis_utils:Dispensed 8.499999810010195 uL of water_volume into Well C5 form septavialrev1_44_holder_2000ul on slot 2
2024-12-16 15:19:55,694:INFO:stober_synthesis_utils:Dispensed 99.81743916869164 uL of water_volume into Well C6 form septavialrev1_44_holder_2000ul on slot 2
2024-12-16 15:20:29,777:INFO:stober_synthesis_utils:Dispensed 255.0000101327896 uL of water_volume into Well A1 form septavialrev1_44_holder_2000ul on slot 3
2024-12-16 15:20:46,149:INFO:stober_synthesis_utils:Dispensed 127.15497091412544 uL of water_volume into Well A2 form septavialrev1_44_holder_2000ul on slot 3
2024-12-16 15:20:59,946:INFO:stober_synthesis_utils:Dispensed 8.499999810010195 uL of water_volume into Well A3 form septavialrev1_44_holder_2000ul on slot 3
2024-12-16 15:21:13,742:INFO:stober_synthesis_utils:Dispensed 8.499999810010195 uL of water_volume into Well A4 form septavialrev1_44_holder_2000ul on slot 3
2024-12-16 15:21:32,251:INFO:stober_synthesis_utils:Dispensed 234.2939838767052 uL of water_volume into Well A5 form septavialrev1_44_holder_2000ul on slot 3
2024-12-16 15:21:32,251:INFO:stober_synthesis_utils:Refilling 1cc_1 with 933.094788249582 uL from Well A3 form 20mLscintillation 12 Well Plate 18000 µL on slot 4
2024-12-16 15:22:17,262:INFO:stober_synthesis_utils:Dispensed 98.94208014011384 uL of water_volume into Well A6 form septavialrev1_44_holder_2000ul on slot 3
2024-12-16 15:22:32,603:INFO:stober_synthesis_utils:Dispensed 79.71067242324352 uL of water_volume into Well A7 form septavialrev1_44_holder_2000ul on slot 3
2024-12-16 15:22:48,031:INFO:stober_synthesis_utils:Dispensed 85.40082909166813 uL of water_volume into Well A8 form septavialrev1_44_holder_2000ul on slot 3
2024-12-16 15:23:02,772:INFO:stober_synthesis_utils:Dispensed 8.499999810010195 uL of water_volume into Well B1 form septavialrev1_44_holder_2000ul on slot 3
2024-12-16 15:23:21,183:INFO:stober_synthesis_utils:Dispensed 223.8635689020157 uL of water_volume into Well B3 form septavialrev1_44_holder_2000ul on slot 3
2024-12-16 15:23:35,897:INFO:stober_synthesis_utils:Dispensed 51.52163803577423 uL of water_volume into Well B4 form septavialrev1_44_holder_2000ul on slot 3
2024-12-16 15:23:54,832:INFO:stober_synthesis_utils:Dispensed 255.0000101327896 uL of water_volume into Well B5 form septavialrev1_44_holder_2000ul on slot 3
2024-12-16 15:24:10,354:INFO:stober_synthesis_utils:Dispensed 90.78436121344566 uL of water_volume into Well B6 form septavialrev1_44_holder_2000ul on slot 3
2024-12-16 15:24:10,355:INFO:stober_synthesis_utils:Refilling 1cc_1 with 893.7231597490609 uL from Well A3 form 20mLscintillation 12 Well Plate 18000 µL on slot 4
2024-12-16 15:24:55,617:INFO:stober_synthesis_utils:Dispensed 116.2301391363144 uL of water_volume into Well B8 form septavialrev1_44_holder_2000ul on slot 3
2024-12-16 15:25:10,498:INFO:stober_synthesis_utils:Dispensed 8.499999810010195 uL of water_volume into Well C1 form septavialrev1_44_holder_2000ul on slot 3
2024-12-16 15:25:27,941:INFO:stober_synthesis_utils:Dispensed 179.56521660089493 uL of water_volume into Well C2 form septavialrev1_44_holder_2000ul on slot 3
2024-12-16 15:25:43,527:INFO:stober_synthesis_utils:Dispensed 95.0331348925829 uL of water_volume into Well C3 form septavialrev1_44_holder_2000ul on slot 3
2024-12-16 15:25:58,229:INFO:stober_synthesis_utils:Dispensed 50.99728517234325 uL of water_volume into Well C4 form septavialrev1_44_holder_2000ul on slot 3
2024-12-16 15:26:14,505:INFO:stober_synthesis_utils:Dispensed 123.33354130387306 uL of water_volume into Well C5 form septavialrev1_44_holder_2000ul on slot 3
2024-12-16 15:26:28,410:INFO:stober_synthesis_utils:Dispensed 11.43812406808138 uL of water_volume into Well C6 form septavialrev1_44_holder_2000ul on slot 3
2024-12-16 15:26:54,628:INFO:stober_synthesis_utils:Dispensed 29.156943783164024 uL of ammonia_volume into Well A1 form septavialrev1_44_holder_2000ul on slot 2
2024-12-16 15:27:06,988:INFO:stober_synthesis_utils:Dispensed 125.48680976033212 uL of ammonia_volume into Well A2 form septavialrev1_44_holder_2000ul on slot 2
2024-12-16 15:27:18,236:INFO:stober_synthesis_utils:Dispensed 81.4504787325859 uL of ammonia_volume into Well A3 form septavialrev1_44_holder_2000ul on slot 2
2024-12-16 15:27:29,646:INFO:stober_synthesis_utils:Dispensed 82.22725205123425 uL of ammonia_volume into Well A4 form septavialrev1_44_holder_2000ul on slot 2
2024-12-16 15:27:39,425:INFO:stober_synthesis_utils:Dispensed 8.499999810010195 uL of ammonia_volume into Well A5 form septavialrev1_44_holder_2000ul on slot 2
2024-12-16 15:27:49,244:INFO:stober_synthesis_utils:Dispensed 8.499999810010195 uL of ammonia_volume into Well A6 form septavialrev1_44_holder_2000ul on slot 2
2024-12-16 15:27:49,244:INFO:stober_synthesis_utils:Refilling 1cc_2 with 964.3214839473367 uL from Well A2 form 20mLscintillation 12 Well Plate 18000 µL on slot 4
2024-12-16 15:28:29,867:INFO:stober_synthesis_utils:Dispensed 103.90440486371516 uL of ammonia_volume into Well A7 form septavialrev1_44_holder_2000ul on slot 2
2024-12-16 15:28:39,824:INFO:stober_synthesis_utils:Dispensed 15.78525546938181 uL of ammonia_volume into Well A8 form septavialrev1_44_holder_2000ul on slot 2
2024-12-16 15:28:54,185:INFO:stober_synthesis_utils:Dispensed 182.08696395158768 uL of ammonia_volume into Well B1 form septavialrev1_44_holder_2000ul on slot 2
2024-12-16 15:29:06,937:INFO:stober_synthesis_utils:Dispensed 142.45039150118828 uL of ammonia_volume into Well B3 form septavialrev1_44_holder_2000ul on slot 2
2024-12-16 15:29:17,316:INFO:stober_synthesis_utils:Dispensed 41.75434447824955 uL of ammonia_volume into Well B4 form septavialrev1_44_holder_2000ul on slot 2
2024-12-16 15:29:27,596:INFO:stober_synthesis_utils:Dispensed 29.188266769051552 uL of ammonia_volume into Well B5 form septavialrev1_44_holder_2000ul on slot 2
2024-12-16 15:29:39,436:INFO:stober_synthesis_utils:Dispensed 104.72043007612228 uL of ammonia_volume into Well B6 form septavialrev1_44_holder_2000ul on slot 2
2024-12-16 15:29:51,672:INFO:stober_synthesis_utils:Dispensed 116.37529134750366 uL of ammonia_volume into Well B8 form septavialrev1_44_holder_2000ul on slot 2
2024-12-16 15:30:03,111:INFO:stober_synthesis_utils:Dispensed 40.86373560130596 uL of ammonia_volume into Well C1 form septavialrev1_44_holder_2000ul on slot 2
2024-12-16 15:30:13,815:INFO:stober_synthesis_utils:Dispensed 50.03114268183708 uL of ammonia_volume into Well C2 form septavialrev1_44_holder_2000ul on slot 2
2024-12-16 15:30:26,050:INFO:stober_synthesis_utils:Dispensed 127.79239937663078 uL of ammonia_volume into Well C3 form septavialrev1_44_holder_2000ul on slot 2
2024-12-16 15:30:26,051:INFO:stober_synthesis_utils:Refilling 1cc_2 with 954.9526261165738 uL from Well A2 form 20mLscintillation 12 Well Plate 18000 µL on slot 4
2024-12-16 15:31:07,852:INFO:stober_synthesis_utils:Dispensed 168.97442489862442 uL of ammonia_volume into Well C4 form septavialrev1_44_holder_2000ul on slot 2
2024-12-16 15:31:21,285:INFO:stober_synthesis_utils:Dispensed 186.99999898672104 uL of ammonia_volume into Well C5 form septavialrev1_44_holder_2000ul on slot 2
2024-12-16 15:31:33,602:INFO:stober_synthesis_utils:Dispensed 127.34297215938568 uL of ammonia_volume into Well C6 form septavialrev1_44_holder_2000ul on slot 2
2024-12-16 15:31:57,724:INFO:stober_synthesis_utils:Dispensed 8.499999810010195 uL of ammonia_volume into Well A1 form septavialrev1_44_holder_2000ul on slot 3
2024-12-16 15:32:07,739:INFO:stober_synthesis_utils:Dispensed 18.163508269935846 uL of ammonia_volume into Well A2 form septavialrev1_44_holder_2000ul on slot 3
2024-12-16 15:32:18,751:INFO:stober_synthesis_utils:Dispensed 62.7494465559721 uL of ammonia_volume into Well A3 form septavialrev1_44_holder_2000ul on slot 3
2024-12-16 15:32:30,863:INFO:stober_synthesis_utils:Dispensed 121.49997502565384 uL of ammonia_volume into Well A4 form septavialrev1_44_holder_2000ul on slot 3
2024-12-16 15:32:40,694:INFO:stober_synthesis_utils:Dispensed 8.499999810010195 uL of ammonia_volume into Well A5 form septavialrev1_44_holder_2000ul on slot 3
2024-12-16 15:32:51,598:INFO:stober_synthesis_utils:Dispensed 53.63943539559841 uL of ammonia_volume into Well A6 form septavialrev1_44_holder_2000ul on slot 3
2024-12-16 15:33:04,288:INFO:stober_synthesis_utils:Dispensed 145.1388105750084 uL of ammonia_volume into Well A7 form septavialrev1_44_holder_2000ul on slot 3
2024-12-16 15:33:04,289:INFO:stober_synthesis_utils:Refilling 1cc_2 with 901.5085714869201 uL from Well A2 form 20mLscintillation 12 Well Plate 18000 µL on slot 4
2024-12-16 15:33:46,612:INFO:stober_synthesis_utils:Dispensed 136.25272139906883 uL of ammonia_volume into Well A8 form septavialrev1_44_holder_2000ul on slot 3
2024-12-16 15:33:57,459:INFO:stober_synthesis_utils:Dispensed 8.499999810010195 uL of ammonia_volume into Well B1 form septavialrev1_44_holder_2000ul on slot 3
2024-12-16 15:34:10,174:INFO:stober_synthesis_utils:Dispensed 135.71420162916183 uL of ammonia_volume into Well B3 form septavialrev1_44_holder_2000ul on slot 3
2024-12-16 15:34:21,900:INFO:stober_synthesis_utils:Dispensed 97.69920483231544 uL of ammonia_volume into Well B4 form septavialrev1_44_holder_2000ul on slot 3
2024-12-16 15:34:33,113:INFO:stober_synthesis_utils:Dispensed 73.02152402698994 uL of ammonia_volume into Well B5 form septavialrev1_44_holder_2000ul on slot 3
2024-12-16 15:34:45,153:INFO:stober_synthesis_utils:Dispensed 118.33893731236458 uL of ammonia_volume into Well B6 form septavialrev1_44_holder_2000ul on slot 3
2024-12-16 15:34:55,060:INFO:stober_synthesis_utils:Dispensed 8.499999810010195 uL of ammonia_volume into Well B8 form septavialrev1_44_holder_2000ul on slot 3
2024-12-16 15:35:07,357:INFO:stober_synthesis_utils:Dispensed 81.30379393696785 uL of ammonia_volume into Well C1 form septavialrev1_44_holder_2000ul on slot 3
2024-12-16 15:35:17,108:INFO:stober_synthesis_utils:Dispensed 8.499999810010195 uL of ammonia_volume into Well C2 form septavialrev1_44_holder_2000ul on slot 3
2024-12-16 15:35:28,642:INFO:stober_synthesis_utils:Dispensed 89.33560661971569 uL of ammonia_volume into Well C3 form septavialrev1_44_holder_2000ul on slot 3
2024-12-16 15:35:39,908:INFO:stober_synthesis_utils:Dispensed 80.85250481963158 uL of ammonia_volume into Well C4 form septavialrev1_44_holder_2000ul on slot 3
2024-12-16 15:35:50,020:INFO:stober_synthesis_utils:Dispensed 24.737814161926508 uL of ammonia_volume into Well C5 form septavialrev1_44_holder_2000ul on slot 3
2024-12-16 15:36:02,073:INFO:stober_synthesis_utils:Dispensed 114.49396163225174 uL of ammonia_volume into Well C6 form septavialrev1_44_holder_2000ul on slot 3
2024-12-16 15:36:58,820:INFO:stober_synthesis_utils:Mixed well Well A1 form septavialrev1_44_holder_2000ul on slot 2 5 times, 2000 uL per cycle
2024-12-16 15:40:03,666:INFO:stober_synthesis_utils:Washed mix syringe in wash solutions [Well C2 form 20mLscintillation 12 Well Plate 18000 µL on slot 4, Well C3 form 20mLscintillation 12 Well Plate 18000 µL on slot 4, Well C4 form 20mLscintillation 12 Well Plate 18000 µL on slot 4]
2024-12-16 15:40:45,939:INFO:stober_synthesis_utils:Mixed well Well A2 form septavialrev1_44_holder_2000ul on slot 2 5 times, 2000 uL per cycle
2024-12-16 15:43:50,407:INFO:stober_synthesis_utils:Washed mix syringe in wash solutions [Well C2 form 20mLscintillation 12 Well Plate 18000 µL on slot 4, Well C3 form 20mLscintillation 12 Well Plate 18000 µL on slot 4, Well C4 form 20mLscintillation 12 Well Plate 18000 µL on slot 4]
2024-12-16 15:44:32,498:INFO:stober_synthesis_utils:Mixed well Well A3 form septavialrev1_44_holder_2000ul on slot 2 5 times, 2000 uL per cycle
2024-12-16 15:47:37,066:INFO:stober_synthesis_utils:Washed mix syringe in wash solutions [Well C2 form 20mLscintillation 12 Well Plate 18000 µL on slot 4, Well C3 form 20mLscintillation 12 Well Plate 18000 µL on slot 4, Well C4 form 20mLscintillation 12 Well Plate 18000 µL on slot 4]
2024-12-16 15:48:19,091:INFO:stober_synthesis_utils:Mixed well Well A4 form septavialrev1_44_holder_2000ul on slot 2 5 times, 2000 uL per cycle
2024-12-16 15:51:23,998:INFO:stober_synthesis_utils:Washed mix syringe in wash solutions [Well C2 form 20mLscintillation 12 Well Plate 18000 µL on slot 4, Well C3 form 20mLscintillation 12 Well Plate 18000 µL on slot 4, Well C4 form 20mLscintillation 12 Well Plate 18000 µL on slot 4]
2024-12-16 15:52:05,864:INFO:stober_synthesis_utils:Mixed well Well A5 form septavialrev1_44_holder_2000ul on slot 2 5 times, 2000 uL per cycle
2024-12-16 15:55:10,608:INFO:stober_synthesis_utils:Washed mix syringe in wash solutions [Well C2 form 20mLscintillation 12 Well Plate 18000 µL on slot 4, Well C3 form 20mLscintillation 12 Well Plate 18000 µL on slot 4, Well C4 form 20mLscintillation 12 Well Plate 18000 µL on slot 4]
2024-12-16 15:55:52,348:INFO:stober_synthesis_utils:Mixed well Well A6 form septavialrev1_44_holder_2000ul on slot 2 5 times, 2000 uL per cycle
2024-12-16 15:58:57,286:INFO:stober_synthesis_utils:Washed mix syringe in wash solutions [Well C2 form 20mLscintillation 12 Well Plate 18000 µL on slot 4, Well C3 form 20mLscintillation 12 Well Plate 18000 µL on slot 4, Well C4 form 20mLscintillation 12 Well Plate 18000 µL on slot 4]
2024-12-16 15:59:39,067:INFO:stober_synthesis_utils:Mixed well Well A7 form septavialrev1_44_holder_2000ul on slot 2 5 times, 2000 uL per cycle
2024-12-16 16:02:43,941:INFO:stober_synthesis_utils:Washed mix syringe in wash solutions [Well C2 form 20mLscintillation 12 Well Plate 18000 µL on slot 4, Well C3 form 20mLscintillation 12 Well Plate 18000 µL on slot 4, Well C4 form 20mLscintillation 12 Well Plate 18000 µL on slot 4]
2024-12-16 16:03:25,695:INFO:stober_synthesis_utils:Mixed well Well A8 form septavialrev1_44_holder_2000ul on slot 2 5 times, 2000 uL per cycle
2024-12-16 16:06:32,053:INFO:stober_synthesis_utils:Washed mix syringe in wash solutions [Well C2 form 20mLscintillation 12 Well Plate 18000 µL on slot 4, Well C3 form 20mLscintillation 12 Well Plate 18000 µL on slot 4, Well C4 form 20mLscintillation 12 Well Plate 18000 µL on slot 4]
2024-12-16 16:07:14,565:INFO:stober_synthesis_utils:Mixed well Well B1 form septavialrev1_44_holder_2000ul on slot 2 5 times, 2000 uL per cycle
2024-12-16 16:10:19,584:INFO:stober_synthesis_utils:Washed mix syringe in wash solutions [Well C2 form 20mLscintillation 12 Well Plate 18000 µL on slot 4, Well C3 form 20mLscintillation 12 Well Plate 18000 µL on slot 4, Well C4 form 20mLscintillation 12 Well Plate 18000 µL on slot 4]
2024-12-16 16:11:01,882:INFO:stober_synthesis_utils:Mixed well Well B3 form septavialrev1_44_holder_2000ul on slot 2 5 times, 2000 uL per cycle
2024-12-16 16:14:06,712:INFO:stober_synthesis_utils:Washed mix syringe in wash solutions [Well C2 form 20mLscintillation 12 Well Plate 18000 µL on slot 4, Well C3 form 20mLscintillation 12 Well Plate 18000 µL on slot 4, Well C4 form 20mLscintillation 12 Well Plate 18000 µL on slot 4]
2024-12-16 16:14:48,771:INFO:stober_synthesis_utils:Mixed well Well B4 form septavialrev1_44_holder_2000ul on slot 2 5 times, 2000 uL per cycle
2024-12-16 16:17:53,631:INFO:stober_synthesis_utils:Washed mix syringe in wash solutions [Well C2 form 20mLscintillation 12 Well Plate 18000 µL on slot 4, Well C3 form 20mLscintillation 12 Well Plate 18000 µL on slot 4, Well C4 form 20mLscintillation 12 Well Plate 18000 µL on slot 4]
2024-12-16 16:18:35,603:INFO:stober_synthesis_utils:Mixed well Well B5 form septavialrev1_44_holder_2000ul on slot 2 5 times, 2000 uL per cycle
2024-12-16 16:21:40,491:INFO:stober_synthesis_utils:Washed mix syringe in wash solutions [Well C2 form 20mLscintillation 12 Well Plate 18000 µL on slot 4, Well C3 form 20mLscintillation 12 Well Plate 18000 µL on slot 4, Well C4 form 20mLscintillation 12 Well Plate 18000 µL on slot 4]
2024-12-16 16:22:22,350:INFO:stober_synthesis_utils:Mixed well Well B6 form septavialrev1_44_holder_2000ul on slot 2 5 times, 2000 uL per cycle
2024-12-16 16:25:27,160:INFO:stober_synthesis_utils:Washed mix syringe in wash solutions [Well C2 form 20mLscintillation 12 Well Plate 18000 µL on slot 4, Well C3 form 20mLscintillation 12 Well Plate 18000 µL on slot 4, Well C4 form 20mLscintillation 12 Well Plate 18000 µL on slot 4]
2024-12-16 16:26:09,002:INFO:stober_synthesis_utils:Mixed well Well B8 form septavialrev1_44_holder_2000ul on slot 2 5 times, 2000 uL per cycle
2024-12-16 16:29:14,237:INFO:stober_synthesis_utils:Washed mix syringe in wash solutions [Well C2 form 20mLscintillation 12 Well Plate 18000 µL on slot 4, Well C3 form 20mLscintillation 12 Well Plate 18000 µL on slot 4, Well C4 form 20mLscintillation 12 Well Plate 18000 µL on slot 4]
2024-12-16 16:29:57,026:INFO:stober_synthesis_utils:Mixed well Well C1 form septavialrev1_44_holder_2000ul on slot 2 5 times, 2000 uL per cycle
2024-12-16 16:33:02,375:INFO:stober_synthesis_utils:Washed mix syringe in wash solutions [Well C2 form 20mLscintillation 12 Well Plate 18000 µL on slot 4, Well C3 form 20mLscintillation 12 Well Plate 18000 µL on slot 4, Well C4 form 20mLscintillation 12 Well Plate 18000 µL on slot 4]
2024-12-16 16:33:44,881:INFO:stober_synthesis_utils:Mixed well Well C2 form septavialrev1_44_holder_2000ul on slot 2 5 times, 2000 uL per cycle
2024-12-16 16:36:49,904:INFO:stober_synthesis_utils:Washed mix syringe in wash solutions [Well C2 form 20mLscintillation 12 Well Plate 18000 µL on slot 4, Well C3 form 20mLscintillation 12 Well Plate 18000 µL on slot 4, Well C4 form 20mLscintillation 12 Well Plate 18000 µL on slot 4]
2024-12-16 16:37:32,236:INFO:stober_synthesis_utils:Mixed well Well C3 form septavialrev1_44_holder_2000ul on slot 2 5 times, 2000 uL per cycle
2024-12-16 16:40:37,194:INFO:stober_synthesis_utils:Washed mix syringe in wash solutions [Well C2 form 20mLscintillation 12 Well Plate 18000 µL on slot 4, Well C3 form 20mLscintillation 12 Well Plate 18000 µL on slot 4, Well C4 form 20mLscintillation 12 Well Plate 18000 µL on slot 4]
2024-12-16 16:41:19,536:INFO:stober_synthesis_utils:Mixed well Well C4 form septavialrev1_44_holder_2000ul on slot 2 5 times, 2000 uL per cycle
2024-12-16 16:44:24,455:INFO:stober_synthesis_utils:Washed mix syringe in wash solutions [Well C2 form 20mLscintillation 12 Well Plate 18000 µL on slot 4, Well C3 form 20mLscintillation 12 Well Plate 18000 µL on slot 4, Well C4 form 20mLscintillation 12 Well Plate 18000 µL on slot 4]
2024-12-16 16:45:06,528:INFO:stober_synthesis_utils:Mixed well Well C5 form septavialrev1_44_holder_2000ul on slot 2 5 times, 2000 uL per cycle
2024-12-16 16:48:11,514:INFO:stober_synthesis_utils:Washed mix syringe in wash solutions [Well C2 form 20mLscintillation 12 Well Plate 18000 µL on slot 4, Well C3 form 20mLscintillation 12 Well Plate 18000 µL on slot 4, Well C4 form 20mLscintillation 12 Well Plate 18000 µL on slot 4]
2024-12-16 16:48:53,490:INFO:stober_synthesis_utils:Mixed well Well C6 form septavialrev1_44_holder_2000ul on slot 2 5 times, 2000 uL per cycle
2024-12-16 16:51:58,638:INFO:stober_synthesis_utils:Washed mix syringe in wash solutions [Well C2 form 20mLscintillation 12 Well Plate 18000 µL on slot 4, Well C3 form 20mLscintillation 12 Well Plate 18000 µL on slot 4, Well C4 form 20mLscintillation 12 Well Plate 18000 µL on slot 4]
2024-12-16 16:52:53,638:INFO:stober_synthesis_utils:Mixed well Well A1 form septavialrev1_44_holder_2000ul on slot 3 5 times, 2000 uL per cycle
2024-12-16 16:55:59,726:INFO:stober_synthesis_utils:Washed mix syringe in wash solutions [Well B3 form 20mLscintillation 12 Well Plate 18000 µL on slot 5, Well B4 form 20mLscintillation 12 Well Plate 18000 µL on slot 5, Well C1 form 20mLscintillation 12 Well Plate 18000 µL on slot 5]
2024-12-16 16:56:41,438:INFO:stober_synthesis_utils:Mixed well Well A2 form septavialrev1_44_holder_2000ul on slot 3 5 times, 2000 uL per cycle
2024-12-16 16:59:47,473:INFO:stober_synthesis_utils:Washed mix syringe in wash solutions [Well B3 form 20mLscintillation 12 Well Plate 18000 µL on slot 5, Well B4 form 20mLscintillation 12 Well Plate 18000 µL on slot 5, Well C1 form 20mLscintillation 12 Well Plate 18000 µL on slot 5]
2024-12-16 17:00:29,294:INFO:stober_synthesis_utils:Mixed well Well A3 form septavialrev1_44_holder_2000ul on slot 3 5 times, 2000 uL per cycle
2024-12-16 17:03:34,963:INFO:stober_synthesis_utils:Washed mix syringe in wash solutions [Well B3 form 20mLscintillation 12 Well Plate 18000 µL on slot 5, Well B4 form 20mLscintillation 12 Well Plate 18000 µL on slot 5, Well C1 form 20mLscintillation 12 Well Plate 18000 µL on slot 5]
2024-12-16 17:04:16,832:INFO:stober_synthesis_utils:Mixed well Well A4 form septavialrev1_44_holder_2000ul on slot 3 5 times, 2000 uL per cycle
2024-12-16 17:07:22,572:INFO:stober_synthesis_utils:Washed mix syringe in wash solutions [Well B3 form 20mLscintillation 12 Well Plate 18000 µL on slot 5, Well B4 form 20mLscintillation 12 Well Plate 18000 µL on slot 5, Well C1 form 20mLscintillation 12 Well Plate 18000 µL on slot 5]
2024-12-16 17:08:04,555:INFO:stober_synthesis_utils:Mixed well Well A5 form septavialrev1_44_holder_2000ul on slot 3 5 times, 2000 uL per cycle
2024-12-16 17:11:10,255:INFO:stober_synthesis_utils:Washed mix syringe in wash solutions [Well B3 form 20mLscintillation 12 Well Plate 18000 µL on slot 5, Well B4 form 20mLscintillation 12 Well Plate 18000 µL on slot 5, Well C1 form 20mLscintillation 12 Well Plate 18000 µL on slot 5]
2024-12-16 17:11:52,373:INFO:stober_synthesis_utils:Mixed well Well A6 form septavialrev1_44_holder_2000ul on slot 3 5 times, 2000 uL per cycle
2024-12-16 17:14:58,029:INFO:stober_synthesis_utils:Washed mix syringe in wash solutions [Well B3 form 20mLscintillation 12 Well Plate 18000 µL on slot 5, Well B4 form 20mLscintillation 12 Well Plate 18000 µL on slot 5, Well C1 form 20mLscintillation 12 Well Plate 18000 µL on slot 5]
2024-12-16 17:15:40,314:INFO:stober_synthesis_utils:Mixed well Well A7 form septavialrev1_44_holder_2000ul on slot 3 5 times, 2000 uL per cycle
2024-12-16 17:18:46,052:INFO:stober_synthesis_utils:Washed mix syringe in wash solutions [Well B3 form 20mLscintillation 12 Well Plate 18000 µL on slot 5, Well B4 form 20mLscintillation 12 Well Plate 18000 µL on slot 5, Well C1 form 20mLscintillation 12 Well Plate 18000 µL on slot 5]
2024-12-16 17:19:28,591:INFO:stober_synthesis_utils:Mixed well Well A8 form septavialrev1_44_holder_2000ul on slot 3 5 times, 2000 uL per cycle
2024-12-16 17:22:34,461:INFO:stober_synthesis_utils:Washed mix syringe in wash solutions [Well B3 form 20mLscintillation 12 Well Plate 18000 µL on slot 5, Well B4 form 20mLscintillation 12 Well Plate 18000 µL on slot 5, Well C1 form 20mLscintillation 12 Well Plate 18000 µL on slot 5]
2024-12-16 17:23:16,351:INFO:stober_synthesis_utils:Mixed well Well B1 form septavialrev1_44_holder_2000ul on slot 3 5 times, 2000 uL per cycle
2024-12-16 17:26:22,566:INFO:stober_synthesis_utils:Washed mix syringe in wash solutions [Well B3 form 20mLscintillation 12 Well Plate 18000 µL on slot 5, Well B4 form 20mLscintillation 12 Well Plate 18000 µL on slot 5, Well C1 form 20mLscintillation 12 Well Plate 18000 µL on slot 5]
2024-12-16 17:27:04,437:INFO:stober_synthesis_utils:Mixed well Well B3 form septavialrev1_44_holder_2000ul on slot 3 5 times, 2000 uL per cycle
2024-12-16 17:30:10,348:INFO:stober_synthesis_utils:Washed mix syringe in wash solutions [Well B3 form 20mLscintillation 12 Well Plate 18000 µL on slot 5, Well B4 form 20mLscintillation 12 Well Plate 18000 µL on slot 5, Well C1 form 20mLscintillation 12 Well Plate 18000 µL on slot 5]
2024-12-16 17:30:52,388:INFO:stober_synthesis_utils:Mixed well Well B4 form septavialrev1_44_holder_2000ul on slot 3 5 times, 2000 uL per cycle
2024-12-16 17:33:58,282:INFO:stober_synthesis_utils:Washed mix syringe in wash solutions [Well B3 form 20mLscintillation 12 Well Plate 18000 µL on slot 5, Well B4 form 20mLscintillation 12 Well Plate 18000 µL on slot 5, Well C1 form 20mLscintillation 12 Well Plate 18000 µL on slot 5]
2024-12-16 17:34:40,394:INFO:stober_synthesis_utils:Mixed well Well B5 form septavialrev1_44_holder_2000ul on slot 3 5 times, 2000 uL per cycle
2024-12-16 17:37:46,047:INFO:stober_synthesis_utils:Washed mix syringe in wash solutions [Well B3 form 20mLscintillation 12 Well Plate 18000 µL on slot 5, Well B4 form 20mLscintillation 12 Well Plate 18000 µL on slot 5, Well C1 form 20mLscintillation 12 Well Plate 18000 µL on slot 5]
2024-12-16 17:38:28,294:INFO:stober_synthesis_utils:Mixed well Well B6 form septavialrev1_44_holder_2000ul on slot 3 5 times, 2000 uL per cycle
2024-12-16 17:41:33,950:INFO:stober_synthesis_utils:Washed mix syringe in wash solutions [Well B3 form 20mLscintillation 12 Well Plate 18000 µL on slot 5, Well B4 form 20mLscintillation 12 Well Plate 18000 µL on slot 5, Well C1 form 20mLscintillation 12 Well Plate 18000 µL on slot 5]
2024-12-16 17:42:16,469:INFO:stober_synthesis_utils:Mixed well Well B8 form septavialrev1_44_holder_2000ul on slot 3 5 times, 2000 uL per cycle
2024-12-16 17:45:22,383:INFO:stober_synthesis_utils:Washed mix syringe in wash solutions [Well B3 form 20mLscintillation 12 Well Plate 18000 µL on slot 5, Well B4 form 20mLscintillation 12 Well Plate 18000 µL on slot 5, Well C1 form 20mLscintillation 12 Well Plate 18000 µL on slot 5]
2024-12-16 17:46:04,338:INFO:stober_synthesis_utils:Mixed well Well C1 form septavialrev1_44_holder_2000ul on slot 3 5 times, 2000 uL per cycle
2024-12-16 17:49:10,503:INFO:stober_synthesis_utils:Washed mix syringe in wash solutions [Well B3 form 20mLscintillation 12 Well Plate 18000 µL on slot 5, Well B4 form 20mLscintillation 12 Well Plate 18000 µL on slot 5, Well C1 form 20mLscintillation 12 Well Plate 18000 µL on slot 5]
2024-12-16 17:49:52,454:INFO:stober_synthesis_utils:Mixed well Well C2 form septavialrev1_44_holder_2000ul on slot 3 5 times, 2000 uL per cycle
2024-12-16 17:52:58,581:INFO:stober_synthesis_utils:Washed mix syringe in wash solutions [Well B3 form 20mLscintillation 12 Well Plate 18000 µL on slot 5, Well B4 form 20mLscintillation 12 Well Plate 18000 µL on slot 5, Well C1 form 20mLscintillation 12 Well Plate 18000 µL on slot 5]
2024-12-16 17:53:40,589:INFO:stober_synthesis_utils:Mixed well Well C3 form septavialrev1_44_holder_2000ul on slot 3 5 times, 2000 uL per cycle
2024-12-16 17:56:46,478:INFO:stober_synthesis_utils:Washed mix syringe in wash solutions [Well B3 form 20mLscintillation 12 Well Plate 18000 µL on slot 5, Well B4 form 20mLscintillation 12 Well Plate 18000 µL on slot 5, Well C1 form 20mLscintillation 12 Well Plate 18000 µL on slot 5]
2024-12-16 17:57:28,558:INFO:stober_synthesis_utils:Mixed well Well C4 form septavialrev1_44_holder_2000ul on slot 3 5 times, 2000 uL per cycle
2024-12-16 18:00:34,501:INFO:stober_synthesis_utils:Washed mix syringe in wash solutions [Well B3 form 20mLscintillation 12 Well Plate 18000 µL on slot 5, Well B4 form 20mLscintillation 12 Well Plate 18000 µL on slot 5, Well C1 form 20mLscintillation 12 Well Plate 18000 µL on slot 5]
2024-12-16 18:01:16,819:INFO:stober_synthesis_utils:Mixed well Well C5 form septavialrev1_44_holder_2000ul on slot 3 5 times, 2000 uL per cycle
2024-12-16 18:04:22,786:INFO:stober_synthesis_utils:Washed mix syringe in wash solutions [Well B3 form 20mLscintillation 12 Well Plate 18000 µL on slot 5, Well B4 form 20mLscintillation 12 Well Plate 18000 µL on slot 5, Well C1 form 20mLscintillation 12 Well Plate 18000 µL on slot 5]
2024-12-16 18:05:05,070:INFO:stober_synthesis_utils:Mixed well Well C6 form septavialrev1_44_holder_2000ul on slot 3 5 times, 2000 uL per cycle
2024-12-16 18:08:10,953:INFO:stober_synthesis_utils:Washed mix syringe in wash solutions [Well B3 form 20mLscintillation 12 Well Plate 18000 µL on slot 5, Well B4 form 20mLscintillation 12 Well Plate 18000 µL on slot 5, Well C1 form 20mLscintillation 12 Well Plate 18000 µL on slot 5]
2024-12-16 18:08:37,928:INFO:stober_synthesis_utils:Dispensed 85.56408733129501 uL of teos_volume into Well A1 form septavialrev1_44_holder_2000ul on slot 2
2024-12-16 18:09:35,110:INFO:stober_synthesis_utils:Mixed well Well A1 form septavialrev1_44_holder_2000ul on slot 2 5 times, 2000 uL per cycle
2024-12-16 18:12:39,986:INFO:stober_synthesis_utils:Washed mix syringe in wash solutions [Well C2 form 20mLscintillation 12 Well Plate 18000 µL on slot 4, Well C3 form 20mLscintillation 12 Well Plate 18000 µL on slot 4, Well C4 form 20mLscintillation 12 Well Plate 18000 µL on slot 4]
2024-12-16 18:13:05,116:INFO:stober_synthesis_utils:Dispensed 16.99999962002039 uL of teos_volume into Well A2 form septavialrev1_44_holder_2000ul on slot 2
2024-12-16 18:14:01,849:INFO:stober_synthesis_utils:Mixed well Well A2 form septavialrev1_44_holder_2000ul on slot 2 5 times, 2000 uL per cycle
2024-12-16 18:17:06,612:INFO:stober_synthesis_utils:Washed mix syringe in wash solutions [Well C2 form 20mLscintillation 12 Well Plate 18000 µL on slot 4, Well C3 form 20mLscintillation 12 Well Plate 18000 µL on slot 4, Well C4 form 20mLscintillation 12 Well Plate 18000 µL on slot 4]
2024-12-16 18:17:34,525:INFO:stober_synthesis_utils:Dispensed 163.40956017374992 uL of teos_volume into Well A3 form septavialrev1_44_holder_2000ul on slot 2
2024-12-16 18:18:31,507:INFO:stober_synthesis_utils:Mixed well Well A3 form septavialrev1_44_holder_2000ul on slot 2 5 times, 2000 uL per cycle
2024-12-16 18:21:36,318:INFO:stober_synthesis_utils:Washed mix syringe in wash solutions [Well C2 form 20mLscintillation 12 Well Plate 18000 µL on slot 4, Well C3 form 20mLscintillation 12 Well Plate 18000 µL on slot 4, Well C4 form 20mLscintillation 12 Well Plate 18000 µL on slot 4]
2024-12-16 18:22:01,059:INFO:stober_synthesis_utils:Dispensed 16.99999962002039 uL of teos_volume into Well A4 form septavialrev1_44_holder_2000ul on slot 2
2024-12-16 18:22:58,022:INFO:stober_synthesis_utils:Mixed well Well A4 form septavialrev1_44_holder_2000ul on slot 2 5 times, 2000 uL per cycle
2024-12-16 18:26:02,985:INFO:stober_synthesis_utils:Washed mix syringe in wash solutions [Well C2 form 20mLscintillation 12 Well Plate 18000 µL on slot 4, Well C3 form 20mLscintillation 12 Well Plate 18000 µL on slot 4, Well C4 form 20mLscintillation 12 Well Plate 18000 µL on slot 4]
2024-12-16 18:26:27,783:INFO:stober_synthesis_utils:Dispensed 16.99999962002039 uL of teos_volume into Well A5 form septavialrev1_44_holder_2000ul on slot 2
2024-12-16 18:27:24,783:INFO:stober_synthesis_utils:Mixed well Well A5 form septavialrev1_44_holder_2000ul on slot 2 5 times, 2000 uL per cycle
2024-12-16 18:30:29,630:INFO:stober_synthesis_utils:Washed mix syringe in wash solutions [Well C2 form 20mLscintillation 12 Well Plate 18000 µL on slot 4, Well C3 form 20mLscintillation 12 Well Plate 18000 µL on slot 4, Well C4 form 20mLscintillation 12 Well Plate 18000 µL on slot 4]
2024-12-16 18:30:58,943:INFO:stober_synthesis_utils:Dispensed 255.0000101327896 uL of teos_volume into Well A6 form septavialrev1_44_holder_2000ul on slot 2
2024-12-16 18:31:56,112:INFO:stober_synthesis_utils:Mixed well Well A6 form septavialrev1_44_holder_2000ul on slot 2 5 times, 2000 uL per cycle
2024-12-16 18:35:01,035:INFO:stober_synthesis_utils:Washed mix syringe in wash solutions [Well C2 form 20mLscintillation 12 Well Plate 18000 µL on slot 4, Well C3 form 20mLscintillation 12 Well Plate 18000 µL on slot 4, Well C4 form 20mLscintillation 12 Well Plate 18000 µL on slot 4]
2024-12-16 18:35:27,535:INFO:stober_synthesis_utils:Dispensed 113.58759626746178 uL of teos_volume into Well A7 form septavialrev1_44_holder_2000ul on slot 2
2024-12-16 18:36:24,575:INFO:stober_synthesis_utils:Mixed well Well A7 form septavialrev1_44_holder_2000ul on slot 2 5 times, 2000 uL per cycle
2024-12-16 18:39:29,664:INFO:stober_synthesis_utils:Washed mix syringe in wash solutions [Well C2 form 20mLscintillation 12 Well Plate 18000 µL on slot 4, Well C3 form 20mLscintillation 12 Well Plate 18000 µL on slot 4, Well C4 form 20mLscintillation 12 Well Plate 18000 µL on slot 4]
2024-12-16 18:39:43,751:INFO:stober_synthesis_utils:Refilling 1cc_3 with 977.5612527653575 uL from Well A1 form 20mLscintillation 12 Well Plate 18000 µL on slot 4
2024-12-16 18:40:23,625:INFO:stober_synthesis_utils:Dispensed 66.1937527358532 uL of teos_volume into Well A8 form septavialrev1_44_holder_2000ul on slot 2
2024-12-16 18:41:20,731:INFO:stober_synthesis_utils:Mixed well Well A8 form septavialrev1_44_holder_2000ul on slot 2 5 times, 2000 uL per cycle
2024-12-16 18:44:25,960:INFO:stober_synthesis_utils:Washed mix syringe in wash solutions [Well C2 form 20mLscintillation 12 Well Plate 18000 µL on slot 4, Well C3 form 20mLscintillation 12 Well Plate 18000 µL on slot 4, Well C4 form 20mLscintillation 12 Well Plate 18000 µL on slot 4]
2024-12-16 18:44:51,884:INFO:stober_synthesis_utils:Dispensed 39.42318856716156 uL of teos_volume into Well B1 form septavialrev1_44_holder_2000ul on slot 2
2024-12-16 18:45:49,216:INFO:stober_synthesis_utils:Mixed well Well B1 form septavialrev1_44_holder_2000ul on slot 2 5 times, 2000 uL per cycle
2024-12-16 18:48:54,142:INFO:stober_synthesis_utils:Washed mix syringe in wash solutions [Well C2 form 20mLscintillation 12 Well Plate 18000 µL on slot 4, Well C3 form 20mLscintillation 12 Well Plate 18000 µL on slot 4, Well C4 form 20mLscintillation 12 Well Plate 18000 µL on slot 4]
2024-12-16 18:49:23,514:INFO:stober_synthesis_utils:Dispensed 229.3883711099625 uL of teos_volume into Well B3 form septavialrev1_44_holder_2000ul on slot 2
2024-12-16 18:50:20,427:INFO:stober_synthesis_utils:Mixed well Well B3 form septavialrev1_44_holder_2000ul on slot 2 5 times, 2000 uL per cycle
2024-12-16 18:53:25,332:INFO:stober_synthesis_utils:Washed mix syringe in wash solutions [Well C2 form 20mLscintillation 12 Well Plate 18000 µL on slot 4, Well C3 form 20mLscintillation 12 Well Plate 18000 µL on slot 4, Well C4 form 20mLscintillation 12 Well Plate 18000 µL on slot 4]
2024-12-16 18:53:55,231:INFO:stober_synthesis_utils:Dispensed 255.0000101327896 uL of teos_volume into Well B4 form septavialrev1_44_holder_2000ul on slot 2
2024-12-16 18:54:52,387:INFO:stober_synthesis_utils:Mixed well Well B4 form septavialrev1_44_holder_2000ul on slot 2 5 times, 2000 uL per cycle
2024-12-16 18:57:57,363:INFO:stober_synthesis_utils:Washed mix syringe in wash solutions [Well C2 form 20mLscintillation 12 Well Plate 18000 µL on slot 4, Well C3 form 20mLscintillation 12 Well Plate 18000 µL on slot 4, Well C4 form 20mLscintillation 12 Well Plate 18000 µL on slot 4]
2024-12-16 18:58:27,054:INFO:stober_synthesis_utils:Dispensed 255.0000101327896 uL of teos_volume into Well B5 form septavialrev1_44_holder_2000ul on slot 2
2024-12-16 18:59:24,225:INFO:stober_synthesis_utils:Mixed well Well B5 form septavialrev1_44_holder_2000ul on slot 2 5 times, 2000 uL per cycle
2024-12-16 19:02:29,064:INFO:stober_synthesis_utils:Washed mix syringe in wash solutions [Well C2 form 20mLscintillation 12 Well Plate 18000 µL on slot 4, Well C3 form 20mLscintillation 12 Well Plate 18000 µL on slot 4, Well C4 form 20mLscintillation 12 Well Plate 18000 µL on slot 4]
2024-12-16 19:02:53,796:INFO:stober_synthesis_utils:Dispensed 16.99999962002039 uL of teos_volume into Well B6 form septavialrev1_44_holder_2000ul on slot 2
2024-12-16 19:03:50,951:INFO:stober_synthesis_utils:Mixed well Well B6 form septavialrev1_44_holder_2000ul on slot 2 5 times, 2000 uL per cycle
2024-12-16 19:06:56,017:INFO:stober_synthesis_utils:Washed mix syringe in wash solutions [Well C2 form 20mLscintillation 12 Well Plate 18000 µL on slot 4, Well C3 form 20mLscintillation 12 Well Plate 18000 µL on slot 4, Well C4 form 20mLscintillation 12 Well Plate 18000 µL on slot 4]
2024-12-16 19:07:20,513:INFO:stober_synthesis_utils:Dispensed 16.99999962002039 uL of teos_volume into Well B8 form septavialrev1_44_holder_2000ul on slot 2
2024-12-16 19:08:17,653:INFO:stober_synthesis_utils:Mixed well Well B8 form septavialrev1_44_holder_2000ul on slot 2 5 times, 2000 uL per cycle
2024-12-16 19:11:22,904:INFO:stober_synthesis_utils:Washed mix syringe in wash solutions [Well C2 form 20mLscintillation 12 Well Plate 18000 µL on slot 4, Well C3 form 20mLscintillation 12 Well Plate 18000 µL on slot 4, Well C4 form 20mLscintillation 12 Well Plate 18000 µL on slot 4]
2024-12-16 19:11:48,229:INFO:stober_synthesis_utils:Dispensed 16.99999962002039 uL of teos_volume into Well C1 form septavialrev1_44_holder_2000ul on slot 2
2024-12-16 19:12:45,480:INFO:stober_synthesis_utils:Mixed well Well C1 form septavialrev1_44_holder_2000ul on slot 2 5 times, 2000 uL per cycle
2024-12-16 19:15:50,596:INFO:stober_synthesis_utils:Washed mix syringe in wash solutions [Well C2 form 20mLscintillation 12 Well Plate 18000 µL on slot 4, Well C3 form 20mLscintillation 12 Well Plate 18000 µL on slot 4, Well C4 form 20mLscintillation 12 Well Plate 18000 µL on slot 4]
2024-12-16 19:16:15,843:INFO:stober_synthesis_utils:Dispensed 16.99999962002039 uL of teos_volume into Well C2 form septavialrev1_44_holder_2000ul on slot 2
2024-12-16 19:17:13,154:INFO:stober_synthesis_utils:Mixed well Well C2 form septavialrev1_44_holder_2000ul on slot 2 5 times, 2000 uL per cycle
2024-12-16 19:20:18,401:INFO:stober_synthesis_utils:Washed mix syringe in wash solutions [Well C2 form 20mLscintillation 12 Well Plate 18000 µL on slot 4, Well C3 form 20mLscintillation 12 Well Plate 18000 µL on slot 4, Well C4 form 20mLscintillation 12 Well Plate 18000 µL on slot 4]
2024-12-16 19:20:43,595:INFO:stober_synthesis_utils:Dispensed 16.99999962002039 uL of teos_volume into Well C3 form septavialrev1_44_holder_2000ul on slot 2
2024-12-16 19:21:41,104:INFO:stober_synthesis_utils:Mixed well Well C3 form septavialrev1_44_holder_2000ul on slot 2 5 times, 2000 uL per cycle
2024-12-16 19:24:46,014:INFO:stober_synthesis_utils:Washed mix syringe in wash solutions [Well C2 form 20mLscintillation 12 Well Plate 18000 µL on slot 4, Well C3 form 20mLscintillation 12 Well Plate 18000 µL on slot 4, Well C4 form 20mLscintillation 12 Well Plate 18000 µL on slot 4]
2024-12-16 19:25:00,136:INFO:stober_synthesis_utils:Refilling 1cc_3 with 930.0053307786584 uL from Well A1 form 20mLscintillation 12 Well Plate 18000 µL on slot 4
2024-12-16 19:25:39,180:INFO:stober_synthesis_utils:Dispensed 80.37451580166817 uL of teos_volume into Well C4 form septavialrev1_44_holder_2000ul on slot 2
2024-12-16 19:26:36,370:INFO:stober_synthesis_utils:Mixed well Well C4 form septavialrev1_44_holder_2000ul on slot 2 5 times, 2000 uL per cycle
2024-12-16 19:29:41,426:INFO:stober_synthesis_utils:Washed mix syringe in wash solutions [Well C2 form 20mLscintillation 12 Well Plate 18000 µL on slot 4, Well C3 form 20mLscintillation 12 Well Plate 18000 µL on slot 4, Well C4 form 20mLscintillation 12 Well Plate 18000 µL on slot 4]
2024-12-16 19:30:06,340:INFO:stober_synthesis_utils:Dispensed 16.99999962002039 uL of teos_volume into Well C5 form septavialrev1_44_holder_2000ul on slot 2
2024-12-16 19:31:03,553:INFO:stober_synthesis_utils:Mixed well Well C5 form septavialrev1_44_holder_2000ul on slot 2 5 times, 2000 uL per cycle
2024-12-16 19:34:08,466:INFO:stober_synthesis_utils:Washed mix syringe in wash solutions [Well C2 form 20mLscintillation 12 Well Plate 18000 µL on slot 4, Well C3 form 20mLscintillation 12 Well Plate 18000 µL on slot 4, Well C4 form 20mLscintillation 12 Well Plate 18000 µL on slot 4]
2024-12-16 19:34:36,603:INFO:stober_synthesis_utils:Dispensed 179.87820580601692 uL of teos_volume into Well C6 form septavialrev1_44_holder_2000ul on slot 2
2024-12-16 19:35:33,957:INFO:stober_synthesis_utils:Mixed well Well C6 form septavialrev1_44_holder_2000ul on slot 2 5 times, 2000 uL per cycle
2024-12-16 19:38:38,891:INFO:stober_synthesis_utils:Washed mix syringe in wash solutions [Well C2 form 20mLscintillation 12 Well Plate 18000 µL on slot 4, Well C3 form 20mLscintillation 12 Well Plate 18000 µL on slot 4, Well C4 form 20mLscintillation 12 Well Plate 18000 µL on slot 4]
2024-12-16 19:39:10,328:INFO:stober_synthesis_utils:Dispensed 16.99999962002039 uL of teos_volume into Well A1 form septavialrev1_44_holder_2000ul on slot 3
2024-12-16 19:40:07,642:INFO:stober_synthesis_utils:Mixed well Well A1 form septavialrev1_44_holder_2000ul on slot 3 5 times, 2000 uL per cycle
2024-12-16 19:43:13,447:INFO:stober_synthesis_utils:Washed mix syringe in wash solutions [Well B3 form 20mLscintillation 12 Well Plate 18000 µL on slot 5, Well B4 form 20mLscintillation 12 Well Plate 18000 µL on slot 5, Well C1 form 20mLscintillation 12 Well Plate 18000 µL on slot 5]
2024-12-16 19:43:39,745:INFO:stober_synthesis_utils:Dispensed 109.72763672471046 uL of teos_volume into Well A2 form septavialrev1_44_holder_2000ul on slot 3
2024-12-16 19:44:37,212:INFO:stober_synthesis_utils:Mixed well Well A2 form septavialrev1_44_holder_2000ul on slot 3 5 times, 2000 uL per cycle
2024-12-16 19:47:43,134:INFO:stober_synthesis_utils:Washed mix syringe in wash solutions [Well B3 form 20mLscintillation 12 Well Plate 18000 µL on slot 5, Well B4 form 20mLscintillation 12 Well Plate 18000 µL on slot 5, Well C1 form 20mLscintillation 12 Well Plate 18000 µL on slot 5]
2024-12-16 19:48:10,438:INFO:stober_synthesis_utils:Dispensed 156.50116354227066 uL of teos_volume into Well A3 form septavialrev1_44_holder_2000ul on slot 3
2024-12-16 19:49:07,618:INFO:stober_synthesis_utils:Mixed well Well A3 form septavialrev1_44_holder_2000ul on slot 3 5 times, 2000 uL per cycle
2024-12-16 19:52:13,359:INFO:stober_synthesis_utils:Washed mix syringe in wash solutions [Well B3 form 20mLscintillation 12 Well Plate 18000 µL on slot 5, Well B4 form 20mLscintillation 12 Well Plate 18000 µL on slot 5, Well C1 form 20mLscintillation 12 Well Plate 18000 µL on slot 5]
2024-12-16 19:52:37,759:INFO:stober_synthesis_utils:Dispensed 16.99999962002039 uL of teos_volume into Well A4 form septavialrev1_44_holder_2000ul on slot 3
2024-12-16 19:53:35,194:INFO:stober_synthesis_utils:Mixed well Well A4 form septavialrev1_44_holder_2000ul on slot 3 5 times, 2000 uL per cycle
2024-12-16 19:56:40,728:INFO:stober_synthesis_utils:Washed mix syringe in wash solutions [Well B3 form 20mLscintillation 12 Well Plate 18000 µL on slot 5, Well B4 form 20mLscintillation 12 Well Plate 18000 µL on slot 5, Well C1 form 20mLscintillation 12 Well Plate 18000 µL on slot 5]
2024-12-16 19:57:10,135:INFO:stober_synthesis_utils:Dispensed 255.0000101327896 uL of teos_volume into Well A5 form septavialrev1_44_holder_2000ul on slot 3
2024-12-16 19:58:07,787:INFO:stober_synthesis_utils:Mixed well Well A5 form septavialrev1_44_holder_2000ul on slot 3 5 times, 2000 uL per cycle
2024-12-16 20:01:13,453:INFO:stober_synthesis_utils:Washed mix syringe in wash solutions [Well B3 form 20mLscintillation 12 Well Plate 18000 µL on slot 5, Well B4 form 20mLscintillation 12 Well Plate 18000 µL on slot 5, Well C1 form 20mLscintillation 12 Well Plate 18000 µL on slot 5]
2024-12-16 20:01:37,883:INFO:stober_synthesis_utils:Dispensed 16.99999962002039 uL of teos_volume into Well A6 form septavialrev1_44_holder_2000ul on slot 3
2024-12-16 20:02:35,811:INFO:stober_synthesis_utils:Mixed well Well A6 form septavialrev1_44_holder_2000ul on slot 3 5 times, 2000 uL per cycle
2024-12-16 20:05:41,493:INFO:stober_synthesis_utils:Washed mix syringe in wash solutions [Well B3 form 20mLscintillation 12 Well Plate 18000 µL on slot 5, Well B4 form 20mLscintillation 12 Well Plate 18000 µL on slot 5, Well C1 form 20mLscintillation 12 Well Plate 18000 µL on slot 5]
2024-12-16 20:05:55,926:INFO:stober_synthesis_utils:Refilling 1cc_3 with 849.4815304875374 uL from Well A1 form 20mLscintillation 12 Well Plate 18000 µL on slot 4
2024-12-16 20:06:37,920:INFO:stober_synthesis_utils:Dispensed 248.306567966938 uL of teos_volume into Well A7 form septavialrev1_44_holder_2000ul on slot 3
2024-12-16 20:07:36,046:INFO:stober_synthesis_utils:Mixed well Well A7 form septavialrev1_44_holder_2000ul on slot 3 5 times, 2000 uL per cycle
2024-12-16 20:10:41,825:INFO:stober_synthesis_utils:Washed mix syringe in wash solutions [Well B3 form 20mLscintillation 12 Well Plate 18000 µL on slot 5, Well B4 form 20mLscintillation 12 Well Plate 18000 µL on slot 5, Well C1 form 20mLscintillation 12 Well Plate 18000 µL on slot 5]
2024-12-16 20:11:07,721:INFO:stober_synthesis_utils:Dispensed 80.01521974802017 uL of teos_volume into Well A8 form septavialrev1_44_holder_2000ul on slot 3
2024-12-16 20:12:06,196:INFO:stober_synthesis_utils:Mixed well Well A8 form septavialrev1_44_holder_2000ul on slot 3 5 times, 2000 uL per cycle
2024-12-16 20:15:11,946:INFO:stober_synthesis_utils:Washed mix syringe in wash solutions [Well B3 form 20mLscintillation 12 Well Plate 18000 µL on slot 5, Well B4 form 20mLscintillation 12 Well Plate 18000 µL on slot 5, Well C1 form 20mLscintillation 12 Well Plate 18000 µL on slot 5]
2024-12-16 20:15:36,495:INFO:stober_synthesis_utils:Dispensed 16.99999962002039 uL of teos_volume into Well B1 form septavialrev1_44_holder_2000ul on slot 3
2024-12-16 20:16:33,938:INFO:stober_synthesis_utils:Mixed well Well B1 form septavialrev1_44_holder_2000ul on slot 3 5 times, 2000 uL per cycle
2024-12-16 20:19:40,068:INFO:stober_synthesis_utils:Washed mix syringe in wash solutions [Well B3 form 20mLscintillation 12 Well Plate 18000 µL on slot 5, Well B4 form 20mLscintillation 12 Well Plate 18000 µL on slot 5, Well C1 form 20mLscintillation 12 Well Plate 18000 µL on slot 5]
2024-12-16 20:20:09,096:INFO:stober_synthesis_utils:Dispensed 227.9831811785698 uL of teos_volume into Well B3 form septavialrev1_44_holder_2000ul on slot 3
2024-12-16 20:21:06,514:INFO:stober_synthesis_utils:Mixed well Well B3 form septavialrev1_44_holder_2000ul on slot 3 5 times, 2000 uL per cycle
2024-12-16 20:24:12,463:INFO:stober_synthesis_utils:Washed mix syringe in wash solutions [Well B3 form 20mLscintillation 12 Well Plate 18000 µL on slot 5, Well B4 form 20mLscintillation 12 Well Plate 18000 µL on slot 5, Well C1 form 20mLscintillation 12 Well Plate 18000 µL on slot 5]
2024-12-16 20:24:40,290:INFO:stober_synthesis_utils:Dispensed 178.1779743731022 uL of teos_volume into Well B4 form septavialrev1_44_holder_2000ul on slot 3
2024-12-16 20:25:37,701:INFO:stober_synthesis_utils:Mixed well Well B4 form septavialrev1_44_holder_2000ul on slot 3 5 times, 2000 uL per cycle
2024-12-16 20:28:43,610:INFO:stober_synthesis_utils:Washed mix syringe in wash solutions [Well B3 form 20mLscintillation 12 Well Plate 18000 µL on slot 5, Well B4 form 20mLscintillation 12 Well Plate 18000 µL on slot 5, Well C1 form 20mLscintillation 12 Well Plate 18000 µL on slot 5]
2024-12-16 20:29:08,255:INFO:stober_synthesis_utils:Dispensed 16.99999962002039 uL of teos_volume into Well B5 form septavialrev1_44_holder_2000ul on slot 3
2024-12-16 20:30:06,250:INFO:stober_synthesis_utils:Mixed well Well B5 form septavialrev1_44_holder_2000ul on slot 3 5 times, 2000 uL per cycle
2024-12-16 20:33:11,784:INFO:stober_synthesis_utils:Washed mix syringe in wash solutions [Well B3 form 20mLscintillation 12 Well Plate 18000 µL on slot 5, Well B4 form 20mLscintillation 12 Well Plate 18000 µL on slot 5, Well C1 form 20mLscintillation 12 Well Plate 18000 µL on slot 5]
2024-12-16 20:33:40,704:INFO:stober_synthesis_utils:Dispensed 225.46563893556595 uL of teos_volume into Well B6 form septavialrev1_44_holder_2000ul on slot 3
2024-12-16 20:34:38,827:INFO:stober_synthesis_utils:Mixed well Well B6 form septavialrev1_44_holder_2000ul on slot 3 5 times, 2000 uL per cycle
2024-12-16 20:37:44,578:INFO:stober_synthesis_utils:Washed mix syringe in wash solutions [Well B3 form 20mLscintillation 12 Well Plate 18000 µL on slot 5, Well B4 form 20mLscintillation 12 Well Plate 18000 µL on slot 5, Well C1 form 20mLscintillation 12 Well Plate 18000 µL on slot 5]
2024-12-16 20:37:58,979:INFO:stober_synthesis_utils:Refilling 1cc_3 with 993.9485814422369 uL from Well A1 form 20mLscintillation 12 Well Plate 18000 µL on slot 4
2024-12-16 20:38:39,593:INFO:stober_synthesis_utils:Dispensed 16.99999962002039 uL of teos_volume into Well B8 form septavialrev1_44_holder_2000ul on slot 3
2024-12-16 20:39:38,054:INFO:stober_synthesis_utils:Mixed well Well B8 form septavialrev1_44_holder_2000ul on slot 3 5 times, 2000 uL per cycle
2024-12-16 20:42:43,960:INFO:stober_synthesis_utils:Washed mix syringe in wash solutions [Well B3 form 20mLscintillation 12 Well Plate 18000 µL on slot 5, Well B4 form 20mLscintillation 12 Well Plate 18000 µL on slot 5, Well C1 form 20mLscintillation 12 Well Plate 18000 µL on slot 5]
2024-12-16 20:43:08,858:INFO:stober_synthesis_utils:Dispensed 16.99999962002039 uL of teos_volume into Well C1 form septavialrev1_44_holder_2000ul on slot 3
2024-12-16 20:44:06,357:INFO:stober_synthesis_utils:Mixed well Well C1 form septavialrev1_44_holder_2000ul on slot 3 5 times, 2000 uL per cycle
2024-12-16 20:47:12,531:INFO:stober_synthesis_utils:Washed mix syringe in wash solutions [Well B3 form 20mLscintillation 12 Well Plate 18000 µL on slot 5, Well B4 form 20mLscintillation 12 Well Plate 18000 µL on slot 5, Well C1 form 20mLscintillation 12 Well Plate 18000 µL on slot 5]
2024-12-16 20:47:37,108:INFO:stober_synthesis_utils:Dispensed 16.99999962002039 uL of teos_volume into Well C2 form septavialrev1_44_holder_2000ul on slot 3
2024-12-16 20:48:34,802:INFO:stober_synthesis_utils:Mixed well Well C2 form septavialrev1_44_holder_2000ul on slot 3 5 times, 2000 uL per cycle
2024-12-16 20:51:40,953:INFO:stober_synthesis_utils:Washed mix syringe in wash solutions [Well B3 form 20mLscintillation 12 Well Plate 18000 µL on slot 5, Well B4 form 20mLscintillation 12 Well Plate 18000 µL on slot 5, Well C1 form 20mLscintillation 12 Well Plate 18000 µL on slot 5]
2024-12-16 20:52:05,588:INFO:stober_synthesis_utils:Dispensed 16.99999962002039 uL of teos_volume into Well C3 form septavialrev1_44_holder_2000ul on slot 3
2024-12-16 20:53:03,307:INFO:stober_synthesis_utils:Mixed well Well C3 form septavialrev1_44_holder_2000ul on slot 3 5 times, 2000 uL per cycle
2024-12-16 20:56:09,478:INFO:stober_synthesis_utils:Washed mix syringe in wash solutions [Well B3 form 20mLscintillation 12 Well Plate 18000 µL on slot 5, Well B4 form 20mLscintillation 12 Well Plate 18000 µL on slot 5, Well C1 form 20mLscintillation 12 Well Plate 18000 µL on slot 5]
2024-12-16 20:56:39,006:INFO:stober_synthesis_utils:Dispensed 247.6575881242752 uL of teos_volume into Well C4 form septavialrev1_44_holder_2000ul on slot 3
2024-12-16 20:57:37,096:INFO:stober_synthesis_utils:Mixed well Well C4 form septavialrev1_44_holder_2000ul on slot 3 5 times, 2000 uL per cycle
2024-12-16 21:00:43,189:INFO:stober_synthesis_utils:Washed mix syringe in wash solutions [Well B3 form 20mLscintillation 12 Well Plate 18000 µL on slot 5, Well B4 form 20mLscintillation 12 Well Plate 18000 µL on slot 5, Well C1 form 20mLscintillation 12 Well Plate 18000 µL on slot 5]
2024-12-16 21:01:12,048:INFO:stober_synthesis_utils:Dispensed 218.04253458976743 uL of teos_volume into Well C5 form septavialrev1_44_holder_2000ul on slot 3
2024-12-16 21:02:09,952:INFO:stober_synthesis_utils:Mixed well Well C5 form septavialrev1_44_holder_2000ul on slot 3 5 times, 2000 uL per cycle
2024-12-16 21:05:15,704:INFO:stober_synthesis_utils:Washed mix syringe in wash solutions [Well B3 form 20mLscintillation 12 Well Plate 18000 µL on slot 5, Well B4 form 20mLscintillation 12 Well Plate 18000 µL on slot 5, Well C1 form 20mLscintillation 12 Well Plate 18000 µL on slot 5]
2024-12-16 21:05:45,463:INFO:stober_synthesis_utils:Dispensed 253.38768064975736 uL of teos_volume into Well C6 form septavialrev1_44_holder_2000ul on slot 3
2024-12-16 21:06:43,513:INFO:stober_synthesis_utils:Mixed well Well C6 form septavialrev1_44_holder_2000ul on slot 3 5 times, 2000 uL per cycle
2024-12-16 21:09:49,500:INFO:stober_synthesis_utils:Washed mix syringe in wash solutions [Well B3 form 20mLscintillation 12 Well Plate 18000 µL on slot 5, Well B4 form 20mLscintillation 12 Well Plate 18000 µL on slot 5, Well C1 form 20mLscintillation 12 Well Plate 18000 µL on slot 5]
2024-12-16 23:09:18,986:INFO:stober_synthesis_utils:Refilling 10cc_1 with 9998.0 uL from Well B4 form 20mLscintillation 12 Well Plate 18000 µL on slot 4
2024-12-16 23:10:05,118:INFO:stober_synthesis_utils:Dispensed 946.0 uL of ethanol_dilute_vol into Well C7 form septavialrev1_44_holder_2000ul on slot 2
2024-12-16 23:10:22,046:INFO:stober_synthesis_utils:Dispensed 0.0 uL of ethanol_dilute_vol into Well C8 form septavialrev1_44_holder_2000ul on slot 2
2024-12-16 23:10:42,415:INFO:stober_synthesis_utils:Dispensed 1305.0 uL of ethanol_dilute_vol into Well D1 form septavialrev1_44_holder_2000ul on slot 2
2024-12-16 23:10:59,291:INFO:stober_synthesis_utils:Dispensed 0.0 uL of ethanol_dilute_vol into Well D2 form septavialrev1_44_holder_2000ul on slot 2
2024-12-16 23:11:16,226:INFO:stober_synthesis_utils:Dispensed 0.0 uL of ethanol_dilute_vol into Well D3 form septavialrev1_44_holder_2000ul on slot 2
2024-12-16 23:11:35,865:INFO:stober_synthesis_utils:Dispensed 1447.0 uL of ethanol_dilute_vol into Well D4 form septavialrev1_44_holder_2000ul on slot 2
2024-12-16 23:11:54,802:INFO:stober_synthesis_utils:Dispensed 1132.0 uL of ethanol_dilute_vol into Well D5 form septavialrev1_44_holder_2000ul on slot 2
2024-12-16 23:12:12,951:INFO:stober_synthesis_utils:Dispensed 725.0 uL of ethanol_dilute_vol into Well D6 form septavialrev1_44_holder_2000ul on slot 2
2024-12-16 23:12:29,852:INFO:stober_synthesis_utils:Dispensed 64.0 uL of ethanol_dilute_vol into Well D7 form septavialrev1_44_holder_2000ul on slot 2
2024-12-16 23:12:49,494:INFO:stober_synthesis_utils:Dispensed 1419.0 uL of ethanol_dilute_vol into Well D8 form septavialrev1_44_holder_2000ul on slot 2
2024-12-16 23:13:10,166:INFO:stober_synthesis_utils:Dispensed 1447.0 uL of ethanol_dilute_vol into Well E1 form septavialrev1_44_holder_2000ul on slot 2
2024-12-16 23:13:29,823:INFO:stober_synthesis_utils:Dispensed 1447.0 uL of ethanol_dilute_vol into Well E3 form septavialrev1_44_holder_2000ul on slot 2
2024-12-16 23:13:46,645:INFO:stober_synthesis_utils:Dispensed 0.0 uL of ethanol_dilute_vol into Well E4 form septavialrev1_44_holder_2000ul on slot 2
2024-12-16 23:14:03,519:INFO:stober_synthesis_utils:Dispensed 0.0 uL of ethanol_dilute_vol into Well E5 form septavialrev1_44_holder_2000ul on slot 2
2024-12-16 23:14:20,424:INFO:stober_synthesis_utils:Dispensed 0.0 uL of ethanol_dilute_vol into Well E6 form septavialrev1_44_holder_2000ul on slot 2
2024-12-16 23:14:37,395:INFO:stober_synthesis_utils:Dispensed 0.0 uL of ethanol_dilute_vol into Well E8 form septavialrev1_44_holder_2000ul on slot 2
2024-12-16 23:14:55,198:INFO:stober_synthesis_utils:Dispensed 0.0 uL of ethanol_dilute_vol into Well F1 form septavialrev1_44_holder_2000ul on slot 2
2024-12-16 23:14:55,198:INFO:stober_synthesis_utils:Refilling 10cc_1 with 9932.0 uL from Well C1 form 20mLscintillation 12 Well Plate 18000 µL on slot 4
2024-12-16 23:15:42,778:INFO:stober_synthesis_utils:Dispensed 897.0 uL of ethanol_dilute_vol into Well F2 form septavialrev1_44_holder_2000ul on slot 2
2024-12-16 23:15:59,613:INFO:stober_synthesis_utils:Dispensed 0.0 uL of ethanol_dilute_vol into Well F3 form septavialrev1_44_holder_2000ul on slot 2
2024-12-16 23:16:19,074:INFO:stober_synthesis_utils:Dispensed 1341.0 uL of ethanol_dilute_vol into Well F4 form septavialrev1_44_holder_2000ul on slot 2
2024-12-16 23:16:56,981:INFO:__main__:Emptied ethanol syringe into trash
2024-12-16 23:17:46,110:INFO:__main__:Transferred 395.0 uL from Well A3 form septavialrev1_44_holder_2000ul on slot 2 to Well D1 form septavialrev1_44_holder_2000ul on slot 2
2024-12-16 23:20:51,409:INFO:__main__:Washed mix syringe in wash solutions [Well C2 form 20mLscintillation 12 Well Plate 18000 µL on slot 4, Well C3 form 20mLscintillation 12 Well Plate 18000 µL on slot 4, Well C4 form 20mLscintillation 12 Well Plate 18000 µL on slot 4]
2024-12-16 23:21:32,433:INFO:__main__:Transferred 1700.0 uL from Well A4 form septavialrev1_44_holder_2000ul on slot 2 to Well D2 form septavialrev1_44_holder_2000ul on slot 2
2024-12-16 23:24:37,654:INFO:__main__:Washed mix syringe in wash solutions [Well C2 form 20mLscintillation 12 Well Plate 18000 µL on slot 4, Well C3 form 20mLscintillation 12 Well Plate 18000 µL on slot 4, Well C4 form 20mLscintillation 12 Well Plate 18000 µL on slot 4]
2024-12-16 23:25:18,728:INFO:__main__:Transferred 1700.0 uL from Well A5 form septavialrev1_44_holder_2000ul on slot 2 to Well D3 form septavialrev1_44_holder_2000ul on slot 2
2024-12-16 23:28:23,702:INFO:__main__:Washed mix syringe in wash solutions [Well C2 form 20mLscintillation 12 Well Plate 18000 µL on slot 4, Well C3 form 20mLscintillation 12 Well Plate 18000 µL on slot 4, Well C4 form 20mLscintillation 12 Well Plate 18000 µL on slot 4]
2024-12-16 23:28:58,739:INFO:__main__:Transferred 253.0 uL from Well A6 form septavialrev1_44_holder_2000ul on slot 2 to Well D4 form septavialrev1_44_holder_2000ul on slot 2
2024-12-16 23:32:03,726:INFO:__main__:Washed mix syringe in wash solutions [Well C2 form 20mLscintillation 12 Well Plate 18000 µL on slot 4, Well C3 form 20mLscintillation 12 Well Plate 18000 µL on slot 4, Well C4 form 20mLscintillation 12 Well Plate 18000 µL on slot 4]
2024-12-16 23:32:39,885:INFO:__main__:Transferred 568.0 uL from Well A7 form septavialrev1_44_holder_2000ul on slot 2 to Well D5 form septavialrev1_44_holder_2000ul on slot 2
2024-12-16 23:35:45,229:INFO:__main__:Washed mix syringe in wash solutions [Well C2 form 20mLscintillation 12 Well Plate 18000 µL on slot 4, Well C3 form 20mLscintillation 12 Well Plate 18000 µL on slot 4, Well C4 form 20mLscintillation 12 Well Plate 18000 µL on slot 4]
2024-12-16 23:36:22,916:INFO:__main__:Transferred 975.0 uL from Well A8 form septavialrev1_44_holder_2000ul on slot 2 to Well D6 form septavialrev1_44_holder_2000ul on slot 2
2024-12-16 23:39:28,349:INFO:__main__:Washed mix syringe in wash solutions [Well C2 form 20mLscintillation 12 Well Plate 18000 µL on slot 4, Well C3 form 20mLscintillation 12 Well Plate 18000 µL on slot 4, Well C4 form 20mLscintillation 12 Well Plate 18000 µL on slot 4]
2024-12-16 23:40:10,332:INFO:__main__:Transferred 1636.0 uL from Well B1 form septavialrev1_44_holder_2000ul on slot 2 to Well D7 form septavialrev1_44_holder_2000ul on slot 2
2024-12-16 23:43:15,435:INFO:__main__:Washed mix syringe in wash solutions [Well C2 form 20mLscintillation 12 Well Plate 18000 µL on slot 4, Well C3 form 20mLscintillation 12 Well Plate 18000 µL on slot 4, Well C4 form 20mLscintillation 12 Well Plate 18000 µL on slot 4]
2024-12-16 23:43:51,241:INFO:__main__:Transferred 281.0 uL from Well B3 form septavialrev1_44_holder_2000ul on slot 2 to Well D8 form septavialrev1_44_holder_2000ul on slot 2
2024-12-16 23:46:56,952:INFO:__main__:Washed mix syringe in wash solutions [Well C2 form 20mLscintillation 12 Well Plate 18000 µL on slot 4, Well C3 form 20mLscintillation 12 Well Plate 18000 µL on slot 4, Well C4 form 20mLscintillation 12 Well Plate 18000 µL on slot 4]
2024-12-16 23:47:32,325:INFO:__main__:Transferred 253.0 uL from Well B4 form septavialrev1_44_holder_2000ul on slot 2 to Well E1 form septavialrev1_44_holder_2000ul on slot 2
2024-12-16 23:50:37,502:INFO:__main__:Washed mix syringe in wash solutions [Well C2 form 20mLscintillation 12 Well Plate 18000 µL on slot 4, Well C3 form 20mLscintillation 12 Well Plate 18000 µL on slot 4, Well C4 form 20mLscintillation 12 Well Plate 18000 µL on slot 4]
2024-12-16 23:51:12,764:INFO:__main__:Transferred 253.0 uL from Well B5 form septavialrev1_44_holder_2000ul on slot 2 to Well E3 form septavialrev1_44_holder_2000ul on slot 2
2024-12-16 23:54:18,235:INFO:__main__:Washed mix syringe in wash solutions [Well C2 form 20mLscintillation 12 Well Plate 18000 µL on slot 4, Well C3 form 20mLscintillation 12 Well Plate 18000 µL on slot 4, Well C4 form 20mLscintillation 12 Well Plate 18000 µL on slot 4]
2024-12-16 23:54:59,161:INFO:__main__:Transferred 1700.0 uL from Well B6 form septavialrev1_44_holder_2000ul on slot 2 to Well E4 form septavialrev1_44_holder_2000ul on slot 2
2024-12-16 23:58:04,581:INFO:__main__:Washed mix syringe in wash solutions [Well C2 form 20mLscintillation 12 Well Plate 18000 µL on slot 4, Well C3 form 20mLscintillation 12 Well Plate 18000 µL on slot 4, Well C4 form 20mLscintillation 12 Well Plate 18000 µL on slot 4]
2024-12-16 23:58:45,631:INFO:__main__:Transferred 1700.0 uL from Well B8 form septavialrev1_44_holder_2000ul on slot 2 to Well E5 form septavialrev1_44_holder_2000ul on slot 2
2024-12-17 00:01:50,853:INFO:__main__:Washed mix syringe in wash solutions [Well C2 form 20mLscintillation 12 Well Plate 18000 µL on slot 4, Well C3 form 20mLscintillation 12 Well Plate 18000 µL on slot 4, Well C4 form 20mLscintillation 12 Well Plate 18000 µL on slot 4]
2024-12-17 00:02:32,636:INFO:__main__:Transferred 1700.0 uL from Well C1 form septavialrev1_44_holder_2000ul on slot 2 to Well E6 form septavialrev1_44_holder_2000ul on slot 2
2024-12-17 00:05:38,276:INFO:__main__:Washed mix syringe in wash solutions [Well C2 form 20mLscintillation 12 Well Plate 18000 µL on slot 4, Well C3 form 20mLscintillation 12 Well Plate 18000 µL on slot 4, Well C4 form 20mLscintillation 12 Well Plate 18000 µL on slot 4]
2024-12-17 00:06:20,341:INFO:__main__:Transferred 1700.0 uL from Well C2 form septavialrev1_44_holder_2000ul on slot 2 to Well E8 form septavialrev1_44_holder_2000ul on slot 2
2024-12-17 00:09:25,842:INFO:__main__:Washed mix syringe in wash solutions [Well C2 form 20mLscintillation 12 Well Plate 18000 µL on slot 4, Well C3 form 20mLscintillation 12 Well Plate 18000 µL on slot 4, Well C4 form 20mLscintillation 12 Well Plate 18000 µL on slot 4]
2024-12-17 00:10:07,119:INFO:__main__:Transferred 1700.0 uL from Well C3 form septavialrev1_44_holder_2000ul on slot 2 to Well F1 form septavialrev1_44_holder_2000ul on slot 2
2024-12-17 00:13:12,575:INFO:__main__:Washed mix syringe in wash solutions [Well C2 form 20mLscintillation 12 Well Plate 18000 µL on slot 4, Well C3 form 20mLscintillation 12 Well Plate 18000 µL on slot 4, Well C4 form 20mLscintillation 12 Well Plate 18000 µL on slot 4]
2024-12-17 00:13:50,411:INFO:__main__:Transferred 803.0 uL from Well C4 form septavialrev1_44_holder_2000ul on slot 2 to Well F2 form septavialrev1_44_holder_2000ul on slot 2
2024-12-17 00:16:56,075:INFO:__main__:Washed mix syringe in wash solutions [Well C2 form 20mLscintillation 12 Well Plate 18000 µL on slot 4, Well C3 form 20mLscintillation 12 Well Plate 18000 µL on slot 4, Well C4 form 20mLscintillation 12 Well Plate 18000 µL on slot 4]
2024-12-17 00:17:37,201:INFO:__main__:Transferred 1700.0 uL from Well C5 form septavialrev1_44_holder_2000ul on slot 2 to Well F3 form septavialrev1_44_holder_2000ul on slot 2
2024-12-17 00:20:42,870:INFO:__main__:Washed mix syringe in wash solutions [Well C2 form 20mLscintillation 12 Well Plate 18000 µL on slot 4, Well C3 form 20mLscintillation 12 Well Plate 18000 µL on slot 4, Well C4 form 20mLscintillation 12 Well Plate 18000 µL on slot 4]
2024-12-17 00:21:18,550:INFO:__main__:Transferred 359.0 uL from Well C6 form septavialrev1_44_holder_2000ul on slot 2 to Well F4 form septavialrev1_44_holder_2000ul on slot 2
2024-12-17 00:24:24,154:INFO:__main__:Washed mix syringe in wash solutions [Well C2 form 20mLscintillation 12 Well Plate 18000 µL on slot 4, Well C3 form 20mLscintillation 12 Well Plate 18000 µL on slot 4, Well C4 form 20mLscintillation 12 Well Plate 18000 µL on slot 4]
2024-12-17 00:24:42,288:INFO:stober_synthesis_utils:Dispensed 0.0 uL of ethanol_dilute_vol into Well C7 form septavialrev1_44_holder_2000ul on slot 3
2024-12-17 00:24:42,288:INFO:stober_synthesis_utils:Refilling 10cc_1 with 9998.0 uL from Well B1 form 20mLscintillation 12 Well Plate 18000 µL on slot 5
2024-12-17 00:25:30,769:INFO:stober_synthesis_utils:Dispensed 1112.0 uL of ethanol_dilute_vol into Well C8 form septavialrev1_44_holder_2000ul on slot 3
2024-12-17 00:25:51,045:INFO:stober_synthesis_utils:Dispensed 1288.0 uL of ethanol_dilute_vol into Well D1 form septavialrev1_44_holder_2000ul on slot 3
2024-12-17 00:26:07,889:INFO:stober_synthesis_utils:Dispensed 0.0 uL of ethanol_dilute_vol into Well D2 form septavialrev1_44_holder_2000ul on slot 3
2024-12-17 00:26:27,528:INFO:stober_synthesis_utils:Dispensed 1447.0 uL of ethanol_dilute_vol into Well D3 form septavialrev1_44_holder_2000ul on slot 3
2024-12-17 00:26:44,339:INFO:stober_synthesis_utils:Dispensed 0.0 uL of ethanol_dilute_vol into Well D4 form septavialrev1_44_holder_2000ul on slot 3
2024-12-17 00:27:04,026:INFO:stober_synthesis_utils:Dispensed 1440.0 uL of ethanol_dilute_vol into Well D5 form septavialrev1_44_holder_2000ul on slot 3
2024-12-17 00:27:22,519:INFO:stober_synthesis_utils:Dispensed 894.0 uL of ethanol_dilute_vol into Well D6 form septavialrev1_44_holder_2000ul on slot 3
2024-12-17 00:27:39,353:INFO:stober_synthesis_utils:Dispensed 0.0 uL of ethanol_dilute_vol into Well D7 form septavialrev1_44_holder_2000ul on slot 3
2024-12-17 00:27:58,868:INFO:stober_synthesis_utils:Dispensed 1417.0 uL of ethanol_dilute_vol into Well D8 form septavialrev1_44_holder_2000ul on slot 3
2024-12-17 00:28:19,316:INFO:stober_synthesis_utils:Dispensed 1338.0 uL of ethanol_dilute_vol into Well E1 form septavialrev1_44_holder_2000ul on slot 3
2024-12-17 00:28:36,261:INFO:stober_synthesis_utils:Dispensed 0.0 uL of ethanol_dilute_vol into Well E3 form septavialrev1_44_holder_2000ul on slot 3
2024-12-17 00:28:36,261:INFO:stober_synthesis_utils:Refilling 10cc_1 with 8936.0 uL from Well B2 form 20mLscintillation 12 Well Plate 18000 µL on slot 5
2024-12-17 00:29:22,526:INFO:stober_synthesis_utils:Dispensed 1414.0 uL of ethanol_dilute_vol into Well E4 form septavialrev1_44_holder_2000ul on slot 3
2024-12-17 00:29:39,197:INFO:stober_synthesis_utils:Dispensed 0.0 uL of ethanol_dilute_vol into Well E5 form septavialrev1_44_holder_2000ul on slot 3
2024-12-17 00:31:03,249:INFO:stober_synthesis_utils:Dispensed 0.0 uL of ethanol_dilute_vol into Well E6 form septavialrev1_44_holder_2000ul on slot 3
2024-12-17 00:31:20,226:INFO:stober_synthesis_utils:Dispensed 0.0 uL of ethanol_dilute_vol into Well E8 form septavialrev1_44_holder_2000ul on slot 3
2024-12-17 00:31:38,090:INFO:stober_synthesis_utils:Dispensed 0.0 uL of ethanol_dilute_vol into Well F1 form septavialrev1_44_holder_2000ul on slot 3
2024-12-17 00:31:57,790:INFO:stober_synthesis_utils:Dispensed 1440.0 uL of ethanol_dilute_vol into Well F2 form septavialrev1_44_holder_2000ul on slot 3
2024-12-17 00:32:17,401:INFO:stober_synthesis_utils:Dispensed 1404.0 uL of ethanol_dilute_vol into Well F3 form septavialrev1_44_holder_2000ul on slot 3
2024-12-17 00:32:37,096:INFO:stober_synthesis_utils:Dispensed 1445.0 uL of ethanol_dilute_vol into Well F4 form septavialrev1_44_holder_2000ul on slot 3
2024-12-17 00:33:08,288:INFO:__main__:Emptied ethanol syringe into trash
2024-12-17 00:34:03,952:INFO:__main__:Transferred 1700.0 uL from Well A1 form septavialrev1_44_holder_2000ul on slot 3 to Well C7 form septavialrev1_44_holder_2000ul on slot 3
2024-12-17 00:37:10,020:INFO:__main__:Washed mix syringe in wash solutions [Well B3 form 20mLscintillation 12 Well Plate 18000 µL on slot 5, Well B4 form 20mLscintillation 12 Well Plate 18000 µL on slot 5, Well C1 form 20mLscintillation 12 Well Plate 18000 µL on slot 5]
2024-12-17 00:37:46,810:INFO:__main__:Transferred 588.0 uL from Well A2 form septavialrev1_44_holder_2000ul on slot 3 to Well C8 form septavialrev1_44_holder_2000ul on slot 3
2024-12-17 00:40:52,978:INFO:__main__:Washed mix syringe in wash solutions [Well B3 form 20mLscintillation 12 Well Plate 18000 µL on slot 5, Well B4 form 20mLscintillation 12 Well Plate 18000 µL on slot 5, Well C1 form 20mLscintillation 12 Well Plate 18000 µL on slot 5]
2024-12-17 00:41:28,663:INFO:__main__:Transferred 412.0 uL from Well A3 form septavialrev1_44_holder_2000ul on slot 3 to Well D1 form septavialrev1_44_holder_2000ul on slot 3
2024-12-17 00:44:34,891:INFO:__main__:Washed mix syringe in wash solutions [Well B3 form 20mLscintillation 12 Well Plate 18000 µL on slot 5, Well B4 form 20mLscintillation 12 Well Plate 18000 µL on slot 5, Well C1 form 20mLscintillation 12 Well Plate 18000 µL on slot 5]
2024-12-17 00:45:15,869:INFO:__main__:Transferred 1700.0 uL from Well A4 form septavialrev1_44_holder_2000ul on slot 3 to Well D2 form septavialrev1_44_holder_2000ul on slot 3
2024-12-17 00:48:22,184:INFO:__main__:Washed mix syringe in wash solutions [Well B3 form 20mLscintillation 12 Well Plate 18000 µL on slot 5, Well B4 form 20mLscintillation 12 Well Plate 18000 µL on slot 5, Well C1 form 20mLscintillation 12 Well Plate 18000 µL on slot 5]
2024-12-17 00:48:57,478:INFO:__main__:Transferred 253.0 uL from Well A5 form septavialrev1_44_holder_2000ul on slot 3 to Well D3 form septavialrev1_44_holder_2000ul on slot 3
2024-12-17 00:52:03,727:INFO:__main__:Washed mix syringe in wash solutions [Well B3 form 20mLscintillation 12 Well Plate 18000 µL on slot 5, Well B4 form 20mLscintillation 12 Well Plate 18000 µL on slot 5, Well C1 form 20mLscintillation 12 Well Plate 18000 µL on slot 5]
2024-12-17 00:52:44,997:INFO:__main__:Transferred 1700.0 uL from Well A6 form septavialrev1_44_holder_2000ul on slot 3 to Well D4 form septavialrev1_44_holder_2000ul on slot 3
2024-12-17 00:55:50,926:INFO:__main__:Washed mix syringe in wash solutions [Well B3 form 20mLscintillation 12 Well Plate 18000 µL on slot 5, Well B4 form 20mLscintillation 12 Well Plate 18000 µL on slot 5, Well C1 form 20mLscintillation 12 Well Plate 18000 µL on slot 5]
2024-12-17 00:56:26,404:INFO:__main__:Transferred 260.0 uL from Well A7 form septavialrev1_44_holder_2000ul on slot 3 to Well D5 form septavialrev1_44_holder_2000ul on slot 3
2024-12-17 00:59:32,641:INFO:__main__:Washed mix syringe in wash solutions [Well B3 form 20mLscintillation 12 Well Plate 18000 µL on slot 5, Well B4 form 20mLscintillation 12 Well Plate 18000 µL on slot 5, Well C1 form 20mLscintillation 12 Well Plate 18000 µL on slot 5]
2024-12-17 01:00:10,598:INFO:__main__:Transferred 806.0 uL from Well A8 form septavialrev1_44_holder_2000ul on slot 3 to Well D6 form septavialrev1_44_holder_2000ul on slot 3
2024-12-17 01:03:16,517:INFO:__main__:Washed mix syringe in wash solutions [Well B3 form 20mLscintillation 12 Well Plate 18000 µL on slot 5, Well B4 form 20mLscintillation 12 Well Plate 18000 µL on slot 5, Well C1 form 20mLscintillation 12 Well Plate 18000 µL on slot 5]
2024-12-17 01:03:58,099:INFO:__main__:Transferred 1700.0 uL from Well B1 form septavialrev1_44_holder_2000ul on slot 3 to Well D7 form septavialrev1_44_holder_2000ul on slot 3
2024-12-17 01:07:04,382:INFO:__main__:Washed mix syringe in wash solutions [Well B3 form 20mLscintillation 12 Well Plate 18000 µL on slot 5, Well B4 form 20mLscintillation 12 Well Plate 18000 µL on slot 5, Well C1 form 20mLscintillation 12 Well Plate 18000 µL on slot 5]
2024-12-17 01:07:39,888:INFO:__main__:Transferred 283.0 uL from Well B3 form septavialrev1_44_holder_2000ul on slot 3 to Well D8 form septavialrev1_44_holder_2000ul on slot 3
2024-12-17 01:10:46,032:INFO:__main__:Washed mix syringe in wash solutions [Well B3 form 20mLscintillation 12 Well Plate 18000 µL on slot 5, Well B4 form 20mLscintillation 12 Well Plate 18000 µL on slot 5, Well C1 form 20mLscintillation 12 Well Plate 18000 µL on slot 5]
2024-12-17 01:11:21,884:INFO:__main__:Transferred 362.0 uL from Well B4 form septavialrev1_44_holder_2000ul on slot 3 to Well E1 form septavialrev1_44_holder_2000ul on slot 3
2024-12-17 01:14:28,497:INFO:__main__:Washed mix syringe in wash solutions [Well B3 form 20mLscintillation 12 Well Plate 18000 µL on slot 5, Well B4 form 20mLscintillation 12 Well Plate 18000 µL on slot 5, Well C1 form 20mLscintillation 12 Well Plate 18000 µL on slot 5]
2024-12-17 01:15:09,820:INFO:__main__:Transferred 1700.0 uL from Well B5 form septavialrev1_44_holder_2000ul on slot 3 to Well E3 form septavialrev1_44_holder_2000ul on slot 3
2024-12-17 01:18:16,155:INFO:__main__:Washed mix syringe in wash solutions [Well B3 form 20mLscintillation 12 Well Plate 18000 µL on slot 5, Well B4 form 20mLscintillation 12 Well Plate 18000 µL on slot 5, Well C1 form 20mLscintillation 12 Well Plate 18000 µL on slot 5]
2024-12-17 01:18:51,633:INFO:__main__:Transferred 286.0 uL from Well B6 form septavialrev1_44_holder_2000ul on slot 3 to Well E4 form septavialrev1_44_holder_2000ul on slot 3
2024-12-17 01:21:57,833:INFO:__main__:Washed mix syringe in wash solutions [Well B3 form 20mLscintillation 12 Well Plate 18000 µL on slot 5, Well B4 form 20mLscintillation 12 Well Plate 18000 µL on slot 5, Well C1 form 20mLscintillation 12 Well Plate 18000 µL on slot 5]
2024-12-17 01:22:39,449:INFO:__main__:Transferred 1700.0 uL from Well B8 form septavialrev1_44_holder_2000ul on slot 3 to Well E5 form septavialrev1_44_holder_2000ul on slot 3
2024-12-17 01:25:45,744:INFO:__main__:Washed mix syringe in wash solutions [Well B3 form 20mLscintillation 12 Well Plate 18000 µL on slot 5, Well B4 form 20mLscintillation 12 Well Plate 18000 µL on slot 5, Well C1 form 20mLscintillation 12 Well Plate 18000 µL on slot 5]
2024-12-17 01:26:27,129:INFO:__main__:Transferred 1700.0 uL from Well C1 form septavialrev1_44_holder_2000ul on slot 3 to Well E6 form septavialrev1_44_holder_2000ul on slot 3
2024-12-17 01:29:33,192:INFO:__main__:Washed mix syringe in wash solutions [Well B3 form 20mLscintillation 12 Well Plate 18000 µL on slot 5, Well B4 form 20mLscintillation 12 Well Plate 18000 µL on slot 5, Well C1 form 20mLscintillation 12 Well Plate 18000 µL on slot 5]
2024-12-17 01:30:14,900:INFO:__main__:Transferred 1700.0 uL from Well C2 form septavialrev1_44_holder_2000ul on slot 3 to Well E8 form septavialrev1_44_holder_2000ul on slot 3
2024-12-17 01:33:20,862:INFO:__main__:Washed mix syringe in wash solutions [Well B3 form 20mLscintillation 12 Well Plate 18000 µL on slot 5, Well B4 form 20mLscintillation 12 Well Plate 18000 µL on slot 5, Well C1 form 20mLscintillation 12 Well Plate 18000 µL on slot 5]
2024-12-17 01:34:01,958:INFO:__main__:Transferred 1700.0 uL from Well C3 form septavialrev1_44_holder_2000ul on slot 3 to Well F1 form septavialrev1_44_holder_2000ul on slot 3
2024-12-17 01:37:08,615:INFO:__main__:Washed mix syringe in wash solutions [Well B3 form 20mLscintillation 12 Well Plate 18000 µL on slot 5, Well B4 form 20mLscintillation 12 Well Plate 18000 µL on slot 5, Well C1 form 20mLscintillation 12 Well Plate 18000 µL on slot 5]
2024-12-17 01:37:44,035:INFO:__main__:Transferred 260.0 uL from Well C4 form septavialrev1_44_holder_2000ul on slot 3 to Well F2 form septavialrev1_44_holder_2000ul on slot 3
2024-12-17 01:40:50,544:INFO:__main__:Washed mix syringe in wash solutions [Well B3 form 20mLscintillation 12 Well Plate 18000 µL on slot 5, Well B4 form 20mLscintillation 12 Well Plate 18000 µL on slot 5, Well C1 form 20mLscintillation 12 Well Plate 18000 µL on slot 5]
2024-12-17 01:41:26,359:INFO:__main__:Transferred 296.0 uL from Well C5 form septavialrev1_44_holder_2000ul on slot 3 to Well F3 form septavialrev1_44_holder_2000ul on slot 3
2024-12-17 01:44:33,016:INFO:__main__:Washed mix syringe in wash solutions [Well B3 form 20mLscintillation 12 Well Plate 18000 µL on slot 5, Well B4 form 20mLscintillation 12 Well Plate 18000 µL on slot 5, Well C1 form 20mLscintillation 12 Well Plate 18000 µL on slot 5]
2024-12-17 01:45:08,389:INFO:__main__:Transferred 255.0 uL from Well C6 form septavialrev1_44_holder_2000ul on slot 3 to Well F4 form septavialrev1_44_holder_2000ul on slot 3
2024-12-17 01:48:14,739:INFO:__main__:Washed mix syringe in wash solutions [Well B3 form 20mLscintillation 12 Well Plate 18000 µL on slot 5, Well B4 form 20mLscintillation 12 Well Plate 18000 µL on slot 5, Well C1 form 20mLscintillation 12 Well Plate 18000 µL on slot 5]
