2025-02-14 15:08:52,762:ERROR:ipykernel.comm:No such comm target registered: jupyter.widget.control
2025-02-14 15:08:52,772:WARNING:Comm:No such comm: 0ff375de-36e9-4d4f-950a-efe98ada2999
2025-02-14 15:41:16,472:INFO:stober_synthesis_utils:Dispensed 3998.567 uL of ethanol_volume into Well A1 form 20mLscintillation 12 Well Plate 18000 µL on slot 2
2025-02-14 15:41:16,472:INFO:stober_synthesis_utils:Refilling 10cc_1 with 7797.567 uL from Well A4 form 20mLscintillation 12 Well Plate 18000 µL on slot 4
2025-02-14 15:42:12,110:INFO:stober_synthesis_utils:Dispensed 3998.567 uL of ethanol_volume into Well A2 form 20mLscintillation 12 Well Plate 18000 µL on slot 2
2025-02-14 15:42:36,944:INFO:stober_synthesis_utils:Dispensed 3998.567 uL of ethanol_volume into Well A3 form 20mLscintillation 12 Well Plate 18000 µL on slot 2
2025-02-14 15:42:36,945:INFO:stober_synthesis_utils:Refilling 10cc_1 with 8047.134 uL from Well B1 form 20mLscintillation 12 Well Plate 18000 µL on slot 4
2025-02-14 15:43:33,034:INFO:stober_synthesis_utils:Dispensed 3998.567 uL of ethanol_volume into Well A4 form 20mLscintillation 12 Well Plate 18000 µL on slot 2
2025-02-14 15:45:50,621:WARNING:urllib3.connectionpool:Retrying (Retry(total=4, connect=None, read=None, redirect=None, status=None)) after connection broken by 'NewConnectionError('<urllib3.connection.HTTPConnection object at 0x77add1ee1c40>: Failed to establish a new connection: [Errno 110] Connection timed out')': /rr_model?key=seqs
2025-02-14 15:46:08,696:INFO:stober_synthesis_utils:Dispensed 3998.567 uL of ethanol_volume into Well B1 form 20mLscintillation 12 Well Plate 18000 µL on slot 2
2025-02-14 15:52:44,338:INFO:__main__:Emptied ethanol syringe into trash
2025-02-14 15:53:24,774:INFO:stober_synthesis_utils:Dispensed 624.99075 uL of water_volume into Well A1 form 20mLscintillation 12 Well Plate 18000 µL on slot 2
2025-02-14 15:53:24,775:INFO:stober_synthesis_utils:Refilling 1cc_1 with 883.99075 uL from Well A3 form 20mLscintillation 12 Well Plate 18000 µL on slot 4
2025-02-14 15:54:25,350:INFO:stober_synthesis_utils:Dispensed 624.99075 uL of water_volume into Well A2 form 20mLscintillation 12 Well Plate 18000 µL on slot 2
2025-02-14 15:54:25,351:INFO:stober_synthesis_utils:Refilling 1cc_1 with 674.99075 uL from Well A3 form 20mLscintillation 12 Well Plate 18000 µL on slot 4
2025-02-14 15:55:21,128:INFO:stober_synthesis_utils:Dispensed 624.99075 uL of water_volume into Well A3 form 20mLscintillation 12 Well Plate 18000 µL on slot 2
2025-02-14 15:55:21,128:INFO:stober_synthesis_utils:Refilling 1cc_1 with 674.99075 uL from Well A3 form 20mLscintillation 12 Well Plate 18000 µL on slot 4
2025-02-14 15:56:17,404:INFO:stober_synthesis_utils:Dispensed 624.99075 uL of water_volume into Well A4 form 20mLscintillation 12 Well Plate 18000 µL on slot 2
2025-02-14 15:56:17,404:INFO:stober_synthesis_utils:Refilling 1cc_1 with 674.99075 uL from Well A3 form 20mLscintillation 12 Well Plate 18000 µL on slot 4
2025-02-14 15:57:14,124:INFO:stober_synthesis_utils:Dispensed 624.99075 uL of water_volume into Well B1 form 20mLscintillation 12 Well Plate 18000 µL on slot 2
2025-02-14 16:02:14,777:INFO:stober_synthesis_utils:Dispensed 269.19675000000007 uL of ammonia_volume into Well A1 form 20mLscintillation 12 Well Plate 18000 µL on slot 2
2025-02-14 16:02:30,232:INFO:stober_synthesis_utils:Dispensed 269.19675000000007 uL of ammonia_volume into Well A2 form 20mLscintillation 12 Well Plate 18000 µL on slot 2
2025-02-14 16:02:30,232:INFO:stober_synthesis_utils:Refilling 1cc_2_hamilton with 977.3935000000001 uL from Well A2 form 20mLscintillation 12 Well Plate 18000 µL on slot 4
2025-02-14 16:03:22,687:INFO:stober_synthesis_utils:Dispensed 269.19675000000007 uL of ammonia_volume into Well A3 form 20mLscintillation 12 Well Plate 18000 µL on slot 2
2025-02-14 16:03:38,185:INFO:stober_synthesis_utils:Dispensed 269.19675000000007 uL of ammonia_volume into Well A4 form 20mLscintillation 12 Well Plate 18000 µL on slot 2
2025-02-14 16:03:54,328:INFO:stober_synthesis_utils:Dispensed 269.19675000000007 uL of ammonia_volume into Well B1 form 20mLscintillation 12 Well Plate 18000 µL on slot 2
2025-02-14 16:09:02,354:INFO:stober_synthesis_utils:Mixed well Well A1 form 20mLscintillation 12 Well Plate 18000 µL on slot 2 5 times, 2000 uL per cycle
2025-02-14 16:12:06,653:INFO:stober_synthesis_utils:Washed mix syringe in wash solutions [Well C2 form 20mLscintillation 12 Well Plate 18000 µL on slot 4, Well C3 form 20mLscintillation 12 Well Plate 18000 µL on slot 4, Well C4 form 20mLscintillation 12 Well Plate 18000 µL on slot 4]
2025-02-14 16:12:48,605:INFO:stober_synthesis_utils:Mixed well Well A2 form 20mLscintillation 12 Well Plate 18000 µL on slot 2 5 times, 2000 uL per cycle
2025-02-14 16:15:52,826:INFO:stober_synthesis_utils:Washed mix syringe in wash solutions [Well C2 form 20mLscintillation 12 Well Plate 18000 µL on slot 4, Well C3 form 20mLscintillation 12 Well Plate 18000 µL on slot 4, Well C4 form 20mLscintillation 12 Well Plate 18000 µL on slot 4]
2025-02-14 16:16:34,433:INFO:stober_synthesis_utils:Mixed well Well A3 form 20mLscintillation 12 Well Plate 18000 µL on slot 2 5 times, 2000 uL per cycle
2025-02-14 16:19:40,715:INFO:stober_synthesis_utils:Washed mix syringe in wash solutions [Well C2 form 20mLscintillation 12 Well Plate 18000 µL on slot 4, Well C3 form 20mLscintillation 12 Well Plate 18000 µL on slot 4, Well C4 form 20mLscintillation 12 Well Plate 18000 µL on slot 4]
2025-02-14 16:20:22,064:INFO:stober_synthesis_utils:Mixed well Well A4 form 20mLscintillation 12 Well Plate 18000 µL on slot 2 5 times, 2000 uL per cycle
2025-02-14 16:23:26,609:INFO:stober_synthesis_utils:Washed mix syringe in wash solutions [Well C2 form 20mLscintillation 12 Well Plate 18000 µL on slot 4, Well C3 form 20mLscintillation 12 Well Plate 18000 µL on slot 4, Well C4 form 20mLscintillation 12 Well Plate 18000 µL on slot 4]
2025-02-14 16:24:08,869:INFO:stober_synthesis_utils:Mixed well Well B1 form 20mLscintillation 12 Well Plate 18000 µL on slot 2 5 times, 2000 uL per cycle
2025-02-14 16:27:13,441:INFO:stober_synthesis_utils:Washed mix syringe in wash solutions [Well C2 form 20mLscintillation 12 Well Plate 18000 µL on slot 4, Well C3 form 20mLscintillation 12 Well Plate 18000 µL on slot 4, Well C4 form 20mLscintillation 12 Well Plate 18000 µL on slot 4]
2025-02-14 16:34:24,138:INFO:stober_synthesis_utils:Dispensed 107.2455 uL of teos_volume into Well A1 form 20mLscintillation 12 Well Plate 18000 µL on slot 2
2025-02-14 16:35:18,038:INFO:stober_synthesis_utils:Mixed well Well A1 form 20mLscintillation 12 Well Plate 18000 µL on slot 2 5 times, 2000 uL per cycle
2025-02-14 16:38:22,277:INFO:stober_synthesis_utils:Washed mix syringe in wash solutions [Well C2 form 20mLscintillation 12 Well Plate 18000 µL on slot 4, Well C3 form 20mLscintillation 12 Well Plate 18000 µL on slot 4, Well C4 form 20mLscintillation 12 Well Plate 18000 µL on slot 4]
2025-02-14 16:38:46,690:INFO:stober_synthesis_utils:Dispensed 107.2455 uL of teos_volume into Well A2 form 20mLscintillation 12 Well Plate 18000 µL on slot 2
2025-02-14 16:39:40,714:INFO:stober_synthesis_utils:Mixed well Well A2 form 20mLscintillation 12 Well Plate 18000 µL on slot 2 5 times, 2000 uL per cycle
2025-02-14 16:42:44,622:INFO:stober_synthesis_utils:Washed mix syringe in wash solutions [Well C2 form 20mLscintillation 12 Well Plate 18000 µL on slot 4, Well C3 form 20mLscintillation 12 Well Plate 18000 µL on slot 4, Well C4 form 20mLscintillation 12 Well Plate 18000 µL on slot 4]
2025-02-14 16:43:08,671:INFO:stober_synthesis_utils:Dispensed 107.2455 uL of teos_volume into Well A3 form 20mLscintillation 12 Well Plate 18000 µL on slot 2
2025-02-14 16:44:02,556:INFO:stober_synthesis_utils:Mixed well Well A3 form 20mLscintillation 12 Well Plate 18000 µL on slot 2 5 times, 2000 uL per cycle
2025-02-14 16:47:07,100:INFO:stober_synthesis_utils:Washed mix syringe in wash solutions [Well C2 form 20mLscintillation 12 Well Plate 18000 µL on slot 4, Well C3 form 20mLscintillation 12 Well Plate 18000 µL on slot 4, Well C4 form 20mLscintillation 12 Well Plate 18000 µL on slot 4]
2025-02-14 16:47:31,124:INFO:stober_synthesis_utils:Dispensed 107.2455 uL of teos_volume into Well A4 form 20mLscintillation 12 Well Plate 18000 µL on slot 2
2025-02-14 16:48:24,892:INFO:stober_synthesis_utils:Mixed well Well A4 form 20mLscintillation 12 Well Plate 18000 µL on slot 2 5 times, 2000 uL per cycle
2025-02-14 16:51:29,353:INFO:stober_synthesis_utils:Washed mix syringe in wash solutions [Well C2 form 20mLscintillation 12 Well Plate 18000 µL on slot 4, Well C3 form 20mLscintillation 12 Well Plate 18000 µL on slot 4, Well C4 form 20mLscintillation 12 Well Plate 18000 µL on slot 4]
2025-02-14 16:51:41,446:INFO:stober_synthesis_utils:Refilling 1cc_3_hamilton with 947.982 uL from Well A1 form 20mLscintillation 12 Well Plate 18000 µL on slot 4
2025-02-14 16:52:29,335:INFO:stober_synthesis_utils:Dispensed 107.2455 uL of teos_volume into Well B1 form 20mLscintillation 12 Well Plate 18000 µL on slot 2
2025-02-14 16:53:23,795:INFO:stober_synthesis_utils:Mixed well Well B1 form 20mLscintillation 12 Well Plate 18000 µL on slot 2 5 times, 2000 uL per cycle
2025-02-14 16:56:28,488:INFO:stober_synthesis_utils:Washed mix syringe in wash solutions [Well C2 form 20mLscintillation 12 Well Plate 18000 µL on slot 4, Well C3 form 20mLscintillation 12 Well Plate 18000 µL on slot 4, Well C4 form 20mLscintillation 12 Well Plate 18000 µL on slot 4]
2025-02-14 17:05:39,611:INFO:stober_synthesis_utils:Refilling 10cc_1 with 3799 uL from Well A4 form 20mLscintillation 12 Well Plate 18000 µL on slot 4
2025-02-14 17:06:33,297:INFO:stober_synthesis_utils:Dispensed 7997.134 uL of ethanol_volume into Well B2 form 20mLscintillation 12 Well Plate 18000 µL on slot 2
2025-02-14 17:06:33,297:INFO:stober_synthesis_utils:Refilling 10cc_1 with 8047.134 uL from Well A4 form 20mLscintillation 12 Well Plate 18000 µL on slot 4
2025-02-14 17:07:38,166:INFO:stober_synthesis_utils:Dispensed 7997.134 uL of ethanol_volume into Well B3 form 20mLscintillation 12 Well Plate 18000 µL on slot 2
2025-02-14 17:07:38,167:INFO:stober_synthesis_utils:Refilling 10cc_1 with 8047.134 uL from Well B1 form 20mLscintillation 12 Well Plate 18000 µL on slot 4
2025-02-14 17:08:42,708:INFO:stober_synthesis_utils:Dispensed 7997.134 uL of ethanol_volume into Well B4 form 20mLscintillation 12 Well Plate 18000 µL on slot 2
2025-02-14 17:11:21,186:INFO:stober_synthesis_utils:Refilling 10cc_1 with 8047.134 uL from Well B2 form 20mLscintillation 12 Well Plate 18000 µL on slot 4
2025-02-14 17:12:22,540:INFO:stober_synthesis_utils:Dispensed 7997.134 uL of ethanol_volume into Well C2 form 20mLscintillation 12 Well Plate 18000 µL on slot 2
2025-02-14 17:12:39,985:INFO:stober_synthesis_utils:Refilling 10cc_1 with 8047.134 uL from Well B3 form 20mLscintillation 12 Well Plate 18000 µL on slot 4
2025-02-14 17:13:42,343:INFO:stober_synthesis_utils:Dispensed 7997.134 uL of ethanol_volume into Well C1 form 20mLscintillation 12 Well Plate 18000 µL on slot 2
2025-02-14 17:17:44,156:INFO:stober_synthesis_utils:Refilling 1cc_1 with 674.99075 uL from Well A3 form 20mLscintillation 12 Well Plate 18000 µL on slot 4
2025-02-14 17:18:39,358:INFO:stober_synthesis_utils:Dispensed 1249.9815 uL of water_volume into Well B2 form 20mLscintillation 12 Well Plate 18000 µL on slot 2
2025-02-14 17:18:39,358:INFO:stober_synthesis_utils:Refilling 1cc_1 with 674.99075 uL from Well A3 form 20mLscintillation 12 Well Plate 18000 µL on slot 4
2025-02-14 17:19:36,395:INFO:stober_synthesis_utils:Dispensed 1249.9815 uL of water_volume into Well B2 form 20mLscintillation 12 Well Plate 18000 µL on slot 2
2025-02-14 17:19:36,395:INFO:stober_synthesis_utils:Refilling 1cc_1 with 674.99075 uL from Well A3 form 20mLscintillation 12 Well Plate 18000 µL on slot 4
2025-02-14 17:20:33,042:INFO:stober_synthesis_utils:Dispensed 1249.9815 uL of water_volume into Well B3 form 20mLscintillation 12 Well Plate 18000 µL on slot 2
2025-02-14 17:20:33,042:INFO:stober_synthesis_utils:Refilling 1cc_1 with 674.99075 uL from Well A3 form 20mLscintillation 12 Well Plate 18000 µL on slot 4
2025-02-14 17:21:29,406:INFO:stober_synthesis_utils:Dispensed 1249.9815 uL of water_volume into Well B3 form 20mLscintillation 12 Well Plate 18000 µL on slot 2
2025-02-14 17:21:29,407:INFO:stober_synthesis_utils:Refilling 1cc_1 with 674.99075 uL from Well A3 form 20mLscintillation 12 Well Plate 18000 µL on slot 4
2025-02-14 17:22:25,785:INFO:stober_synthesis_utils:Dispensed 1249.9815 uL of water_volume into Well B4 form 20mLscintillation 12 Well Plate 18000 µL on slot 2
2025-02-14 17:22:25,786:INFO:stober_synthesis_utils:Refilling 1cc_1 with 674.99075 uL from Well A3 form 20mLscintillation 12 Well Plate 18000 µL on slot 4
2025-02-14 17:23:22,344:INFO:stober_synthesis_utils:Dispensed 1249.9815 uL of water_volume into Well B4 form 20mLscintillation 12 Well Plate 18000 µL on slot 2
2025-02-14 17:23:22,345:INFO:stober_synthesis_utils:Refilling 1cc_1 with 674.99075 uL from Well A3 form 20mLscintillation 12 Well Plate 18000 µL on slot 4
2025-02-14 17:24:19,393:INFO:stober_synthesis_utils:Dispensed 1249.9815 uL of water_volume into Well C1 form 20mLscintillation 12 Well Plate 18000 µL on slot 2
2025-02-14 17:24:19,393:INFO:stober_synthesis_utils:Refilling 1cc_1 with 674.99075 uL from Well A3 form 20mLscintillation 12 Well Plate 18000 µL on slot 4
2025-02-14 17:25:16,689:INFO:stober_synthesis_utils:Dispensed 1249.9815 uL of water_volume into Well C1 form 20mLscintillation 12 Well Plate 18000 µL on slot 2
2025-02-14 17:25:16,690:INFO:stober_synthesis_utils:Refilling 1cc_1 with 674.99075 uL from Well A3 form 20mLscintillation 12 Well Plate 18000 µL on slot 4
2025-02-14 17:26:14,023:INFO:stober_synthesis_utils:Dispensed 1249.9815 uL of water_volume into Well C2 form 20mLscintillation 12 Well Plate 18000 µL on slot 2
2025-02-14 17:26:14,023:INFO:stober_synthesis_utils:Refilling 1cc_1 with 674.99075 uL from Well A3 form 20mLscintillation 12 Well Plate 18000 µL on slot 4
2025-02-14 17:27:11,478:INFO:stober_synthesis_utils:Dispensed 1249.9815 uL of water_volume into Well C2 form 20mLscintillation 12 Well Plate 18000 µL on slot 2
2025-02-14 17:31:43,980:INFO:stober_synthesis_utils:Refilling 1cc_2_hamilton with 857.5902500000002 uL from Well A2 form 20mLscintillation 12 Well Plate 18000 µL on slot 4
2025-02-14 17:34:23,261:WARNING:urllib3.connectionpool:Retrying (Retry(total=4, connect=None, read=None, redirect=None, status=None)) after connection broken by 'NewConnectionError('<urllib3.connection.HTTPConnection object at 0x77adc45f4d90>: Failed to establish a new connection: [Errno 110] Connection timed out')': /rr_model?key=seqs
2025-02-14 17:34:49,789:INFO:stober_synthesis_utils:Dispensed 538.3935000000001 uL of ammonia_volume into Well B2 form 20mLscintillation 12 Well Plate 18000 µL on slot 2
2025-02-14 17:34:49,789:INFO:stober_synthesis_utils:Refilling 1cc_2_hamilton with 588.3935000000001 uL from Well A2 form 20mLscintillation 12 Well Plate 18000 µL on slot 4
2025-02-14 17:35:40,014:INFO:stober_synthesis_utils:Dispensed 538.3935000000001 uL of ammonia_volume into Well B3 form 20mLscintillation 12 Well Plate 18000 µL on slot 2
2025-02-14 17:35:40,014:INFO:stober_synthesis_utils:Refilling 1cc_2_hamilton with 588.3935000000001 uL from Well A2 form 20mLscintillation 12 Well Plate 18000 µL on slot 4
2025-02-14 17:36:30,556:INFO:stober_synthesis_utils:Dispensed 538.3935000000001 uL of ammonia_volume into Well B4 form 20mLscintillation 12 Well Plate 18000 µL on slot 2
2025-02-14 17:36:30,556:INFO:stober_synthesis_utils:Refilling 1cc_2_hamilton with 588.3935000000001 uL from Well A2 form 20mLscintillation 12 Well Plate 18000 µL on slot 4
2025-02-14 17:37:21,132:INFO:stober_synthesis_utils:Dispensed 538.3935000000001 uL of ammonia_volume into Well C1 form 20mLscintillation 12 Well Plate 18000 µL on slot 2
2025-02-14 17:37:21,132:INFO:stober_synthesis_utils:Refilling 1cc_2_hamilton with 588.3935000000001 uL from Well A2 form 20mLscintillation 12 Well Plate 18000 µL on slot 4
2025-02-14 17:38:11,929:INFO:stober_synthesis_utils:Dispensed 538.3935000000001 uL of ammonia_volume into Well C2 form 20mLscintillation 12 Well Plate 18000 µL on slot 2
2025-02-14 17:42:19,447:INFO:__main__:Emptied ethanol syringe into trash
2025-02-14 17:43:16,548:INFO:stober_synthesis_utils:Mixed well Well B2 form 20mLscintillation 12 Well Plate 18000 µL on slot 2 5 times, 2000 uL per cycle
2025-02-14 17:46:21,213:INFO:stober_synthesis_utils:Washed mix syringe in wash solutions [Well C2 form 20mLscintillation 12 Well Plate 18000 µL on slot 4, Well C3 form 20mLscintillation 12 Well Plate 18000 µL on slot 4, Well C4 form 20mLscintillation 12 Well Plate 18000 µL on slot 4]
2025-02-14 17:47:03,174:INFO:stober_synthesis_utils:Mixed well Well B3 form 20mLscintillation 12 Well Plate 18000 µL on slot 2 5 times, 2000 uL per cycle
2025-02-14 17:50:07,762:INFO:stober_synthesis_utils:Washed mix syringe in wash solutions [Well C2 form 20mLscintillation 12 Well Plate 18000 µL on slot 4, Well C3 form 20mLscintillation 12 Well Plate 18000 µL on slot 4, Well C4 form 20mLscintillation 12 Well Plate 18000 µL on slot 4]
2025-02-14 17:50:49,433:INFO:stober_synthesis_utils:Mixed well Well B4 form 20mLscintillation 12 Well Plate 18000 µL on slot 2 5 times, 2000 uL per cycle
2025-02-14 17:53:54,256:INFO:stober_synthesis_utils:Washed mix syringe in wash solutions [Well C2 form 20mLscintillation 12 Well Plate 18000 µL on slot 4, Well C3 form 20mLscintillation 12 Well Plate 18000 µL on slot 4, Well C4 form 20mLscintillation 12 Well Plate 18000 µL on slot 4]
2025-02-14 17:54:36,700:INFO:stober_synthesis_utils:Mixed well Well C1 form 20mLscintillation 12 Well Plate 18000 µL on slot 2 5 times, 2000 uL per cycle
2025-02-14 17:57:41,585:INFO:stober_synthesis_utils:Washed mix syringe in wash solutions [Well C2 form 20mLscintillation 12 Well Plate 18000 µL on slot 4, Well C3 form 20mLscintillation 12 Well Plate 18000 µL on slot 4, Well C4 form 20mLscintillation 12 Well Plate 18000 µL on slot 4]
2025-02-14 17:58:23,901:INFO:stober_synthesis_utils:Mixed well Well C2 form 20mLscintillation 12 Well Plate 18000 µL on slot 2 5 times, 2000 uL per cycle
2025-02-14 18:01:28,736:INFO:stober_synthesis_utils:Washed mix syringe in wash solutions [Well C2 form 20mLscintillation 12 Well Plate 18000 µL on slot 4, Well C3 form 20mLscintillation 12 Well Plate 18000 µL on slot 4, Well C4 form 20mLscintillation 12 Well Plate 18000 µL on slot 4]
2025-02-14 18:04:10,892:INFO:stober_synthesis_utils:Dispensed 214.491 uL of teos_volume into Well B2 form 20mLscintillation 12 Well Plate 18000 µL on slot 2
2025-02-14 18:06:33,992:INFO:stober_synthesis_utils:Mixed well Well B2 form 20mLscintillation 12 Well Plate 18000 µL on slot 2 5 times, 9000 uL per cycle
2025-02-14 18:14:05,188:INFO:stober_synthesis_utils:Washed mix syringe in wash solutions [Well C2 form 20mLscintillation 12 Well Plate 18000 µL on slot 4, Well C3 form 20mLscintillation 12 Well Plate 18000 µL on slot 4, Well C4 form 20mLscintillation 12 Well Plate 18000 µL on slot 4]
2025-02-14 18:14:31,808:INFO:stober_synthesis_utils:Dispensed 214.491 uL of teos_volume into Well B3 form 20mLscintillation 12 Well Plate 18000 µL on slot 2
2025-02-14 18:16:54,856:INFO:stober_synthesis_utils:Mixed well Well B3 form 20mLscintillation 12 Well Plate 18000 µL on slot 2 5 times, 9000 uL per cycle
2025-02-14 18:24:26,335:INFO:stober_synthesis_utils:Washed mix syringe in wash solutions [Well C2 form 20mLscintillation 12 Well Plate 18000 µL on slot 4, Well C3 form 20mLscintillation 12 Well Plate 18000 µL on slot 4, Well C4 form 20mLscintillation 12 Well Plate 18000 µL on slot 4]
2025-02-14 18:24:52,928:INFO:stober_synthesis_utils:Dispensed 214.491 uL of teos_volume into Well B4 form 20mLscintillation 12 Well Plate 18000 µL on slot 2
2025-02-14 18:27:16,258:INFO:stober_synthesis_utils:Mixed well Well B4 form 20mLscintillation 12 Well Plate 18000 µL on slot 2 5 times, 9000 uL per cycle
2025-02-14 18:34:47,723:INFO:stober_synthesis_utils:Washed mix syringe in wash solutions [Well C2 form 20mLscintillation 12 Well Plate 18000 µL on slot 4, Well C3 form 20mLscintillation 12 Well Plate 18000 µL on slot 4, Well C4 form 20mLscintillation 12 Well Plate 18000 µL on slot 4]
2025-02-14 18:34:59,734:INFO:stober_synthesis_utils:Refilling 1cc_3_hamilton with 800.7185 uL from Well A1 form 20mLscintillation 12 Well Plate 18000 µL on slot 4
2025-02-14 18:35:47,175:INFO:stober_synthesis_utils:Dispensed 214.491 uL of teos_volume into Well C1 form 20mLscintillation 12 Well Plate 18000 µL on slot 2
2025-02-14 18:38:11,033:INFO:stober_synthesis_utils:Mixed well Well C1 form 20mLscintillation 12 Well Plate 18000 µL on slot 2 5 times, 9000 uL per cycle
2025-02-14 18:45:42,741:INFO:stober_synthesis_utils:Washed mix syringe in wash solutions [Well C2 form 20mLscintillation 12 Well Plate 18000 µL on slot 4, Well C3 form 20mLscintillation 12 Well Plate 18000 µL on slot 4, Well C4 form 20mLscintillation 12 Well Plate 18000 µL on slot 4]
2025-02-14 18:46:09,771:INFO:stober_synthesis_utils:Dispensed 214.491 uL of teos_volume into Well C2 form 20mLscintillation 12 Well Plate 18000 µL on slot 2
2025-02-14 18:48:33,637:INFO:stober_synthesis_utils:Mixed well Well C2 form 20mLscintillation 12 Well Plate 18000 µL on slot 2 5 times, 9000 uL per cycle
2025-02-14 18:56:05,298:INFO:stober_synthesis_utils:Washed mix syringe in wash solutions [Well C2 form 20mLscintillation 12 Well Plate 18000 µL on slot 4, Well C3 form 20mLscintillation 12 Well Plate 18000 µL on slot 4, Well C4 form 20mLscintillation 12 Well Plate 18000 µL on slot 4]
