2025-02-20 17:05:35,619:INFO:stober_synthesis_utils:Refilling 10cc_1 with 3799 uL from Well A4 form 20mLscintillation 12 Well Plate 18000 µL on slot 4
2025-02-20 17:06:21,745:INFO:stober_synthesis_utils:Refilling 10cc_1 with 3799 uL from Well A4 form 20mLscintillation 12 Well Plate 18000 µL on slot 4
2025-02-20 17:08:25,417:INFO:stober_synthesis_utils:Dispensed 7997.134 uL of ethanol_volume into Well B2 form 20mLscintillation 12 Well Plate 18000 µL on slot 2
2025-02-20 17:08:25,417:INFO:stober_synthesis_utils:Refilling 10cc_1 with 8047.134 uL from Well A4 form 20mLscintillation 12 Well Plate 18000 µL on slot 4
2025-02-20 17:09:29,954:INFO:stober_synthesis_utils:Dispensed 7997.134 uL of ethanol_volume into Well B3 form 20mLscintillation 12 Well Plate 18000 µL on slot 2
2025-02-20 17:09:29,954:INFO:stober_synthesis_utils:Refilling 10cc_1 with 8047.134 uL from Well B1 form 20mLscintillation 12 Well Plate 18000 µL on slot 4
2025-02-20 17:10:34,404:INFO:stober_synthesis_utils:Dispensed 7997.134 uL of ethanol_volume into Well B4 form 20mLscintillation 12 Well Plate 18000 µL on slot 2
2025-02-20 17:10:34,405:INFO:stober_synthesis_utils:Refilling 10cc_1 with 8047.134 uL from Well B2 form 20mLscintillation 12 Well Plate 18000 µL on slot 4
2025-02-20 17:11:38,789:INFO:stober_synthesis_utils:Dispensed 7997.134 uL of ethanol_volume into Well C1 form 20mLscintillation 12 Well Plate 18000 µL on slot 2
2025-02-20 17:11:38,789:INFO:stober_synthesis_utils:Refilling 10cc_1 with 8047.134 uL from Well B3 form 20mLscintillation 12 Well Plate 18000 µL on slot 4
2025-02-20 17:12:43,409:INFO:stober_synthesis_utils:Dispensed 7997.134 uL of ethanol_volume into Well C2 form 20mLscintillation 12 Well Plate 18000 µL on slot 2
2025-02-20 17:13:07,144:INFO:__main__:Emptied ethanol syringe into trash
2025-02-20 17:13:21,011:INFO:stober_synthesis_utils:Refilling 1cc_1 with 259 uL from Well A3 form 20mLscintillation 12 Well Plate 18000 µL on slot 4
2025-02-20 17:14:07,717:INFO:stober_synthesis_utils:Dispensed 1249.9815 uL of water_volume into Well B2 form 20mLscintillation 12 Well Plate 18000 µL on slot 2
2025-02-20 17:14:07,718:INFO:stober_synthesis_utils:Refilling 1cc_1 with 674.99075 uL from Well A3 form 20mLscintillation 12 Well Plate 18000 µL on slot 4
2025-02-20 17:15:04,674:INFO:stober_synthesis_utils:Dispensed 1249.9815 uL of water_volume into Well B2 form 20mLscintillation 12 Well Plate 18000 µL on slot 2
2025-02-20 17:15:04,675:INFO:stober_synthesis_utils:Refilling 1cc_1 with 674.99075 uL from Well A3 form 20mLscintillation 12 Well Plate 18000 µL on slot 4
2025-02-20 17:16:01,187:INFO:stober_synthesis_utils:Dispensed 1249.9815 uL of water_volume into Well B3 form 20mLscintillation 12 Well Plate 18000 µL on slot 2
2025-02-20 17:16:01,187:INFO:stober_synthesis_utils:Refilling 1cc_1 with 674.99075 uL from Well A3 form 20mLscintillation 12 Well Plate 18000 µL on slot 4
2025-02-20 17:16:57,548:INFO:stober_synthesis_utils:Dispensed 1249.9815 uL of water_volume into Well B3 form 20mLscintillation 12 Well Plate 18000 µL on slot 2
2025-02-20 17:16:57,548:INFO:stober_synthesis_utils:Refilling 1cc_1 with 674.99075 uL from Well A3 form 20mLscintillation 12 Well Plate 18000 µL on slot 4
2025-02-20 17:17:54,105:INFO:stober_synthesis_utils:Dispensed 1249.9815 uL of water_volume into Well B4 form 20mLscintillation 12 Well Plate 18000 µL on slot 2
2025-02-20 17:17:54,105:INFO:stober_synthesis_utils:Refilling 1cc_1 with 674.99075 uL from Well A3 form 20mLscintillation 12 Well Plate 18000 µL on slot 4
2025-02-20 17:18:50,865:INFO:stober_synthesis_utils:Dispensed 1249.9815 uL of water_volume into Well B4 form 20mLscintillation 12 Well Plate 18000 µL on slot 2
2025-02-20 17:18:50,866:INFO:stober_synthesis_utils:Refilling 1cc_1 with 674.99075 uL from Well A3 form 20mLscintillation 12 Well Plate 18000 µL on slot 4
2025-02-20 17:19:47,278:INFO:stober_synthesis_utils:Dispensed 1249.9815 uL of water_volume into Well C1 form 20mLscintillation 12 Well Plate 18000 µL on slot 2
2025-02-20 17:19:47,278:INFO:stober_synthesis_utils:Refilling 1cc_1 with 674.99075 uL from Well A3 form 20mLscintillation 12 Well Plate 18000 µL on slot 4
2025-02-20 17:20:44,484:INFO:stober_synthesis_utils:Dispensed 1249.9815 uL of water_volume into Well C1 form 20mLscintillation 12 Well Plate 18000 µL on slot 2
2025-02-20 17:20:44,484:INFO:stober_synthesis_utils:Refilling 1cc_1 with 674.99075 uL from Well A3 form 20mLscintillation 12 Well Plate 18000 µL on slot 4
2025-02-20 17:21:41,759:INFO:stober_synthesis_utils:Dispensed 1249.9815 uL of water_volume into Well C2 form 20mLscintillation 12 Well Plate 18000 µL on slot 2
2025-02-20 17:21:41,759:INFO:stober_synthesis_utils:Refilling 1cc_1 with 674.99075 uL from Well A3 form 20mLscintillation 12 Well Plate 18000 µL on slot 4
2025-02-20 17:22:38,820:INFO:stober_synthesis_utils:Dispensed 1249.9815 uL of water_volume into Well C2 form 20mLscintillation 12 Well Plate 18000 µL on slot 2
2025-02-20 17:23:13,521:INFO:stober_synthesis_utils:Dispensed 538.3935000000001 uL of ammonia_volume into Well B2 form 20mLscintillation 12 Well Plate 18000 µL on slot 2
2025-02-20 17:23:13,521:INFO:stober_synthesis_utils:Refilling 1cc_2_hamilton with 977.3935000000001 uL from Well A2 form 20mLscintillation 12 Well Plate 18000 µL on slot 4
2025-02-20 17:24:11,876:INFO:stober_synthesis_utils:Dispensed 538.3935000000001 uL of ammonia_volume into Well B3 form 20mLscintillation 12 Well Plate 18000 µL on slot 2
2025-02-20 17:24:11,876:INFO:stober_synthesis_utils:Refilling 1cc_2_hamilton with 588.3935000000001 uL from Well A2 form 20mLscintillation 12 Well Plate 18000 µL on slot 4
2025-02-20 17:25:02,256:INFO:stober_synthesis_utils:Dispensed 538.3935000000001 uL of ammonia_volume into Well B4 form 20mLscintillation 12 Well Plate 18000 µL on slot 2
2025-02-20 17:25:02,257:INFO:stober_synthesis_utils:Refilling 1cc_2_hamilton with 588.3935000000001 uL from Well A2 form 20mLscintillation 12 Well Plate 18000 µL on slot 4
2025-02-20 17:25:52,851:INFO:stober_synthesis_utils:Dispensed 538.3935000000001 uL of ammonia_volume into Well C1 form 20mLscintillation 12 Well Plate 18000 µL on slot 2
2025-02-20 17:25:52,851:INFO:stober_synthesis_utils:Refilling 1cc_2_hamilton with 588.3935000000001 uL from Well A2 form 20mLscintillation 12 Well Plate 18000 µL on slot 4
2025-02-20 17:26:43,954:INFO:stober_synthesis_utils:Dispensed 538.3935000000001 uL of ammonia_volume into Well C2 form 20mLscintillation 12 Well Plate 18000 µL on slot 2
2025-02-20 17:27:38,230:INFO:stober_synthesis_utils:Mixed well Well B2 form 20mLscintillation 12 Well Plate 18000 µL on slot 2 5 times, 2000 uL per cycle
2025-02-20 17:30:42,700:INFO:stober_synthesis_utils:Washed mix syringe in wash solutions [Well C2 form 20mLscintillation 12 Well Plate 18000 µL on slot 4, Well C3 form 20mLscintillation 12 Well Plate 18000 µL on slot 4, Well C4 form 20mLscintillation 12 Well Plate 18000 µL on slot 4]
2025-02-20 17:31:24,619:INFO:stober_synthesis_utils:Mixed well Well B3 form 20mLscintillation 12 Well Plate 18000 µL on slot 2 5 times, 2000 uL per cycle
2025-02-20 17:34:29,435:INFO:stober_synthesis_utils:Washed mix syringe in wash solutions [Well C2 form 20mLscintillation 12 Well Plate 18000 µL on slot 4, Well C3 form 20mLscintillation 12 Well Plate 18000 µL on slot 4, Well C4 form 20mLscintillation 12 Well Plate 18000 µL on slot 4]
2025-02-20 17:35:11,265:INFO:stober_synthesis_utils:Mixed well Well B4 form 20mLscintillation 12 Well Plate 18000 µL on slot 2 5 times, 2000 uL per cycle
2025-02-20 17:38:16,233:INFO:stober_synthesis_utils:Washed mix syringe in wash solutions [Well C2 form 20mLscintillation 12 Well Plate 18000 µL on slot 4, Well C3 form 20mLscintillation 12 Well Plate 18000 µL on slot 4, Well C4 form 20mLscintillation 12 Well Plate 18000 µL on slot 4]
2025-02-20 17:38:58,888:INFO:stober_synthesis_utils:Mixed well Well C1 form 20mLscintillation 12 Well Plate 18000 µL on slot 2 5 times, 2000 uL per cycle
2025-02-20 17:42:03,628:INFO:stober_synthesis_utils:Washed mix syringe in wash solutions [Well C2 form 20mLscintillation 12 Well Plate 18000 µL on slot 4, Well C3 form 20mLscintillation 12 Well Plate 18000 µL on slot 4, Well C4 form 20mLscintillation 12 Well Plate 18000 µL on slot 4]
2025-02-20 17:42:46,006:INFO:stober_synthesis_utils:Mixed well Well C2 form 20mLscintillation 12 Well Plate 18000 µL on slot 2 5 times, 2000 uL per cycle
2025-02-20 17:45:50,681:INFO:stober_synthesis_utils:Washed mix syringe in wash solutions [Well C2 form 20mLscintillation 12 Well Plate 18000 µL on slot 4, Well C3 form 20mLscintillation 12 Well Plate 18000 µL on slot 4, Well C4 form 20mLscintillation 12 Well Plate 18000 µL on slot 4]
2025-02-20 17:46:17,564:INFO:stober_synthesis_utils:Dispensed 214.491 uL of teos_volume into Well B2 form 20mLscintillation 12 Well Plate 18000 µL on slot 2
2025-02-20 17:48:40,456:INFO:stober_synthesis_utils:Mixed well Well B2 form 20mLscintillation 12 Well Plate 18000 µL on slot 2 5 times, 9000 uL per cycle
2025-02-20 17:56:11,755:INFO:stober_synthesis_utils:Washed mix syringe in wash solutions [Well C2 form 20mLscintillation 12 Well Plate 18000 µL on slot 4, Well C3 form 20mLscintillation 12 Well Plate 18000 µL on slot 4, Well C4 form 20mLscintillation 12 Well Plate 18000 µL on slot 4]
2025-02-20 17:56:38,395:INFO:stober_synthesis_utils:Dispensed 214.491 uL of teos_volume into Well B3 form 20mLscintillation 12 Well Plate 18000 µL on slot 2
2025-02-20 17:59:01,543:INFO:stober_synthesis_utils:Mixed well Well B3 form 20mLscintillation 12 Well Plate 18000 µL on slot 2 5 times, 9000 uL per cycle
2025-02-20 18:06:32,990:INFO:stober_synthesis_utils:Washed mix syringe in wash solutions [Well C2 form 20mLscintillation 12 Well Plate 18000 µL on slot 4, Well C3 form 20mLscintillation 12 Well Plate 18000 µL on slot 4, Well C4 form 20mLscintillation 12 Well Plate 18000 µL on slot 4]
2025-02-20 18:06:45,122:INFO:stober_synthesis_utils:Refilling 1cc_3_hamilton with 947.982 uL from Well A1 form 20mLscintillation 12 Well Plate 18000 µL on slot 4
2025-02-20 18:07:35,690:INFO:stober_synthesis_utils:Dispensed 214.491 uL of teos_volume into Well B4 form 20mLscintillation 12 Well Plate 18000 µL on slot 2
2025-02-20 18:09:58,951:INFO:stober_synthesis_utils:Mixed well Well B4 form 20mLscintillation 12 Well Plate 18000 µL on slot 2 5 times, 9000 uL per cycle
2025-02-20 18:17:30,536:INFO:stober_synthesis_utils:Washed mix syringe in wash solutions [Well C2 form 20mLscintillation 12 Well Plate 18000 µL on slot 4, Well C3 form 20mLscintillation 12 Well Plate 18000 µL on slot 4, Well C4 form 20mLscintillation 12 Well Plate 18000 µL on slot 4]
2025-02-20 18:17:57,717:INFO:stober_synthesis_utils:Dispensed 214.491 uL of teos_volume into Well C1 form 20mLscintillation 12 Well Plate 18000 µL on slot 2
2025-02-20 18:20:21,492:INFO:stober_synthesis_utils:Mixed well Well C1 form 20mLscintillation 12 Well Plate 18000 µL on slot 2 5 times, 9000 uL per cycle
2025-02-20 18:27:53,193:INFO:stober_synthesis_utils:Washed mix syringe in wash solutions [Well C2 form 20mLscintillation 12 Well Plate 18000 µL on slot 4, Well C3 form 20mLscintillation 12 Well Plate 18000 µL on slot 4, Well C4 form 20mLscintillation 12 Well Plate 18000 µL on slot 4]
2025-02-20 18:28:20,384:INFO:stober_synthesis_utils:Dispensed 214.491 uL of teos_volume into Well C2 form 20mLscintillation 12 Well Plate 18000 µL on slot 2
2025-02-20 18:30:44,140:INFO:stober_synthesis_utils:Mixed well Well C2 form 20mLscintillation 12 Well Plate 18000 µL on slot 2 5 times, 9000 uL per cycle
2025-02-20 18:38:15,884:INFO:stober_synthesis_utils:Washed mix syringe in wash solutions [Well C2 form 20mLscintillation 12 Well Plate 18000 µL on slot 4, Well C3 form 20mLscintillation 12 Well Plate 18000 µL on slot 4, Well C4 form 20mLscintillation 12 Well Plate 18000 µL on slot 4]
