2024-11-18 16:39:07,669:INFO:stober_synthesis_utils:Dispensed 1549.671602062881 uL of ethanol_volume into Well A1 form septavialrev1_44_holder_2000ul on slot 2
2024-11-18 16:39:26,974:INFO:stober_synthesis_utils:Dispensed 1286.0751073807478 uL of ethanol_volume into Well A2 form septavialrev1_44_holder_2000ul on slot 2
2024-11-18 16:39:26,975:INFO:stober_synthesis_utils:Refilling 10cc_1 with 9834.746709443629 uL from Well A4 form 20mLscintillation 12 Well Plate 18000 µL on slot 4
2024-11-18 16:40:15,661:INFO:stober_synthesis_utils:Dispensed 1541.8057343922555 uL of ethanol_volume into Well A3 form septavialrev1_44_holder_2000ul on slot 2
2024-11-18 16:40:34,699:INFO:stober_synthesis_utils:Dispensed 1138.9198400080204 uL of ethanol_volume into Well A4 form septavialrev1_44_holder_2000ul on slot 2
2024-11-18 16:40:54,514:INFO:stober_synthesis_utils:Dispensed 1551.678660698235 uL of ethanol_volume into Well A5 form septavialrev1_44_holder_2000ul on slot 2
2024-11-18 16:41:13,941:INFO:stober_synthesis_utils:Dispensed 1353.09841260314 uL of ethanol_volume into Well A6 form septavialrev1_44_holder_2000ul on slot 2
2024-11-18 16:41:33,648:INFO:stober_synthesis_utils:Dispensed 1471.6205222532153 uL of ethanol_volume into Well A7 form septavialrev1_44_holder_2000ul on slot 2
2024-11-18 16:41:52,538:INFO:stober_synthesis_utils:Dispensed 1060.3972561657429 uL of ethanol_volume into Well A8 form septavialrev1_44_holder_2000ul on slot 2
2024-11-18 16:42:12,960:INFO:stober_synthesis_utils:Dispensed 1392.9697301238775 uL of ethanol_volume into Well B1 form septavialrev1_44_holder_2000ul on slot 2
2024-11-18 16:42:12,961:INFO:stober_synthesis_utils:Refilling 10cc_1 with 9510.490156244487 uL from Well B1 form 20mLscintillation 12 Well Plate 18000 µL on slot 4
2024-11-18 16:42:59,682:INFO:stober_synthesis_utils:Dispensed 1204.345577955246 uL of ethanol_volume into Well B3 form septavialrev1_44_holder_2000ul on slot 2
2024-11-18 16:43:18,676:INFO:stober_synthesis_utils:Dispensed 1162.5276248902082 uL of ethanol_volume into Well B4 form septavialrev1_44_holder_2000ul on slot 2
2024-11-18 16:43:38,428:INFO:stober_synthesis_utils:Dispensed 1479.220370948315 uL of ethanol_volume into Well B5 form septavialrev1_44_holder_2000ul on slot 2
2024-11-18 16:43:57,751:INFO:stober_synthesis_utils:Dispensed 1282.335538044572 uL of ethanol_volume into Well B6 form septavialrev1_44_holder_2000ul on slot 2
2024-11-18 16:44:16,968:INFO:stober_synthesis_utils:Dispensed 1223.3632534742355 uL of ethanol_volume into Well B8 form septavialrev1_44_holder_2000ul on slot 2
2024-11-18 16:44:37,692:INFO:stober_synthesis_utils:Dispensed 1474.4100079871714 uL of ethanol_volume into Well C1 form septavialrev1_44_holder_2000ul on slot 2
2024-11-18 16:44:57,424:INFO:stober_synthesis_utils:Dispensed 1474.4100079871714 uL of ethanol_volume into Well C2 form septavialrev1_44_holder_2000ul on slot 2
2024-11-18 16:44:57,424:INFO:stober_synthesis_utils:Refilling 10cc_1 with 9300.61238128692 uL from Well B2 form 20mLscintillation 12 Well Plate 18000 µL on slot 4
2024-11-18 16:45:44,481:INFO:stober_synthesis_utils:Dispensed 1474.4100079871714 uL of ethanol_volume into Well C3 form septavialrev1_44_holder_2000ul on slot 2
2024-11-18 16:46:04,217:INFO:stober_synthesis_utils:Dispensed 1474.4100079871714 uL of ethanol_volume into Well C4 form septavialrev1_44_holder_2000ul on slot 2
2024-11-18 16:46:23,865:INFO:stober_synthesis_utils:Dispensed 1474.4100079871714 uL of ethanol_volume into Well C5 form septavialrev1_44_holder_2000ul on slot 2
2024-11-18 16:46:43,576:INFO:stober_synthesis_utils:Dispensed 1474.4100079871714 uL of ethanol_volume into Well C6 form septavialrev1_44_holder_2000ul on slot 2
2024-11-18 16:47:13,284:INFO:__main__:Emptied ethanol syringe into trash
2024-11-18 16:47:43,332:INFO:stober_synthesis_utils:Dispensed 15.705124102532864 uL of water_volume into Well A1 form septavialrev1_44_holder_2000ul on slot 2
2024-11-18 16:47:58,687:INFO:stober_synthesis_utils:Dispensed 85.46675555408001 uL of water_volume into Well A2 form septavialrev1_44_holder_2000ul on slot 2
2024-11-18 16:48:15,019:INFO:stober_synthesis_utils:Dispensed 128.25593650341034 uL of water_volume into Well A3 form septavialrev1_44_holder_2000ul on slot 2
2024-11-18 16:48:33,945:INFO:stober_synthesis_utils:Dispensed 252.6921659708023 uL of water_volume into Well A4 form septavialrev1_44_holder_2000ul on slot 2
2024-11-18 16:48:49,645:INFO:stober_synthesis_utils:Dispensed 94.1106140613556 uL of water_volume into Well A5 form septavialrev1_44_holder_2000ul on slot 2
2024-11-18 16:49:05,172:INFO:stober_synthesis_utils:Dispensed 87.91628777980804 uL of water_volume into Well A6 form septavialrev1_44_holder_2000ul on slot 2
2024-11-18 16:49:05,172:INFO:stober_synthesis_utils:Refilling 1cc_1 with 913.1468839719892 uL from Well A3 form 20mLscintillation 12 Well Plate 18000 µL on slot 4
2024-11-18 16:49:49,687:INFO:stober_synthesis_utils:Dispensed 170.65878584980965 uL of water_volume into Well A7 form septavialrev1_44_holder_2000ul on slot 2
2024-11-18 16:50:08,131:INFO:stober_synthesis_utils:Dispensed 234.97323542833328 uL of water_volume into Well A8 form septavialrev1_44_holder_2000ul on slot 2
2024-11-18 16:50:24,252:INFO:stober_synthesis_utils:Dispensed 74.71530847251415 uL of water_volume into Well B1 form septavialrev1_44_holder_2000ul on slot 2
2024-11-18 16:50:40,954:INFO:stober_synthesis_utils:Dispensed 142.94697418808937 uL of water_volume into Well B3 form septavialrev1_44_holder_2000ul on slot 2
2024-11-18 16:50:59,688:INFO:stober_synthesis_utils:Dispensed 247.43314683437347 uL of water_volume into Well B4 form septavialrev1_44_holder_2000ul on slot 2
2024-11-18 16:51:14,111:INFO:stober_synthesis_utils:Dispensed 35.336849838495255 uL of water_volume into Well B5 form septavialrev1_44_holder_2000ul on slot 2
2024-11-18 16:51:14,112:INFO:stober_synthesis_utils:Refilling 1cc_1 with 906.0643006116152 uL from Well A3 form 20mLscintillation 12 Well Plate 18000 µL on slot 4
2024-11-18 16:51:59,640:INFO:stober_synthesis_utils:Dispensed 205.7098403573036 uL of water_volume into Well B6 form septavialrev1_44_holder_2000ul on slot 2
2024-11-18 16:52:17,072:INFO:stober_synthesis_utils:Dispensed 173.4950803220272 uL of water_volume into Well B8 form septavialrev1_44_holder_2000ul on slot 2
2024-11-18 16:52:34,207:INFO:stober_synthesis_utils:Dispensed 120.86999416351318 uL of water_volume into Well C1 form septavialrev1_44_holder_2000ul on slot 2
2024-11-18 16:52:50,425:INFO:stober_synthesis_utils:Dispensed 120.86999416351318 uL of water_volume into Well C2 form septavialrev1_44_holder_2000ul on slot 2
2024-11-18 16:53:06,623:INFO:stober_synthesis_utils:Dispensed 120.86999416351318 uL of water_volume into Well C3 form septavialrev1_44_holder_2000ul on slot 2
2024-11-18 16:53:22,837:INFO:stober_synthesis_utils:Dispensed 120.86999416351318 uL of water_volume into Well C4 form septavialrev1_44_holder_2000ul on slot 2
2024-11-18 16:53:39,063:INFO:stober_synthesis_utils:Dispensed 120.86999416351318 uL of water_volume into Well C5 form septavialrev1_44_holder_2000ul on slot 2
2024-11-18 16:53:39,064:INFO:stober_synthesis_utils:Refilling 1cc_1 with 983.5548914968967 uL from Well A3 form 20mLscintillation 12 Well Plate 18000 µL on slot 4
2024-11-18 16:54:24,456:INFO:stober_synthesis_utils:Dispensed 120.86999416351318 uL of water_volume into Well C6 form septavialrev1_44_holder_2000ul on slot 2
2024-11-18 16:54:50,714:INFO:stober_synthesis_utils:Dispensed 68.946223706007 uL of ammonia_volume into Well A1 form septavialrev1_44_holder_2000ul on slot 2
2024-11-18 16:55:03,015:INFO:stober_synthesis_utils:Dispensed 129.93652299046516 uL of ammonia_volume into Well A2 form septavialrev1_44_holder_2000ul on slot 2
2024-11-18 16:55:12,866:INFO:stober_synthesis_utils:Dispensed 12.064686696976423 uL of ammonia_volume into Well A3 form septavialrev1_44_holder_2000ul on slot 2
2024-11-18 16:55:24,266:INFO:stober_synthesis_utils:Dispensed 84.11612436175346 uL of ammonia_volume into Well A4 form septavialrev1_44_holder_2000ul on slot 2
2024-11-18 16:55:34,685:INFO:stober_synthesis_utils:Dispensed 37.210725620388985 uL of ammonia_volume into Well A5 form septavialrev1_44_holder_2000ul on slot 2
2024-11-18 16:55:34,685:INFO:stober_synthesis_utils:Refilling 1cc_2 with 961.274283375591 uL from Well A2 form 20mLscintillation 12 Well Plate 18000 µL on slot 4
2024-11-18 16:56:15,081:INFO:stober_synthesis_utils:Dispensed 117.3750936985016 uL of ammonia_volume into Well A6 form septavialrev1_44_holder_2000ul on slot 2
2024-11-18 16:56:25,594:INFO:stober_synthesis_utils:Dispensed 40.72069227695465 uL of ammonia_volume into Well A7 form septavialrev1_44_holder_2000ul on slot 2
2024-11-18 16:56:38,712:INFO:stober_synthesis_utils:Dispensed 166.12965688109398 uL of ammonia_volume into Well A8 form septavialrev1_44_holder_2000ul on slot 2
2024-11-18 16:56:52,590:INFO:stober_synthesis_utils:Dispensed 155.65201044082642 uL of ammonia_volume into Well B1 form septavialrev1_44_holder_2000ul on slot 2
2024-11-18 16:57:04,398:INFO:stober_synthesis_utils:Dispensed 99.75491985678671 uL of ammonia_volume into Well B3 form septavialrev1_44_holder_2000ul on slot 2
2024-11-18 16:57:14,802:INFO:stober_synthesis_utils:Dispensed 38.61409164965153 uL of ammonia_volume into Well B4 form septavialrev1_44_holder_2000ul on slot 2
2024-11-18 16:57:26,731:INFO:stober_synthesis_utils:Dispensed 108.57414528727531 uL of ammonia_volume into Well B5 form septavialrev1_44_holder_2000ul on slot 2
2024-11-18 16:57:37,012:INFO:stober_synthesis_utils:Dispensed 29.899651929736137 uL of ammonia_volume into Well B6 form septavialrev1_44_holder_2000ul on slot 2
2024-11-18 16:57:49,590:INFO:stober_synthesis_utils:Dispensed 135.80031767487526 uL of ammonia_volume into Well B8 form septavialrev1_44_holder_2000ul on slot 2
2024-11-18 16:58:00,449:INFO:stober_synthesis_utils:Dispensed 13.94000006839633 uL of ammonia_volume into Well C1 form septavialrev1_44_holder_2000ul on slot 2
2024-11-18 16:58:10,322:INFO:stober_synthesis_utils:Dispensed 13.94000006839633 uL of ammonia_volume into Well C2 form septavialrev1_44_holder_2000ul on slot 2
2024-11-18 16:58:20,238:INFO:stober_synthesis_utils:Dispensed 13.94000006839633 uL of ammonia_volume into Well C3 form septavialrev1_44_holder_2000ul on slot 2
2024-11-18 16:58:30,131:INFO:stober_synthesis_utils:Dispensed 13.94000006839633 uL of ammonia_volume into Well C4 form septavialrev1_44_holder_2000ul on slot 2
2024-11-18 16:58:40,009:INFO:stober_synthesis_utils:Dispensed 13.94000006839633 uL of ammonia_volume into Well C5 form septavialrev1_44_holder_2000ul on slot 2
2024-11-18 16:58:49,904:INFO:stober_synthesis_utils:Dispensed 13.94000006839633 uL of ammonia_volume into Well C6 form septavialrev1_44_holder_2000ul on slot 2
2024-11-18 16:59:45,310:INFO:stober_synthesis_utils:Mixed well Well A1 form septavialrev1_44_holder_2000ul on slot 2 5 times, 2000 uL per cycle
2024-11-18 17:02:50,099:INFO:stober_synthesis_utils:Washed mix syringe in wash solutions [Well C2 form 20mLscintillation 12 Well Plate 18000 µL on slot 4, Well C3 form 20mLscintillation 12 Well Plate 18000 µL on slot 4, Well C4 form 20mLscintillation 12 Well Plate 18000 µL on slot 4]
2024-11-18 17:03:32,386:INFO:stober_synthesis_utils:Mixed well Well A2 form septavialrev1_44_holder_2000ul on slot 2 5 times, 2000 uL per cycle
2024-11-18 17:06:37,109:INFO:stober_synthesis_utils:Washed mix syringe in wash solutions [Well C2 form 20mLscintillation 12 Well Plate 18000 µL on slot 4, Well C3 form 20mLscintillation 12 Well Plate 18000 µL on slot 4, Well C4 form 20mLscintillation 12 Well Plate 18000 µL on slot 4]
2024-11-18 17:07:19,381:INFO:stober_synthesis_utils:Mixed well Well A3 form septavialrev1_44_holder_2000ul on slot 2 5 times, 2000 uL per cycle
2024-11-18 17:10:24,073:INFO:stober_synthesis_utils:Washed mix syringe in wash solutions [Well C2 form 20mLscintillation 12 Well Plate 18000 µL on slot 4, Well C3 form 20mLscintillation 12 Well Plate 18000 µL on slot 4, Well C4 form 20mLscintillation 12 Well Plate 18000 µL on slot 4]
2024-11-18 17:11:06,070:INFO:stober_synthesis_utils:Mixed well Well A4 form septavialrev1_44_holder_2000ul on slot 2 5 times, 2000 uL per cycle
2024-11-18 17:14:10,767:INFO:stober_synthesis_utils:Washed mix syringe in wash solutions [Well C2 form 20mLscintillation 12 Well Plate 18000 µL on slot 4, Well C3 form 20mLscintillation 12 Well Plate 18000 µL on slot 4, Well C4 form 20mLscintillation 12 Well Plate 18000 µL on slot 4]
2024-11-18 17:14:52,619:INFO:stober_synthesis_utils:Mixed well Well A5 form septavialrev1_44_holder_2000ul on slot 2 5 times, 2000 uL per cycle
2024-11-18 17:17:57,262:INFO:stober_synthesis_utils:Washed mix syringe in wash solutions [Well C2 form 20mLscintillation 12 Well Plate 18000 µL on slot 4, Well C3 form 20mLscintillation 12 Well Plate 18000 µL on slot 4, Well C4 form 20mLscintillation 12 Well Plate 18000 µL on slot 4]
2024-11-18 17:18:38,990:INFO:stober_synthesis_utils:Mixed well Well A6 form septavialrev1_44_holder_2000ul on slot 2 5 times, 2000 uL per cycle
2024-11-18 17:21:43,753:INFO:stober_synthesis_utils:Washed mix syringe in wash solutions [Well C2 form 20mLscintillation 12 Well Plate 18000 µL on slot 4, Well C3 form 20mLscintillation 12 Well Plate 18000 µL on slot 4, Well C4 form 20mLscintillation 12 Well Plate 18000 µL on slot 4]
2024-11-18 17:22:25,391:INFO:stober_synthesis_utils:Mixed well Well A7 form septavialrev1_44_holder_2000ul on slot 2 5 times, 2000 uL per cycle
2024-11-18 17:25:30,408:INFO:stober_synthesis_utils:Washed mix syringe in wash solutions [Well C2 form 20mLscintillation 12 Well Plate 18000 µL on slot 4, Well C3 form 20mLscintillation 12 Well Plate 18000 µL on slot 4, Well C4 form 20mLscintillation 12 Well Plate 18000 µL on slot 4]
2024-11-18 17:26:12,173:INFO:stober_synthesis_utils:Mixed well Well A8 form septavialrev1_44_holder_2000ul on slot 2 5 times, 2000 uL per cycle
2024-11-18 17:29:17,356:INFO:stober_synthesis_utils:Washed mix syringe in wash solutions [Well C2 form 20mLscintillation 12 Well Plate 18000 µL on slot 4, Well C3 form 20mLscintillation 12 Well Plate 18000 µL on slot 4, Well C4 form 20mLscintillation 12 Well Plate 18000 µL on slot 4]
2024-11-18 17:29:59,865:INFO:stober_synthesis_utils:Mixed well Well B1 form septavialrev1_44_holder_2000ul on slot 2 5 times, 2000 uL per cycle
2024-11-18 17:33:04,883:INFO:stober_synthesis_utils:Washed mix syringe in wash solutions [Well C2 form 20mLscintillation 12 Well Plate 18000 µL on slot 4, Well C3 form 20mLscintillation 12 Well Plate 18000 µL on slot 4, Well C4 form 20mLscintillation 12 Well Plate 18000 µL on slot 4]
2024-11-18 17:33:47,145:INFO:stober_synthesis_utils:Mixed well Well B3 form septavialrev1_44_holder_2000ul on slot 2 5 times, 2000 uL per cycle
2024-11-18 17:36:51,964:INFO:stober_synthesis_utils:Washed mix syringe in wash solutions [Well C2 form 20mLscintillation 12 Well Plate 18000 µL on slot 4, Well C3 form 20mLscintillation 12 Well Plate 18000 µL on slot 4, Well C4 form 20mLscintillation 12 Well Plate 18000 µL on slot 4]
2024-11-18 17:37:34,043:INFO:stober_synthesis_utils:Mixed well Well B4 form septavialrev1_44_holder_2000ul on slot 2 5 times, 2000 uL per cycle
2024-11-18 17:40:38,870:INFO:stober_synthesis_utils:Washed mix syringe in wash solutions [Well C2 form 20mLscintillation 12 Well Plate 18000 µL on slot 4, Well C3 form 20mLscintillation 12 Well Plate 18000 µL on slot 4, Well C4 form 20mLscintillation 12 Well Plate 18000 µL on slot 4]
2024-11-18 17:41:20,818:INFO:stober_synthesis_utils:Mixed well Well B5 form septavialrev1_44_holder_2000ul on slot 2 5 times, 2000 uL per cycle
2024-11-18 17:44:25,722:INFO:stober_synthesis_utils:Washed mix syringe in wash solutions [Well C2 form 20mLscintillation 12 Well Plate 18000 µL on slot 4, Well C3 form 20mLscintillation 12 Well Plate 18000 µL on slot 4, Well C4 form 20mLscintillation 12 Well Plate 18000 µL on slot 4]
2024-11-18 17:45:07,585:INFO:stober_synthesis_utils:Mixed well Well B6 form septavialrev1_44_holder_2000ul on slot 2 5 times, 2000 uL per cycle
2024-11-18 17:48:12,420:INFO:stober_synthesis_utils:Washed mix syringe in wash solutions [Well C2 form 20mLscintillation 12 Well Plate 18000 µL on slot 4, Well C3 form 20mLscintillation 12 Well Plate 18000 µL on slot 4, Well C4 form 20mLscintillation 12 Well Plate 18000 µL on slot 4]
2024-11-18 17:48:54,291:INFO:stober_synthesis_utils:Mixed well Well B8 form septavialrev1_44_holder_2000ul on slot 2 5 times, 2000 uL per cycle
2024-11-18 17:51:59,623:INFO:stober_synthesis_utils:Washed mix syringe in wash solutions [Well C2 form 20mLscintillation 12 Well Plate 18000 µL on slot 4, Well C3 form 20mLscintillation 12 Well Plate 18000 µL on slot 4, Well C4 form 20mLscintillation 12 Well Plate 18000 µL on slot 4]
2024-11-18 17:52:42,337:INFO:stober_synthesis_utils:Mixed well Well C1 form septavialrev1_44_holder_2000ul on slot 2 5 times, 2000 uL per cycle
2024-11-18 17:55:47,722:INFO:stober_synthesis_utils:Washed mix syringe in wash solutions [Well C2 form 20mLscintillation 12 Well Plate 18000 µL on slot 4, Well C3 form 20mLscintillation 12 Well Plate 18000 µL on slot 4, Well C4 form 20mLscintillation 12 Well Plate 18000 µL on slot 4]
2024-11-18 17:56:30,246:INFO:stober_synthesis_utils:Mixed well Well C2 form septavialrev1_44_holder_2000ul on slot 2 5 times, 2000 uL per cycle
2024-11-18 17:59:35,337:INFO:stober_synthesis_utils:Washed mix syringe in wash solutions [Well C2 form 20mLscintillation 12 Well Plate 18000 µL on slot 4, Well C3 form 20mLscintillation 12 Well Plate 18000 µL on slot 4, Well C4 form 20mLscintillation 12 Well Plate 18000 µL on slot 4]
2024-11-18 18:00:17,670:INFO:stober_synthesis_utils:Mixed well Well C3 form septavialrev1_44_holder_2000ul on slot 2 5 times, 2000 uL per cycle
2024-11-18 18:03:22,638:INFO:stober_synthesis_utils:Washed mix syringe in wash solutions [Well C2 form 20mLscintillation 12 Well Plate 18000 µL on slot 4, Well C3 form 20mLscintillation 12 Well Plate 18000 µL on slot 4, Well C4 form 20mLscintillation 12 Well Plate 18000 µL on slot 4]
2024-11-18 18:04:04,925:INFO:stober_synthesis_utils:Mixed well Well C4 form septavialrev1_44_holder_2000ul on slot 2 5 times, 2000 uL per cycle
2024-11-18 18:07:09,889:INFO:stober_synthesis_utils:Washed mix syringe in wash solutions [Well C2 form 20mLscintillation 12 Well Plate 18000 µL on slot 4, Well C3 form 20mLscintillation 12 Well Plate 18000 µL on slot 4, Well C4 form 20mLscintillation 12 Well Plate 18000 µL on slot 4]
2024-11-18 18:07:51,947:INFO:stober_synthesis_utils:Mixed well Well C5 form septavialrev1_44_holder_2000ul on slot 2 5 times, 2000 uL per cycle
2024-11-18 18:10:57,120:INFO:stober_synthesis_utils:Washed mix syringe in wash solutions [Well C2 form 20mLscintillation 12 Well Plate 18000 µL on slot 4, Well C3 form 20mLscintillation 12 Well Plate 18000 µL on slot 4, Well C4 form 20mLscintillation 12 Well Plate 18000 µL on slot 4]
2024-11-18 18:11:38,941:INFO:stober_synthesis_utils:Mixed well Well C6 form septavialrev1_44_holder_2000ul on slot 2 5 times, 2000 uL per cycle
2024-11-18 18:14:44,069:INFO:stober_synthesis_utils:Washed mix syringe in wash solutions [Well C2 form 20mLscintillation 12 Well Plate 18000 µL on slot 4, Well C3 form 20mLscintillation 12 Well Plate 18000 µL on slot 4, Well C4 form 20mLscintillation 12 Well Plate 18000 µL on slot 4]
2024-11-18 18:15:10,368:INFO:stober_synthesis_utils:Dispensed 65.67705012857914 uL of teos_volume into Well A1 form septavialrev1_44_holder_2000ul on slot 2
2024-11-18 18:16:07,449:INFO:stober_synthesis_utils:Mixed well Well A1 form septavialrev1_44_holder_2000ul on slot 2 5 times, 2000 uL per cycle
2024-11-18 18:19:12,343:INFO:stober_synthesis_utils:Washed mix syringe in wash solutions [Well C2 form 20mLscintillation 12 Well Plate 18000 µL on slot 4, Well C3 form 20mLscintillation 12 Well Plate 18000 µL on slot 4, Well C4 form 20mLscintillation 12 Well Plate 18000 µL on slot 4]
2024-11-18 18:19:41,333:INFO:stober_synthesis_utils:Dispensed 198.52161407470703 uL of teos_volume into Well A2 form septavialrev1_44_holder_2000ul on slot 2
2024-11-18 18:20:38,089:INFO:stober_synthesis_utils:Mixed well Well A2 form septavialrev1_44_holder_2000ul on slot 2 5 times, 2000 uL per cycle
2024-11-18 18:23:42,885:INFO:stober_synthesis_utils:Washed mix syringe in wash solutions [Well C2 form 20mLscintillation 12 Well Plate 18000 µL on slot 4, Well C3 form 20mLscintillation 12 Well Plate 18000 µL on slot 4, Well C4 form 20mLscintillation 12 Well Plate 18000 µL on slot 4]
2024-11-18 18:24:07,792:INFO:stober_synthesis_utils:Dispensed 17.873642407357693 uL of teos_volume into Well A3 form septavialrev1_44_holder_2000ul on slot 2
2024-11-18 18:25:04,528:INFO:stober_synthesis_utils:Mixed well Well A3 form septavialrev1_44_holder_2000ul on slot 2 5 times, 2000 uL per cycle
2024-11-18 18:28:09,320:INFO:stober_synthesis_utils:Washed mix syringe in wash solutions [Well C2 form 20mLscintillation 12 Well Plate 18000 µL on slot 4, Well C3 form 20mLscintillation 12 Well Plate 18000 µL on slot 4, Well C4 form 20mLscintillation 12 Well Plate 18000 µL on slot 4]
2024-11-18 18:28:38,377:INFO:stober_synthesis_utils:Dispensed 224.27186965942383 uL of teos_volume into Well A4 form septavialrev1_44_holder_2000ul on slot 2
2024-11-18 18:29:35,275:INFO:stober_synthesis_utils:Mixed well Well A4 form septavialrev1_44_holder_2000ul on slot 2 5 times, 2000 uL per cycle
2024-11-18 18:32:39,894:INFO:stober_synthesis_utils:Washed mix syringe in wash solutions [Well C2 form 20mLscintillation 12 Well Plate 18000 µL on slot 4, Well C3 form 20mLscintillation 12 Well Plate 18000 µL on slot 4, Well C4 form 20mLscintillation 12 Well Plate 18000 µL on slot 4]
2024-11-18 18:33:04,655:INFO:stober_synthesis_utils:Dispensed 16.99999962002039 uL of teos_volume into Well A5 form septavialrev1_44_holder_2000ul on slot 2
2024-11-18 18:34:01,596:INFO:stober_synthesis_utils:Mixed well Well A5 form septavialrev1_44_holder_2000ul on slot 2 5 times, 2000 uL per cycle
2024-11-18 18:37:06,344:INFO:stober_synthesis_utils:Washed mix syringe in wash solutions [Well C2 form 20mLscintillation 12 Well Plate 18000 µL on slot 4, Well C3 form 20mLscintillation 12 Well Plate 18000 µL on slot 4, Well C4 form 20mLscintillation 12 Well Plate 18000 µL on slot 4]
2024-11-18 18:37:33,457:INFO:stober_synthesis_utils:Dispensed 141.6102059185505 uL of teos_volume into Well A6 form septavialrev1_44_holder_2000ul on slot 2
2024-11-18 18:38:30,302:INFO:stober_synthesis_utils:Mixed well Well A6 form septavialrev1_44_holder_2000ul on slot 2 5 times, 2000 uL per cycle
2024-11-18 18:41:35,244:INFO:stober_synthesis_utils:Washed mix syringe in wash solutions [Well C2 form 20mLscintillation 12 Well Plate 18000 µL on slot 4, Well C3 form 20mLscintillation 12 Well Plate 18000 µL on slot 4, Well C4 form 20mLscintillation 12 Well Plate 18000 µL on slot 4]
2024-11-18 18:41:59,708:INFO:stober_synthesis_utils:Dispensed 16.99999962002039 uL of teos_volume into Well A7 form septavialrev1_44_holder_2000ul on slot 2
2024-11-18 18:42:56,569:INFO:stober_synthesis_utils:Mixed well Well A7 form septavialrev1_44_holder_2000ul on slot 2 5 times, 2000 uL per cycle
2024-11-18 18:46:01,694:INFO:stober_synthesis_utils:Washed mix syringe in wash solutions [Well C2 form 20mLscintillation 12 Well Plate 18000 µL on slot 4, Well C3 form 20mLscintillation 12 Well Plate 18000 µL on slot 4, Well C4 form 20mLscintillation 12 Well Plate 18000 µL on slot 4]
2024-11-18 18:46:15,815:INFO:stober_synthesis_utils:Refilling 1cc_3 with 990.954381428659 uL from Well A1 form 20mLscintillation 12 Well Plate 18000 µL on slot 4
2024-11-18 18:46:59,608:INFO:stober_synthesis_utils:Dispensed 238.49985152482984 uL of teos_volume into Well A8 form septavialrev1_44_holder_2000ul on slot 2
2024-11-18 18:47:56,649:INFO:stober_synthesis_utils:Mixed well Well A8 form septavialrev1_44_holder_2000ul on slot 2 5 times, 2000 uL per cycle
2024-11-18 18:51:01,878:INFO:stober_synthesis_utils:Washed mix syringe in wash solutions [Well C2 form 20mLscintillation 12 Well Plate 18000 µL on slot 4, Well C3 form 20mLscintillation 12 Well Plate 18000 µL on slot 4, Well C4 form 20mLscintillation 12 Well Plate 18000 µL on slot 4]
2024-11-18 18:51:28,414:INFO:stober_synthesis_utils:Dispensed 76.6629509627819 uL of teos_volume into Well B1 form septavialrev1_44_holder_2000ul on slot 2
2024-11-18 18:52:25,584:INFO:stober_synthesis_utils:Mixed well Well B1 form septavialrev1_44_holder_2000ul on slot 2 5 times, 2000 uL per cycle
2024-11-18 18:55:30,704:INFO:stober_synthesis_utils:Washed mix syringe in wash solutions [Well C2 form 20mLscintillation 12 Well Plate 18000 µL on slot 4, Well C3 form 20mLscintillation 12 Well Plate 18000 µL on slot 4, Well C4 form 20mLscintillation 12 Well Plate 18000 µL on slot 4]
2024-11-18 18:56:00,584:INFO:stober_synthesis_utils:Dispensed 252.95252799987796 uL of teos_volume into Well B3 form septavialrev1_44_holder_2000ul on slot 2
2024-11-18 18:56:57,576:INFO:stober_synthesis_utils:Mixed well Well B3 form septavialrev1_44_holder_2000ul on slot 2 5 times, 2000 uL per cycle
2024-11-18 19:00:02,504:INFO:stober_synthesis_utils:Washed mix syringe in wash solutions [Well C2 form 20mLscintillation 12 Well Plate 18000 µL on slot 4, Well C3 form 20mLscintillation 12 Well Plate 18000 µL on slot 4, Well C4 form 20mLscintillation 12 Well Plate 18000 µL on slot 4]
2024-11-18 19:00:32,396:INFO:stober_synthesis_utils:Dispensed 251.42513662576675 uL of teos_volume into Well B4 form septavialrev1_44_holder_2000ul on slot 2
2024-11-18 19:01:29,351:INFO:stober_synthesis_utils:Mixed well Well B4 form septavialrev1_44_holder_2000ul on slot 2 5 times, 2000 uL per cycle
2024-11-18 19:04:34,271:INFO:stober_synthesis_utils:Washed mix syringe in wash solutions [Well C2 form 20mLscintillation 12 Well Plate 18000 µL on slot 4, Well C3 form 20mLscintillation 12 Well Plate 18000 µL on slot 4, Well C4 form 20mLscintillation 12 Well Plate 18000 µL on slot 4]
2024-11-18 19:05:00,212:INFO:stober_synthesis_utils:Dispensed 76.86863392591476 uL of teos_volume into Well B5 form septavialrev1_44_holder_2000ul on slot 2
2024-11-18 19:05:57,417:INFO:stober_synthesis_utils:Mixed well Well B5 form septavialrev1_44_holder_2000ul on slot 2 5 times, 2000 uL per cycle
2024-11-18 19:09:02,353:INFO:stober_synthesis_utils:Washed mix syringe in wash solutions [Well C2 form 20mLscintillation 12 Well Plate 18000 µL on slot 4, Well C3 form 20mLscintillation 12 Well Plate 18000 µL on slot 4, Well C4 form 20mLscintillation 12 Well Plate 18000 µL on slot 4]
2024-11-18 19:09:16,460:INFO:stober_synthesis_utils:Refilling 1cc_3 with 896.4091010391712 uL from Well A1 form 20mLscintillation 12 Well Plate 18000 µL on slot 4
2024-11-18 19:09:56,966:INFO:stober_synthesis_utils:Dispensed 182.0549696683884 uL of teos_volume into Well B6 form septavialrev1_44_holder_2000ul on slot 2
2024-11-18 19:10:54,128:INFO:stober_synthesis_utils:Mixed well Well B6 form septavialrev1_44_holder_2000ul on slot 2 5 times, 2000 uL per cycle
2024-11-18 19:13:59,136:INFO:stober_synthesis_utils:Washed mix syringe in wash solutions [Well C2 form 20mLscintillation 12 Well Plate 18000 µL on slot 4, Well C3 form 20mLscintillation 12 Well Plate 18000 µL on slot 4, Well C4 form 20mLscintillation 12 Well Plate 18000 µL on slot 4]
2024-11-18 19:14:26,737:INFO:stober_synthesis_utils:Dispensed 167.341348528862 uL of teos_volume into Well B8 form septavialrev1_44_holder_2000ul on slot 2
2024-11-18 19:15:23,758:INFO:stober_synthesis_utils:Mixed well Well B8 form septavialrev1_44_holder_2000ul on slot 2 5 times, 2000 uL per cycle
2024-11-18 19:18:29,048:INFO:stober_synthesis_utils:Washed mix syringe in wash solutions [Well C2 form 20mLscintillation 12 Well Plate 18000 µL on slot 4, Well C3 form 20mLscintillation 12 Well Plate 18000 µL on slot 4, Well C4 form 20mLscintillation 12 Well Plate 18000 µL on slot 4]
2024-11-18 19:18:55,857:INFO:stober_synthesis_utils:Dispensed 90.77999778091908 uL of teos_volume into Well C1 form septavialrev1_44_holder_2000ul on slot 2
2024-11-18 19:19:53,162:INFO:stober_synthesis_utils:Mixed well Well C1 form septavialrev1_44_holder_2000ul on slot 2 5 times, 2000 uL per cycle
2024-11-18 19:22:58,475:INFO:stober_synthesis_utils:Washed mix syringe in wash solutions [Well C2 form 20mLscintillation 12 Well Plate 18000 µL on slot 4, Well C3 form 20mLscintillation 12 Well Plate 18000 µL on slot 4, Well C4 form 20mLscintillation 12 Well Plate 18000 µL on slot 4]
2024-11-18 19:23:25,157:INFO:stober_synthesis_utils:Dispensed 90.77999778091908 uL of teos_volume into Well C2 form septavialrev1_44_holder_2000ul on slot 2
2024-11-18 19:24:22,475:INFO:stober_synthesis_utils:Mixed well Well C2 form septavialrev1_44_holder_2000ul on slot 2 5 times, 2000 uL per cycle
2024-11-18 19:27:27,563:INFO:stober_synthesis_utils:Washed mix syringe in wash solutions [Well C2 form 20mLscintillation 12 Well Plate 18000 µL on slot 4, Well C3 form 20mLscintillation 12 Well Plate 18000 µL on slot 4, Well C4 form 20mLscintillation 12 Well Plate 18000 µL on slot 4]
2024-11-18 19:27:54,205:INFO:stober_synthesis_utils:Dispensed 90.77999778091908 uL of teos_volume into Well C3 form septavialrev1_44_holder_2000ul on slot 2
2024-11-18 19:28:51,373:INFO:stober_synthesis_utils:Mixed well Well C3 form septavialrev1_44_holder_2000ul on slot 2 5 times, 2000 uL per cycle
2024-11-18 19:31:56,387:INFO:stober_synthesis_utils:Washed mix syringe in wash solutions [Well C2 form 20mLscintillation 12 Well Plate 18000 µL on slot 4, Well C3 form 20mLscintillation 12 Well Plate 18000 µL on slot 4, Well C4 form 20mLscintillation 12 Well Plate 18000 µL on slot 4]
2024-11-18 19:32:22,737:INFO:stober_synthesis_utils:Dispensed 90.77999778091908 uL of teos_volume into Well C4 form septavialrev1_44_holder_2000ul on slot 2
2024-11-18 19:33:19,846:INFO:stober_synthesis_utils:Mixed well Well C4 form septavialrev1_44_holder_2000ul on slot 2 5 times, 2000 uL per cycle
2024-11-18 19:36:24,966:INFO:stober_synthesis_utils:Washed mix syringe in wash solutions [Well C2 form 20mLscintillation 12 Well Plate 18000 µL on slot 4, Well C3 form 20mLscintillation 12 Well Plate 18000 µL on slot 4, Well C4 form 20mLscintillation 12 Well Plate 18000 µL on slot 4]
2024-11-18 19:36:51,395:INFO:stober_synthesis_utils:Dispensed 90.77999778091908 uL of teos_volume into Well C5 form septavialrev1_44_holder_2000ul on slot 2
2024-11-18 19:37:48,508:INFO:stober_synthesis_utils:Mixed well Well C5 form septavialrev1_44_holder_2000ul on slot 2 5 times, 2000 uL per cycle
2024-11-18 19:40:53,605:INFO:stober_synthesis_utils:Washed mix syringe in wash solutions [Well C2 form 20mLscintillation 12 Well Plate 18000 µL on slot 4, Well C3 form 20mLscintillation 12 Well Plate 18000 µL on slot 4, Well C4 form 20mLscintillation 12 Well Plate 18000 µL on slot 4]
2024-11-18 19:41:19,837:INFO:stober_synthesis_utils:Dispensed 90.77999778091908 uL of teos_volume into Well C6 form septavialrev1_44_holder_2000ul on slot 2
2024-11-18 19:42:17,203:INFO:stober_synthesis_utils:Mixed well Well C6 form septavialrev1_44_holder_2000ul on slot 2 5 times, 2000 uL per cycle
2024-11-18 19:45:22,424:INFO:stober_synthesis_utils:Washed mix syringe in wash solutions [Well C2 form 20mLscintillation 12 Well Plate 18000 µL on slot 4, Well C3 form 20mLscintillation 12 Well Plate 18000 µL on slot 4, Well C4 form 20mLscintillation 12 Well Plate 18000 µL on slot 4]
2024-11-18 23:14:56,723:INFO:stober_synthesis_utils:Refilling 10cc_1 with 9998.0 uL from Well B4 form 20mLscintillation 12 Well Plate 18000 µL on slot 4
2024-11-18 23:15:42,494:INFO:stober_synthesis_utils:Dispensed 718.0 uL of ethanol_dilute_vol into Well C7 form septavialrev1_44_holder_2000ul on slot 2
2024-11-18 23:16:01,992:INFO:stober_synthesis_utils:Dispensed 1375.0 uL of ethanol_dilute_vol into Well C8 form septavialrev1_44_holder_2000ul on slot 2
2024-11-18 23:16:19,754:INFO:stober_synthesis_utils:Dispensed 0.0 uL of ethanol_dilute_vol into Well D1 form septavialrev1_44_holder_2000ul on slot 2
2024-11-18 23:16:39,286:INFO:stober_synthesis_utils:Dispensed 1412.0 uL of ethanol_dilute_vol into Well D2 form septavialrev1_44_holder_2000ul on slot 2
2024-11-18 23:16:56,138:INFO:stober_synthesis_utils:Dispensed 0.0 uL of ethanol_dilute_vol into Well D3 form septavialrev1_44_holder_2000ul on slot 2
2024-11-18 23:17:15,382:INFO:stober_synthesis_utils:Dispensed 1244.0 uL of ethanol_dilute_vol into Well D4 form septavialrev1_44_holder_2000ul on slot 2
2024-11-18 23:17:32,199:INFO:stober_synthesis_utils:Dispensed 0.0 uL of ethanol_dilute_vol into Well D5 form septavialrev1_44_holder_2000ul on slot 2
2024-11-18 23:17:51,858:INFO:stober_synthesis_utils:Dispensed 1430.0 uL of ethanol_dilute_vol into Well D6 form septavialrev1_44_holder_2000ul on slot 2
2024-11-18 23:18:10,315:INFO:stober_synthesis_utils:Dispensed 859.0 uL of ethanol_dilute_vol into Well D7 form septavialrev1_44_holder_2000ul on slot 2
2024-11-18 23:18:29,913:INFO:stober_synthesis_utils:Dispensed 1445.0 uL of ethanol_dilute_vol into Well D8 form septavialrev1_44_holder_2000ul on slot 2
2024-11-18 23:18:50,609:INFO:stober_synthesis_utils:Dispensed 1443.0 uL of ethanol_dilute_vol into Well E1 form septavialrev1_44_holder_2000ul on slot 2
2024-11-18 23:18:50,610:INFO:stober_synthesis_utils:Refilling 10cc_1 with 9926.0 uL from Well C1 form 20mLscintillation 12 Well Plate 18000 µL on slot 4
2024-11-18 23:19:37,506:INFO:stober_synthesis_utils:Dispensed 861.0 uL of ethanol_dilute_vol into Well E3 form septavialrev1_44_holder_2000ul on slot 2
2024-11-18 23:19:56,986:INFO:stober_synthesis_utils:Dispensed 1346.0 uL of ethanol_dilute_vol into Well E4 form septavialrev1_44_holder_2000ul on slot 2
2024-11-18 23:20:16,313:INFO:stober_synthesis_utils:Dispensed 1315.0 uL of ethanol_dilute_vol into Well E5 form septavialrev1_44_holder_2000ul on slot 2
2024-11-18 23:20:35,034:INFO:stober_synthesis_utils:Dispensed 989.0 uL of ethanol_dilute_vol into Well E6 form septavialrev1_44_holder_2000ul on slot 2
2024-11-18 23:20:53,862:INFO:stober_synthesis_utils:Dispensed 989.0 uL of ethanol_dilute_vol into Well E8 form septavialrev1_44_holder_2000ul on slot 2
2024-11-18 23:21:13,539:INFO:stober_synthesis_utils:Dispensed 989.0 uL of ethanol_dilute_vol into Well F1 form septavialrev1_44_holder_2000ul on slot 2
