2024-10-07 16:30:28,516:WARNING:urllib3.connectionpool:Retrying (Retry(total=4, connect=None, read=None, redirect=None, status=None)) after connection broken by 'NewConnectionError('<urllib3.connection.HTTPConnection object at 0x7da76c0ea8b0>: Failed to establish a new connection: [Errno 113] No route to host')': /rr_model?key=seqs
2024-10-07 16:30:31,789:WARNING:urllib3.connectionpool:Retrying (Retry(total=3, connect=None, read=None, redirect=None, status=None)) after connection broken by 'NewConnectionError('<urllib3.connection.HTTPConnection object at 0x7da76c0eaa60>: Failed to establish a new connection: [Errno 113] No route to host')': /rr_model?key=seqs
2024-10-07 16:30:35,253:WARNING:urllib3.connectionpool:Retrying (Retry(total=2, connect=None, read=None, redirect=None, status=None)) after connection broken by 'NewConnectionError('<urllib3.connection.HTTPConnection object at 0x7da76c0eac10>: Failed to establish a new connection: [Errno 113] No route to host')': /rr_model?key=seqs
2024-10-07 16:30:41,295:INFO:root:test
2024-10-07 16:32:07,070:INFO:__main__:Homed Jubilee
2024-10-07 17:29:02,244:INFO:stober_synthesis_utils:Dispensed 1355.487818868395 uL of ethanol_volume into Well A1 form septavialrev1_44_holder_2000ul on slot 2
2024-10-07 17:29:21,542:INFO:stober_synthesis_utils:Dispensed 1625.0746178190786 uL of ethanol_volume into Well A2 form septavialrev1_44_holder_2000ul on slot 2
2024-10-07 17:29:40,269:INFO:stober_synthesis_utils:Dispensed 1337.6111581275686 uL of ethanol_volume into Well A3 form septavialrev1_44_holder_2000ul on slot 2
2024-10-07 17:29:59,039:INFO:stober_synthesis_utils:Dispensed 1407.3103861812172 uL of ethanol_volume into Well A4 form septavialrev1_44_holder_2000ul on slot 2
2024-10-07 17:30:17,429:INFO:stober_synthesis_utils:Dispensed 1209.441266637411 uL of ethanol_volume into Well A5 form septavialrev1_44_holder_2000ul on slot 2
2024-10-07 17:30:17,430:INFO:stober_synthesis_utils:Refilling 10cc_1 with 9033.92524763367 uL from Well A4 form 20mLscintillation 12 Well Plate 18000 µL on slot 4
2024-10-07 17:31:02,056:INFO:stober_synthesis_utils:Dispensed 1388.6892703042558 uL of ethanol_volume into Well A6 form septavialrev1_44_holder_2000ul on slot 2
2024-10-07 17:31:20,537:INFO:stober_synthesis_utils:Dispensed 1198.6295609157314 uL of ethanol_volume into Well A7 form septavialrev1_44_holder_2000ul on slot 2
2024-10-07 17:31:39,723:INFO:stober_synthesis_utils:Dispensed 1578.5453449211225 uL of ethanol_volume into Well A8 form septavialrev1_44_holder_2000ul on slot 2
2024-10-07 17:31:59,296:INFO:stober_synthesis_utils:Dispensed 1471.887549722215 uL of ethanol_volume into Well B1 form septavialrev1_44_holder_2000ul on slot 2
2024-10-07 17:32:18,373:INFO:stober_synthesis_utils:Dispensed 1473.1610152480955 uL of ethanol_volume into Well B3 form septavialrev1_44_holder_2000ul on slot 2
2024-10-07 17:32:37,378:INFO:stober_synthesis_utils:Dispensed 1474.6614223873771 uL of ethanol_volume into Well B4 form septavialrev1_44_holder_2000ul on slot 2
2024-10-07 17:32:55,844:INFO:stober_synthesis_utils:Dispensed 1252.5983019603816 uL of ethanol_volume into Well B5 form septavialrev1_44_holder_2000ul on slot 2
2024-10-07 17:32:55,845:INFO:stober_synthesis_utils:Refilling 10cc_1 with 9838.17246545918 uL from Well B1 form 20mLscintillation 12 Well Plate 18000 µL on slot 4
2024-10-07 17:33:42,487:INFO:stober_synthesis_utils:Dispensed 1542.6695382055889 uL of ethanol_volume into Well B6 form septavialrev1_44_holder_2000ul on slot 2
2024-10-07 17:34:00,721:INFO:stober_synthesis_utils:Dispensed 1123.9004861888957 uL of ethanol_volume into Well B8 form septavialrev1_44_holder_2000ul on slot 2
2024-10-07 17:34:19,594:INFO:stober_synthesis_utils:Dispensed 1313.6553725847016 uL of ethanol_volume into Well C1 form septavialrev1_44_holder_2000ul on slot 2
2024-10-07 17:34:38,450:INFO:stober_synthesis_utils:Dispensed 1415.3956277964587 uL of ethanol_volume into Well C2 form septavialrev1_44_holder_2000ul on slot 2
2024-10-07 17:34:57,153:INFO:stober_synthesis_utils:Dispensed 1321.109683061814 uL of ethanol_volume into Well C3 form septavialrev1_44_holder_2000ul on slot 2
2024-10-07 17:35:15,902:INFO:stober_synthesis_utils:Dispensed 1338.9524041260725 uL of ethanol_volume into Well C4 form septavialrev1_44_holder_2000ul on slot 2
2024-10-07 17:35:34,657:INFO:stober_synthesis_utils:Dispensed 1322.9605638340752 uL of ethanol_volume into Well C5 form septavialrev1_44_holder_2000ul on slot 2
2024-10-07 17:35:34,658:INFO:stober_synthesis_utils:Refilling 10cc_1 with 9378.643675797606 uL from Well B2 form 20mLscintillation 12 Well Plate 18000 µL on slot 4
2024-10-07 17:36:19,502:INFO:stober_synthesis_utils:Dispensed 1269.232601268944 uL of ethanol_volume into Well C6 form septavialrev1_44_holder_2000ul on slot 2
2024-10-07 17:36:38,387:INFO:stober_synthesis_utils:Dispensed 1383.2305369099718 uL of ethanol_volume into Well C7 form septavialrev1_44_holder_2000ul on slot 2
2024-10-07 17:37:04,501:INFO:stober_synthesis_utils:Dispensed 1448.4572368860283 uL of ethanol_volume into Well C8 form septavialrev1_44_holder_2000ul on slot 2
2024-10-07 17:37:23,985:INFO:stober_synthesis_utils:Dispensed 1420.320010889434 uL of ethanol_volume into Well D1 form septavialrev1_44_holder_2000ul on slot 2
2024-10-07 17:37:42,887:INFO:stober_synthesis_utils:Dispensed 1422.252209085818 uL of ethanol_volume into Well D2 form septavialrev1_44_holder_2000ul on slot 2
2024-10-07 17:38:01,658:INFO:stober_synthesis_utils:Dispensed 1413.009701838483 uL of ethanol_volume into Well D3 form septavialrev1_44_holder_2000ul on slot 2
2024-10-07 17:38:20,392:INFO:stober_synthesis_utils:Dispensed 1330.5624683527062 uL of ethanol_volume into Well D4 form septavialrev1_44_holder_2000ul on slot 2
2024-10-07 17:38:20,393:INFO:stober_synthesis_utils:Refilling 10cc_1 with 9687.064765231387 uL from Well B3 form 20mLscintillation 12 Well Plate 18000 µL on slot 4
2024-10-07 17:39:05,985:INFO:stober_synthesis_utils:Dispensed 1301.5940200813122 uL of ethanol_volume into Well D5 form septavialrev1_44_holder_2000ul on slot 2
2024-10-07 17:39:24,711:INFO:stober_synthesis_utils:Dispensed 1362.2810515093895 uL of ethanol_volume into Well D6 form septavialrev1_44_holder_2000ul on slot 2
2024-10-07 17:39:43,625:INFO:stober_synthesis_utils:Dispensed 1420.7051790284956 uL of ethanol_volume into Well D7 form septavialrev1_44_holder_2000ul on slot 2
2024-10-07 17:40:02,535:INFO:stober_synthesis_utils:Dispensed 1451.8815886637797 uL of ethanol_volume into Well D8 form septavialrev1_44_holder_2000ul on slot 2
2024-10-07 17:40:21,758:INFO:stober_synthesis_utils:Dispensed 1392.8897966483291 uL of ethanol_volume into Well E1 form septavialrev1_44_holder_2000ul on slot 2
2024-10-07 17:40:40,031:INFO:stober_synthesis_utils:Dispensed 1127.3932803338903 uL of ethanol_volume into Well E3 form septavialrev1_44_holder_2000ul on slot 2
2024-10-07 17:40:58,567:INFO:stober_synthesis_utils:Dispensed 1271.207052043066 uL of ethanol_volume into Well E4 form septavialrev1_44_holder_2000ul on slot 2
2024-10-07 17:44:28,182:INFO:stober_synthesis_utils:Refilling 10cc_1 with 9327.951968308264 uL from Well A4 form 20mLscintillation 12 Well Plate 18000 µL on slot 4
2024-10-07 17:45:12,108:INFO:stober_synthesis_utils:Dispensed 1303.2664503255517 uL of ethanol_volume into Well E5 form septavialrev1_44_holder_2000ul on slot 2
2024-10-07 17:45:30,522:INFO:stober_synthesis_utils:Dispensed 1178.092470520018 uL of ethanol_volume into Well E6 form septavialrev1_44_holder_2000ul on slot 2
2024-10-07 17:45:49,480:INFO:stober_synthesis_utils:Dispensed 1434.7611151803003 uL of ethanol_volume into Well E8 form septavialrev1_44_holder_2000ul on slot 2
2024-10-07 17:46:08,359:INFO:stober_synthesis_utils:Dispensed 1254.5031258534077 uL of ethanol_volume into Well F1 form septavialrev1_44_holder_2000ul on slot 2
2024-10-07 17:46:27,159:INFO:stober_synthesis_utils:Dispensed 1358.503380043103 uL of ethanol_volume into Well F2 form septavialrev1_44_holder_2000ul on slot 2
2024-10-07 17:46:45,600:INFO:stober_synthesis_utils:Dispensed 1223.3046810880385 uL of ethanol_volume into Well F3 form septavialrev1_44_holder_2000ul on slot 2
2024-10-07 17:47:04,374:INFO:stober_synthesis_utils:Dispensed 1327.2939489234093 uL of ethanol_volume into Well F4 form septavialrev1_44_holder_2000ul on slot 2
2024-10-07 17:47:35,546:INFO:__main__:Emptied ethanol syringe into trash
2024-10-07 17:50:15,894:INFO:stober_synthesis_utils:Dispensed 59.86794127580763 uL of water_volume into Well A1 form septavialrev1_44_holder_2000ul on slot 2
2024-10-07 17:50:29,209:INFO:stober_synthesis_utils:Dispensed 18.96466125322551 uL of water_volume into Well A2 form septavialrev1_44_holder_2000ul on slot 2
2024-10-07 17:50:46,077:INFO:stober_synthesis_utils:Dispensed 186.4782395966573 uL of water_volume into Well A3 form septavialrev1_44_holder_2000ul on slot 2
2024-10-07 17:51:00,952:INFO:stober_synthesis_utils:Dispensed 93.28708580085724 uL of water_volume into Well A4 form septavialrev1_44_holder_2000ul on slot 2
2024-10-07 17:51:17,451:INFO:stober_synthesis_utils:Dispensed 170.28128108333516 uL of water_volume into Well A5 form septavialrev1_44_holder_2000ul on slot 2
2024-10-07 17:51:31,042:INFO:stober_synthesis_utils:Dispensed 34.756282550269496 uL of water_volume into Well A6 form septavialrev1_44_holder_2000ul on slot 2
2024-10-07 17:51:31,043:INFO:stober_synthesis_utils:Refilling 1cc_1 with 812.6354915601523 uL from Well A3 form 20mLscintillation 12 Well Plate 18000 µL on slot 4
2024-10-07 17:52:12,665:INFO:stober_synthesis_utils:Dispensed 228.26872919764995 uL of water_volume into Well A7 form septavialrev1_44_holder_2000ul on slot 2
2024-10-07 17:52:26,270:INFO:stober_synthesis_utils:Dispensed 32.98459167721375 uL of water_volume into Well A8 form septavialrev1_44_holder_2000ul on slot 2
2024-10-07 17:52:42,947:INFO:stober_synthesis_utils:Dispensed 160.40620246173955 uL of water_volume into Well B1 form septavialrev1_44_holder_2000ul on slot 2
2024-10-07 17:52:56,737:INFO:stober_synthesis_utils:Dispensed 41.69362489554654 uL of water_volume into Well B3 form septavialrev1_44_holder_2000ul on slot 2
2024-10-07 17:53:12,296:INFO:stober_synthesis_utils:Dispensed 120.98473643863504 uL of water_volume into Well B4 form septavialrev1_44_holder_2000ul on slot 2
2024-10-07 17:53:26,465:INFO:stober_synthesis_utils:Dispensed 58.54650992434074 uL of water_volume into Well B5 form septavialrev1_44_holder_2000ul on slot 2
2024-10-07 17:53:40,285:INFO:stober_synthesis_utils:Dispensed 40.44922520624596 uL of water_volume into Well B6 form septavialrev1_44_holder_2000ul on slot 2
2024-10-07 17:53:57,732:INFO:stober_synthesis_utils:Dispensed 216.0113697206898 uL of water_volume into Well B8 form septavialrev1_44_holder_2000ul on slot 2
2024-10-07 17:53:57,733:INFO:stober_synthesis_utils:Refilling 1cc_1 with 899.3449895220613 uL from Well A3 form 20mLscintillation 12 Well Plate 18000 µL on slot 4
2024-10-07 17:54:41,803:INFO:stober_synthesis_utils:Dispensed 229.21385452915365 uL of water_volume into Well C1 form septavialrev1_44_holder_2000ul on slot 2
2024-10-07 17:54:57,213:INFO:stober_synthesis_utils:Dispensed 116.35742694632464 uL of water_volume into Well C2 form septavialrev1_44_holder_2000ul on slot 2
2024-10-07 17:55:15,107:INFO:stober_synthesis_utils:Dispensed 236.2034517196601 uL of water_volume into Well C3 form septavialrev1_44_holder_2000ul on slot 2
2024-10-07 17:55:30,363:INFO:stober_synthesis_utils:Dispensed 109.14368475310854 uL of water_volume into Well C4 form septavialrev1_44_holder_2000ul on slot 2
2024-10-07 17:55:46,647:INFO:stober_synthesis_utils:Dispensed 163.25380730506953 uL of water_volume into Well C5 form septavialrev1_44_holder_2000ul on slot 2
2024-10-07 17:56:00,579:INFO:stober_synthesis_utils:Dispensed 45.094509067166086 uL of water_volume into Well C6 form septavialrev1_44_holder_2000ul on slot 2
2024-10-07 17:56:00,580:INFO:stober_synthesis_utils:Refilling 1cc_1 with 899.2667343204826 uL from Well A3 form 20mLscintillation 12 Well Plate 18000 µL on slot 4
2024-10-07 17:56:42,294:INFO:stober_synthesis_utils:Dispensed 137.5305969560077 uL of water_volume into Well C7 form septavialrev1_44_holder_2000ul on slot 2
2024-10-07 17:56:57,201:INFO:stober_synthesis_utils:Dispensed 89.35313858654402 uL of water_volume into Well C8 form septavialrev1_44_holder_2000ul on slot 2
2024-10-07 17:57:12,067:INFO:stober_synthesis_utils:Dispensed 66.51648409701009 uL of water_volume into Well D1 form septavialrev1_44_holder_2000ul on slot 2
2024-10-07 17:57:27,687:INFO:stober_synthesis_utils:Dispensed 129.8297232383711 uL of water_volume into Well D2 form septavialrev1_44_holder_2000ul on slot 2
2024-10-07 17:57:43,454:INFO:stober_synthesis_utils:Dispensed 136.5583750468186 uL of water_volume into Well D3 form septavialrev1_44_holder_2000ul on slot 2
2024-10-07 17:57:59,279:INFO:stober_synthesis_utils:Dispensed 136.58098759147575 uL of water_volume into Well D4 form septavialrev1_44_holder_2000ul on slot 2
2024-10-07 17:58:14,180:INFO:stober_synthesis_utils:Dispensed 91.55878289996691 uL of water_volume into Well D5 form septavialrev1_44_holder_2000ul on slot 2
2024-10-07 17:58:30,448:INFO:stober_synthesis_utils:Dispensed 156.00495023873967 uL of water_volume into Well D6 form septavialrev1_44_holder_2000ul on slot 2
2024-10-07 17:58:43,787:INFO:stober_synthesis_utils:Dispensed 18.999017402611383 uL of water_volume into Well D7 form septavialrev1_44_holder_2000ul on slot 2
2024-10-07 17:58:43,788:INFO:stober_synthesis_utils:Refilling 1cc_1 with 962.9320560575452 uL from Well A3 form 20mLscintillation 12 Well Plate 18000 µL on slot 4
2024-10-07 17:59:26,225:INFO:stober_synthesis_utils:Dispensed 85.88734459299906 uL of water_volume into Well D8 form septavialrev1_44_holder_2000ul on slot 2
2024-10-07 17:59:41,672:INFO:stober_synthesis_utils:Dispensed 102.305771614358 uL of water_volume into Well E1 form septavialrev1_44_holder_2000ul on slot 2
2024-10-07 17:59:59,566:INFO:stober_synthesis_utils:Dispensed 240.53299671757728 uL of water_volume into Well E3 form septavialrev1_44_holder_2000ul on slot 2
2024-10-07 18:00:15,851:INFO:stober_synthesis_utils:Dispensed 165.15736302866725 uL of water_volume into Well E4 form septavialrev1_44_holder_2000ul on slot 2
2024-10-07 18:00:32,125:INFO:stober_synthesis_utils:Dispensed 162.55816361745565 uL of water_volume into Well E5 form septavialrev1_44_holder_2000ul on slot 2
2024-10-07 18:00:49,717:INFO:stober_synthesis_utils:Dispensed 222.6365387740717 uL of water_volume into Well E6 form septavialrev1_44_holder_2000ul on slot 2
2024-10-07 18:00:49,718:INFO:stober_synthesis_utils:Refilling 1cc_1 with 979.0781783451289 uL from Well A3 form 20mLscintillation 12 Well Plate 18000 µL on slot 4
2024-10-07 18:01:33,382:INFO:stober_synthesis_utils:Dispensed 119.57894105875368 uL of water_volume into Well E8 form septavialrev1_44_holder_2000ul on slot 2
2024-10-07 18:01:50,518:INFO:stober_synthesis_utils:Dispensed 183.47711930324903 uL of water_volume into Well F1 form septavialrev1_44_holder_2000ul on slot 2
2024-10-07 18:02:03,628:INFO:stober_synthesis_utils:Dispensed 9.3607506438752 uL of water_volume into Well F2 form septavialrev1_44_holder_2000ul on slot 2
2024-10-07 18:02:21,892:INFO:stober_synthesis_utils:Dispensed 250.67388773134803 uL of water_volume into Well F3 form septavialrev1_44_holder_2000ul on slot 2
2024-10-07 18:02:37,071:INFO:stober_synthesis_utils:Dispensed 108.31929731681475 uL of water_volume into Well F4 form septavialrev1_44_holder_2000ul on slot 2
2024-10-07 18:03:02,613:INFO:stober_synthesis_utils:Dispensed 157.64374118481717 uL of ammonia_volume into Well A1 form septavialrev1_44_holder_2000ul on slot 2
2024-10-07 18:03:12,212:INFO:stober_synthesis_utils:Dispensed 32.59316607629248 uL of ammonia_volume into Well A2 form septavialrev1_44_holder_2000ul on slot 2
2024-10-07 18:03:23,988:INFO:stober_synthesis_utils:Dispensed 137.34036043330406 uL of ammonia_volume into Well A3 form septavialrev1_44_holder_2000ul on slot 2
2024-10-07 18:03:34,818:INFO:stober_synthesis_utils:Dispensed 91.49860259777262 uL of ammonia_volume into Well A4 form septavialrev1_44_holder_2000ul on slot 2
2024-10-07 18:03:34,819:INFO:stober_synthesis_utils:Refilling 1cc_2 with 968.0758702921863 uL from Well A2 form 20mLscintillation 12 Well Plate 18000 µL on slot 4
2024-10-07 18:04:14,832:INFO:stober_synthesis_utils:Dispensed 177.11977652834574 uL of ammonia_volume into Well A5 form septavialrev1_44_holder_2000ul on slot 2
2024-10-07 18:04:26,592:INFO:stober_synthesis_utils:Dispensed 130.1758416403234 uL of ammonia_volume into Well A6 form septavialrev1_44_holder_2000ul on slot 2
2024-10-07 18:04:37,042:INFO:stober_synthesis_utils:Dispensed 67.97433264129208 uL of ammonia_volume into Well A7 form septavialrev1_44_holder_2000ul on slot 2
2024-10-07 18:04:46,513:INFO:stober_synthesis_utils:Dispensed 19.29049085928303 uL of ammonia_volume into Well A8 form septavialrev1_44_holder_2000ul on slot 2
2024-10-07 18:04:56,860:INFO:stober_synthesis_utils:Dispensed 48.380129694438594 uL of ammonia_volume into Well B1 form septavialrev1_44_holder_2000ul on slot 2
2024-10-07 18:05:07,986:INFO:stober_synthesis_utils:Dispensed 102.07419160116066 uL of ammonia_volume into Well B3 form septavialrev1_44_holder_2000ul on slot 2
2024-10-07 18:05:17,222:INFO:stober_synthesis_utils:Dispensed 13.532395937428545 uL of ammonia_volume into Well B4 form septavialrev1_44_holder_2000ul on slot 2
2024-10-07 18:05:29,394:INFO:stober_synthesis_utils:Dispensed 158.88989210068652 uL of ammonia_volume into Well B5 form septavialrev1_44_holder_2000ul on slot 2
2024-10-07 18:05:38,927:INFO:stober_synthesis_utils:Dispensed 36.7082323846744 uL of ammonia_volume into Well B6 form septavialrev1_44_holder_2000ul on slot 2
2024-10-07 18:05:50,531:INFO:stober_synthesis_utils:Dispensed 121.69629745694716 uL of ammonia_volume into Well B8 form septavialrev1_44_holder_2000ul on slot 2
2024-10-07 18:06:00,979:INFO:stober_synthesis_utils:Dispensed 56.41003917053458 uL of ammonia_volume into Well C1 form septavialrev1_44_holder_2000ul on slot 2
2024-10-07 18:06:00,980:INFO:stober_synthesis_utils:Refilling 1cc_2 with 932.2516200151147 uL from Well A2 form 20mLscintillation 12 Well Plate 18000 µL on slot 4
2024-10-07 18:06:38,601:INFO:stober_synthesis_utils:Dispensed 104.92040766772102 uL of ammonia_volume into Well C2 form septavialrev1_44_holder_2000ul on slot 2
2024-10-07 18:06:48,948:INFO:stober_synthesis_utils:Dispensed 63.5123068636842 uL of ammonia_volume into Well C3 form septavialrev1_44_holder_2000ul on slot 2
2024-10-07 18:06:58,634:INFO:stober_synthesis_utils:Dispensed 37.943678392016224 uL of ammonia_volume into Well C4 form septavialrev1_44_holder_2000ul on slot 2
2024-10-07 18:07:09,267:INFO:stober_synthesis_utils:Dispensed 77.73521219434689 uL of ammonia_volume into Well C5 form septavialrev1_44_holder_2000ul on slot 2
2024-10-07 18:07:21,891:INFO:stober_synthesis_utils:Dispensed 178.07089154222822 uL of ammonia_volume into Well C6 form septavialrev1_44_holder_2000ul on slot 2
2024-10-07 18:07:33,871:INFO:stober_synthesis_utils:Dispensed 146.57619431869676 uL of ammonia_volume into Well C7 form septavialrev1_44_holder_2000ul on slot 2
2024-10-07 18:07:45,567:INFO:stober_synthesis_utils:Dispensed 130.2946172460637 uL of ammonia_volume into Well C8 form septavialrev1_44_holder_2000ul on slot 2
2024-10-07 18:07:57,684:INFO:stober_synthesis_utils:Dispensed 134.9356026919215 uL of ammonia_volume into Well D1 form septavialrev1_44_holder_2000ul on slot 2
2024-10-07 18:08:07,633:INFO:stober_synthesis_utils:Dispensed 53.95463881225708 uL of ammonia_volume into Well D2 form septavialrev1_44_holder_2000ul on slot 2
2024-10-07 18:08:07,634:INFO:stober_synthesis_utils:Refilling 1cc_2 with 927.9435497289356 uL from Well A2 form 20mLscintillation 12 Well Plate 18000 µL on slot 4
2024-10-07 18:08:45,875:INFO:stober_synthesis_utils:Dispensed 115.62254977188736 uL of ammonia_volume into Well D3 form septavialrev1_44_holder_2000ul on slot 2
2024-10-07 18:08:55,096:INFO:stober_synthesis_utils:Dispensed 10.347905408957942 uL of ammonia_volume into Well D4 form septavialrev1_44_holder_2000ul on slot 2
2024-10-07 18:09:06,729:INFO:stober_synthesis_utils:Dispensed 121.30570267852536 uL of ammonia_volume into Well D5 form septavialrev1_44_holder_2000ul on slot 2
2024-10-07 18:09:16,378:INFO:stober_synthesis_utils:Dispensed 31.67099911769417 uL of ammonia_volume into Well D6 form septavialrev1_44_holder_2000ul on slot 2
2024-10-07 18:09:26,954:INFO:stober_synthesis_utils:Dispensed 76.54488740522862 uL of ammonia_volume into Well D7 form septavialrev1_44_holder_2000ul on slot 2
2024-10-07 18:09:37,939:INFO:stober_synthesis_utils:Dispensed 93.94049079145373 uL of ammonia_volume into Well D8 form septavialrev1_44_holder_2000ul on slot 2
2024-10-07 18:09:48,210:INFO:stober_synthesis_utils:Dispensed 52.733501311874434 uL of ammonia_volume into Well E1 form septavialrev1_44_holder_2000ul on slot 2
2024-10-07 18:10:00,697:INFO:stober_synthesis_utils:Dispensed 168.06690230436868 uL of ammonia_volume into Well E3 form septavialrev1_44_holder_2000ul on slot 2
2024-10-07 18:10:12,258:INFO:stober_synthesis_utils:Dispensed 124.84767410911957 uL of ammonia_volume into Well E4 form septavialrev1_44_holder_2000ul on slot 2
2024-10-07 18:10:24,435:INFO:stober_synthesis_utils:Dispensed 154.2415474749872 uL of ammonia_volume into Well E5 form septavialrev1_44_holder_2000ul on slot 2
2024-10-07 18:10:24,436:INFO:stober_synthesis_utils:Refilling 1cc_2 with 949.322160374097 uL from Well A2 form 20mLscintillation 12 Well Plate 18000 µL on slot 4
2024-10-07 18:11:02,188:INFO:stober_synthesis_utils:Dispensed 60.76715383365885 uL of ammonia_volume into Well E6 form septavialrev1_44_holder_2000ul on slot 2
2024-10-07 18:11:12,979:INFO:stober_synthesis_utils:Dispensed 82.51106564358193 uL of ammonia_volume into Well E8 form septavialrev1_44_holder_2000ul on slot 2
2024-10-07 18:11:23,959:INFO:stober_synthesis_utils:Dispensed 78.52188789816525 uL of ammonia_volume into Well F1 form septavialrev1_44_holder_2000ul on slot 2
2024-10-07 18:11:34,989:INFO:stober_synthesis_utils:Dispensed 98.0877230274302 uL of ammonia_volume into Well F2 form septavialrev1_44_holder_2000ul on slot 2
2024-10-07 18:11:45,276:INFO:stober_synthesis_utils:Dispensed 64.0639452090959 uL of ammonia_volume into Well F3 form septavialrev1_44_holder_2000ul on slot 2
2024-10-07 18:11:57,938:INFO:stober_synthesis_utils:Dispensed 178.39813903974527 uL of ammonia_volume into Well F4 form septavialrev1_44_holder_2000ul on slot 2
2024-10-07 18:12:51,275:INFO:stober_synthesis_utils:Mixed well Well A1 form septavialrev1_44_holder_2000ul on slot 2 5 times, 2000 uL per cycle
2024-10-07 18:15:55,363:INFO:stober_synthesis_utils:Washed mix syringe in wash solutions [Well B4 form 20mLscintillation 12 Well Plate 18000 µL on slot 4, Well C1 form 20mLscintillation 12 Well Plate 18000 µL on slot 4, Well C2 form 20mLscintillation 12 Well Plate 18000 µL on slot 4]
2024-10-07 18:16:36,562:INFO:stober_synthesis_utils:Mixed well Well A2 form septavialrev1_44_holder_2000ul on slot 2 5 times, 2000 uL per cycle
2024-10-07 18:19:40,635:INFO:stober_synthesis_utils:Washed mix syringe in wash solutions [Well B4 form 20mLscintillation 12 Well Plate 18000 µL on slot 4, Well C1 form 20mLscintillation 12 Well Plate 18000 µL on slot 4, Well C2 form 20mLscintillation 12 Well Plate 18000 µL on slot 4]
2024-10-07 18:20:21,906:INFO:stober_synthesis_utils:Mixed well Well A3 form septavialrev1_44_holder_2000ul on slot 2 5 times, 2000 uL per cycle
2024-10-07 18:23:26,136:INFO:stober_synthesis_utils:Washed mix syringe in wash solutions [Well B4 form 20mLscintillation 12 Well Plate 18000 µL on slot 4, Well C1 form 20mLscintillation 12 Well Plate 18000 µL on slot 4, Well C2 form 20mLscintillation 12 Well Plate 18000 µL on slot 4]
2024-10-07 18:24:07,447:INFO:stober_synthesis_utils:Mixed well Well A4 form septavialrev1_44_holder_2000ul on slot 2 5 times, 2000 uL per cycle
2024-10-07 18:27:11,489:INFO:stober_synthesis_utils:Washed mix syringe in wash solutions [Well B4 form 20mLscintillation 12 Well Plate 18000 µL on slot 4, Well C1 form 20mLscintillation 12 Well Plate 18000 µL on slot 4, Well C2 form 20mLscintillation 12 Well Plate 18000 µL on slot 4]
2024-10-07 18:27:52,767:INFO:stober_synthesis_utils:Mixed well Well A5 form septavialrev1_44_holder_2000ul on slot 2 5 times, 2000 uL per cycle
2024-10-07 18:30:56,811:INFO:stober_synthesis_utils:Washed mix syringe in wash solutions [Well B4 form 20mLscintillation 12 Well Plate 18000 µL on slot 4, Well C1 form 20mLscintillation 12 Well Plate 18000 µL on slot 4, Well C2 form 20mLscintillation 12 Well Plate 18000 µL on slot 4]
2024-10-07 18:31:38,329:INFO:stober_synthesis_utils:Mixed well Well A6 form septavialrev1_44_holder_2000ul on slot 2 5 times, 2000 uL per cycle
2024-10-07 18:34:42,011:INFO:stober_synthesis_utils:Washed mix syringe in wash solutions [Well B4 form 20mLscintillation 12 Well Plate 18000 µL on slot 4, Well C1 form 20mLscintillation 12 Well Plate 18000 µL on slot 4, Well C2 form 20mLscintillation 12 Well Plate 18000 µL on slot 4]
2024-10-07 18:35:23,675:INFO:stober_synthesis_utils:Mixed well Well A7 form septavialrev1_44_holder_2000ul on slot 2 5 times, 2000 uL per cycle
2024-10-07 18:38:27,471:INFO:stober_synthesis_utils:Washed mix syringe in wash solutions [Well B4 form 20mLscintillation 12 Well Plate 18000 µL on slot 4, Well C1 form 20mLscintillation 12 Well Plate 18000 µL on slot 4, Well C2 form 20mLscintillation 12 Well Plate 18000 µL on slot 4]
2024-10-07 18:39:08,968:INFO:stober_synthesis_utils:Mixed well Well A8 form septavialrev1_44_holder_2000ul on slot 2 5 times, 2000 uL per cycle
2024-10-07 18:42:12,790:INFO:stober_synthesis_utils:Washed mix syringe in wash solutions [Well B4 form 20mLscintillation 12 Well Plate 18000 µL on slot 4, Well C1 form 20mLscintillation 12 Well Plate 18000 µL on slot 4, Well C2 form 20mLscintillation 12 Well Plate 18000 µL on slot 4]
2024-10-07 18:42:54,428:INFO:stober_synthesis_utils:Mixed well Well B1 form septavialrev1_44_holder_2000ul on slot 2 5 times, 2000 uL per cycle
2024-10-07 18:47:05,766:INFO:stober_synthesis_utils:Washed mix syringe in wash solutions [Well B4 form 20mLscintillation 12 Well Plate 18000 µL on slot 4, Well C1 form 20mLscintillation 12 Well Plate 18000 µL on slot 4, Well C2 form 20mLscintillation 12 Well Plate 18000 µL on slot 4]
2024-10-07 18:47:46,971:INFO:stober_synthesis_utils:Mixed well Well B3 form septavialrev1_44_holder_2000ul on slot 2 5 times, 2000 uL per cycle
2024-10-07 18:50:51,038:INFO:stober_synthesis_utils:Washed mix syringe in wash solutions [Well B4 form 20mLscintillation 12 Well Plate 18000 µL on slot 4, Well C1 form 20mLscintillation 12 Well Plate 18000 µL on slot 4, Well C2 form 20mLscintillation 12 Well Plate 18000 µL on slot 4]
2024-10-07 18:51:32,307:INFO:stober_synthesis_utils:Mixed well Well B4 form septavialrev1_44_holder_2000ul on slot 2 5 times, 2000 uL per cycle
2024-10-07 18:54:36,431:INFO:stober_synthesis_utils:Washed mix syringe in wash solutions [Well B4 form 20mLscintillation 12 Well Plate 18000 µL on slot 4, Well C1 form 20mLscintillation 12 Well Plate 18000 µL on slot 4, Well C2 form 20mLscintillation 12 Well Plate 18000 µL on slot 4]
2024-10-07 18:55:17,726:INFO:stober_synthesis_utils:Mixed well Well B5 form septavialrev1_44_holder_2000ul on slot 2 5 times, 2000 uL per cycle
2024-10-07 18:58:21,670:INFO:stober_synthesis_utils:Washed mix syringe in wash solutions [Well B4 form 20mLscintillation 12 Well Plate 18000 µL on slot 4, Well C1 form 20mLscintillation 12 Well Plate 18000 µL on slot 4, Well C2 form 20mLscintillation 12 Well Plate 18000 µL on slot 4]
2024-10-07 18:59:03,265:INFO:stober_synthesis_utils:Mixed well Well B6 form septavialrev1_44_holder_2000ul on slot 2 5 times, 2000 uL per cycle
2024-10-07 19:02:07,435:INFO:stober_synthesis_utils:Washed mix syringe in wash solutions [Well B4 form 20mLscintillation 12 Well Plate 18000 µL on slot 4, Well C1 form 20mLscintillation 12 Well Plate 18000 µL on slot 4, Well C2 form 20mLscintillation 12 Well Plate 18000 µL on slot 4]
2024-10-07 19:02:48,982:INFO:stober_synthesis_utils:Mixed well Well B8 form septavialrev1_44_holder_2000ul on slot 2 5 times, 2000 uL per cycle
2024-10-07 19:05:53,087:INFO:stober_synthesis_utils:Washed mix syringe in wash solutions [Well B4 form 20mLscintillation 12 Well Plate 18000 µL on slot 4, Well C1 form 20mLscintillation 12 Well Plate 18000 µL on slot 4, Well C2 form 20mLscintillation 12 Well Plate 18000 µL on slot 4]
2024-10-07 19:06:34,623:INFO:stober_synthesis_utils:Mixed well Well C1 form septavialrev1_44_holder_2000ul on slot 2 5 times, 2000 uL per cycle
2024-10-07 19:09:39,084:INFO:stober_synthesis_utils:Washed mix syringe in wash solutions [Well B4 form 20mLscintillation 12 Well Plate 18000 µL on slot 4, Well C1 form 20mLscintillation 12 Well Plate 18000 µL on slot 4, Well C2 form 20mLscintillation 12 Well Plate 18000 µL on slot 4]
2024-10-07 19:10:20,618:INFO:stober_synthesis_utils:Mixed well Well C2 form septavialrev1_44_holder_2000ul on slot 2 5 times, 2000 uL per cycle
2024-10-07 19:13:24,648:INFO:stober_synthesis_utils:Washed mix syringe in wash solutions [Well B4 form 20mLscintillation 12 Well Plate 18000 µL on slot 4, Well C1 form 20mLscintillation 12 Well Plate 18000 µL on slot 4, Well C2 form 20mLscintillation 12 Well Plate 18000 µL on slot 4]
2024-10-07 19:14:05,951:INFO:stober_synthesis_utils:Mixed well Well C3 form septavialrev1_44_holder_2000ul on slot 2 5 times, 2000 uL per cycle
2024-10-07 19:17:10,086:INFO:stober_synthesis_utils:Washed mix syringe in wash solutions [Well B4 form 20mLscintillation 12 Well Plate 18000 µL on slot 4, Well C1 form 20mLscintillation 12 Well Plate 18000 µL on slot 4, Well C2 form 20mLscintillation 12 Well Plate 18000 µL on slot 4]
2024-10-07 19:17:51,621:INFO:stober_synthesis_utils:Mixed well Well C4 form septavialrev1_44_holder_2000ul on slot 2 5 times, 2000 uL per cycle
2024-10-07 19:20:55,662:INFO:stober_synthesis_utils:Washed mix syringe in wash solutions [Well B4 form 20mLscintillation 12 Well Plate 18000 µL on slot 4, Well C1 form 20mLscintillation 12 Well Plate 18000 µL on slot 4, Well C2 form 20mLscintillation 12 Well Plate 18000 µL on slot 4]
2024-10-07 19:21:37,212:INFO:stober_synthesis_utils:Mixed well Well C5 form septavialrev1_44_holder_2000ul on slot 2 5 times, 2000 uL per cycle
2024-10-07 19:24:41,442:INFO:stober_synthesis_utils:Washed mix syringe in wash solutions [Well B4 form 20mLscintillation 12 Well Plate 18000 µL on slot 4, Well C1 form 20mLscintillation 12 Well Plate 18000 µL on slot 4, Well C2 form 20mLscintillation 12 Well Plate 18000 µL on slot 4]
2024-10-07 19:25:22,985:INFO:stober_synthesis_utils:Mixed well Well C6 form septavialrev1_44_holder_2000ul on slot 2 5 times, 2000 uL per cycle
2024-10-07 19:28:27,087:INFO:stober_synthesis_utils:Washed mix syringe in wash solutions [Well B4 form 20mLscintillation 12 Well Plate 18000 µL on slot 4, Well C1 form 20mLscintillation 12 Well Plate 18000 µL on slot 4, Well C2 form 20mLscintillation 12 Well Plate 18000 µL on slot 4]
2024-10-07 19:29:08,658:INFO:stober_synthesis_utils:Mixed well Well C7 form septavialrev1_44_holder_2000ul on slot 2 5 times, 2000 uL per cycle
2024-10-07 19:32:12,749:INFO:stober_synthesis_utils:Washed mix syringe in wash solutions [Well B4 form 20mLscintillation 12 Well Plate 18000 µL on slot 4, Well C1 form 20mLscintillation 12 Well Plate 18000 µL on slot 4, Well C2 form 20mLscintillation 12 Well Plate 18000 µL on slot 4]
2024-10-07 19:32:54,300:INFO:stober_synthesis_utils:Mixed well Well C8 form septavialrev1_44_holder_2000ul on slot 2 5 times, 2000 uL per cycle
2024-10-07 19:35:58,489:INFO:stober_synthesis_utils:Washed mix syringe in wash solutions [Well B4 form 20mLscintillation 12 Well Plate 18000 µL on slot 4, Well C1 form 20mLscintillation 12 Well Plate 18000 µL on slot 4, Well C2 form 20mLscintillation 12 Well Plate 18000 µL on slot 4]
2024-10-07 19:36:40,034:INFO:stober_synthesis_utils:Mixed well Well D1 form septavialrev1_44_holder_2000ul on slot 2 5 times, 2000 uL per cycle
2024-10-07 19:39:44,403:INFO:stober_synthesis_utils:Washed mix syringe in wash solutions [Well B4 form 20mLscintillation 12 Well Plate 18000 µL on slot 4, Well C1 form 20mLscintillation 12 Well Plate 18000 µL on slot 4, Well C2 form 20mLscintillation 12 Well Plate 18000 µL on slot 4]
2024-10-07 19:40:25,916:INFO:stober_synthesis_utils:Mixed well Well D2 form septavialrev1_44_holder_2000ul on slot 2 5 times, 2000 uL per cycle
2024-10-07 19:43:30,288:INFO:stober_synthesis_utils:Washed mix syringe in wash solutions [Well B4 form 20mLscintillation 12 Well Plate 18000 µL on slot 4, Well C1 form 20mLscintillation 12 Well Plate 18000 µL on slot 4, Well C2 form 20mLscintillation 12 Well Plate 18000 µL on slot 4]
2024-10-07 19:44:11,816:INFO:stober_synthesis_utils:Mixed well Well D3 form septavialrev1_44_holder_2000ul on slot 2 5 times, 2000 uL per cycle
2024-10-07 19:47:15,959:INFO:stober_synthesis_utils:Washed mix syringe in wash solutions [Well B4 form 20mLscintillation 12 Well Plate 18000 µL on slot 4, Well C1 form 20mLscintillation 12 Well Plate 18000 µL on slot 4, Well C2 form 20mLscintillation 12 Well Plate 18000 µL on slot 4]
2024-10-07 19:47:57,554:INFO:stober_synthesis_utils:Mixed well Well D4 form septavialrev1_44_holder_2000ul on slot 2 5 times, 2000 uL per cycle
2024-10-07 19:51:01,776:INFO:stober_synthesis_utils:Washed mix syringe in wash solutions [Well B4 form 20mLscintillation 12 Well Plate 18000 µL on slot 4, Well C1 form 20mLscintillation 12 Well Plate 18000 µL on slot 4, Well C2 form 20mLscintillation 12 Well Plate 18000 µL on slot 4]
2024-10-07 19:51:43,474:INFO:stober_synthesis_utils:Mixed well Well D5 form septavialrev1_44_holder_2000ul on slot 2 5 times, 2000 uL per cycle
2024-10-07 19:54:47,615:INFO:stober_synthesis_utils:Washed mix syringe in wash solutions [Well B4 form 20mLscintillation 12 Well Plate 18000 µL on slot 4, Well C1 form 20mLscintillation 12 Well Plate 18000 µL on slot 4, Well C2 form 20mLscintillation 12 Well Plate 18000 µL on slot 4]
2024-10-07 19:55:29,136:INFO:stober_synthesis_utils:Mixed well Well D6 form septavialrev1_44_holder_2000ul on slot 2 5 times, 2000 uL per cycle
2024-10-07 19:58:33,188:INFO:stober_synthesis_utils:Washed mix syringe in wash solutions [Well B4 form 20mLscintillation 12 Well Plate 18000 µL on slot 4, Well C1 form 20mLscintillation 12 Well Plate 18000 µL on slot 4, Well C2 form 20mLscintillation 12 Well Plate 18000 µL on slot 4]
2024-10-07 19:59:14,782:INFO:stober_synthesis_utils:Mixed well Well D7 form septavialrev1_44_holder_2000ul on slot 2 5 times, 2000 uL per cycle
2024-10-07 20:02:18,890:INFO:stober_synthesis_utils:Washed mix syringe in wash solutions [Well B4 form 20mLscintillation 12 Well Plate 18000 µL on slot 4, Well C1 form 20mLscintillation 12 Well Plate 18000 µL on slot 4, Well C2 form 20mLscintillation 12 Well Plate 18000 µL on slot 4]
2024-10-07 20:03:00,403:INFO:stober_synthesis_utils:Mixed well Well D8 form septavialrev1_44_holder_2000ul on slot 2 5 times, 2000 uL per cycle
2024-10-07 20:06:04,542:INFO:stober_synthesis_utils:Washed mix syringe in wash solutions [Well B4 form 20mLscintillation 12 Well Plate 18000 µL on slot 4, Well C1 form 20mLscintillation 12 Well Plate 18000 µL on slot 4, Well C2 form 20mLscintillation 12 Well Plate 18000 µL on slot 4]
2024-10-07 20:06:46,075:INFO:stober_synthesis_utils:Mixed well Well E1 form septavialrev1_44_holder_2000ul on slot 2 5 times, 2000 uL per cycle
2024-10-07 20:09:50,481:INFO:stober_synthesis_utils:Washed mix syringe in wash solutions [Well B4 form 20mLscintillation 12 Well Plate 18000 µL on slot 4, Well C1 form 20mLscintillation 12 Well Plate 18000 µL on slot 4, Well C2 form 20mLscintillation 12 Well Plate 18000 µL on slot 4]
2024-10-07 20:10:32,003:INFO:stober_synthesis_utils:Mixed well Well E3 form septavialrev1_44_holder_2000ul on slot 2 5 times, 2000 uL per cycle
2024-10-07 20:13:36,312:INFO:stober_synthesis_utils:Washed mix syringe in wash solutions [Well B4 form 20mLscintillation 12 Well Plate 18000 µL on slot 4, Well C1 form 20mLscintillation 12 Well Plate 18000 µL on slot 4, Well C2 form 20mLscintillation 12 Well Plate 18000 µL on slot 4]
2024-10-07 20:14:17,833:INFO:stober_synthesis_utils:Mixed well Well E4 form septavialrev1_44_holder_2000ul on slot 2 5 times, 2000 uL per cycle
2024-10-07 20:17:21,903:INFO:stober_synthesis_utils:Washed mix syringe in wash solutions [Well B4 form 20mLscintillation 12 Well Plate 18000 µL on slot 4, Well C1 form 20mLscintillation 12 Well Plate 18000 µL on slot 4, Well C2 form 20mLscintillation 12 Well Plate 18000 µL on slot 4]
2024-10-07 20:18:03,479:INFO:stober_synthesis_utils:Mixed well Well E5 form septavialrev1_44_holder_2000ul on slot 2 5 times, 2000 uL per cycle
2024-10-07 20:21:07,592:INFO:stober_synthesis_utils:Washed mix syringe in wash solutions [Well B4 form 20mLscintillation 12 Well Plate 18000 µL on slot 4, Well C1 form 20mLscintillation 12 Well Plate 18000 µL on slot 4, Well C2 form 20mLscintillation 12 Well Plate 18000 µL on slot 4]
2024-10-07 20:21:49,178:INFO:stober_synthesis_utils:Mixed well Well E6 form septavialrev1_44_holder_2000ul on slot 2 5 times, 2000 uL per cycle
2024-10-07 20:24:53,228:INFO:stober_synthesis_utils:Washed mix syringe in wash solutions [Well B4 form 20mLscintillation 12 Well Plate 18000 µL on slot 4, Well C1 form 20mLscintillation 12 Well Plate 18000 µL on slot 4, Well C2 form 20mLscintillation 12 Well Plate 18000 µL on slot 4]
2024-10-07 20:25:35,064:INFO:stober_synthesis_utils:Mixed well Well E8 form septavialrev1_44_holder_2000ul on slot 2 5 times, 2000 uL per cycle
2024-10-07 20:28:39,191:INFO:stober_synthesis_utils:Washed mix syringe in wash solutions [Well B4 form 20mLscintillation 12 Well Plate 18000 µL on slot 4, Well C1 form 20mLscintillation 12 Well Plate 18000 µL on slot 4, Well C2 form 20mLscintillation 12 Well Plate 18000 µL on slot 4]
2024-10-07 20:29:20,784:INFO:stober_synthesis_utils:Mixed well Well F1 form septavialrev1_44_holder_2000ul on slot 2 5 times, 2000 uL per cycle
2024-10-07 20:32:25,156:INFO:stober_synthesis_utils:Washed mix syringe in wash solutions [Well B4 form 20mLscintillation 12 Well Plate 18000 µL on slot 4, Well C1 form 20mLscintillation 12 Well Plate 18000 µL on slot 4, Well C2 form 20mLscintillation 12 Well Plate 18000 µL on slot 4]
2024-10-07 20:33:06,673:INFO:stober_synthesis_utils:Mixed well Well F2 form septavialrev1_44_holder_2000ul on slot 2 5 times, 2000 uL per cycle
2024-10-07 20:36:11,210:INFO:stober_synthesis_utils:Washed mix syringe in wash solutions [Well B4 form 20mLscintillation 12 Well Plate 18000 µL on slot 4, Well C1 form 20mLscintillation 12 Well Plate 18000 µL on slot 4, Well C2 form 20mLscintillation 12 Well Plate 18000 µL on slot 4]
2024-10-07 20:36:52,741:INFO:stober_synthesis_utils:Mixed well Well F3 form septavialrev1_44_holder_2000ul on slot 2 5 times, 2000 uL per cycle
2024-10-07 20:41:12,612:WARNING:urllib3.connectionpool:Retrying (Retry(total=4, connect=None, read=None, redirect=None, status=None)) after connection broken by 'NewConnectionError('<urllib3.connection.HTTPConnection object at 0x7da76c0eadc0>: Failed to establish a new connection: [Errno 110] Connection timed out')': /rr_model?key=seqs
2024-10-07 20:42:07,383:INFO:stober_synthesis_utils:Washed mix syringe in wash solutions [Well B4 form 20mLscintillation 12 Well Plate 18000 µL on slot 4, Well C1 form 20mLscintillation 12 Well Plate 18000 µL on slot 4, Well C2 form 20mLscintillation 12 Well Plate 18000 µL on slot 4]
2024-10-07 20:42:48,907:INFO:stober_synthesis_utils:Mixed well Well F4 form septavialrev1_44_holder_2000ul on slot 2 5 times, 2000 uL per cycle
2024-10-07 20:45:53,065:INFO:stober_synthesis_utils:Washed mix syringe in wash solutions [Well B4 form 20mLscintillation 12 Well Plate 18000 µL on slot 4, Well C1 form 20mLscintillation 12 Well Plate 18000 µL on slot 4, Well C2 form 20mLscintillation 12 Well Plate 18000 µL on slot 4]
2024-10-07 20:46:16,532:INFO:stober_synthesis_utils:Dispensed 127.0004986709804 uL of teos_volume into Well A1 form septavialrev1_44_holder_2000ul on slot 2
2024-10-07 20:47:10,296:INFO:stober_synthesis_utils:Mixed well Well A1 form septavialrev1_44_holder_2000ul on slot 2 5 times, 2000 uL per cycle
2024-10-07 20:50:14,494:INFO:stober_synthesis_utils:Washed mix syringe in wash solutions [Well B4 form 20mLscintillation 12 Well Plate 18000 µL on slot 4, Well C1 form 20mLscintillation 12 Well Plate 18000 µL on slot 4, Well C2 form 20mLscintillation 12 Well Plate 18000 µL on slot 4]
2024-10-07 20:50:35,491:INFO:stober_synthesis_utils:Dispensed 23.367554851403256 uL of teos_volume into Well A2 form septavialrev1_44_holder_2000ul on slot 2
2024-10-07 20:51:29,261:INFO:stober_synthesis_utils:Mixed well Well A2 form septavialrev1_44_holder_2000ul on slot 2 5 times, 2000 uL per cycle
2024-10-07 20:54:33,399:INFO:stober_synthesis_utils:Washed mix syringe in wash solutions [Well B4 form 20mLscintillation 12 Well Plate 18000 µL on slot 4, Well C1 form 20mLscintillation 12 Well Plate 18000 µL on slot 4, Well C2 form 20mLscintillation 12 Well Plate 18000 µL on slot 4]
2024-10-07 20:54:54,815:INFO:stober_synthesis_utils:Dispensed 38.57024184247005 uL of teos_volume into Well A3 form septavialrev1_44_holder_2000ul on slot 2
2024-10-07 20:55:48,575:INFO:stober_synthesis_utils:Mixed well Well A3 form septavialrev1_44_holder_2000ul on slot 2 5 times, 2000 uL per cycle
2024-10-07 20:58:52,766:INFO:stober_synthesis_utils:Washed mix syringe in wash solutions [Well B4 form 20mLscintillation 12 Well Plate 18000 µL on slot 4, Well C1 form 20mLscintillation 12 Well Plate 18000 µL on slot 4, Well C2 form 20mLscintillation 12 Well Plate 18000 µL on slot 4]
2024-10-07 20:59:15,564:INFO:stober_synthesis_utils:Dispensed 107.90392542015304 uL of teos_volume into Well A4 form septavialrev1_44_holder_2000ul on slot 2
2024-10-07 21:00:08,538:INFO:stober_synthesis_utils:Mixed well Well A4 form septavialrev1_44_holder_2000ul on slot 2 5 times, 2000 uL per cycle
2024-10-07 21:03:12,906:INFO:stober_synthesis_utils:Washed mix syringe in wash solutions [Well B4 form 20mLscintillation 12 Well Plate 18000 µL on slot 4, Well C1 form 20mLscintillation 12 Well Plate 18000 µL on slot 4, Well C2 form 20mLscintillation 12 Well Plate 18000 µL on slot 4]
2024-10-07 21:03:36,190:INFO:stober_synthesis_utils:Dispensed 143.1576757509081 uL of teos_volume into Well A5 form septavialrev1_44_holder_2000ul on slot 2
2024-10-07 21:04:29,082:INFO:stober_synthesis_utils:Mixed well Well A5 form septavialrev1_44_holder_2000ul on slot 2 5 times, 2000 uL per cycle
2024-10-07 21:07:33,208:INFO:stober_synthesis_utils:Washed mix syringe in wash solutions [Well B4 form 20mLscintillation 12 Well Plate 18000 µL on slot 4, Well C1 form 20mLscintillation 12 Well Plate 18000 µL on slot 4, Well C2 form 20mLscintillation 12 Well Plate 18000 µL on slot 4]
2024-10-07 21:07:56,605:INFO:stober_synthesis_utils:Dispensed 146.37860550515137 uL of teos_volume into Well A6 form septavialrev1_44_holder_2000ul on slot 2
2024-10-07 21:08:49,711:INFO:stober_synthesis_utils:Mixed well Well A6 form septavialrev1_44_holder_2000ul on slot 2 5 times, 2000 uL per cycle
2024-10-07 21:11:53,531:INFO:stober_synthesis_utils:Washed mix syringe in wash solutions [Well B4 form 20mLscintillation 12 Well Plate 18000 µL on slot 4, Well C1 form 20mLscintillation 12 Well Plate 18000 µL on slot 4, Well C2 form 20mLscintillation 12 Well Plate 18000 µL on slot 4]
2024-10-07 21:12:04,647:INFO:stober_synthesis_utils:Refilling 1cc_3 with 895.3785020410662 uL from Well A1 form 20mLscintillation 12 Well Plate 18000 µL on slot 4
2024-10-07 21:12:43,452:INFO:stober_synthesis_utils:Dispensed 205.1273772453264 uL of teos_volume into Well A7 form septavialrev1_44_holder_2000ul on slot 2
2024-10-07 21:13:36,387:INFO:stober_synthesis_utils:Mixed well Well A7 form septavialrev1_44_holder_2000ul on slot 2 5 times, 2000 uL per cycle
2024-10-07 21:16:40,287:INFO:stober_synthesis_utils:Washed mix syringe in wash solutions [Well B4 form 20mLscintillation 12 Well Plate 18000 µL on slot 4, Well C1 form 20mLscintillation 12 Well Plate 18000 µL on slot 4, Well C2 form 20mLscintillation 12 Well Plate 18000 µL on slot 4]
2024-10-07 21:17:01,966:INFO:stober_synthesis_utils:Dispensed 69.17957254238054 uL of teos_volume into Well A8 form septavialrev1_44_holder_2000ul on slot 2
2024-10-07 21:17:55,143:INFO:stober_synthesis_utils:Mixed well Well A8 form septavialrev1_44_holder_2000ul on slot 2 5 times, 2000 uL per cycle
2024-10-07 21:20:58,948:INFO:stober_synthesis_utils:Washed mix syringe in wash solutions [Well B4 form 20mLscintillation 12 Well Plate 18000 µL on slot 4, Well C1 form 20mLscintillation 12 Well Plate 18000 µL on slot 4, Well C2 form 20mLscintillation 12 Well Plate 18000 µL on slot 4]
2024-10-07 21:21:20,112:INFO:stober_synthesis_utils:Dispensed 19.326118121606942 uL of teos_volume into Well B1 form septavialrev1_44_holder_2000ul on slot 2
2024-10-07 21:22:13,928:INFO:stober_synthesis_utils:Mixed well Well B1 form septavialrev1_44_holder_2000ul on slot 2 5 times, 2000 uL per cycle
2024-10-07 21:25:18,116:INFO:stober_synthesis_utils:Washed mix syringe in wash solutions [Well B4 form 20mLscintillation 12 Well Plate 18000 µL on slot 4, Well C1 form 20mLscintillation 12 Well Plate 18000 µL on slot 4, Well C2 form 20mLscintillation 12 Well Plate 18000 µL on slot 4]
2024-10-07 21:25:40,374:INFO:stober_synthesis_utils:Dispensed 83.07116825519711 uL of teos_volume into Well B3 form septavialrev1_44_holder_2000ul on slot 2
2024-10-07 21:26:34,240:INFO:stober_synthesis_utils:Mixed well Well B3 form septavialrev1_44_holder_2000ul on slot 2 5 times, 2000 uL per cycle
2024-10-07 21:29:38,390:INFO:stober_synthesis_utils:Washed mix syringe in wash solutions [Well B4 form 20mLscintillation 12 Well Plate 18000 µL on slot 4, Well C1 form 20mLscintillation 12 Well Plate 18000 µL on slot 4, Well C2 form 20mLscintillation 12 Well Plate 18000 µL on slot 4]
2024-10-07 21:30:00,551:INFO:stober_synthesis_utils:Dispensed 90.82144523655926 uL of teos_volume into Well B4 form septavialrev1_44_holder_2000ul on slot 2
2024-10-07 21:30:54,426:INFO:stober_synthesis_utils:Mixed well Well B4 form septavialrev1_44_holder_2000ul on slot 2 5 times, 2000 uL per cycle
2024-10-07 21:33:58,599:INFO:stober_synthesis_utils:Washed mix syringe in wash solutions [Well B4 form 20mLscintillation 12 Well Plate 18000 µL on slot 4, Well C1 form 20mLscintillation 12 Well Plate 18000 µL on slot 4, Well C2 form 20mLscintillation 12 Well Plate 18000 µL on slot 4]
2024-10-07 21:34:23,916:INFO:stober_synthesis_utils:Dispensed 229.96529601459093 uL of teos_volume into Well B5 form septavialrev1_44_holder_2000ul on slot 2
2024-10-07 21:35:16,972:INFO:stober_synthesis_utils:Mixed well Well B5 form septavialrev1_44_holder_2000ul on slot 2 5 times, 2000 uL per cycle
2024-10-07 21:38:21,165:INFO:stober_synthesis_utils:Washed mix syringe in wash solutions [Well B4 form 20mLscintillation 12 Well Plate 18000 µL on slot 4, Well C1 form 20mLscintillation 12 Well Plate 18000 µL on slot 4, Well C2 form 20mLscintillation 12 Well Plate 18000 µL on slot 4]
2024-10-07 21:38:43,355:INFO:stober_synthesis_utils:Dispensed 80.17300420349086 uL of teos_volume into Well B6 form septavialrev1_44_holder_2000ul on slot 2
2024-10-07 21:39:36,360:INFO:stober_synthesis_utils:Mixed well Well B6 form septavialrev1_44_holder_2000ul on slot 2 5 times, 2000 uL per cycle
2024-10-07 21:42:40,534:INFO:stober_synthesis_utils:Washed mix syringe in wash solutions [Well B4 form 20mLscintillation 12 Well Plate 18000 µL on slot 4, Well C1 form 20mLscintillation 12 Well Plate 18000 µL on slot 4, Well C2 form 20mLscintillation 12 Well Plate 18000 µL on slot 4]
2024-10-07 21:42:51,678:INFO:stober_synthesis_utils:Refilling 1cc_3 with 777.6639816191521 uL from Well A1 form 20mLscintillation 12 Well Plate 18000 µL on slot 4
2024-10-07 21:43:29,093:INFO:stober_synthesis_utils:Dispensed 238.3918466334671 uL of teos_volume into Well B8 form septavialrev1_44_holder_2000ul on slot 2
2024-10-07 21:44:22,313:INFO:stober_synthesis_utils:Mixed well Well B8 form septavialrev1_44_holder_2000ul on slot 2 5 times, 2000 uL per cycle
2024-10-07 21:47:26,457:INFO:stober_synthesis_utils:Washed mix syringe in wash solutions [Well B4 form 20mLscintillation 12 Well Plate 18000 µL on slot 4, Well C1 form 20mLscintillation 12 Well Plate 18000 µL on slot 4, Well C2 form 20mLscintillation 12 Well Plate 18000 µL on slot 4]
2024-10-07 21:47:49,275:INFO:stober_synthesis_utils:Dispensed 100.72073371561024 uL of teos_volume into Well C1 form septavialrev1_44_holder_2000ul on slot 2
2024-10-07 21:48:43,083:INFO:stober_synthesis_utils:Mixed well Well C1 form septavialrev1_44_holder_2000ul on slot 2 5 times, 2000 uL per cycle
2024-10-07 21:51:47,342:INFO:stober_synthesis_utils:Washed mix syringe in wash solutions [Well B4 form 20mLscintillation 12 Well Plate 18000 µL on slot 4, Well C1 form 20mLscintillation 12 Well Plate 18000 µL on slot 4, Well C2 form 20mLscintillation 12 Well Plate 18000 µL on slot 4]
2024-10-07 21:52:09,417:INFO:stober_synthesis_utils:Dispensed 63.32653758949563 uL of teos_volume into Well C2 form septavialrev1_44_holder_2000ul on slot 2
2024-10-07 21:53:03,345:INFO:stober_synthesis_utils:Mixed well Well C2 form septavialrev1_44_holder_2000ul on slot 2 5 times, 2000 uL per cycle
2024-10-07 21:56:07,441:INFO:stober_synthesis_utils:Washed mix syringe in wash solutions [Well B4 form 20mLscintillation 12 Well Plate 18000 µL on slot 4, Well C1 form 20mLscintillation 12 Well Plate 18000 µL on slot 4, Well C2 form 20mLscintillation 12 Well Plate 18000 µL on slot 4]
2024-10-07 21:56:29,839:INFO:stober_synthesis_utils:Dispensed 79.17455835484178 uL of teos_volume into Well C3 form septavialrev1_44_holder_2000ul on slot 2
2024-10-07 21:57:23,780:INFO:stober_synthesis_utils:Mixed well Well C3 form septavialrev1_44_holder_2000ul on slot 2 5 times, 2000 uL per cycle
2024-10-07 22:00:28,033:INFO:stober_synthesis_utils:Washed mix syringe in wash solutions [Well B4 form 20mLscintillation 12 Well Plate 18000 µL on slot 4, Well C1 form 20mLscintillation 12 Well Plate 18000 µL on slot 4, Well C2 form 20mLscintillation 12 Well Plate 18000 µL on slot 4]
2024-10-07 22:00:53,018:INFO:stober_synthesis_utils:Dispensed 213.96023272880265 uL of teos_volume into Well C4 form septavialrev1_44_holder_2000ul on slot 2
2024-10-07 22:01:47,021:INFO:stober_synthesis_utils:Mixed well Well C4 form septavialrev1_44_holder_2000ul on slot 2 5 times, 2000 uL per cycle
2024-10-07 22:04:51,154:INFO:stober_synthesis_utils:Washed mix syringe in wash solutions [Well B4 form 20mLscintillation 12 Well Plate 18000 µL on slot 4, Well C1 form 20mLscintillation 12 Well Plate 18000 µL on slot 4, Well C2 form 20mLscintillation 12 Well Plate 18000 µL on slot 4]
2024-10-07 22:05:14,578:INFO:stober_synthesis_utils:Dispensed 136.0504166665083 uL of teos_volume into Well C5 form septavialrev1_44_holder_2000ul on slot 2
2024-10-07 22:06:08,566:INFO:stober_synthesis_utils:Mixed well Well C5 form septavialrev1_44_holder_2000ul on slot 2 5 times, 2000 uL per cycle
2024-10-07 22:09:12,746:INFO:stober_synthesis_utils:Washed mix syringe in wash solutions [Well B4 form 20mLscintillation 12 Well Plate 18000 µL on slot 4, Well C1 form 20mLscintillation 12 Well Plate 18000 µL on slot 4, Well C2 form 20mLscintillation 12 Well Plate 18000 µL on slot 4]
2024-10-07 22:09:23,882:INFO:stober_synthesis_utils:Refilling 1cc_3 with 831.6243256887258 uL from Well A1 form 20mLscintillation 12 Well Plate 18000 µL on slot 4
2024-10-07 22:10:01,470:INFO:stober_synthesis_utils:Dispensed 207.6019981216617 uL of teos_volume into Well C6 form septavialrev1_44_holder_2000ul on slot 2
2024-10-07 22:10:54,713:INFO:stober_synthesis_utils:Mixed well Well C6 form septavialrev1_44_holder_2000ul on slot 2 5 times, 2000 uL per cycle
2024-10-07 22:13:58,803:INFO:stober_synthesis_utils:Washed mix syringe in wash solutions [Well B4 form 20mLscintillation 12 Well Plate 18000 µL on slot 4, Well C1 form 20mLscintillation 12 Well Plate 18000 µL on slot 4, Well C2 form 20mLscintillation 12 Well Plate 18000 µL on slot 4]
2024-10-07 22:14:19,983:INFO:stober_synthesis_utils:Dispensed 32.66267181532395 uL of teos_volume into Well C7 form septavialrev1_44_holder_2000ul on slot 2
2024-10-07 22:15:13,125:INFO:stober_synthesis_utils:Mixed well Well C7 form septavialrev1_44_holder_2000ul on slot 2 5 times, 2000 uL per cycle
2024-10-07 22:18:17,354:INFO:stober_synthesis_utils:Washed mix syringe in wash solutions [Well B4 form 20mLscintillation 12 Well Plate 18000 µL on slot 4, Well C1 form 20mLscintillation 12 Well Plate 18000 µL on slot 4, Well C2 form 20mLscintillation 12 Well Plate 18000 µL on slot 4]
2024-10-07 22:18:38,381:INFO:stober_synthesis_utils:Dispensed 31.89500728136396 uL of teos_volume into Well C8 form septavialrev1_44_holder_2000ul on slot 2
2024-10-07 22:19:31,539:INFO:stober_synthesis_utils:Mixed well Well C8 form septavialrev1_44_holder_2000ul on slot 2 5 times, 2000 uL per cycle
2024-10-07 22:22:35,648:INFO:stober_synthesis_utils:Washed mix syringe in wash solutions [Well B4 form 20mLscintillation 12 Well Plate 18000 µL on slot 4, Well C1 form 20mLscintillation 12 Well Plate 18000 µL on slot 4, Well C2 form 20mLscintillation 12 Well Plate 18000 µL on slot 4]
2024-10-07 22:22:58,079:INFO:stober_synthesis_utils:Dispensed 78.2279023216347 uL of teos_volume into Well D1 form septavialrev1_44_holder_2000ul on slot 2
2024-10-07 22:23:52,018:INFO:stober_synthesis_utils:Mixed well Well D1 form septavialrev1_44_holder_2000ul on slot 2 5 times, 2000 uL per cycle
2024-10-07 22:26:56,649:INFO:stober_synthesis_utils:Washed mix syringe in wash solutions [Well B4 form 20mLscintillation 12 Well Plate 18000 µL on slot 4, Well C1 form 20mLscintillation 12 Well Plate 18000 µL on slot 4, Well C2 form 20mLscintillation 12 Well Plate 18000 µL on slot 4]
2024-10-07 22:27:19,399:INFO:stober_synthesis_utils:Dispensed 93.96342886355411 uL of teos_volume into Well D2 form septavialrev1_44_holder_2000ul on slot 2
2024-10-07 22:28:13,341:INFO:stober_synthesis_utils:Mixed well Well D2 form septavialrev1_44_holder_2000ul on slot 2 5 times, 2000 uL per cycle
2024-10-07 22:31:17,612:INFO:stober_synthesis_utils:Washed mix syringe in wash solutions [Well B4 form 20mLscintillation 12 Well Plate 18000 µL on slot 4, Well C1 form 20mLscintillation 12 Well Plate 18000 µL on slot 4, Well C2 form 20mLscintillation 12 Well Plate 18000 µL on slot 4]
2024-10-07 22:31:39,212:INFO:stober_synthesis_utils:Dispensed 34.80937334281116 uL of teos_volume into Well D3 form septavialrev1_44_holder_2000ul on slot 2
2024-10-07 22:32:33,305:INFO:stober_synthesis_utils:Mixed well Well D3 form septavialrev1_44_holder_2000ul on slot 2 5 times, 2000 uL per cycle
2024-10-07 22:35:37,476:INFO:stober_synthesis_utils:Washed mix syringe in wash solutions [Well B4 form 20mLscintillation 12 Well Plate 18000 µL on slot 4, Well C1 form 20mLscintillation 12 Well Plate 18000 µL on slot 4, Well C2 form 20mLscintillation 12 Well Plate 18000 µL on slot 4]
2024-10-07 22:36:02,737:INFO:stober_synthesis_utils:Dispensed 222.50863864686008 uL of teos_volume into Well D4 form septavialrev1_44_holder_2000ul on slot 2
2024-10-07 22:36:56,816:INFO:stober_synthesis_utils:Mixed well Well D4 form septavialrev1_44_holder_2000ul on slot 2 5 times, 2000 uL per cycle
2024-10-07 22:40:01,014:INFO:stober_synthesis_utils:Washed mix syringe in wash solutions [Well B4 form 20mLscintillation 12 Well Plate 18000 µL on slot 4, Well C1 form 20mLscintillation 12 Well Plate 18000 µL on slot 4, Well C2 form 20mLscintillation 12 Well Plate 18000 µL on slot 4]
2024-10-07 22:40:25,407:INFO:stober_synthesis_utils:Dispensed 185.54149434019536 uL of teos_volume into Well D5 form septavialrev1_44_holder_2000ul on slot 2
2024-10-07 22:41:19,681:INFO:stober_synthesis_utils:Mixed well Well D5 form septavialrev1_44_holder_2000ul on slot 2 5 times, 2000 uL per cycle
2024-10-07 22:44:23,730:INFO:stober_synthesis_utils:Washed mix syringe in wash solutions [Well B4 form 20mLscintillation 12 Well Plate 18000 µL on slot 4, Well C1 form 20mLscintillation 12 Well Plate 18000 µL on slot 4, Well C2 form 20mLscintillation 12 Well Plate 18000 µL on slot 4]
2024-10-07 22:44:34,855:INFO:stober_synthesis_utils:Refilling 1cc_3 with 887.210514733405 uL from Well A1 form 20mLscintillation 12 Well Plate 18000 µL on slot 4
2024-10-07 22:45:12,750:INFO:stober_synthesis_utils:Dispensed 150.04299913417665 uL of teos_volume into Well D6 form septavialrev1_44_holder_2000ul on slot 2
2024-10-07 22:46:06,959:INFO:stober_synthesis_utils:Mixed well Well D6 form septavialrev1_44_holder_2000ul on slot 2 5 times, 2000 uL per cycle
2024-10-07 22:49:11,207:INFO:stober_synthesis_utils:Washed mix syringe in wash solutions [Well B4 form 20mLscintillation 12 Well Plate 18000 µL on slot 4, Well C1 form 20mLscintillation 12 Well Plate 18000 µL on slot 4, Well C2 form 20mLscintillation 12 Well Plate 18000 µL on slot 4]
2024-10-07 22:49:35,646:INFO:stober_synthesis_utils:Dispensed 183.7509161636644 uL of teos_volume into Well D7 form septavialrev1_44_holder_2000ul on slot 2
2024-10-07 22:50:28,938:INFO:stober_synthesis_utils:Mixed well Well D7 form septavialrev1_44_holder_2000ul on slot 2 5 times, 2000 uL per cycle
2024-10-07 22:53:33,146:INFO:stober_synthesis_utils:Washed mix syringe in wash solutions [Well B4 form 20mLscintillation 12 Well Plate 18000 µL on slot 4, Well C1 form 20mLscintillation 12 Well Plate 18000 µL on slot 4, Well C2 form 20mLscintillation 12 Well Plate 18000 µL on slot 4]
2024-10-07 22:53:54,871:INFO:stober_synthesis_utils:Dispensed 68.29057595176755 uL of teos_volume into Well D8 form septavialrev1_44_holder_2000ul on slot 2
2024-10-07 22:54:48,246:INFO:stober_synthesis_utils:Mixed well Well D8 form septavialrev1_44_holder_2000ul on slot 2 5 times, 2000 uL per cycle
2024-10-07 22:57:52,464:INFO:stober_synthesis_utils:Washed mix syringe in wash solutions [Well B4 form 20mLscintillation 12 Well Plate 18000 µL on slot 4, Well C1 form 20mLscintillation 12 Well Plate 18000 µL on slot 4, Well C2 form 20mLscintillation 12 Well Plate 18000 µL on slot 4]
2024-10-07 22:58:16,623:INFO:stober_synthesis_utils:Dispensed 152.07093042543832 uL of teos_volume into Well E1 form septavialrev1_44_holder_2000ul on slot 2
2024-10-07 22:59:10,563:INFO:stober_synthesis_utils:Mixed well Well E1 form septavialrev1_44_holder_2000ul on slot 2 5 times, 2000 uL per cycle
2024-10-07 23:02:15,045:INFO:stober_synthesis_utils:Washed mix syringe in wash solutions [Well B4 form 20mLscintillation 12 Well Plate 18000 µL on slot 4, Well C1 form 20mLscintillation 12 Well Plate 18000 µL on slot 4, Well C2 form 20mLscintillation 12 Well Plate 18000 µL on slot 4]
2024-10-07 23:02:39,228:INFO:stober_synthesis_utils:Dispensed 164.00682064416375 uL of teos_volume into Well E3 form septavialrev1_44_holder_2000ul on slot 2
2024-10-07 23:03:33,297:INFO:stober_synthesis_utils:Mixed well Well E3 form septavialrev1_44_holder_2000ul on slot 2 5 times, 2000 uL per cycle
2024-10-07 23:06:37,514:INFO:stober_synthesis_utils:Washed mix syringe in wash solutions [Well B4 form 20mLscintillation 12 Well Plate 18000 µL on slot 4, Well C1 form 20mLscintillation 12 Well Plate 18000 µL on slot 4, Well C2 form 20mLscintillation 12 Well Plate 18000 µL on slot 4]
2024-10-07 23:07:01,135:INFO:stober_synthesis_utils:Dispensed 138.78791081914713 uL of teos_volume into Well E4 form septavialrev1_44_holder_2000ul on slot 2
2024-10-07 23:07:55,366:INFO:stober_synthesis_utils:Mixed well Well E4 form septavialrev1_44_holder_2000ul on slot 2 5 times, 2000 uL per cycle
2024-10-07 23:10:59,555:INFO:stober_synthesis_utils:Washed mix syringe in wash solutions [Well B4 form 20mLscintillation 12 Well Plate 18000 µL on slot 4, Well C1 form 20mLscintillation 12 Well Plate 18000 µL on slot 4, Well C2 form 20mLscintillation 12 Well Plate 18000 µL on slot 4]
2024-10-07 23:11:21,787:INFO:stober_synthesis_utils:Dispensed 79.93383858200566 uL of teos_volume into Well E5 form septavialrev1_44_holder_2000ul on slot 2
2024-10-07 23:12:16,079:INFO:stober_synthesis_utils:Mixed well Well E5 form septavialrev1_44_holder_2000ul on slot 2 5 times, 2000 uL per cycle
2024-10-07 23:15:20,198:INFO:stober_synthesis_utils:Washed mix syringe in wash solutions [Well B4 form 20mLscintillation 12 Well Plate 18000 µL on slot 4, Well C1 form 20mLscintillation 12 Well Plate 18000 µL on slot 4, Well C2 form 20mLscintillation 12 Well Plate 18000 µL on slot 4]
2024-10-07 23:15:31,326:INFO:stober_synthesis_utils:Refilling 1cc_3 with 936.8839917203635 uL from Well A1 form 20mLscintillation 12 Well Plate 18000 µL on slot 4
2024-10-07 23:16:12,037:INFO:stober_synthesis_utils:Dispensed 238.50383687225133 uL of teos_volume into Well E6 form septavialrev1_44_holder_2000ul on slot 2
2024-10-07 23:17:06,356:INFO:stober_synthesis_utils:Mixed well Well E6 form septavialrev1_44_holder_2000ul on slot 2 5 times, 2000 uL per cycle
2024-10-07 23:22:22,798:INFO:stober_synthesis_utils:Washed mix syringe in wash solutions [Well B4 form 20mLscintillation 12 Well Plate 18000 µL on slot 4, Well C1 form 20mLscintillation 12 Well Plate 18000 µL on slot 4, Well C2 form 20mLscintillation 12 Well Plate 18000 µL on slot 4]
2024-10-07 23:22:44,728:INFO:stober_synthesis_utils:Dispensed 63.14887811736393 uL of teos_volume into Well E8 form septavialrev1_44_holder_2000ul on slot 2
2024-10-07 23:23:38,165:INFO:stober_synthesis_utils:Mixed well Well E8 form septavialrev1_44_holder_2000ul on slot 2 5 times, 2000 uL per cycle
2024-10-07 23:26:42,339:INFO:stober_synthesis_utils:Washed mix syringe in wash solutions [Well B4 form 20mLscintillation 12 Well Plate 18000 µL on slot 4, Well C1 form 20mLscintillation 12 Well Plate 18000 µL on slot 4, Well C2 form 20mLscintillation 12 Well Plate 18000 µL on slot 4]
2024-10-07 23:27:07,190:INFO:stober_synthesis_utils:Dispensed 183.49786694517812 uL of teos_volume into Well F1 form septavialrev1_44_holder_2000ul on slot 2
2024-10-07 23:28:01,291:INFO:stober_synthesis_utils:Mixed well Well F1 form septavialrev1_44_holder_2000ul on slot 2 5 times, 2000 uL per cycle
2024-10-07 23:31:05,778:INFO:stober_synthesis_utils:Washed mix syringe in wash solutions [Well B4 form 20mLscintillation 12 Well Plate 18000 µL on slot 4, Well C1 form 20mLscintillation 12 Well Plate 18000 µL on slot 4, Well C2 form 20mLscintillation 12 Well Plate 18000 µL on slot 4]
2024-10-07 23:31:31,336:INFO:stober_synthesis_utils:Dispensed 234.0481462855917 uL of teos_volume into Well F2 form septavialrev1_44_holder_2000ul on slot 2
2024-10-07 23:32:25,476:INFO:stober_synthesis_utils:Mixed well Well F2 form septavialrev1_44_holder_2000ul on slot 2 5 times, 2000 uL per cycle
2024-10-07 23:35:30,096:INFO:stober_synthesis_utils:Washed mix syringe in wash solutions [Well B4 form 20mLscintillation 12 Well Plate 18000 µL on slot 4, Well C1 form 20mLscintillation 12 Well Plate 18000 µL on slot 4, Well C2 form 20mLscintillation 12 Well Plate 18000 µL on slot 4]
2024-10-07 23:35:54,205:INFO:stober_synthesis_utils:Dispensed 161.95748597151797 uL of teos_volume into Well F3 form septavialrev1_44_holder_2000ul on slot 2
2024-10-07 23:36:48,532:INFO:stober_synthesis_utils:Mixed well Well F3 form septavialrev1_44_holder_2000ul on slot 2 5 times, 2000 uL per cycle
2024-10-07 23:39:52,986:INFO:stober_synthesis_utils:Washed mix syringe in wash solutions [Well B4 form 20mLscintillation 12 Well Plate 18000 µL on slot 4, Well C1 form 20mLscintillation 12 Well Plate 18000 µL on slot 4, Well C2 form 20mLscintillation 12 Well Plate 18000 µL on slot 4]
2024-10-07 23:40:15,407:INFO:stober_synthesis_utils:Dispensed 85.98861472003077 uL of teos_volume into Well F4 form septavialrev1_44_holder_2000ul on slot 2
2024-10-07 23:41:09,685:INFO:stober_synthesis_utils:Mixed well Well F4 form septavialrev1_44_holder_2000ul on slot 2 5 times, 2000 uL per cycle
2024-10-07 23:44:13,861:INFO:stober_synthesis_utils:Washed mix syringe in wash solutions [Well B4 form 20mLscintillation 12 Well Plate 18000 µL on slot 4, Well C1 form 20mLscintillation 12 Well Plate 18000 µL on slot 4, Well C2 form 20mLscintillation 12 Well Plate 18000 µL on slot 4]
