2024-11-04 16:52:53,493:INFO:__main__:Transferred 904.0 uL from Well A1 form septavialrev1_44_holder_2000ul on slot 2 to Well C7 form septavialrev1_44_holder_2000ul on slot 2
2024-11-04 16:57:02,852:INFO:__main__:Transferred 904.0 uL from Well A1 form septavialrev1_44_holder_2000ul on slot 2 to Well C7 form septavialrev1_44_holder_2000ul on slot 2
2024-11-04 17:14:48,747:INFO:stober_synthesis_utils:Dispensed 1577.097900211811 uL of ethanol_volume into Well A1 form septavialrev1_44_holder_2000ul on slot 2
2024-11-04 17:15:08,812:INFO:stober_synthesis_utils:Dispensed 1653.634367045015 uL of ethanol_volume into Well A2 form septavialrev1_44_holder_2000ul on slot 2
2024-11-04 17:15:08,812:INFO:stober_synthesis_utils:Refilling 10cc_1 with 9929.732267256826 uL from Well A4 form 20mLscintillation 12 Well Plate 18000 µL on slot 4
2024-11-04 17:15:58,290:INFO:stober_synthesis_utils:Dispensed 1658.582082344219 uL of ethanol_volume into Well A3 form septavialrev1_44_holder_2000ul on slot 2
2024-11-04 17:16:18,339:INFO:stober_synthesis_utils:Dispensed 1655.1964663900435 uL of ethanol_volume into Well A4 form septavialrev1_44_holder_2000ul on slot 2
2024-11-04 17:16:38,240:INFO:stober_synthesis_utils:Dispensed 1591.844617575407 uL of ethanol_volume into Well A5 form septavialrev1_44_holder_2000ul on slot 2
2024-11-04 17:16:58,215:INFO:stober_synthesis_utils:Dispensed 1609.6626088023186 uL of ethanol_volume into Well A6 form septavialrev1_44_holder_2000ul on slot 2
2024-11-04 17:17:18,154:INFO:stober_synthesis_utils:Dispensed 1574.2991033941507 uL of ethanol_volume into Well A7 form septavialrev1_44_holder_2000ul on slot 2
2024-11-04 17:17:38,356:INFO:stober_synthesis_utils:Dispensed 1626.6132443211973 uL of ethanol_volume into Well A8 form septavialrev1_44_holder_2000ul on slot 2
2024-11-04 17:17:38,356:INFO:stober_synthesis_utils:Refilling 10cc_1 with 9716.198122827336 uL from Well B1 form 20mLscintillation 12 Well Plate 18000 µL on slot 4
2024-11-04 17:18:26,724:INFO:stober_synthesis_utils:Dispensed 1631.2197878025472 uL of ethanol_volume into Well B1 form septavialrev1_44_holder_2000ul on slot 2
2024-11-04 17:18:46,985:INFO:stober_synthesis_utils:Dispensed 1658.7208904791623 uL of ethanol_volume into Well B3 form septavialrev1_44_holder_2000ul on slot 2
2024-11-04 17:19:07,032:INFO:stober_synthesis_utils:Dispensed 1623.995507787913 uL of ethanol_volume into Well B4 form septavialrev1_44_holder_2000ul on slot 2
2024-11-04 17:19:26,920:INFO:stober_synthesis_utils:Dispensed 1591.535401251167 uL of ethanol_volume into Well B5 form septavialrev1_44_holder_2000ul on slot 2
2024-11-04 17:19:46,926:INFO:stober_synthesis_utils:Dispensed 1625.4784866701812 uL of ethanol_volume into Well B6 form septavialrev1_44_holder_2000ul on slot 2
2024-11-04 17:20:07,034:INFO:stober_synthesis_utils:Dispensed 1601.4852575957775 uL of ethanol_volume into Well B8 form septavialrev1_44_holder_2000ul on slot 2
2024-11-04 17:20:07,035:INFO:stober_synthesis_utils:Refilling 10cc_1 with 9732.435331586748 uL from Well B2 form 20mLscintillation 12 Well Plate 18000 µL on slot 4
2024-11-04 17:20:55,363:INFO:stober_synthesis_utils:Dispensed 1614.6569658070805 uL of ethanol_volume into Well C1 form septavialrev1_44_holder_2000ul on slot 2
2024-11-04 17:21:15,447:INFO:stober_synthesis_utils:Dispensed 1643.136052088812 uL of ethanol_volume into Well C2 form septavialrev1_44_holder_2000ul on slot 2
2024-11-04 17:21:35,456:INFO:stober_synthesis_utils:Dispensed 1619.1549016162753 uL of ethanol_volume into Well C3 form septavialrev1_44_holder_2000ul on slot 2
2024-11-04 17:21:55,503:INFO:stober_synthesis_utils:Dispensed 1617.0572336763144 uL of ethanol_volume into Well C4 form septavialrev1_44_holder_2000ul on slot 2
2024-11-04 17:22:15,476:INFO:stober_synthesis_utils:Dispensed 1606.4016950316727 uL of ethanol_volume into Well C5 form septavialrev1_44_holder_2000ul on slot 2
2024-11-04 17:22:35,392:INFO:stober_synthesis_utils:Dispensed 1597.8783597238362 uL of ethanol_volume into Well C6 form septavialrev1_44_holder_2000ul on slot 2
2024-11-04 17:22:57,606:INFO:__main__:Emptied ethanol syringe into trash
2024-11-04 17:23:27,764:INFO:stober_synthesis_utils:Dispensed 43.54553036391735 uL of water_volume into Well A1 form septavialrev1_44_holder_2000ul on slot 2
2024-11-04 17:23:41,689:INFO:stober_synthesis_utils:Dispensed 12.09820406511426 uL of water_volume into Well A2 form septavialrev1_44_holder_2000ul on slot 2
2024-11-04 17:23:55,618:INFO:stober_synthesis_utils:Dispensed 11.428265972062944 uL of water_volume into Well A3 form septavialrev1_44_holder_2000ul on slot 2
2024-11-04 17:24:09,628:INFO:stober_synthesis_utils:Dispensed 14.617080986499786 uL of water_volume into Well A4 form septavialrev1_44_holder_2000ul on slot 2
2024-11-04 17:24:24,209:INFO:stober_synthesis_utils:Dispensed 45.47329992055893 uL of water_volume into Well A5 form septavialrev1_44_holder_2000ul on slot 2
2024-11-04 17:24:38,809:INFO:stober_synthesis_utils:Dispensed 44.22314800322056 uL of water_volume into Well A6 form septavialrev1_44_holder_2000ul on slot 2
2024-11-04 17:24:53,441:INFO:stober_synthesis_utils:Dispensed 45.458031073212624 uL of water_volume into Well A7 form septavialrev1_44_holder_2000ul on slot 2
2024-11-04 17:25:07,864:INFO:stober_synthesis_utils:Dispensed 37.54359409213066 uL of water_volume into Well A8 form septavialrev1_44_holder_2000ul on slot 2
2024-11-04 17:25:22,746:INFO:stober_synthesis_utils:Dispensed 13.323223497718573 uL of water_volume into Well B1 form septavialrev1_44_holder_2000ul on slot 2
2024-11-04 17:25:36,737:INFO:stober_synthesis_utils:Dispensed 9.732500091195108 uL of water_volume into Well B3 form septavialrev1_44_holder_2000ul on slot 2
2024-11-04 17:25:51,097:INFO:stober_synthesis_utils:Dispensed 29.596972838044167 uL of water_volume into Well B4 form septavialrev1_44_holder_2000ul on slot 2
2024-11-04 17:26:05,466:INFO:stober_synthesis_utils:Dispensed 34.39897783100605 uL of water_volume into Well B5 form septavialrev1_44_holder_2000ul on slot 2
2024-11-04 17:26:19,780:INFO:stober_synthesis_utils:Dispensed 32.90291260927916 uL of water_volume into Well B6 form septavialrev1_44_holder_2000ul on slot 2
2024-11-04 17:26:34,113:INFO:stober_synthesis_utils:Dispensed 27.61511318385601 uL of water_volume into Well B8 form septavialrev1_44_holder_2000ul on slot 2
2024-11-04 17:26:49,437:INFO:stober_synthesis_utils:Dispensed 35.1210530847311 uL of water_volume into Well C1 form septavialrev1_44_holder_2000ul on slot 2
2024-11-04 17:27:03,372:INFO:stober_synthesis_utils:Dispensed 9.732500091195108 uL of water_volume into Well C2 form septavialrev1_44_holder_2000ul on slot 2
2024-11-04 17:27:17,561:INFO:stober_synthesis_utils:Dispensed 27.962610870599747 uL of water_volume into Well C3 form septavialrev1_44_holder_2000ul on slot 2
2024-11-04 17:27:31,871:INFO:stober_synthesis_utils:Dispensed 34.96015705168247 uL of water_volume into Well C4 form septavialrev1_44_holder_2000ul on slot 2
2024-11-04 17:27:46,296:INFO:stober_synthesis_utils:Dispensed 38.02093081176281 uL of water_volume into Well C5 form septavialrev1_44_holder_2000ul on slot 2
2024-11-04 17:28:00,698:INFO:stober_synthesis_utils:Dispensed 38.08594532310963 uL of water_volume into Well C6 form septavialrev1_44_holder_2000ul on slot 2
2024-11-04 17:28:26,099:INFO:stober_synthesis_utils:Dispensed 27.952414751052856 uL of ammonia_volume into Well A1 form septavialrev1_44_holder_2000ul on slot 2
2024-11-04 17:28:36,013:INFO:stober_synthesis_utils:Dispensed 13.73637057840824 uL of ammonia_volume into Well A2 form septavialrev1_44_holder_2000ul on slot 2
2024-11-04 17:28:45,949:INFO:stober_synthesis_utils:Dispensed 10.564707685261965 uL of ammonia_volume into Well A3 form septavialrev1_44_holder_2000ul on slot 2
2024-11-04 17:28:55,847:INFO:stober_synthesis_utils:Dispensed 10.795518383383753 uL of ammonia_volume into Well A4 form septavialrev1_44_holder_2000ul on slot 2
2024-11-04 17:29:05,855:INFO:stober_synthesis_utils:Dispensed 9.986297972500324 uL of ammonia_volume into Well A5 form septavialrev1_44_holder_2000ul on slot 2
2024-11-04 17:29:16,052:INFO:stober_synthesis_utils:Dispensed 26.6072615981102 uL of ammonia_volume into Well A6 form septavialrev1_44_holder_2000ul on slot 2
2024-11-04 17:29:26,266:INFO:stober_synthesis_utils:Dispensed 28.13500128686428 uL of ammonia_volume into Well A7 form septavialrev1_44_holder_2000ul on slot 2
2024-11-04 17:29:36,269:INFO:stober_synthesis_utils:Dispensed 9.969553537666798 uL of ammonia_volume into Well A8 form septavialrev1_44_holder_2000ul on slot 2
2024-11-04 17:29:47,507:INFO:stober_synthesis_utils:Dispensed 26.23587269335985 uL of ammonia_volume into Well B1 form septavialrev1_44_holder_2000ul on slot 2
2024-11-04 17:29:57,435:INFO:stober_synthesis_utils:Dispensed 9.392499877139926 uL of ammonia_volume into Well B3 form septavialrev1_44_holder_2000ul on slot 2
2024-11-04 17:30:07,367:INFO:stober_synthesis_utils:Dispensed 10.566233936697245 uL of ammonia_volume into Well B4 form septavialrev1_44_holder_2000ul on slot 2
2024-11-04 17:30:17,656:INFO:stober_synthesis_utils:Dispensed 24.267187248915437 uL of ammonia_volume into Well B5 form septavialrev1_44_holder_2000ul on slot 2
2024-11-04 17:30:27,576:INFO:stober_synthesis_utils:Dispensed 12.390800239518285 uL of ammonia_volume into Well B6 form septavialrev1_44_holder_2000ul on slot 2
2024-11-04 17:30:37,841:INFO:stober_synthesis_utils:Dispensed 21.113567054271694 uL of ammonia_volume into Well B8 form septavialrev1_44_holder_2000ul on slot 2
2024-11-04 17:30:48,800:INFO:stober_synthesis_utils:Dispensed 16.00809134542942 uL of ammonia_volume into Well C1 form septavialrev1_44_holder_2000ul on slot 2
2024-11-04 17:30:58,625:INFO:stober_synthesis_utils:Dispensed 9.392499877139926 uL of ammonia_volume into Well C2 form septavialrev1_44_holder_2000ul on slot 2
2024-11-04 17:31:08,647:INFO:stober_synthesis_utils:Dispensed 14.646380580961704 uL of ammonia_volume into Well C3 form septavialrev1_44_holder_2000ul on slot 2
2024-11-04 17:31:18,878:INFO:stober_synthesis_utils:Dispensed 27.36947536468506 uL of ammonia_volume into Well C4 form septavialrev1_44_holder_2000ul on slot 2
2024-11-04 17:31:28,829:INFO:stober_synthesis_utils:Dispensed 13.507700432091951 uL of ammonia_volume into Well C5 form septavialrev1_44_holder_2000ul on slot 2
2024-11-04 17:31:38,965:INFO:stober_synthesis_utils:Dispensed 23.56477277353406 uL of ammonia_volume into Well C6 form septavialrev1_44_holder_2000ul on slot 2
2024-11-04 17:32:35,398:INFO:stober_synthesis_utils:Mixed well Well A1 form septavialrev1_44_holder_2000ul on slot 2 5 times, 2000 uL per cycle
2024-11-04 17:35:40,209:INFO:stober_synthesis_utils:Washed mix syringe in wash solutions [Well C2 form 20mLscintillation 12 Well Plate 18000 µL on slot 4, Well C3 form 20mLscintillation 12 Well Plate 18000 µL on slot 4, Well C4 form 20mLscintillation 12 Well Plate 18000 µL on slot 4]
2024-11-04 17:36:22,565:INFO:stober_synthesis_utils:Mixed well Well A2 form septavialrev1_44_holder_2000ul on slot 2 5 times, 2000 uL per cycle
2024-11-04 17:39:27,454:INFO:stober_synthesis_utils:Washed mix syringe in wash solutions [Well C2 form 20mLscintillation 12 Well Plate 18000 µL on slot 4, Well C3 form 20mLscintillation 12 Well Plate 18000 µL on slot 4, Well C4 form 20mLscintillation 12 Well Plate 18000 µL on slot 4]
2024-11-04 17:40:09,542:INFO:stober_synthesis_utils:Mixed well Well A3 form septavialrev1_44_holder_2000ul on slot 2 5 times, 2000 uL per cycle
2024-11-04 17:43:14,287:INFO:stober_synthesis_utils:Washed mix syringe in wash solutions [Well C2 form 20mLscintillation 12 Well Plate 18000 µL on slot 4, Well C3 form 20mLscintillation 12 Well Plate 18000 µL on slot 4, Well C4 form 20mLscintillation 12 Well Plate 18000 µL on slot 4]
2024-11-04 17:43:56,259:INFO:stober_synthesis_utils:Mixed well Well A4 form septavialrev1_44_holder_2000ul on slot 2 5 times, 2000 uL per cycle
2024-11-04 17:47:00,630:INFO:stober_synthesis_utils:Washed mix syringe in wash solutions [Well C2 form 20mLscintillation 12 Well Plate 18000 µL on slot 4, Well C3 form 20mLscintillation 12 Well Plate 18000 µL on slot 4, Well C4 form 20mLscintillation 12 Well Plate 18000 µL on slot 4]
2024-11-04 17:47:42,434:INFO:stober_synthesis_utils:Mixed well Well A5 form septavialrev1_44_holder_2000ul on slot 2 5 times, 2000 uL per cycle
2024-11-04 17:50:47,157:INFO:stober_synthesis_utils:Washed mix syringe in wash solutions [Well C2 form 20mLscintillation 12 Well Plate 18000 µL on slot 4, Well C3 form 20mLscintillation 12 Well Plate 18000 µL on slot 4, Well C4 form 20mLscintillation 12 Well Plate 18000 µL on slot 4]
2024-11-04 17:51:28,915:INFO:stober_synthesis_utils:Mixed well Well A6 form septavialrev1_44_holder_2000ul on slot 2 5 times, 2000 uL per cycle
2024-11-04 17:54:33,777:INFO:stober_synthesis_utils:Washed mix syringe in wash solutions [Well C2 form 20mLscintillation 12 Well Plate 18000 µL on slot 4, Well C3 form 20mLscintillation 12 Well Plate 18000 µL on slot 4, Well C4 form 20mLscintillation 12 Well Plate 18000 µL on slot 4]
2024-11-04 17:55:15,416:INFO:stober_synthesis_utils:Mixed well Well A7 form septavialrev1_44_holder_2000ul on slot 2 5 times, 2000 uL per cycle
2024-11-04 17:58:20,524:INFO:stober_synthesis_utils:Washed mix syringe in wash solutions [Well C2 form 20mLscintillation 12 Well Plate 18000 µL on slot 4, Well C3 form 20mLscintillation 12 Well Plate 18000 µL on slot 4, Well C4 form 20mLscintillation 12 Well Plate 18000 µL on slot 4]
2024-11-04 17:59:02,309:INFO:stober_synthesis_utils:Mixed well Well A8 form septavialrev1_44_holder_2000ul on slot 2 5 times, 2000 uL per cycle
2024-11-04 18:02:07,465:INFO:stober_synthesis_utils:Washed mix syringe in wash solutions [Well C2 form 20mLscintillation 12 Well Plate 18000 µL on slot 4, Well C3 form 20mLscintillation 12 Well Plate 18000 µL on slot 4, Well C4 form 20mLscintillation 12 Well Plate 18000 µL on slot 4]
2024-11-04 18:02:49,938:INFO:stober_synthesis_utils:Mixed well Well B1 form septavialrev1_44_holder_2000ul on slot 2 5 times, 2000 uL per cycle
2024-11-04 18:05:54,988:INFO:stober_synthesis_utils:Washed mix syringe in wash solutions [Well C2 form 20mLscintillation 12 Well Plate 18000 µL on slot 4, Well C3 form 20mLscintillation 12 Well Plate 18000 µL on slot 4, Well C4 form 20mLscintillation 12 Well Plate 18000 µL on slot 4]
2024-11-04 18:06:37,223:INFO:stober_synthesis_utils:Mixed well Well B3 form septavialrev1_44_holder_2000ul on slot 2 5 times, 2000 uL per cycle
2024-11-04 18:09:42,107:INFO:stober_synthesis_utils:Washed mix syringe in wash solutions [Well C2 form 20mLscintillation 12 Well Plate 18000 µL on slot 4, Well C3 form 20mLscintillation 12 Well Plate 18000 µL on slot 4, Well C4 form 20mLscintillation 12 Well Plate 18000 µL on slot 4]
2024-11-04 18:10:24,200:INFO:stober_synthesis_utils:Mixed well Well B4 form septavialrev1_44_holder_2000ul on slot 2 5 times, 2000 uL per cycle
2024-11-04 18:13:29,087:INFO:stober_synthesis_utils:Washed mix syringe in wash solutions [Well C2 form 20mLscintillation 12 Well Plate 18000 µL on slot 4, Well C3 form 20mLscintillation 12 Well Plate 18000 µL on slot 4, Well C4 form 20mLscintillation 12 Well Plate 18000 µL on slot 4]
2024-11-04 18:14:11,056:INFO:stober_synthesis_utils:Mixed well Well B5 form septavialrev1_44_holder_2000ul on slot 2 5 times, 2000 uL per cycle
2024-11-04 18:17:16,034:INFO:stober_synthesis_utils:Washed mix syringe in wash solutions [Well C2 form 20mLscintillation 12 Well Plate 18000 µL on slot 4, Well C3 form 20mLscintillation 12 Well Plate 18000 µL on slot 4, Well C4 form 20mLscintillation 12 Well Plate 18000 µL on slot 4]
2024-11-04 18:17:57,953:INFO:stober_synthesis_utils:Mixed well Well B6 form septavialrev1_44_holder_2000ul on slot 2 5 times, 2000 uL per cycle
2024-11-04 18:21:02,849:INFO:stober_synthesis_utils:Washed mix syringe in wash solutions [Well C2 form 20mLscintillation 12 Well Plate 18000 µL on slot 4, Well C3 form 20mLscintillation 12 Well Plate 18000 µL on slot 4, Well C4 form 20mLscintillation 12 Well Plate 18000 µL on slot 4]
2024-11-04 18:21:44,704:INFO:stober_synthesis_utils:Mixed well Well B8 form septavialrev1_44_holder_2000ul on slot 2 5 times, 2000 uL per cycle
2024-11-04 18:24:49,935:INFO:stober_synthesis_utils:Washed mix syringe in wash solutions [Well C2 form 20mLscintillation 12 Well Plate 18000 µL on slot 4, Well C3 form 20mLscintillation 12 Well Plate 18000 µL on slot 4, Well C4 form 20mLscintillation 12 Well Plate 18000 µL on slot 4]
2024-11-04 18:25:32,450:INFO:stober_synthesis_utils:Mixed well Well C1 form septavialrev1_44_holder_2000ul on slot 2 5 times, 2000 uL per cycle
2024-11-04 18:28:37,727:INFO:stober_synthesis_utils:Washed mix syringe in wash solutions [Well C2 form 20mLscintillation 12 Well Plate 18000 µL on slot 4, Well C3 form 20mLscintillation 12 Well Plate 18000 µL on slot 4, Well C4 form 20mLscintillation 12 Well Plate 18000 µL on slot 4]
2024-11-04 18:29:20,283:INFO:stober_synthesis_utils:Mixed well Well C2 form septavialrev1_44_holder_2000ul on slot 2 5 times, 2000 uL per cycle
2024-11-04 18:32:25,394:INFO:stober_synthesis_utils:Washed mix syringe in wash solutions [Well C2 form 20mLscintillation 12 Well Plate 18000 µL on slot 4, Well C3 form 20mLscintillation 12 Well Plate 18000 µL on slot 4, Well C4 form 20mLscintillation 12 Well Plate 18000 µL on slot 4]
2024-11-04 18:33:07,717:INFO:stober_synthesis_utils:Mixed well Well C3 form septavialrev1_44_holder_2000ul on slot 2 5 times, 2000 uL per cycle
2024-11-04 18:36:12,616:INFO:stober_synthesis_utils:Washed mix syringe in wash solutions [Well C2 form 20mLscintillation 12 Well Plate 18000 µL on slot 4, Well C3 form 20mLscintillation 12 Well Plate 18000 µL on slot 4, Well C4 form 20mLscintillation 12 Well Plate 18000 µL on slot 4]
2024-11-04 18:36:54,899:INFO:stober_synthesis_utils:Mixed well Well C4 form septavialrev1_44_holder_2000ul on slot 2 5 times, 2000 uL per cycle
2024-11-04 18:39:59,983:INFO:stober_synthesis_utils:Washed mix syringe in wash solutions [Well C2 form 20mLscintillation 12 Well Plate 18000 µL on slot 4, Well C3 form 20mLscintillation 12 Well Plate 18000 µL on slot 4, Well C4 form 20mLscintillation 12 Well Plate 18000 µL on slot 4]
2024-11-04 18:40:42,174:INFO:stober_synthesis_utils:Mixed well Well C5 form septavialrev1_44_holder_2000ul on slot 2 5 times, 2000 uL per cycle
2024-11-04 18:43:47,295:INFO:stober_synthesis_utils:Washed mix syringe in wash solutions [Well C2 form 20mLscintillation 12 Well Plate 18000 µL on slot 4, Well C3 form 20mLscintillation 12 Well Plate 18000 µL on slot 4, Well C4 form 20mLscintillation 12 Well Plate 18000 µL on slot 4]
2024-11-04 18:44:29,336:INFO:stober_synthesis_utils:Mixed well Well C6 form septavialrev1_44_holder_2000ul on slot 2 5 times, 2000 uL per cycle
2024-11-04 18:47:34,632:INFO:stober_synthesis_utils:Washed mix syringe in wash solutions [Well C2 form 20mLscintillation 12 Well Plate 18000 µL on slot 4, Well C3 form 20mLscintillation 12 Well Plate 18000 µL on slot 4, Well C4 form 20mLscintillation 12 Well Plate 18000 µL on slot 4]
2024-11-04 18:48:00,691:INFO:stober_synthesis_utils:Dispensed 51.40415467321873 uL of teos_volume into Well A1 form septavialrev1_44_holder_2000ul on slot 2
2024-11-04 18:48:57,419:INFO:stober_synthesis_utils:Mixed well Well A1 form septavialrev1_44_holder_2000ul on slot 2 5 times, 2000 uL per cycle
2024-11-04 18:52:02,418:INFO:stober_synthesis_utils:Washed mix syringe in wash solutions [Well C2 form 20mLscintillation 12 Well Plate 18000 µL on slot 4, Well C3 form 20mLscintillation 12 Well Plate 18000 µL on slot 4, Well C4 form 20mLscintillation 12 Well Plate 18000 µL on slot 4]
2024-11-04 18:52:27,635:INFO:stober_synthesis_utils:Dispensed 20.5310583114624 uL of teos_volume into Well A2 form septavialrev1_44_holder_2000ul on slot 2
2024-11-04 18:53:24,464:INFO:stober_synthesis_utils:Mixed well Well A2 form septavialrev1_44_holder_2000ul on slot 2 5 times, 2000 uL per cycle
2024-11-04 18:56:29,391:INFO:stober_synthesis_utils:Washed mix syringe in wash solutions [Well C2 form 20mLscintillation 12 Well Plate 18000 µL on slot 4, Well C3 form 20mLscintillation 12 Well Plate 18000 µL on slot 4, Well C4 form 20mLscintillation 12 Well Plate 18000 µL on slot 4]
2024-11-04 18:56:54,416:INFO:stober_synthesis_utils:Dispensed 19.424943998456 uL of teos_volume into Well A3 form septavialrev1_44_holder_2000ul on slot 2
2024-11-04 18:57:51,338:INFO:stober_synthesis_utils:Mixed well Well A3 form septavialrev1_44_holder_2000ul on slot 2 5 times, 2000 uL per cycle
2024-11-04 19:00:56,140:INFO:stober_synthesis_utils:Washed mix syringe in wash solutions [Well C2 form 20mLscintillation 12 Well Plate 18000 µL on slot 4, Well C3 form 20mLscintillation 12 Well Plate 18000 µL on slot 4, Well C4 form 20mLscintillation 12 Well Plate 18000 µL on slot 4]
2024-11-04 19:01:20,908:INFO:stober_synthesis_utils:Dispensed 19.39093424007297 uL of teos_volume into Well A4 form septavialrev1_44_holder_2000ul on slot 2
2024-11-04 19:02:17,821:INFO:stober_synthesis_utils:Mixed well Well A4 form septavialrev1_44_holder_2000ul on slot 2 5 times, 2000 uL per cycle
2024-11-04 19:05:22,494:INFO:stober_synthesis_utils:Washed mix syringe in wash solutions [Well C2 form 20mLscintillation 12 Well Plate 18000 µL on slot 4, Well C3 form 20mLscintillation 12 Well Plate 18000 µL on slot 4, Well C4 form 20mLscintillation 12 Well Plate 18000 µL on slot 4]
2024-11-04 19:05:47,908:INFO:stober_synthesis_utils:Dispensed 52.69578453153372 uL of teos_volume into Well A5 form septavialrev1_44_holder_2000ul on slot 2
2024-11-04 19:06:44,827:INFO:stober_synthesis_utils:Mixed well Well A5 form septavialrev1_44_holder_2000ul on slot 2 5 times, 2000 uL per cycle
2024-11-04 19:09:58,111:INFO:stober_synthesis_utils:Washed mix syringe in wash solutions [Well C2 form 20mLscintillation 12 Well Plate 18000 µL on slot 4, Well C3 form 20mLscintillation 12 Well Plate 18000 µL on slot 4, Well C4 form 20mLscintillation 12 Well Plate 18000 µL on slot 4]
2024-11-04 19:10:22,757:INFO:stober_synthesis_utils:Dispensed 19.50698159635067 uL of teos_volume into Well A6 form septavialrev1_44_holder_2000ul on slot 2
2024-11-04 19:11:19,610:INFO:stober_synthesis_utils:Mixed well Well A6 form septavialrev1_44_holder_2000ul on slot 2 5 times, 2000 uL per cycle
2024-11-04 19:14:24,575:INFO:stober_synthesis_utils:Washed mix syringe in wash solutions [Well C2 form 20mLscintillation 12 Well Plate 18000 µL on slot 4, Well C3 form 20mLscintillation 12 Well Plate 18000 µL on slot 4, Well C4 form 20mLscintillation 12 Well Plate 18000 µL on slot 4]
2024-11-04 19:14:49,810:INFO:stober_synthesis_utils:Dispensed 52.10786424577236 uL of teos_volume into Well A7 form septavialrev1_44_holder_2000ul on slot 2
2024-11-04 19:15:46,914:INFO:stober_synthesis_utils:Mixed well Well A7 form septavialrev1_44_holder_2000ul on slot 2 5 times, 2000 uL per cycle
2024-11-04 19:18:51,950:INFO:stober_synthesis_utils:Washed mix syringe in wash solutions [Well C2 form 20mLscintillation 12 Well Plate 18000 µL on slot 4, Well C3 form 20mLscintillation 12 Well Plate 18000 µL on slot 4, Well C4 form 20mLscintillation 12 Well Plate 18000 µL on slot 4]
2024-11-04 19:19:16,517:INFO:stober_synthesis_utils:Dispensed 25.87360804900527 uL of teos_volume into Well A8 form septavialrev1_44_holder_2000ul on slot 2
2024-11-04 19:20:13,631:INFO:stober_synthesis_utils:Mixed well Well A8 form septavialrev1_44_holder_2000ul on slot 2 5 times, 2000 uL per cycle
2024-11-04 19:23:18,962:INFO:stober_synthesis_utils:Washed mix syringe in wash solutions [Well C2 form 20mLscintillation 12 Well Plate 18000 µL on slot 4, Well C3 form 20mLscintillation 12 Well Plate 18000 µL on slot 4, Well C4 form 20mLscintillation 12 Well Plate 18000 µL on slot 4]
2024-11-04 19:23:44,641:INFO:stober_synthesis_utils:Dispensed 29.22111600637436 uL of teos_volume into Well B1 form septavialrev1_44_holder_2000ul on slot 2
2024-11-04 19:24:41,934:INFO:stober_synthesis_utils:Mixed well Well B1 form septavialrev1_44_holder_2000ul on slot 2 5 times, 2000 uL per cycle
2024-11-04 19:27:47,013:INFO:stober_synthesis_utils:Washed mix syringe in wash solutions [Well C2 form 20mLscintillation 12 Well Plate 18000 µL on slot 4, Well C3 form 20mLscintillation 12 Well Plate 18000 µL on slot 4, Well C4 form 20mLscintillation 12 Well Plate 18000 µL on slot 4]
2024-11-04 19:28:11,875:INFO:stober_synthesis_utils:Dispensed 22.154109552502632 uL of teos_volume into Well B3 form septavialrev1_44_holder_2000ul on slot 2
2024-11-04 19:29:08,824:INFO:stober_synthesis_utils:Mixed well Well B3 form septavialrev1_44_holder_2000ul on slot 2 5 times, 2000 uL per cycle
2024-11-04 19:32:13,709:INFO:stober_synthesis_utils:Washed mix syringe in wash solutions [Well C2 form 20mLscintillation 12 Well Plate 18000 µL on slot 4, Well C3 form 20mLscintillation 12 Well Plate 18000 µL on slot 4, Well C4 form 20mLscintillation 12 Well Plate 18000 µL on slot 4]
2024-11-04 19:32:38,906:INFO:stober_synthesis_utils:Dispensed 35.841285437345505 uL of teos_volume into Well B4 form septavialrev1_44_holder_2000ul on slot 2
2024-11-04 19:33:36,063:INFO:stober_synthesis_utils:Mixed well Well B4 form septavialrev1_44_holder_2000ul on slot 2 5 times, 2000 uL per cycle
2024-11-04 19:36:41,004:INFO:stober_synthesis_utils:Washed mix syringe in wash solutions [Well C2 form 20mLscintillation 12 Well Plate 18000 µL on slot 4, Well C3 form 20mLscintillation 12 Well Plate 18000 µL on slot 4, Well C4 form 20mLscintillation 12 Well Plate 18000 µL on slot 4]
2024-11-04 19:37:06,399:INFO:stober_synthesis_utils:Dispensed 49.79843366891146 uL of teos_volume into Well B5 form septavialrev1_44_holder_2000ul on slot 2
2024-11-04 19:38:03,738:INFO:stober_synthesis_utils:Mixed well Well B5 form septavialrev1_44_holder_2000ul on slot 2 5 times, 2000 uL per cycle
2024-11-04 19:41:08,618:INFO:stober_synthesis_utils:Washed mix syringe in wash solutions [Well C2 form 20mLscintillation 12 Well Plate 18000 µL on slot 4, Well C3 form 20mLscintillation 12 Well Plate 18000 µL on slot 4, Well C4 form 20mLscintillation 12 Well Plate 18000 µL on slot 4]
2024-11-04 19:41:33,975:INFO:stober_synthesis_utils:Dispensed 29.227800481021404 uL of teos_volume into Well B6 form septavialrev1_44_holder_2000ul on slot 2
2024-11-04 19:42:31,452:INFO:stober_synthesis_utils:Mixed well Well B6 form septavialrev1_44_holder_2000ul on slot 2 5 times, 2000 uL per cycle
2024-11-04 19:45:36,752:INFO:stober_synthesis_utils:Washed mix syringe in wash solutions [Well C2 form 20mLscintillation 12 Well Plate 18000 µL on slot 4, Well C3 form 20mLscintillation 12 Well Plate 18000 µL on slot 4, Well C4 form 20mLscintillation 12 Well Plate 18000 µL on slot 4]
2024-11-04 19:46:02,591:INFO:stober_synthesis_utils:Dispensed 49.78606216609478 uL of teos_volume into Well B8 form septavialrev1_44_holder_2000ul on slot 2
2024-11-04 19:47:00,316:INFO:stober_synthesis_utils:Mixed well Well B8 form septavialrev1_44_holder_2000ul on slot 2 5 times, 2000 uL per cycle
2024-11-04 19:50:06,206:INFO:stober_synthesis_utils:Washed mix syringe in wash solutions [Well C2 form 20mLscintillation 12 Well Plate 18000 µL on slot 4, Well C3 form 20mLscintillation 12 Well Plate 18000 µL on slot 4, Well C4 form 20mLscintillation 12 Well Plate 18000 µL on slot 4]
2024-11-04 19:50:32,484:INFO:stober_synthesis_utils:Dispensed 34.21388976275921 uL of teos_volume into Well C1 form septavialrev1_44_holder_2000ul on slot 2
2024-11-04 19:51:30,441:INFO:stober_synthesis_utils:Mixed well Well C1 form septavialrev1_44_holder_2000ul on slot 2 5 times, 2000 uL per cycle
2024-11-04 19:54:35,881:INFO:stober_synthesis_utils:Washed mix syringe in wash solutions [Well C2 form 20mLscintillation 12 Well Plate 18000 µL on slot 4, Well C3 form 20mLscintillation 12 Well Plate 18000 µL on slot 4, Well C4 form 20mLscintillation 12 Well Plate 18000 µL on slot 4]
2024-11-04 19:55:01,431:INFO:stober_synthesis_utils:Dispensed 37.738947942852974 uL of teos_volume into Well C2 form septavialrev1_44_holder_2000ul on slot 2
2024-11-04 19:55:58,846:INFO:stober_synthesis_utils:Mixed well Well C2 form septavialrev1_44_holder_2000ul on slot 2 5 times, 2000 uL per cycle
2024-11-04 19:59:03,866:INFO:stober_synthesis_utils:Washed mix syringe in wash solutions [Well C2 form 20mLscintillation 12 Well Plate 18000 µL on slot 4, Well C3 form 20mLscintillation 12 Well Plate 18000 µL on slot 4, Well C4 form 20mLscintillation 12 Well Plate 18000 µL on slot 4]
2024-11-04 19:59:29,445:INFO:stober_synthesis_utils:Dispensed 38.23610693216324 uL of teos_volume into Well C3 form septavialrev1_44_holder_2000ul on slot 2
2024-11-04 20:00:26,614:INFO:stober_synthesis_utils:Mixed well Well C3 form septavialrev1_44_holder_2000ul on slot 2 5 times, 2000 uL per cycle
2024-11-04 20:03:31,583:INFO:stober_synthesis_utils:Washed mix syringe in wash solutions [Well C2 form 20mLscintillation 12 Well Plate 18000 µL on slot 4, Well C3 form 20mLscintillation 12 Well Plate 18000 µL on slot 4, Well C4 form 20mLscintillation 12 Well Plate 18000 µL on slot 4]
2024-11-04 20:03:56,652:INFO:stober_synthesis_utils:Dispensed 20.613133907318115 uL of teos_volume into Well C4 form septavialrev1_44_holder_2000ul on slot 2
2024-11-04 20:04:53,848:INFO:stober_synthesis_utils:Mixed well Well C4 form septavialrev1_44_holder_2000ul on slot 2 5 times, 2000 uL per cycle
2024-11-04 20:08:01,001:INFO:stober_synthesis_utils:Washed mix syringe in wash solutions [Well C2 form 20mLscintillation 12 Well Plate 18000 µL on slot 4, Well C3 form 20mLscintillation 12 Well Plate 18000 µL on slot 4, Well C4 form 20mLscintillation 12 Well Plate 18000 µL on slot 4]
2024-11-04 20:08:26,418:INFO:stober_synthesis_utils:Dispensed 42.06967372447252 uL of teos_volume into Well C5 form septavialrev1_44_holder_2000ul on slot 2
2024-11-04 20:09:23,846:INFO:stober_synthesis_utils:Mixed well Well C5 form septavialrev1_44_holder_2000ul on slot 2 5 times, 2000 uL per cycle
2024-11-04 20:12:29,064:INFO:stober_synthesis_utils:Washed mix syringe in wash solutions [Well C2 form 20mLscintillation 12 Well Plate 18000 µL on slot 4, Well C3 form 20mLscintillation 12 Well Plate 18000 µL on slot 4, Well C4 form 20mLscintillation 12 Well Plate 18000 µL on slot 4]
2024-11-04 20:12:43,182:INFO:stober_synthesis_utils:Refilling 1cc_3 with 958.8358892276883 uL from Well A1 form 20mLscintillation 12 Well Plate 18000 µL on slot 4
2024-11-04 20:13:22,339:INFO:stober_synthesis_utils:Dispensed 40.47092217952013 uL of teos_volume into Well C6 form septavialrev1_44_holder_2000ul on slot 2
2024-11-04 20:14:19,807:INFO:stober_synthesis_utils:Mixed well Well C6 form septavialrev1_44_holder_2000ul on slot 2 5 times, 2000 uL per cycle
2024-11-04 20:17:24,830:INFO:stober_synthesis_utils:Washed mix syringe in wash solutions [Well C2 form 20mLscintillation 12 Well Plate 18000 µL on slot 4, Well C3 form 20mLscintillation 12 Well Plate 18000 µL on slot 4, Well C4 form 20mLscintillation 12 Well Plate 18000 µL on slot 4]
2024-11-04 23:47:59,269:INFO:stober_synthesis_utils:Refilling 10cc_1 with 9998.0 uL from Well B4 form 20mLscintillation 12 Well Plate 18000 µL on slot 4
2024-11-04 23:48:45,049:INFO:stober_synthesis_utils:Dispensed 796.0 uL of ethanol_dilute_vol into Well C7 form septavialrev1_44_holder_2000ul on slot 2
2024-11-04 23:49:01,972:INFO:stober_synthesis_utils:Dispensed 0.0 uL of ethanol_dilute_vol into Well C8 form septavialrev1_44_holder_2000ul on slot 2
2024-11-04 23:49:19,774:INFO:stober_synthesis_utils:Dispensed 0.0 uL of ethanol_dilute_vol into Well D1 form septavialrev1_44_holder_2000ul on slot 2
2024-11-04 23:49:36,603:INFO:stober_synthesis_utils:Dispensed 0.0 uL of ethanol_dilute_vol into Well D2 form septavialrev1_44_holder_2000ul on slot 2
2024-11-04 23:49:54,893:INFO:stober_synthesis_utils:Dispensed 819.0 uL of ethanol_dilute_vol into Well D3 form septavialrev1_44_holder_2000ul on slot 2
2024-11-04 23:50:11,739:INFO:stober_synthesis_utils:Dispensed 0.0 uL of ethanol_dilute_vol into Well D4 form septavialrev1_44_holder_2000ul on slot 2
2024-11-04 23:50:30,072:INFO:stober_synthesis_utils:Dispensed 809.0 uL of ethanol_dilute_vol into Well D5 form septavialrev1_44_holder_2000ul on slot 2
2024-11-04 23:50:46,909:INFO:stober_synthesis_utils:Dispensed 0.0 uL of ethanol_dilute_vol into Well D6 form septavialrev1_44_holder_2000ul on slot 2
2024-11-04 23:51:03,843:INFO:stober_synthesis_utils:Dispensed 111.0 uL of ethanol_dilute_vol into Well D7 form septavialrev1_44_holder_2000ul on slot 2
2024-11-04 23:51:20,667:INFO:stober_synthesis_utils:Dispensed 0.0 uL of ethanol_dilute_vol into Well D8 form septavialrev1_44_holder_2000ul on slot 2
2024-11-04 23:51:39,100:INFO:stober_synthesis_utils:Dispensed 404.0 uL of ethanol_dilute_vol into Well E1 form septavialrev1_44_holder_2000ul on slot 2
2024-11-04 23:51:57,506:INFO:stober_synthesis_utils:Dispensed 767.0 uL of ethanol_dilute_vol into Well E3 form septavialrev1_44_holder_2000ul on slot 2
2024-11-04 23:52:14,343:INFO:stober_synthesis_utils:Dispensed 111.0 uL of ethanol_dilute_vol into Well E4 form septavialrev1_44_holder_2000ul on slot 2
2024-11-04 23:52:32,498:INFO:stober_synthesis_utils:Dispensed 767.0 uL of ethanol_dilute_vol into Well E5 form septavialrev1_44_holder_2000ul on slot 2
2024-11-04 23:52:49,751:INFO:stober_synthesis_utils:Dispensed 342.0 uL of ethanol_dilute_vol into Well E6 form septavialrev1_44_holder_2000ul on slot 2
2024-11-04 23:53:07,498:INFO:stober_synthesis_utils:Dispensed 469.0 uL of ethanol_dilute_vol into Well E8 form septavialrev1_44_holder_2000ul on slot 2
2024-11-04 23:53:26,168:INFO:stober_synthesis_utils:Dispensed 485.0 uL of ethanol_dilute_vol into Well F1 form septavialrev1_44_holder_2000ul on slot 2
2024-11-04 23:53:43,021:INFO:stober_synthesis_utils:Dispensed 0.0 uL of ethanol_dilute_vol into Well F2 form septavialrev1_44_holder_2000ul on slot 2
2024-11-04 23:54:00,941:INFO:stober_synthesis_utils:Dispensed 596.0 uL of ethanol_dilute_vol into Well F3 form septavialrev1_44_holder_2000ul on slot 2
2024-11-04 23:54:18,731:INFO:stober_synthesis_utils:Dispensed 552.0 uL of ethanol_dilute_vol into Well F4 form septavialrev1_44_holder_2000ul on slot 2
2024-11-04 23:55:09,919:INFO:__main__:Transferred 904.0 uL from Well A1 form septavialrev1_44_holder_2000ul on slot 2 to Well C7 form septavialrev1_44_holder_2000ul on slot 2
2024-11-04 23:58:15,298:INFO:__main__:Washed mix syringe in wash solutions [Well C2 form 20mLscintillation 12 Well Plate 18000 µL on slot 4, Well C3 form 20mLscintillation 12 Well Plate 18000 µL on slot 4, Well C4 form 20mLscintillation 12 Well Plate 18000 µL on slot 4]
2024-11-04 23:58:57,240:INFO:__main__:Transferred 1700.0 uL from Well A2 form septavialrev1_44_holder_2000ul on slot 2 to Well C8 form septavialrev1_44_holder_2000ul on slot 2
2024-11-05 00:02:02,561:INFO:__main__:Washed mix syringe in wash solutions [Well C2 form 20mLscintillation 12 Well Plate 18000 µL on slot 4, Well C3 form 20mLscintillation 12 Well Plate 18000 µL on slot 4, Well C4 form 20mLscintillation 12 Well Plate 18000 µL on slot 4]
2024-11-05 00:02:43,944:INFO:__main__:Transferred 1700.0 uL from Well A3 form septavialrev1_44_holder_2000ul on slot 2 to Well D1 form septavialrev1_44_holder_2000ul on slot 2
2024-11-05 00:05:49,228:INFO:__main__:Washed mix syringe in wash solutions [Well C2 form 20mLscintillation 12 Well Plate 18000 µL on slot 4, Well C3 form 20mLscintillation 12 Well Plate 18000 µL on slot 4, Well C4 form 20mLscintillation 12 Well Plate 18000 µL on slot 4]
2024-11-05 00:06:30,244:INFO:__main__:Transferred 1700.0 uL from Well A4 form septavialrev1_44_holder_2000ul on slot 2 to Well D2 form septavialrev1_44_holder_2000ul on slot 2
2024-11-05 00:09:35,411:INFO:__main__:Washed mix syringe in wash solutions [Well C2 form 20mLscintillation 12 Well Plate 18000 µL on slot 4, Well C3 form 20mLscintillation 12 Well Plate 18000 µL on slot 4, Well C4 form 20mLscintillation 12 Well Plate 18000 µL on slot 4]
2024-11-05 00:10:13,093:INFO:__main__:Transferred 881.0 uL from Well A5 form septavialrev1_44_holder_2000ul on slot 2 to Well D3 form septavialrev1_44_holder_2000ul on slot 2
2024-11-05 00:13:18,272:INFO:__main__:Washed mix syringe in wash solutions [Well C2 form 20mLscintillation 12 Well Plate 18000 µL on slot 4, Well C3 form 20mLscintillation 12 Well Plate 18000 µL on slot 4, Well C4 form 20mLscintillation 12 Well Plate 18000 µL on slot 4]
2024-11-05 00:13:59,053:INFO:__main__:Transferred 1700.0 uL from Well A6 form septavialrev1_44_holder_2000ul on slot 2 to Well D4 form septavialrev1_44_holder_2000ul on slot 2
2024-11-05 00:17:04,031:INFO:__main__:Washed mix syringe in wash solutions [Well C2 form 20mLscintillation 12 Well Plate 18000 µL on slot 4, Well C3 form 20mLscintillation 12 Well Plate 18000 µL on slot 4, Well C4 form 20mLscintillation 12 Well Plate 18000 µL on slot 4]
2024-11-05 00:17:41,653:INFO:__main__:Transferred 891.0 uL from Well A7 form septavialrev1_44_holder_2000ul on slot 2 to Well D5 form septavialrev1_44_holder_2000ul on slot 2
2024-11-05 00:20:47,004:INFO:__main__:Washed mix syringe in wash solutions [Well C2 form 20mLscintillation 12 Well Plate 18000 µL on slot 4, Well C3 form 20mLscintillation 12 Well Plate 18000 µL on slot 4, Well C4 form 20mLscintillation 12 Well Plate 18000 µL on slot 4]
2024-11-05 00:21:27,910:INFO:__main__:Transferred 1700.0 uL from Well A8 form septavialrev1_44_holder_2000ul on slot 2 to Well D6 form septavialrev1_44_holder_2000ul on slot 2
2024-11-05 00:24:33,297:INFO:__main__:Washed mix syringe in wash solutions [Well C2 form 20mLscintillation 12 Well Plate 18000 µL on slot 4, Well C3 form 20mLscintillation 12 Well Plate 18000 µL on slot 4, Well C4 form 20mLscintillation 12 Well Plate 18000 µL on slot 4]
2024-11-05 00:25:15,125:INFO:__main__:Transferred 1589.0 uL from Well B1 form septavialrev1_44_holder_2000ul on slot 2 to Well D7 form septavialrev1_44_holder_2000ul on slot 2
2024-11-05 00:28:20,550:INFO:__main__:Washed mix syringe in wash solutions [Well C2 form 20mLscintillation 12 Well Plate 18000 µL on slot 4, Well C3 form 20mLscintillation 12 Well Plate 18000 µL on slot 4, Well C4 form 20mLscintillation 12 Well Plate 18000 µL on slot 4]
2024-11-05 00:29:02,227:INFO:__main__:Transferred 1700.0 uL from Well B3 form septavialrev1_44_holder_2000ul on slot 2 to Well D8 form septavialrev1_44_holder_2000ul on slot 2
2024-11-05 00:32:07,826:INFO:__main__:Washed mix syringe in wash solutions [Well C2 form 20mLscintillation 12 Well Plate 18000 µL on slot 4, Well C3 form 20mLscintillation 12 Well Plate 18000 µL on slot 4, Well C4 form 20mLscintillation 12 Well Plate 18000 µL on slot 4]
2024-11-05 00:32:47,431:INFO:__main__:Transferred 1296.0 uL from Well B4 form septavialrev1_44_holder_2000ul on slot 2 to Well E1 form septavialrev1_44_holder_2000ul on slot 2
2024-11-05 00:35:53,135:INFO:__main__:Washed mix syringe in wash solutions [Well C2 form 20mLscintillation 12 Well Plate 18000 µL on slot 4, Well C3 form 20mLscintillation 12 Well Plate 18000 µL on slot 4, Well C4 form 20mLscintillation 12 Well Plate 18000 µL on slot 4]
2024-11-05 00:36:31,075:INFO:__main__:Transferred 933.0 uL from Well B5 form septavialrev1_44_holder_2000ul on slot 2 to Well E3 form septavialrev1_44_holder_2000ul on slot 2
2024-11-05 00:39:36,571:INFO:__main__:Washed mix syringe in wash solutions [Well C2 form 20mLscintillation 12 Well Plate 18000 µL on slot 4, Well C3 form 20mLscintillation 12 Well Plate 18000 µL on slot 4, Well C4 form 20mLscintillation 12 Well Plate 18000 µL on slot 4]
2024-11-05 00:40:17,105:INFO:__main__:Transferred 1589.0 uL from Well B6 form septavialrev1_44_holder_2000ul on slot 2 to Well E4 form septavialrev1_44_holder_2000ul on slot 2
2024-11-05 00:43:22,402:INFO:__main__:Washed mix syringe in wash solutions [Well C2 form 20mLscintillation 12 Well Plate 18000 µL on slot 4, Well C3 form 20mLscintillation 12 Well Plate 18000 µL on slot 4, Well C4 form 20mLscintillation 12 Well Plate 18000 µL on slot 4]
2024-11-05 00:44:00,477:INFO:__main__:Transferred 933.0 uL from Well B8 form septavialrev1_44_holder_2000ul on slot 2 to Well E5 form septavialrev1_44_holder_2000ul on slot 2
2024-11-05 00:47:05,812:INFO:__main__:Washed mix syringe in wash solutions [Well C2 form 20mLscintillation 12 Well Plate 18000 µL on slot 4, Well C3 form 20mLscintillation 12 Well Plate 18000 µL on slot 4, Well C4 form 20mLscintillation 12 Well Plate 18000 µL on slot 4]
2024-11-05 00:47:46,542:INFO:__main__:Transferred 1358.0 uL from Well C1 form septavialrev1_44_holder_2000ul on slot 2 to Well E6 form septavialrev1_44_holder_2000ul on slot 2
2024-11-05 00:50:51,895:INFO:__main__:Washed mix syringe in wash solutions [Well C2 form 20mLscintillation 12 Well Plate 18000 µL on slot 4, Well C3 form 20mLscintillation 12 Well Plate 18000 µL on slot 4, Well C4 form 20mLscintillation 12 Well Plate 18000 µL on slot 4]
2024-11-05 00:51:32,217:INFO:__main__:Transferred 1231.0 uL from Well C2 form septavialrev1_44_holder_2000ul on slot 2 to Well E8 form septavialrev1_44_holder_2000ul on slot 2
2024-11-05 00:54:37,871:INFO:__main__:Washed mix syringe in wash solutions [Well C2 form 20mLscintillation 12 Well Plate 18000 µL on slot 4, Well C3 form 20mLscintillation 12 Well Plate 18000 µL on slot 4, Well C4 form 20mLscintillation 12 Well Plate 18000 µL on slot 4]
2024-11-05 00:55:17,213:INFO:__main__:Transferred 1215.0 uL from Well C3 form septavialrev1_44_holder_2000ul on slot 2 to Well F1 form septavialrev1_44_holder_2000ul on slot 2
2024-11-05 00:58:22,700:INFO:__main__:Washed mix syringe in wash solutions [Well C2 form 20mLscintillation 12 Well Plate 18000 µL on slot 4, Well C3 form 20mLscintillation 12 Well Plate 18000 µL on slot 4, Well C4 form 20mLscintillation 12 Well Plate 18000 µL on slot 4]
2024-11-05 00:59:04,057:INFO:__main__:Transferred 1700.0 uL from Well C4 form septavialrev1_44_holder_2000ul on slot 2 to Well F2 form septavialrev1_44_holder_2000ul on slot 2
2024-11-05 01:02:09,554:INFO:__main__:Washed mix syringe in wash solutions [Well C2 form 20mLscintillation 12 Well Plate 18000 µL on slot 4, Well C3 form 20mLscintillation 12 Well Plate 18000 µL on slot 4, Well C4 form 20mLscintillation 12 Well Plate 18000 µL on slot 4]
2024-11-05 01:02:48,241:INFO:__main__:Transferred 1104.0 uL from Well C5 form septavialrev1_44_holder_2000ul on slot 2 to Well F3 form septavialrev1_44_holder_2000ul on slot 2
2024-11-05 01:05:53,801:INFO:__main__:Washed mix syringe in wash solutions [Well C2 form 20mLscintillation 12 Well Plate 18000 µL on slot 4, Well C3 form 20mLscintillation 12 Well Plate 18000 µL on slot 4, Well C4 form 20mLscintillation 12 Well Plate 18000 µL on slot 4]
2024-11-05 01:06:32,683:INFO:__main__:Transferred 1148.0 uL from Well C6 form septavialrev1_44_holder_2000ul on slot 2 to Well F4 form septavialrev1_44_holder_2000ul on slot 2
2024-11-05 01:09:37,957:INFO:__main__:Washed mix syringe in wash solutions [Well C2 form 20mLscintillation 12 Well Plate 18000 µL on slot 4, Well C3 form 20mLscintillation 12 Well Plate 18000 µL on slot 4, Well C4 form 20mLscintillation 12 Well Plate 18000 µL on slot 4]
