2024-11-11 15:25:03,438:INFO:__main__:Homed Jubilee
2024-11-11 15:26:18,791:INFO:__main__:Homed Jubilee
2024-11-11 16:14:33,259:INFO:stober_synthesis_utils:Dispensed 1615.4328786302358 uL of ethanol_volume into Well A1 form septavialrev1_44_holder_2000ul on slot 2
2024-11-11 16:14:53,309:INFO:stober_synthesis_utils:Dispensed 1626.2179895304143 uL of ethanol_volume into Well A2 form septavialrev1_44_holder_2000ul on slot 2
2024-11-11 16:14:53,309:INFO:stober_synthesis_utils:Refilling 10cc_1 with 9940.65086816065 uL from Well A4 form 20mLscintillation 12 Well Plate 18000 µL on slot 4
2024-11-11 16:15:42,578:INFO:stober_synthesis_utils:Dispensed 1600.9838855825365 uL of ethanol_volume into Well A3 form septavialrev1_44_holder_2000ul on slot 2
2024-11-11 16:16:02,622:INFO:stober_synthesis_utils:Dispensed 1616.6769342496991 uL of ethanol_volume into Well A4 form septavialrev1_44_holder_2000ul on slot 2
2024-11-11 16:16:22,656:INFO:stober_synthesis_utils:Dispensed 1631.300628464669 uL of ethanol_volume into Well A5 form septavialrev1_44_holder_2000ul on slot 2
2024-11-11 16:16:42,573:INFO:stober_synthesis_utils:Dispensed 1609.4962062314153 uL of ethanol_volume into Well A6 form septavialrev1_44_holder_2000ul on slot 2
2024-11-11 16:17:02,566:INFO:stober_synthesis_utils:Dispensed 1640.3767375275493 uL of ethanol_volume into Well A7 form septavialrev1_44_holder_2000ul on slot 2
2024-11-11 16:17:22,465:INFO:stober_synthesis_utils:Dispensed 1602.403552737087 uL of ethanol_volume into Well A8 form septavialrev1_44_holder_2000ul on slot 2
2024-11-11 16:17:22,465:INFO:stober_synthesis_utils:Refilling 10cc_1 with 9701.237944792956 uL from Well B1 form 20mLscintillation 12 Well Plate 18000 µL on slot 4
2024-11-11 16:18:10,870:INFO:stober_synthesis_utils:Dispensed 1651.7946498468518 uL of ethanol_volume into Well B1 form septavialrev1_44_holder_2000ul on slot 2
2024-11-11 16:18:30,978:INFO:stober_synthesis_utils:Dispensed 1640.591629454866 uL of ethanol_volume into Well B3 form septavialrev1_44_holder_2000ul on slot 2
2024-11-11 16:18:50,976:INFO:stober_synthesis_utils:Dispensed 1609.62955057621 uL of ethanol_volume into Well B4 form septavialrev1_44_holder_2000ul on slot 2
2024-11-11 16:19:10,908:INFO:stober_synthesis_utils:Dispensed 1600.6893143057823 uL of ethanol_volume into Well B5 form septavialrev1_44_holder_2000ul on slot 2
2024-11-11 16:19:30,867:INFO:stober_synthesis_utils:Dispensed 1613.7121852952987 uL of ethanol_volume into Well B6 form septavialrev1_44_holder_2000ul on slot 2
2024-11-11 16:19:50,917:INFO:stober_synthesis_utils:Dispensed 1607.0099964737892 uL of ethanol_volume into Well B8 form septavialrev1_44_holder_2000ul on slot 2
2024-11-11 16:19:50,918:INFO:stober_synthesis_utils:Refilling 10cc_1 with 9723.427325952798 uL from Well B2 form 20mLscintillation 12 Well Plate 18000 µL on slot 4
2024-11-11 16:20:39,416:INFO:stober_synthesis_utils:Dispensed 1638.144088163972 uL of ethanol_volume into Well C1 form septavialrev1_44_holder_2000ul on slot 2
2024-11-11 16:20:59,326:INFO:stober_synthesis_utils:Dispensed 1573.6899929121137 uL of ethanol_volume into Well C2 form septavialrev1_44_holder_2000ul on slot 2
2024-11-11 16:21:19,370:INFO:stober_synthesis_utils:Dispensed 1623.1875476427376 uL of ethanol_volume into Well C3 form septavialrev1_44_holder_2000ul on slot 2
2024-11-11 16:21:39,344:INFO:stober_synthesis_utils:Dispensed 1625.1628526486456 uL of ethanol_volume into Well C4 form septavialrev1_44_holder_2000ul on slot 2
2024-11-11 16:21:59,283:INFO:stober_synthesis_utils:Dispensed 1592.0348132029176 uL of ethanol_volume into Well C5 form septavialrev1_44_holder_2000ul on slot 2
2024-11-11 16:22:19,318:INFO:stober_synthesis_utils:Dispensed 1624.0502691827714 uL of ethanol_volume into Well C6 form septavialrev1_44_holder_2000ul on slot 2
2024-11-11 16:22:41,534:INFO:__main__:Emptied ethanol syringe into trash
2024-11-11 16:23:10,894:INFO:stober_synthesis_utils:Dispensed 11.336402734741569 uL of water_volume into Well A1 form septavialrev1_44_holder_2000ul on slot 2
2024-11-11 16:23:24,852:INFO:stober_synthesis_utils:Dispensed 11.26793515868485 uL of water_volume into Well A2 form septavialrev1_44_holder_2000ul on slot 2
2024-11-11 16:23:39,471:INFO:stober_synthesis_utils:Dispensed 45.475003495812416 uL of water_volume into Well A3 form septavialrev1_44_holder_2000ul on slot 2
2024-11-11 16:23:53,422:INFO:stober_synthesis_utils:Dispensed 14.006110187619925 uL of water_volume into Well A4 form septavialrev1_44_holder_2000ul on slot 2
2024-11-11 16:24:07,758:INFO:stober_synthesis_utils:Dispensed 29.3781204149127 uL of water_volume into Well A5 form septavialrev1_44_holder_2000ul on slot 2
2024-11-11 16:24:22,213:INFO:stober_synthesis_utils:Dispensed 43.007903546094894 uL of water_volume into Well A6 form septavialrev1_44_holder_2000ul on slot 2
2024-11-11 16:24:36,286:INFO:stober_synthesis_utils:Dispensed 23.28002555295825 uL of water_volume into Well A7 form septavialrev1_44_holder_2000ul on slot 2
2024-11-11 16:24:50,474:INFO:stober_synthesis_utils:Dispensed 28.822210244834423 uL of water_volume into Well A8 form septavialrev1_44_holder_2000ul on slot 2
2024-11-11 16:25:05,319:INFO:stober_synthesis_utils:Dispensed 9.9948198068887 uL of water_volume into Well B1 form septavialrev1_44_holder_2000ul on slot 2
2024-11-11 16:25:19,356:INFO:stober_synthesis_utils:Dispensed 11.89337051473558 uL of water_volume into Well B3 form septavialrev1_44_holder_2000ul on slot 2
2024-11-11 16:25:33,776:INFO:stober_synthesis_utils:Dispensed 36.53686344623566 uL of water_volume into Well B4 form septavialrev1_44_holder_2000ul on slot 2
2024-11-11 16:25:48,072:INFO:stober_synthesis_utils:Dispensed 29.310081899166107 uL of water_volume into Well B5 form septavialrev1_44_holder_2000ul on slot 2
2024-11-11 16:26:02,476:INFO:stober_synthesis_utils:Dispensed 36.374713480472565 uL of water_volume into Well B6 form septavialrev1_44_holder_2000ul on slot 2
2024-11-11 16:26:17,161:INFO:stober_synthesis_utils:Dispensed 45.475003495812416 uL of water_volume into Well B8 form septavialrev1_44_holder_2000ul on slot 2
2024-11-11 16:26:32,144:INFO:stober_synthesis_utils:Dispensed 16.593190282583237 uL of water_volume into Well C1 form septavialrev1_44_holder_2000ul on slot 2
2024-11-11 16:26:46,689:INFO:stober_synthesis_utils:Dispensed 45.475003495812416 uL of water_volume into Well C2 form septavialrev1_44_holder_2000ul on slot 2
2024-11-11 16:27:01,134:INFO:stober_synthesis_utils:Dispensed 38.00649791955948 uL of water_volume into Well C3 form septavialrev1_44_holder_2000ul on slot 2
2024-11-11 16:27:15,373:INFO:stober_synthesis_utils:Dispensed 28.99543661624193 uL of water_volume into Well C4 form septavialrev1_44_holder_2000ul on slot 2
2024-11-11 16:27:30,028:INFO:stober_synthesis_utils:Dispensed 44.40748877823353 uL of water_volume into Well C5 form septavialrev1_44_holder_2000ul on slot 2
2024-11-11 16:27:44,238:INFO:stober_synthesis_utils:Dispensed 26.666750572621822 uL of water_volume into Well C6 form septavialrev1_44_holder_2000ul on slot 2
2024-11-11 16:28:09,490:INFO:stober_synthesis_utils:Dispensed 20.530716329813004 uL of ammonia_volume into Well A1 form septavialrev1_44_holder_2000ul on slot 2
2024-11-11 16:28:19,396:INFO:stober_synthesis_utils:Dispensed 9.81407300569117 uL of ammonia_volume into Well A2 form septavialrev1_44_holder_2000ul on slot 2
2024-11-11 16:28:29,635:INFO:stober_synthesis_utils:Dispensed 28.13500128686428 uL of ammonia_volume into Well A3 form septavialrev1_44_holder_2000ul on slot 2
2024-11-11 16:28:39,659:INFO:stober_synthesis_utils:Dispensed 18.661142233759165 uL of ammonia_volume into Well A4 form septavialrev1_44_holder_2000ul on slot 2
2024-11-11 16:28:49,657:INFO:stober_synthesis_utils:Dispensed 18.55886280536652 uL of ammonia_volume into Well A5 form septavialrev1_44_holder_2000ul on slot 2
2024-11-11 16:28:59,647:INFO:stober_synthesis_utils:Dispensed 18.11297256499529 uL of ammonia_volume into Well A6 form septavialrev1_44_holder_2000ul on slot 2
2024-11-11 16:29:09,616:INFO:stober_synthesis_utils:Dispensed 14.129779301583769 uL of ammonia_volume into Well A7 form septavialrev1_44_holder_2000ul on slot 2
2024-11-11 16:29:19,650:INFO:stober_synthesis_utils:Dispensed 22.4884076975286 uL of ammonia_volume into Well A8 form septavialrev1_44_holder_2000ul on slot 2
2024-11-11 16:29:30,363:INFO:stober_synthesis_utils:Dispensed 9.392499877139926 uL of ammonia_volume into Well B1 form septavialrev1_44_holder_2000ul on slot 2
2024-11-11 16:29:40,682:INFO:stober_synthesis_utils:Dispensed 28.13500128686428 uL of ammonia_volume into Well B3 form septavialrev1_44_holder_2000ul on slot 2
2024-11-11 16:29:50,751:INFO:stober_synthesis_utils:Dispensed 20.2401839196682 uL of ammonia_volume into Well B4 form septavialrev1_44_holder_2000ul on slot 2
2024-11-11 16:30:00,980:INFO:stober_synthesis_utils:Dispensed 28.13500128686428 uL of ammonia_volume into Well B5 form septavialrev1_44_holder_2000ul on slot 2
2024-11-11 16:30:10,775:INFO:stober_synthesis_utils:Dispensed 9.392499877139926 uL of ammonia_volume into Well B6 form septavialrev1_44_holder_2000ul on slot 2
2024-11-11 16:30:21,063:INFO:stober_synthesis_utils:Dispensed 28.13500128686428 uL of ammonia_volume into Well B8 form septavialrev1_44_holder_2000ul on slot 2
2024-11-11 16:30:31,896:INFO:stober_synthesis_utils:Dispensed 13.527698442339895 uL of ammonia_volume into Well C1 form septavialrev1_44_holder_2000ul on slot 2
2024-11-11 16:30:42,109:INFO:stober_synthesis_utils:Dispensed 28.13500128686428 uL of ammonia_volume into Well C2 form septavialrev1_44_holder_2000ul on slot 2
2024-11-11 16:30:52,006:INFO:stober_synthesis_utils:Dispensed 13.312870636582376 uL of ammonia_volume into Well C3 form septavialrev1_44_holder_2000ul on slot 2
2024-11-11 16:31:02,086:INFO:stober_synthesis_utils:Dispensed 21.881725918501616 uL of ammonia_volume into Well C4 form septavialrev1_44_holder_2000ul on slot 2
2024-11-11 16:31:02,087:INFO:stober_synthesis_utils:Refilling 1cc_2 with 979.7184390444309 uL from Well A2 form 20mLscintillation 12 Well Plate 18000 µL on slot 4
2024-11-11 16:31:41,507:INFO:stober_synthesis_utils:Dispensed 22.43086453527212 uL of ammonia_volume into Well C5 form septavialrev1_44_holder_2000ul on slot 2
2024-11-11 16:31:51,667:INFO:stober_synthesis_utils:Dispensed 20.21874515339732 uL of ammonia_volume into Well C6 form septavialrev1_44_holder_2000ul on slot 2
2024-11-11 16:32:47,090:INFO:stober_synthesis_utils:Mixed well Well A1 form septavialrev1_44_holder_2000ul on slot 2 5 times, 2000 uL per cycle
2024-11-11 16:35:51,998:INFO:stober_synthesis_utils:Washed mix syringe in wash solutions [Well C2 form 20mLscintillation 12 Well Plate 18000 µL on slot 4, Well C3 form 20mLscintillation 12 Well Plate 18000 µL on slot 4, Well C4 form 20mLscintillation 12 Well Plate 18000 µL on slot 4]
2024-11-11 16:36:34,249:INFO:stober_synthesis_utils:Mixed well Well A2 form septavialrev1_44_holder_2000ul on slot 2 5 times, 2000 uL per cycle
2024-11-11 16:39:38,924:INFO:stober_synthesis_utils:Washed mix syringe in wash solutions [Well C2 form 20mLscintillation 12 Well Plate 18000 µL on slot 4, Well C3 form 20mLscintillation 12 Well Plate 18000 µL on slot 4, Well C4 form 20mLscintillation 12 Well Plate 18000 µL on slot 4]
2024-11-11 16:40:20,819:INFO:stober_synthesis_utils:Mixed well Well A3 form septavialrev1_44_holder_2000ul on slot 2 5 times, 2000 uL per cycle
2024-11-11 16:43:25,511:INFO:stober_synthesis_utils:Washed mix syringe in wash solutions [Well C2 form 20mLscintillation 12 Well Plate 18000 µL on slot 4, Well C3 form 20mLscintillation 12 Well Plate 18000 µL on slot 4, Well C4 form 20mLscintillation 12 Well Plate 18000 µL on slot 4]
2024-11-11 16:44:07,550:INFO:stober_synthesis_utils:Mixed well Well A4 form septavialrev1_44_holder_2000ul on slot 2 5 times, 2000 uL per cycle
2024-11-11 16:47:12,287:INFO:stober_synthesis_utils:Washed mix syringe in wash solutions [Well C2 form 20mLscintillation 12 Well Plate 18000 µL on slot 4, Well C3 form 20mLscintillation 12 Well Plate 18000 µL on slot 4, Well C4 form 20mLscintillation 12 Well Plate 18000 µL on slot 4]
2024-11-11 16:47:54,193:INFO:stober_synthesis_utils:Mixed well Well A5 form septavialrev1_44_holder_2000ul on slot 2 5 times, 2000 uL per cycle
2024-11-11 16:50:58,848:INFO:stober_synthesis_utils:Washed mix syringe in wash solutions [Well C2 form 20mLscintillation 12 Well Plate 18000 µL on slot 4, Well C3 form 20mLscintillation 12 Well Plate 18000 µL on slot 4, Well C4 form 20mLscintillation 12 Well Plate 18000 µL on slot 4]
2024-11-11 16:51:40,627:INFO:stober_synthesis_utils:Mixed well Well A6 form septavialrev1_44_holder_2000ul on slot 2 5 times, 2000 uL per cycle
2024-11-11 16:54:45,229:INFO:stober_synthesis_utils:Washed mix syringe in wash solutions [Well C2 form 20mLscintillation 12 Well Plate 18000 µL on slot 4, Well C3 form 20mLscintillation 12 Well Plate 18000 µL on slot 4, Well C4 form 20mLscintillation 12 Well Plate 18000 µL on slot 4]
2024-11-11 16:55:26,876:INFO:stober_synthesis_utils:Mixed well Well A7 form septavialrev1_44_holder_2000ul on slot 2 5 times, 2000 uL per cycle
2024-11-11 16:58:31,887:INFO:stober_synthesis_utils:Washed mix syringe in wash solutions [Well C2 form 20mLscintillation 12 Well Plate 18000 µL on slot 4, Well C3 form 20mLscintillation 12 Well Plate 18000 µL on slot 4, Well C4 form 20mLscintillation 12 Well Plate 18000 µL on slot 4]
2024-11-11 16:59:13,698:INFO:stober_synthesis_utils:Mixed well Well A8 form septavialrev1_44_holder_2000ul on slot 2 5 times, 2000 uL per cycle
2024-11-11 17:02:18,883:INFO:stober_synthesis_utils:Washed mix syringe in wash solutions [Well C2 form 20mLscintillation 12 Well Plate 18000 µL on slot 4, Well C3 form 20mLscintillation 12 Well Plate 18000 µL on slot 4, Well C4 form 20mLscintillation 12 Well Plate 18000 µL on slot 4]
2024-11-11 17:03:01,339:INFO:stober_synthesis_utils:Mixed well Well B1 form septavialrev1_44_holder_2000ul on slot 2 5 times, 2000 uL per cycle
2024-11-11 17:06:06,288:INFO:stober_synthesis_utils:Washed mix syringe in wash solutions [Well C2 form 20mLscintillation 12 Well Plate 18000 µL on slot 4, Well C3 form 20mLscintillation 12 Well Plate 18000 µL on slot 4, Well C4 form 20mLscintillation 12 Well Plate 18000 µL on slot 4]
2024-11-11 17:06:48,561:INFO:stober_synthesis_utils:Mixed well Well B3 form septavialrev1_44_holder_2000ul on slot 2 5 times, 2000 uL per cycle
2024-11-11 17:09:53,415:INFO:stober_synthesis_utils:Washed mix syringe in wash solutions [Well C2 form 20mLscintillation 12 Well Plate 18000 µL on slot 4, Well C3 form 20mLscintillation 12 Well Plate 18000 µL on slot 4, Well C4 form 20mLscintillation 12 Well Plate 18000 µL on slot 4]
2024-11-11 17:10:35,487:INFO:stober_synthesis_utils:Mixed well Well B4 form septavialrev1_44_holder_2000ul on slot 2 5 times, 2000 uL per cycle
2024-11-11 17:13:40,343:INFO:stober_synthesis_utils:Washed mix syringe in wash solutions [Well C2 form 20mLscintillation 12 Well Plate 18000 µL on slot 4, Well C3 form 20mLscintillation 12 Well Plate 18000 µL on slot 4, Well C4 form 20mLscintillation 12 Well Plate 18000 µL on slot 4]
2024-11-11 17:14:22,278:INFO:stober_synthesis_utils:Mixed well Well B5 form septavialrev1_44_holder_2000ul on slot 2 5 times, 2000 uL per cycle
2024-11-11 17:17:27,065:INFO:stober_synthesis_utils:Washed mix syringe in wash solutions [Well C2 form 20mLscintillation 12 Well Plate 18000 µL on slot 4, Well C3 form 20mLscintillation 12 Well Plate 18000 µL on slot 4, Well C4 form 20mLscintillation 12 Well Plate 18000 µL on slot 4]
2024-11-11 17:18:08,960:INFO:stober_synthesis_utils:Mixed well Well B6 form septavialrev1_44_holder_2000ul on slot 2 5 times, 2000 uL per cycle
2024-11-11 17:21:13,966:INFO:stober_synthesis_utils:Washed mix syringe in wash solutions [Well C2 form 20mLscintillation 12 Well Plate 18000 µL on slot 4, Well C3 form 20mLscintillation 12 Well Plate 18000 µL on slot 4, Well C4 form 20mLscintillation 12 Well Plate 18000 µL on slot 4]
2024-11-11 17:21:55,828:INFO:stober_synthesis_utils:Mixed well Well B8 form septavialrev1_44_holder_2000ul on slot 2 5 times, 2000 uL per cycle
2024-11-11 17:25:01,007:INFO:stober_synthesis_utils:Washed mix syringe in wash solutions [Well C2 form 20mLscintillation 12 Well Plate 18000 µL on slot 4, Well C3 form 20mLscintillation 12 Well Plate 18000 µL on slot 4, Well C4 form 20mLscintillation 12 Well Plate 18000 µL on slot 4]
2024-11-11 17:25:43,705:INFO:stober_synthesis_utils:Mixed well Well C1 form septavialrev1_44_holder_2000ul on slot 2 5 times, 2000 uL per cycle
2024-11-11 17:28:48,989:INFO:stober_synthesis_utils:Washed mix syringe in wash solutions [Well C2 form 20mLscintillation 12 Well Plate 18000 µL on slot 4, Well C3 form 20mLscintillation 12 Well Plate 18000 µL on slot 4, Well C4 form 20mLscintillation 12 Well Plate 18000 µL on slot 4]
2024-11-11 17:29:31,509:INFO:stober_synthesis_utils:Mixed well Well C2 form septavialrev1_44_holder_2000ul on slot 2 5 times, 2000 uL per cycle
2024-11-11 17:32:36,520:INFO:stober_synthesis_utils:Washed mix syringe in wash solutions [Well C2 form 20mLscintillation 12 Well Plate 18000 µL on slot 4, Well C3 form 20mLscintillation 12 Well Plate 18000 µL on slot 4, Well C4 form 20mLscintillation 12 Well Plate 18000 µL on slot 4]
2024-11-11 17:33:18,763:INFO:stober_synthesis_utils:Mixed well Well C3 form septavialrev1_44_holder_2000ul on slot 2 5 times, 2000 uL per cycle
2024-11-11 17:36:23,747:INFO:stober_synthesis_utils:Washed mix syringe in wash solutions [Well C2 form 20mLscintillation 12 Well Plate 18000 µL on slot 4, Well C3 form 20mLscintillation 12 Well Plate 18000 µL on slot 4, Well C4 form 20mLscintillation 12 Well Plate 18000 µL on slot 4]
2024-11-11 17:37:06,053:INFO:stober_synthesis_utils:Mixed well Well C4 form septavialrev1_44_holder_2000ul on slot 2 5 times, 2000 uL per cycle
2024-11-11 17:40:10,984:INFO:stober_synthesis_utils:Washed mix syringe in wash solutions [Well C2 form 20mLscintillation 12 Well Plate 18000 µL on slot 4, Well C3 form 20mLscintillation 12 Well Plate 18000 µL on slot 4, Well C4 form 20mLscintillation 12 Well Plate 18000 µL on slot 4]
2024-11-11 17:40:53,043:INFO:stober_synthesis_utils:Mixed well Well C5 form septavialrev1_44_holder_2000ul on slot 2 5 times, 2000 uL per cycle
2024-11-11 17:43:58,131:INFO:stober_synthesis_utils:Washed mix syringe in wash solutions [Well C2 form 20mLscintillation 12 Well Plate 18000 µL on slot 4, Well C3 form 20mLscintillation 12 Well Plate 18000 µL on slot 4, Well C4 form 20mLscintillation 12 Well Plate 18000 µL on slot 4]
2024-11-11 17:44:40,105:INFO:stober_synthesis_utils:Mixed well Well C6 form septavialrev1_44_holder_2000ul on slot 2 5 times, 2000 uL per cycle
2024-11-11 17:47:45,072:INFO:stober_synthesis_utils:Washed mix syringe in wash solutions [Well C2 form 20mLscintillation 12 Well Plate 18000 µL on slot 4, Well C3 form 20mLscintillation 12 Well Plate 18000 µL on slot 4, Well C4 form 20mLscintillation 12 Well Plate 18000 µL on slot 4]
2024-11-11 17:48:11,002:INFO:stober_synthesis_utils:Dispensed 52.70000230520964 uL of teos_volume into Well A1 form septavialrev1_44_holder_2000ul on slot 2
2024-11-11 17:49:08,036:INFO:stober_synthesis_utils:Mixed well Well A1 form septavialrev1_44_holder_2000ul on slot 2 5 times, 2000 uL per cycle
2024-11-11 17:52:13,036:INFO:stober_synthesis_utils:Washed mix syringe in wash solutions [Well C2 form 20mLscintillation 12 Well Plate 18000 µL on slot 4, Well C3 form 20mLscintillation 12 Well Plate 18000 µL on slot 4, Well C4 form 20mLscintillation 12 Well Plate 18000 µL on slot 4]
2024-11-11 17:52:38,855:INFO:stober_synthesis_utils:Dispensed 52.70000230520964 uL of teos_volume into Well A2 form septavialrev1_44_holder_2000ul on slot 2
2024-11-11 17:53:35,601:INFO:stober_synthesis_utils:Mixed well Well A2 form septavialrev1_44_holder_2000ul on slot 2 5 times, 2000 uL per cycle
2024-11-11 17:56:40,534:INFO:stober_synthesis_utils:Washed mix syringe in wash solutions [Well C2 form 20mLscintillation 12 Well Plate 18000 µL on slot 4, Well C3 form 20mLscintillation 12 Well Plate 18000 µL on slot 4, Well C4 form 20mLscintillation 12 Well Plate 18000 µL on slot 4]
2024-11-11 17:57:05,591:INFO:stober_synthesis_utils:Dispensed 25.406109634786844 uL of teos_volume into Well A3 form septavialrev1_44_holder_2000ul on slot 2
2024-11-11 17:58:02,573:INFO:stober_synthesis_utils:Mixed well Well A3 form septavialrev1_44_holder_2000ul on slot 2 5 times, 2000 uL per cycle
2024-11-11 18:01:07,090:INFO:stober_synthesis_utils:Washed mix syringe in wash solutions [Well C2 form 20mLscintillation 12 Well Plate 18000 µL on slot 4, Well C3 form 20mLscintillation 12 Well Plate 18000 µL on slot 4, Well C4 form 20mLscintillation 12 Well Plate 18000 µL on slot 4]
2024-11-11 18:01:32,527:INFO:stober_synthesis_utils:Dispensed 50.6558133289218 uL of teos_volume into Well A4 form septavialrev1_44_holder_2000ul on slot 2
2024-11-11 18:02:29,508:INFO:stober_synthesis_utils:Mixed well Well A4 form septavialrev1_44_holder_2000ul on slot 2 5 times, 2000 uL per cycle
2024-11-11 18:05:34,197:INFO:stober_synthesis_utils:Washed mix syringe in wash solutions [Well C2 form 20mLscintillation 12 Well Plate 18000 µL on slot 4, Well C3 form 20mLscintillation 12 Well Plate 18000 µL on slot 4, Well C4 form 20mLscintillation 12 Well Plate 18000 µL on slot 4]
2024-11-11 18:05:59,008:INFO:stober_synthesis_utils:Dispensed 20.762388315051798 uL of teos_volume into Well A5 form septavialrev1_44_holder_2000ul on slot 2
2024-11-11 18:06:55,961:INFO:stober_synthesis_utils:Mixed well Well A5 form septavialrev1_44_holder_2000ul on slot 2 5 times, 2000 uL per cycle
2024-11-11 18:10:00,756:INFO:stober_synthesis_utils:Washed mix syringe in wash solutions [Well C2 form 20mLscintillation 12 Well Plate 18000 µL on slot 4, Well C3 form 20mLscintillation 12 Well Plate 18000 µL on slot 4, Well C4 form 20mLscintillation 12 Well Plate 18000 µL on slot 4]
2024-11-11 18:10:25,557:INFO:stober_synthesis_utils:Dispensed 29.382917657494545 uL of teos_volume into Well A6 form septavialrev1_44_holder_2000ul on slot 2
2024-11-11 18:11:22,464:INFO:stober_synthesis_utils:Mixed well Well A6 form septavialrev1_44_holder_2000ul on slot 2 5 times, 2000 uL per cycle
2024-11-11 18:14:27,280:INFO:stober_synthesis_utils:Washed mix syringe in wash solutions [Well C2 form 20mLscintillation 12 Well Plate 18000 µL on slot 4, Well C3 form 20mLscintillation 12 Well Plate 18000 µL on slot 4, Well C4 form 20mLscintillation 12 Well Plate 18000 µL on slot 4]
2024-11-11 18:14:51,885:INFO:stober_synthesis_utils:Dispensed 22.21345761790872 uL of teos_volume into Well A7 form septavialrev1_44_holder_2000ul on slot 2
2024-11-11 18:15:48,763:INFO:stober_synthesis_utils:Mixed well Well A7 form septavialrev1_44_holder_2000ul on slot 2 5 times, 2000 uL per cycle
2024-11-11 18:18:53,860:INFO:stober_synthesis_utils:Washed mix syringe in wash solutions [Well C2 form 20mLscintillation 12 Well Plate 18000 µL on slot 4, Well C3 form 20mLscintillation 12 Well Plate 18000 µL on slot 4, Well C4 form 20mLscintillation 12 Well Plate 18000 µL on slot 4]
2024-11-11 18:19:18,750:INFO:stober_synthesis_utils:Dispensed 46.285829320549965 uL of teos_volume into Well A8 form septavialrev1_44_holder_2000ul on slot 2
2024-11-11 18:20:15,821:INFO:stober_synthesis_utils:Mixed well Well A8 form septavialrev1_44_holder_2000ul on slot 2 5 times, 2000 uL per cycle
2024-11-11 18:24:28,029:INFO:stober_synthesis_utils:Washed mix syringe in wash solutions [Well C2 form 20mLscintillation 12 Well Plate 18000 µL on slot 4, Well C3 form 20mLscintillation 12 Well Plate 18000 µL on slot 4, Well C4 form 20mLscintillation 12 Well Plate 18000 µL on slot 4]
2024-11-11 18:24:53,564:INFO:stober_synthesis_utils:Dispensed 28.81803046911955 uL of teos_volume into Well B1 form septavialrev1_44_holder_2000ul on slot 2
2024-11-11 18:25:50,876:INFO:stober_synthesis_utils:Mixed well Well B1 form septavialrev1_44_holder_2000ul on slot 2 5 times, 2000 uL per cycle
2024-11-11 18:28:55,734:INFO:stober_synthesis_utils:Washed mix syringe in wash solutions [Well C2 form 20mLscintillation 12 Well Plate 18000 µL on slot 4, Well C3 form 20mLscintillation 12 Well Plate 18000 µL on slot 4, Well C4 form 20mLscintillation 12 Well Plate 18000 µL on slot 4]
2024-11-11 18:29:20,715:INFO:stober_synthesis_utils:Dispensed 19.379998743534088 uL of teos_volume into Well B3 form septavialrev1_44_holder_2000ul on slot 2
2024-11-11 18:30:17,637:INFO:stober_synthesis_utils:Mixed well Well B3 form septavialrev1_44_holder_2000ul on slot 2 5 times, 2000 uL per cycle
2024-11-11 18:33:22,572:INFO:stober_synthesis_utils:Washed mix syringe in wash solutions [Well C2 form 20mLscintillation 12 Well Plate 18000 µL on slot 4, Well C3 form 20mLscintillation 12 Well Plate 18000 µL on slot 4, Well C4 form 20mLscintillation 12 Well Plate 18000 µL on slot 4]
2024-11-11 18:33:47,807:INFO:stober_synthesis_utils:Dispensed 33.593402057886124 uL of teos_volume into Well B4 form septavialrev1_44_holder_2000ul on slot 2
2024-11-11 18:34:44,913:INFO:stober_synthesis_utils:Mixed well Well B4 form septavialrev1_44_holder_2000ul on slot 2 5 times, 2000 uL per cycle
2024-11-11 18:37:49,656:INFO:stober_synthesis_utils:Washed mix syringe in wash solutions [Well C2 form 20mLscintillation 12 Well Plate 18000 µL on slot 4, Well C3 form 20mLscintillation 12 Well Plate 18000 µL on slot 4, Well C4 form 20mLscintillation 12 Well Plate 18000 µL on slot 4]
2024-11-11 18:38:14,898:INFO:stober_synthesis_utils:Dispensed 41.865602508187294 uL of teos_volume into Well B5 form septavialrev1_44_holder_2000ul on slot 2
2024-11-11 18:39:12,083:INFO:stober_synthesis_utils:Mixed well Well B5 form septavialrev1_44_holder_2000ul on slot 2 5 times, 2000 uL per cycle
2024-11-11 18:42:17,018:INFO:stober_synthesis_utils:Washed mix syringe in wash solutions [Well C2 form 20mLscintillation 12 Well Plate 18000 µL on slot 4, Well C3 form 20mLscintillation 12 Well Plate 18000 µL on slot 4, Well C4 form 20mLscintillation 12 Well Plate 18000 µL on slot 4]
2024-11-11 18:42:42,285:INFO:stober_synthesis_utils:Dispensed 40.520601347088814 uL of teos_volume into Well B6 form septavialrev1_44_holder_2000ul on slot 2
2024-11-11 18:43:39,490:INFO:stober_synthesis_utils:Mixed well Well B6 form septavialrev1_44_holder_2000ul on slot 2 5 times, 2000 uL per cycle
2024-11-11 18:46:44,443:INFO:stober_synthesis_utils:Washed mix syringe in wash solutions [Well C2 form 20mLscintillation 12 Well Plate 18000 µL on slot 4, Well C3 form 20mLscintillation 12 Well Plate 18000 µL on slot 4, Well C4 form 20mLscintillation 12 Well Plate 18000 µL on slot 4]
2024-11-11 18:47:09,053:INFO:stober_synthesis_utils:Dispensed 19.379998743534088 uL of teos_volume into Well B8 form septavialrev1_44_holder_2000ul on slot 2
2024-11-11 18:48:06,288:INFO:stober_synthesis_utils:Mixed well Well B8 form septavialrev1_44_holder_2000ul on slot 2 5 times, 2000 uL per cycle
2024-11-11 18:51:11,498:INFO:stober_synthesis_utils:Washed mix syringe in wash solutions [Well C2 form 20mLscintillation 12 Well Plate 18000 µL on slot 4, Well C3 form 20mLscintillation 12 Well Plate 18000 µL on slot 4, Well C4 form 20mLscintillation 12 Well Plate 18000 µL on slot 4]
2024-11-11 18:51:37,143:INFO:stober_synthesis_utils:Dispensed 31.735023111104965 uL of teos_volume into Well C1 form septavialrev1_44_holder_2000ul on slot 2
2024-11-11 18:52:34,423:INFO:stober_synthesis_utils:Mixed well Well C1 form septavialrev1_44_holder_2000ul on slot 2 5 times, 2000 uL per cycle
2024-11-11 18:55:39,724:INFO:stober_synthesis_utils:Washed mix syringe in wash solutions [Well C2 form 20mLscintillation 12 Well Plate 18000 µL on slot 4, Well C3 form 20mLscintillation 12 Well Plate 18000 µL on slot 4, Well C4 form 20mLscintillation 12 Well Plate 18000 µL on slot 4]
2024-11-11 18:56:05,546:INFO:stober_synthesis_utils:Dispensed 52.70000230520964 uL of teos_volume into Well C2 form septavialrev1_44_holder_2000ul on slot 2
2024-11-11 18:57:02,901:INFO:stober_synthesis_utils:Mixed well Well C2 form septavialrev1_44_holder_2000ul on slot 2 5 times, 2000 uL per cycle
2024-11-11 19:00:07,954:INFO:stober_synthesis_utils:Washed mix syringe in wash solutions [Well C2 form 20mLscintillation 12 Well Plate 18000 µL on slot 4, Well C3 form 20mLscintillation 12 Well Plate 18000 µL on slot 4, Well C4 form 20mLscintillation 12 Well Plate 18000 µL on slot 4]
2024-11-11 19:00:33,235:INFO:stober_synthesis_utils:Dispensed 25.49308380112052 uL of teos_volume into Well C3 form septavialrev1_44_holder_2000ul on slot 2
2024-11-11 19:01:30,360:INFO:stober_synthesis_utils:Mixed well Well C3 form septavialrev1_44_holder_2000ul on slot 2 5 times, 2000 uL per cycle
2024-11-11 19:04:35,395:INFO:stober_synthesis_utils:Washed mix syringe in wash solutions [Well C2 form 20mLscintillation 12 Well Plate 18000 µL on slot 4, Well C3 form 20mLscintillation 12 Well Plate 18000 µL on slot 4, Well C4 form 20mLscintillation 12 Well Plate 18000 µL on slot 4]
2024-11-11 19:05:00,467:INFO:stober_synthesis_utils:Dispensed 23.959984816610813 uL of teos_volume into Well C4 form septavialrev1_44_holder_2000ul on slot 2
2024-11-11 19:05:57,669:INFO:stober_synthesis_utils:Mixed well Well C4 form septavialrev1_44_holder_2000ul on slot 2 5 times, 2000 uL per cycle
2024-11-11 19:09:02,740:INFO:stober_synthesis_utils:Washed mix syringe in wash solutions [Well C2 form 20mLscintillation 12 Well Plate 18000 µL on slot 4, Well C3 form 20mLscintillation 12 Well Plate 18000 µL on slot 4, Well C4 form 20mLscintillation 12 Well Plate 18000 µL on slot 4]
2024-11-11 19:09:28,224:INFO:stober_synthesis_utils:Dispensed 41.126833483576775 uL of teos_volume into Well C5 form septavialrev1_44_holder_2000ul on slot 2
2024-11-11 19:10:25,424:INFO:stober_synthesis_utils:Mixed well Well C5 form septavialrev1_44_holder_2000ul on slot 2 5 times, 2000 uL per cycle
2024-11-11 19:13:30,481:INFO:stober_synthesis_utils:Washed mix syringe in wash solutions [Well C2 form 20mLscintillation 12 Well Plate 18000 µL on slot 4, Well C3 form 20mLscintillation 12 Well Plate 18000 µL on slot 4, Well C4 form 20mLscintillation 12 Well Plate 18000 µL on slot 4]
2024-11-11 19:13:55,475:INFO:stober_synthesis_utils:Dispensed 29.06423509120941 uL of teos_volume into Well C6 form septavialrev1_44_holder_2000ul on slot 2
2024-11-11 19:14:52,809:INFO:stober_synthesis_utils:Mixed well Well C6 form septavialrev1_44_holder_2000ul on slot 2 5 times, 2000 uL per cycle
2024-11-11 19:17:57,969:INFO:stober_synthesis_utils:Washed mix syringe in wash solutions [Well C2 form 20mLscintillation 12 Well Plate 18000 µL on slot 4, Well C3 form 20mLscintillation 12 Well Plate 18000 µL on slot 4, Well C4 form 20mLscintillation 12 Well Plate 18000 µL on slot 4]
2024-11-11 22:48:32,357:INFO:stober_synthesis_utils:Refilling 10cc_1 with 9998.0 uL from Well B4 form 20mLscintillation 12 Well Plate 18000 µL on slot 4
2024-11-11 22:49:17,614:INFO:stober_synthesis_utils:Dispensed 476.0 uL of ethanol_dilute_vol into Well C7 form septavialrev1_44_holder_2000ul on slot 2
2024-11-11 22:49:35,227:INFO:stober_synthesis_utils:Dispensed 476.0 uL of ethanol_dilute_vol into Well C8 form septavialrev1_44_holder_2000ul on slot 2
2024-11-11 22:49:53,059:INFO:stober_synthesis_utils:Dispensed 0.0 uL of ethanol_dilute_vol into Well D1 form septavialrev1_44_holder_2000ul on slot 2
2024-11-11 22:50:10,579:INFO:stober_synthesis_utils:Dispensed 427.0 uL of ethanol_dilute_vol into Well D2 form septavialrev1_44_holder_2000ul on slot 2
2024-11-11 22:50:27,433:INFO:stober_synthesis_utils:Dispensed 0.0 uL of ethanol_dilute_vol into Well D3 form septavialrev1_44_holder_2000ul on slot 2
2024-11-11 22:50:44,181:INFO:stober_synthesis_utils:Dispensed 0.0 uL of ethanol_dilute_vol into Well D4 form septavialrev1_44_holder_2000ul on slot 2
2024-11-11 22:52:05,204:INFO:stober_synthesis_utils:Dispensed 0.0 uL of ethanol_dilute_vol into Well D5 form septavialrev1_44_holder_2000ul on slot 2
2024-11-11 22:52:22,530:INFO:stober_synthesis_utils:Dispensed 306.0 uL of ethanol_dilute_vol into Well D6 form septavialrev1_44_holder_2000ul on slot 2
2024-11-11 22:52:39,252:INFO:stober_synthesis_utils:Dispensed 0.0 uL of ethanol_dilute_vol into Well D7 form septavialrev1_44_holder_2000ul on slot 2
2024-11-11 22:52:56,101:INFO:stober_synthesis_utils:Dispensed 0.0 uL of ethanol_dilute_vol into Well D8 form septavialrev1_44_holder_2000ul on slot 2
2024-11-11 22:54:20,894:INFO:stober_synthesis_utils:Dispensed 0.0 uL of ethanol_dilute_vol into Well E1 form septavialrev1_44_holder_2000ul on slot 2
2024-11-11 22:54:38,066:INFO:stober_synthesis_utils:Dispensed 159.0 uL of ethanol_dilute_vol into Well E3 form septavialrev1_44_holder_2000ul on slot 2
2024-11-11 22:54:54,987:INFO:stober_synthesis_utils:Dispensed 108.0 uL of ethanol_dilute_vol into Well E4 form septavialrev1_44_holder_2000ul on slot 2
2024-11-11 22:55:11,822:INFO:stober_synthesis_utils:Dispensed 0.0 uL of ethanol_dilute_vol into Well E5 form septavialrev1_44_holder_2000ul on slot 2
2024-11-11 22:55:28,678:INFO:stober_synthesis_utils:Dispensed 0.0 uL of ethanol_dilute_vol into Well E6 form septavialrev1_44_holder_2000ul on slot 2
2024-11-11 22:55:46,391:INFO:stober_synthesis_utils:Dispensed 476.0 uL of ethanol_dilute_vol into Well E8 form septavialrev1_44_holder_2000ul on slot 2
2024-11-11 22:56:04,184:INFO:stober_synthesis_utils:Dispensed 0.0 uL of ethanol_dilute_vol into Well F1 form septavialrev1_44_holder_2000ul on slot 2
2024-11-11 22:56:21,007:INFO:stober_synthesis_utils:Dispensed 0.0 uL of ethanol_dilute_vol into Well F2 form septavialrev1_44_holder_2000ul on slot 2
2024-11-11 22:56:37,968:INFO:stober_synthesis_utils:Dispensed 131.0 uL of ethanol_dilute_vol into Well F3 form septavialrev1_44_holder_2000ul on slot 2
2024-11-11 22:56:54,755:INFO:stober_synthesis_utils:Dispensed 0.0 uL of ethanol_dilute_vol into Well F4 form septavialrev1_44_holder_2000ul on slot 2
2024-11-11 22:57:47,486:INFO:__main__:Transferred 1224.0 uL from Well A1 form septavialrev1_44_holder_2000ul on slot 2 to Well C7 form septavialrev1_44_holder_2000ul on slot 2
2024-11-11 23:00:52,768:INFO:__main__:Washed mix syringe in wash solutions [Well C2 form 20mLscintillation 12 Well Plate 18000 µL on slot 4, Well C3 form 20mLscintillation 12 Well Plate 18000 µL on slot 4, Well C4 form 20mLscintillation 12 Well Plate 18000 µL on slot 4]
2024-11-11 23:01:32,868:INFO:__main__:Transferred 1224.0 uL from Well A2 form septavialrev1_44_holder_2000ul on slot 2 to Well C8 form septavialrev1_44_holder_2000ul on slot 2
2024-11-11 23:04:38,305:INFO:__main__:Washed mix syringe in wash solutions [Well C2 form 20mLscintillation 12 Well Plate 18000 µL on slot 4, Well C3 form 20mLscintillation 12 Well Plate 18000 µL on slot 4, Well C4 form 20mLscintillation 12 Well Plate 18000 µL on slot 4]
2024-11-11 23:05:19,687:INFO:__main__:Transferred 1700.0 uL from Well A3 form septavialrev1_44_holder_2000ul on slot 2 to Well D1 form septavialrev1_44_holder_2000ul on slot 2
2024-11-11 23:08:25,064:INFO:__main__:Washed mix syringe in wash solutions [Well C2 form 20mLscintillation 12 Well Plate 18000 µL on slot 4, Well C3 form 20mLscintillation 12 Well Plate 18000 µL on slot 4, Well C4 form 20mLscintillation 12 Well Plate 18000 µL on slot 4]
2024-11-11 23:09:04,558:INFO:__main__:Transferred 1273.0 uL from Well A4 form septavialrev1_44_holder_2000ul on slot 2 to Well D2 form septavialrev1_44_holder_2000ul on slot 2
2024-11-11 23:12:09,968:INFO:__main__:Washed mix syringe in wash solutions [Well C2 form 20mLscintillation 12 Well Plate 18000 µL on slot 4, Well C3 form 20mLscintillation 12 Well Plate 18000 µL on slot 4, Well C4 form 20mLscintillation 12 Well Plate 18000 µL on slot 4]
2024-11-11 23:12:50,995:INFO:__main__:Transferred 1700.0 uL from Well A5 form septavialrev1_44_holder_2000ul on slot 2 to Well D3 form septavialrev1_44_holder_2000ul on slot 2
2024-11-11 23:15:55,949:INFO:__main__:Washed mix syringe in wash solutions [Well C2 form 20mLscintillation 12 Well Plate 18000 µL on slot 4, Well C3 form 20mLscintillation 12 Well Plate 18000 µL on slot 4, Well C4 form 20mLscintillation 12 Well Plate 18000 µL on slot 4]
2024-11-11 23:16:36,796:INFO:__main__:Transferred 1700.0 uL from Well A6 form septavialrev1_44_holder_2000ul on slot 2 to Well D4 form septavialrev1_44_holder_2000ul on slot 2
2024-11-11 23:19:41,980:INFO:__main__:Washed mix syringe in wash solutions [Well C2 form 20mLscintillation 12 Well Plate 18000 µL on slot 4, Well C3 form 20mLscintillation 12 Well Plate 18000 µL on slot 4, Well C4 form 20mLscintillation 12 Well Plate 18000 µL on slot 4]
2024-11-11 23:20:22,610:INFO:__main__:Transferred 1700.0 uL from Well A7 form septavialrev1_44_holder_2000ul on slot 2 to Well D5 form septavialrev1_44_holder_2000ul on slot 2
2024-11-11 23:23:27,925:INFO:__main__:Washed mix syringe in wash solutions [Well C2 form 20mLscintillation 12 Well Plate 18000 µL on slot 4, Well C3 form 20mLscintillation 12 Well Plate 18000 µL on slot 4, Well C4 form 20mLscintillation 12 Well Plate 18000 µL on slot 4]
2024-11-11 23:24:07,613:INFO:__main__:Transferred 1394.0 uL from Well A8 form septavialrev1_44_holder_2000ul on slot 2 to Well D6 form septavialrev1_44_holder_2000ul on slot 2
2024-11-11 23:27:12,954:INFO:__main__:Washed mix syringe in wash solutions [Well C2 form 20mLscintillation 12 Well Plate 18000 µL on slot 4, Well C3 form 20mLscintillation 12 Well Plate 18000 µL on slot 4, Well C4 form 20mLscintillation 12 Well Plate 18000 µL on slot 4]
2024-11-11 23:27:55,139:INFO:__main__:Transferred 1700.0 uL from Well B1 form septavialrev1_44_holder_2000ul on slot 2 to Well D7 form septavialrev1_44_holder_2000ul on slot 2
2024-11-11 23:31:00,359:INFO:__main__:Washed mix syringe in wash solutions [Well C2 form 20mLscintillation 12 Well Plate 18000 µL on slot 4, Well C3 form 20mLscintillation 12 Well Plate 18000 µL on slot 4, Well C4 form 20mLscintillation 12 Well Plate 18000 µL on slot 4]
2024-11-11 23:31:42,062:INFO:__main__:Transferred 1700.0 uL from Well B3 form septavialrev1_44_holder_2000ul on slot 2 to Well D8 form septavialrev1_44_holder_2000ul on slot 2
2024-11-11 23:34:47,636:INFO:__main__:Washed mix syringe in wash solutions [Well C2 form 20mLscintillation 12 Well Plate 18000 µL on slot 4, Well C3 form 20mLscintillation 12 Well Plate 18000 µL on slot 4, Well C4 form 20mLscintillation 12 Well Plate 18000 µL on slot 4]
2024-11-11 23:35:28,889:INFO:__main__:Transferred 1700.0 uL from Well B4 form septavialrev1_44_holder_2000ul on slot 2 to Well E1 form septavialrev1_44_holder_2000ul on slot 2
2024-11-11 23:39:41,285:INFO:__main__:Washed mix syringe in wash solutions [Well C2 form 20mLscintillation 12 Well Plate 18000 µL on slot 4, Well C3 form 20mLscintillation 12 Well Plate 18000 µL on slot 4, Well C4 form 20mLscintillation 12 Well Plate 18000 µL on slot 4]
2024-11-11 23:40:21,887:INFO:__main__:Transferred 1541.0 uL from Well B5 form septavialrev1_44_holder_2000ul on slot 2 to Well E3 form septavialrev1_44_holder_2000ul on slot 2
2024-11-11 23:43:27,280:INFO:__main__:Washed mix syringe in wash solutions [Well C2 form 20mLscintillation 12 Well Plate 18000 µL on slot 4, Well C3 form 20mLscintillation 12 Well Plate 18000 µL on slot 4, Well C4 form 20mLscintillation 12 Well Plate 18000 µL on slot 4]
2024-11-11 23:44:07,803:INFO:__main__:Transferred 1592.0 uL from Well B6 form septavialrev1_44_holder_2000ul on slot 2 to Well E4 form septavialrev1_44_holder_2000ul on slot 2
2024-11-11 23:47:13,156:INFO:__main__:Washed mix syringe in wash solutions [Well C2 form 20mLscintillation 12 Well Plate 18000 µL on slot 4, Well C3 form 20mLscintillation 12 Well Plate 18000 µL on slot 4, Well C4 form 20mLscintillation 12 Well Plate 18000 µL on slot 4]
2024-11-11 23:47:54,194:INFO:__main__:Transferred 1700.0 uL from Well B8 form septavialrev1_44_holder_2000ul on slot 2 to Well E5 form septavialrev1_44_holder_2000ul on slot 2
2024-11-11 23:50:59,474:INFO:__main__:Washed mix syringe in wash solutions [Well C2 form 20mLscintillation 12 Well Plate 18000 µL on slot 4, Well C3 form 20mLscintillation 12 Well Plate 18000 µL on slot 4, Well C4 form 20mLscintillation 12 Well Plate 18000 µL on slot 4]
2024-11-11 23:51:41,637:INFO:__main__:Transferred 1700.0 uL from Well C1 form septavialrev1_44_holder_2000ul on slot 2 to Well E6 form septavialrev1_44_holder_2000ul on slot 2
2024-11-11 23:54:47,231:INFO:__main__:Washed mix syringe in wash solutions [Well C2 form 20mLscintillation 12 Well Plate 18000 µL on slot 4, Well C3 form 20mLscintillation 12 Well Plate 18000 µL on slot 4, Well C4 form 20mLscintillation 12 Well Plate 18000 µL on slot 4]
2024-11-11 23:55:27,541:INFO:__main__:Transferred 1224.0 uL from Well C2 form septavialrev1_44_holder_2000ul on slot 2 to Well E8 form septavialrev1_44_holder_2000ul on slot 2
2024-11-11 23:58:33,235:INFO:__main__:Washed mix syringe in wash solutions [Well C2 form 20mLscintillation 12 Well Plate 18000 µL on slot 4, Well C3 form 20mLscintillation 12 Well Plate 18000 µL on slot 4, Well C4 form 20mLscintillation 12 Well Plate 18000 µL on slot 4]
2024-11-11 23:59:14,519:INFO:__main__:Transferred 1700.0 uL from Well C3 form septavialrev1_44_holder_2000ul on slot 2 to Well F1 form septavialrev1_44_holder_2000ul on slot 2
2024-11-12 00:02:20,078:INFO:__main__:Washed mix syringe in wash solutions [Well C2 form 20mLscintillation 12 Well Plate 18000 µL on slot 4, Well C3 form 20mLscintillation 12 Well Plate 18000 µL on slot 4, Well C4 form 20mLscintillation 12 Well Plate 18000 µL on slot 4]
2024-11-12 00:03:01,478:INFO:__main__:Transferred 1700.0 uL from Well C4 form septavialrev1_44_holder_2000ul on slot 2 to Well F2 form septavialrev1_44_holder_2000ul on slot 2
2024-11-12 00:06:07,076:INFO:__main__:Washed mix syringe in wash solutions [Well C2 form 20mLscintillation 12 Well Plate 18000 µL on slot 4, Well C3 form 20mLscintillation 12 Well Plate 18000 µL on slot 4, Well C4 form 20mLscintillation 12 Well Plate 18000 µL on slot 4]
2024-11-12 00:06:47,845:INFO:__main__:Transferred 1569.0 uL from Well C5 form septavialrev1_44_holder_2000ul on slot 2 to Well F3 form septavialrev1_44_holder_2000ul on slot 2
2024-11-12 00:09:53,411:INFO:__main__:Washed mix syringe in wash solutions [Well C2 form 20mLscintillation 12 Well Plate 18000 µL on slot 4, Well C3 form 20mLscintillation 12 Well Plate 18000 µL on slot 4, Well C4 form 20mLscintillation 12 Well Plate 18000 µL on slot 4]
2024-11-12 00:10:34,516:INFO:__main__:Transferred 1700.0 uL from Well C6 form septavialrev1_44_holder_2000ul on slot 2 to Well F4 form septavialrev1_44_holder_2000ul on slot 2
2024-11-12 00:13:40,082:INFO:__main__:Washed mix syringe in wash solutions [Well C2 form 20mLscintillation 12 Well Plate 18000 µL on slot 4, Well C3 form 20mLscintillation 12 Well Plate 18000 µL on slot 4, Well C4 form 20mLscintillation 12 Well Plate 18000 µL on slot 4]
