2024-12-11 14:09:29,253:INFO:stober_synthesis_utils:Dispensed 1232.127483189106 uL of ethanol_volume into Well A1 form septavialrev1_44_holder_2000ul on slot 2
2024-12-11 14:09:48,832:INFO:stober_synthesis_utils:Dispensed 1296.14813728258 uL of ethanol_volume into Well A2 form septavialrev1_44_holder_2000ul on slot 2
2024-12-11 14:10:07,744:INFO:stober_synthesis_utils:Dispensed 1147.0089852809906 uL of ethanol_volume into Well A3 form septavialrev1_44_holder_2000ul on slot 2
2024-12-11 14:10:27,280:INFO:stober_synthesis_utils:Dispensed 1382.5237850658596 uL of ethanol_volume into Well A4 form septavialrev1_44_holder_2000ul on slot 2
2024-12-11 14:10:46,661:INFO:stober_synthesis_utils:Dispensed 1350.1063264906406 uL of ethanol_volume into Well A5 form septavialrev1_44_holder_2000ul on slot 2
2024-12-11 14:10:46,662:INFO:stober_synthesis_utils:Refilling 10cc_1 with 9306.914717309177 uL from Well A4 form 20mLscintillation 12 Well Plate 18000 µL on slot 4
2024-12-11 14:12:39,648:INFO:stober_synthesis_utils:Dispensed 1548.3715619891882 uL of ethanol_volume into Well A6 form septavialrev1_44_holder_2000ul on slot 2
2024-12-11 14:12:59,139:INFO:stober_synthesis_utils:Dispensed 1412.2232954017818 uL of ethanol_volume into Well A7 form septavialrev1_44_holder_2000ul on slot 2
2024-12-11 14:13:18,704:INFO:stober_synthesis_utils:Dispensed 1495.9856017492712 uL of ethanol_volume into Well A8 form septavialrev1_44_holder_2000ul on slot 2
2024-12-11 14:13:38,741:INFO:stober_synthesis_utils:Dispensed 1261.5853518247604 uL of ethanol_volume into Well B1 form septavialrev1_44_holder_2000ul on slot 2
2024-12-11 14:13:58,587:INFO:stober_synthesis_utils:Dispensed 1514.6219582296908 uL of ethanol_volume into Well B3 form septavialrev1_44_holder_2000ul on slot 2
2024-12-11 14:14:18,411:INFO:stober_synthesis_utils:Dispensed 1548.2684212736783 uL of ethanol_volume into Well B4 form septavialrev1_44_holder_2000ul on slot 2
2024-12-11 14:14:18,411:INFO:stober_synthesis_utils:Refilling 10cc_1 with 8781.056190468371 uL from Well B1 form 20mLscintillation 12 Well Plate 18000 µL on slot 4
2024-12-11 14:17:40,076:INFO:stober_synthesis_utils:Refilling 10cc_1 with 8781.056190468371 uL from Well B1 form 20mLscintillation 12 Well Plate 18000 µL on slot 4
2024-12-11 14:18:22,500:INFO:stober_synthesis_utils:Dispensed 1255.2468549460173 uL of ethanol_volume into Well B5 form septavialrev1_44_holder_2000ul on slot 2
2024-12-11 14:18:42,138:INFO:stober_synthesis_utils:Dispensed 1458.6441758088768 uL of ethanol_volume into Well B6 form septavialrev1_44_holder_2000ul on slot 2
2024-12-11 14:19:01,948:INFO:stober_synthesis_utils:Dispensed 1487.5000015832484 uL of ethanol_volume into Well B8 form septavialrev1_44_holder_2000ul on slot 2
2024-12-11 14:19:22,170:INFO:stober_synthesis_utils:Dispensed 1277.4677839130163 uL of ethanol_volume into Well C1 form septavialrev1_44_holder_2000ul on slot 2
2024-12-11 14:19:41,378:INFO:stober_synthesis_utils:Dispensed 1250.116990879178 uL of ethanol_volume into Well C2 form septavialrev1_44_holder_2000ul on slot 2
2024-12-11 14:20:00,749:INFO:stober_synthesis_utils:Dispensed 1337.871901318431 uL of ethanol_volume into Well C3 form septavialrev1_44_holder_2000ul on slot 2
2024-12-11 14:20:19,934:INFO:stober_synthesis_utils:Dispensed 1240.999991260469 uL of ethanol_volume into Well C4 form septavialrev1_44_holder_2000ul on slot 2
2024-12-11 14:20:19,934:INFO:stober_synthesis_utils:Refilling 10cc_1 with 9307.847699709237 uL from Well B2 form 20mLscintillation 12 Well Plate 18000 µL on slot 4
2024-12-11 14:21:06,730:INFO:stober_synthesis_utils:Dispensed 1431.8156030029058 uL of ethanol_volume into Well C5 form septavialrev1_44_holder_2000ul on slot 2
2024-12-11 14:21:25,740:INFO:stober_synthesis_utils:Dispensed 1212.426768988371 uL of ethanol_volume into Well C6 form septavialrev1_44_holder_2000ul on slot 2
2024-12-11 14:23:55,023:WARNING:urllib3.connectionpool:Retrying (Retry(total=4, connect=None, read=None, redirect=None, status=None)) after connection broken by 'NewConnectionError('<urllib3.connection.HTTPConnection object at 0x74997dbebcd0>: Failed to establish a new connection: [Errno 110] Connection timed out')': /rr_model?key=seqs
2024-12-11 14:24:12,449:INFO:stober_synthesis_utils:Dispensed 1400.7219506427646 uL of ethanol_volume into Well A1 form septavialrev1_44_holder_2000ul on slot 3
2024-12-11 14:24:31,587:INFO:stober_synthesis_utils:Dispensed 1192.8237728774548 uL of ethanol_volume into Well A2 form septavialrev1_44_holder_2000ul on slot 3
2024-12-11 14:24:51,007:INFO:stober_synthesis_utils:Dispensed 1385.8016300946474 uL of ethanol_volume into Well A3 form septavialrev1_44_holder_2000ul on slot 3
2024-12-11 14:25:10,382:INFO:stober_synthesis_utils:Dispensed 1330.1433630287647 uL of ethanol_volume into Well A4 form septavialrev1_44_holder_2000ul on slot 3
2024-12-11 14:25:29,751:INFO:stober_synthesis_utils:Dispensed 1277.3074515163898 uL of ethanol_volume into Well A5 form septavialrev1_44_holder_2000ul on slot 3
2024-12-11 14:25:29,752:INFO:stober_synthesis_utils:Refilling 10cc_1 with 9231.040540151298 uL from Well A1 form 20mLscintillation 12 Well Plate 18000 µL on slot 5
2024-12-11 14:26:17,021:INFO:stober_synthesis_utils:Dispensed 1416.3063868880272 uL of ethanol_volume into Well A6 form septavialrev1_44_holder_2000ul on slot 3
2024-12-11 14:26:36,867:INFO:stober_synthesis_utils:Dispensed 1544.6715746540576 uL of ethanol_volume into Well A7 form septavialrev1_44_holder_2000ul on slot 3
2024-12-11 14:26:56,256:INFO:stober_synthesis_utils:Dispensed 1350.7139455527067 uL of ethanol_volume into Well A8 form septavialrev1_44_holder_2000ul on slot 3
2024-12-11 14:27:16,589:INFO:stober_synthesis_utils:Dispensed 1354.474838078022 uL of ethanol_volume into Well B1 form septavialrev1_44_holder_2000ul on slot 3
2024-12-11 14:27:35,995:INFO:stober_synthesis_utils:Dispensed 1274.803677201271 uL of ethanol_volume into Well B3 form septavialrev1_44_holder_2000ul on slot 3
2024-12-11 14:27:55,301:INFO:stober_synthesis_utils:Dispensed 1298.15291762352 uL of ethanol_volume into Well B4 form septavialrev1_44_holder_2000ul on slot 3
2024-12-11 14:28:14,974:INFO:stober_synthesis_utils:Dispensed 1425.5002706311643 uL of ethanol_volume into Well B5 form septavialrev1_44_holder_2000ul on slot 3
2024-12-11 14:28:14,975:INFO:stober_synthesis_utils:Refilling 10cc_1 with 9664.623610628769 uL from Well A2 form 20mLscintillation 12 Well Plate 18000 µL on slot 5
2024-12-11 14:29:02,860:INFO:stober_synthesis_utils:Dispensed 1445.053180679679 uL of ethanol_volume into Well B6 form septavialrev1_44_holder_2000ul on slot 3
2024-12-11 14:29:22,364:INFO:stober_synthesis_utils:Dispensed 1363.331377506256 uL of ethanol_volume into Well B8 form septavialrev1_44_holder_2000ul on slot 3
2024-12-11 14:29:42,735:INFO:stober_synthesis_utils:Dispensed 1406.8569684401157 uL of ethanol_volume into Well C1 form septavialrev1_44_holder_2000ul on slot 3
2024-12-11 14:30:02,038:INFO:stober_synthesis_utils:Dispensed 1347.9418359696865 uL of ethanol_volume into Well C2 form septavialrev1_44_holder_2000ul on slot 3
2024-12-11 14:30:21,507:INFO:stober_synthesis_utils:Dispensed 1384.762854501605 uL of ethanol_volume into Well C3 form septavialrev1_44_holder_2000ul on slot 3
2024-12-11 14:30:40,946:INFO:stober_synthesis_utils:Dispensed 1421.608692035079 uL of ethanol_volume into Well C4 form septavialrev1_44_holder_2000ul on slot 3
2024-12-11 14:31:00,175:INFO:stober_synthesis_utils:Dispensed 1253.627160191536 uL of ethanol_volume into Well C5 form septavialrev1_44_holder_2000ul on slot 3
2024-12-11 14:31:00,176:INFO:stober_synthesis_utils:Refilling 10cc_1 with 9623.182069323957 uL from Well A3 form 20mLscintillation 12 Well Plate 18000 µL on slot 5
2024-12-11 14:31:48,148:INFO:stober_synthesis_utils:Dispensed 1259.4688907265663 uL of ethanol_volume into Well C6 form septavialrev1_44_holder_2000ul on slot 3
2024-12-11 14:32:28,382:INFO:__main__:Emptied ethanol syringe into trash
2024-12-11 14:33:03,735:INFO:stober_synthesis_utils:Dispensed 255.0000101327896 uL of water_volume into Well A1 form septavialrev1_44_holder_2000ul on slot 2
2024-12-11 14:33:22,722:INFO:stober_synthesis_utils:Dispensed 255.0000101327896 uL of water_volume into Well A2 form septavialrev1_44_holder_2000ul on slot 2
2024-12-11 14:33:22,722:INFO:stober_synthesis_utils:Refilling 1cc_1 with 769.0000202655792 uL from Well A3 form 20mLscintillation 12 Well Plate 18000 µL on slot 4
2024-12-11 14:34:06,156:INFO:stober_synthesis_utils:Dispensed 255.0000101327896 uL of water_volume into Well A3 form septavialrev1_44_holder_2000ul on slot 2
2024-12-11 14:34:19,897:INFO:stober_synthesis_utils:Dispensed 8.499999810010195 uL of water_volume into Well A4 form septavialrev1_44_holder_2000ul on slot 2
2024-12-11 14:34:37,662:INFO:stober_synthesis_utils:Dispensed 193.65189671516416 uL of water_volume into Well A5 form septavialrev1_44_holder_2000ul on slot 2
2024-12-11 14:34:52,104:INFO:stober_synthesis_utils:Dispensed 39.14784900844097 uL of water_volume into Well A6 form septavialrev1_44_holder_2000ul on slot 2
2024-12-11 14:35:05,873:INFO:stober_synthesis_utils:Dispensed 8.499999810010195 uL of water_volume into Well A7 form septavialrev1_44_holder_2000ul on slot 2
2024-12-11 14:35:19,649:INFO:stober_synthesis_utils:Dispensed 8.499999810010195 uL of water_volume into Well A8 form septavialrev1_44_holder_2000ul on slot 2
2024-12-11 14:35:37,789:INFO:stober_synthesis_utils:Dispensed 171.33646681904793 uL of water_volume into Well B1 form septavialrev1_44_holder_2000ul on slot 2
2024-12-11 14:35:51,751:INFO:stober_synthesis_utils:Dispensed 8.499999810010195 uL of water_volume into Well B3 form septavialrev1_44_holder_2000ul on slot 2
2024-12-11 14:36:05,567:INFO:stober_synthesis_utils:Dispensed 8.499999810010195 uL of water_volume into Well B4 form septavialrev1_44_holder_2000ul on slot 2
2024-12-11 14:36:24,451:INFO:stober_synthesis_utils:Dispensed 250.9124681353569 uL of water_volume into Well B5 form septavialrev1_44_holder_2000ul on slot 2
2024-12-11 14:36:38,191:INFO:stober_synthesis_utils:Dispensed 8.499999810010195 uL of water_volume into Well B6 form septavialrev1_44_holder_2000ul on slot 2
2024-12-11 14:36:52,080:INFO:stober_synthesis_utils:Dispensed 8.499999810010195 uL of water_volume into Well B8 form septavialrev1_44_holder_2000ul on slot 2
2024-12-11 14:36:52,081:INFO:stober_synthesis_utils:Refilling 1cc_1 with 969.548689480871 uL from Well A3 form 20mLscintillation 12 Well Plate 18000 µL on slot 4
2024-12-11 14:37:38,233:INFO:stober_synthesis_utils:Dispensed 157.47625455260277 uL of water_volume into Well C1 form septavialrev1_44_holder_2000ul on slot 2
2024-12-11 14:37:57,095:INFO:stober_synthesis_utils:Dispensed 255.0000101327896 uL of water_volume into Well C2 form septavialrev1_44_holder_2000ul on slot 2
2024-12-11 14:38:11,705:INFO:stober_synthesis_utils:Dispensed 49.35563392937184 uL of water_volume into Well C3 form septavialrev1_44_holder_2000ul on slot 2
2024-12-11 14:38:30,624:INFO:stober_synthesis_utils:Dispensed 255.0000101327896 uL of water_volume into Well C4 form septavialrev1_44_holder_2000ul on slot 2
2024-12-11 14:38:44,946:INFO:stober_synthesis_utils:Dispensed 28.91746796667576 uL of water_volume into Well C5 form septavialrev1_44_holder_2000ul on slot 2
2024-12-11 14:39:02,833:INFO:stober_synthesis_utils:Dispensed 199.44920763373372 uL of water_volume into Well C6 form septavialrev1_44_holder_2000ul on slot 2
2024-12-11 14:39:17,434:INFO:stober_synthesis_utils:Refilling 1cc_1 with 945.1985843479633 uL from Well A3 form 20mLscintillation 12 Well Plate 18000 µL on slot 4
2024-12-11 14:40:00,015:INFO:stober_synthesis_utils:Dispensed 102.8643436729908 uL of water_volume into Well A1 form septavialrev1_44_holder_2000ul on slot 3
2024-12-11 14:40:18,238:INFO:stober_synthesis_utils:Dispensed 220.522965490818 uL of water_volume into Well A2 form septavialrev1_44_holder_2000ul on slot 3
2024-12-11 14:40:32,355:INFO:stober_synthesis_utils:Dispensed 22.242138162255287 uL of water_volume into Well A3 form septavialrev1_44_holder_2000ul on slot 3
2024-12-11 14:40:47,392:INFO:stober_synthesis_utils:Dispensed 68.78119856119156 uL of water_volume into Well A4 form septavialrev1_44_holder_2000ul on slot 3
2024-12-11 14:41:04,044:INFO:stober_synthesis_utils:Dispensed 147.30607494711876 uL of water_volume into Well A5 form septavialrev1_44_holder_2000ul on slot 3
2024-12-11 14:41:19,788:INFO:stober_synthesis_utils:Dispensed 100.70989727973938 uL of water_volume into Well A6 form septavialrev1_44_holder_2000ul on slot 3
2024-12-11 14:41:35,108:INFO:stober_synthesis_utils:Dispensed 83.22437554597855 uL of water_volume into Well A7 form septavialrev1_44_holder_2000ul on slot 3
2024-12-11 14:41:49,898:INFO:stober_synthesis_utils:Dispensed 58.12087692320347 uL of water_volume into Well A8 form septavialrev1_44_holder_2000ul on slot 3
2024-12-11 14:42:06,024:INFO:stober_synthesis_utils:Dispensed 76.42947882413864 uL of water_volume into Well B1 form septavialrev1_44_holder_2000ul on slot 3
2024-12-11 14:42:06,024:INFO:stober_synthesis_utils:Refilling 1cc_1 with 880.2013494074345 uL from Well A3 form 20mLscintillation 12 Well Plate 18000 µL on slot 4
2024-12-11 14:42:50,979:INFO:stober_synthesis_utils:Dispensed 179.42757532000542 uL of water_volume into Well B3 form septavialrev1_44_holder_2000ul on slot 3
2024-12-11 14:43:08,220:INFO:stober_synthesis_utils:Dispensed 177.3028813302517 uL of water_volume into Well B4 form septavialrev1_44_holder_2000ul on slot 3
2024-12-11 14:43:26,759:INFO:stober_synthesis_utils:Dispensed 232.71853774785995 uL of water_volume into Well B5 form septavialrev1_44_holder_2000ul on slot 3
2024-12-11 14:43:41,144:INFO:stober_synthesis_utils:Dispensed 36.483773961663246 uL of water_volume into Well B6 form septavialrev1_44_holder_2000ul on slot 3
2024-12-11 14:43:57,048:INFO:stober_synthesis_utils:Dispensed 102.2672563791275 uL of water_volume into Well B8 form septavialrev1_44_holder_2000ul on slot 3
2024-12-11 14:44:16,170:INFO:stober_synthesis_utils:Dispensed 219.71158236265185 uL of water_volume into Well C1 form septavialrev1_44_holder_2000ul on slot 3
2024-12-11 14:44:30,813:INFO:stober_synthesis_utils:Dispensed 50.14329999685288 uL of water_volume into Well C2 form septavialrev1_44_holder_2000ul on slot 3
2024-12-11 14:44:30,814:INFO:stober_synthesis_utils:Refilling 1cc_1 with 998.0549070984125 uL from Well A3 form 20mLscintillation 12 Well Plate 18000 µL on slot 4
2024-12-11 14:45:16,156:INFO:stober_synthesis_utils:Dispensed 67.59007014334202 uL of water_volume into Well C3 form septavialrev1_44_holder_2000ul on slot 3
2024-12-11 14:45:31,794:INFO:stober_synthesis_utils:Dispensed 94.23800222575665 uL of water_volume into Well C4 form septavialrev1_44_holder_2000ul on slot 3
2024-12-11 14:45:48,274:INFO:stober_synthesis_utils:Dispensed 138.52491080760956 uL of water_volume into Well C5 form septavialrev1_44_holder_2000ul on slot 3
2024-12-11 14:46:06,242:INFO:stober_synthesis_utils:Dispensed 209.96331945061684 uL of water_volume into Well C6 form septavialrev1_44_holder_2000ul on slot 3
2024-12-11 14:46:34,147:INFO:stober_synthesis_utils:Dispensed 121.41673415899275 uL of ammonia_volume into Well A1 form septavialrev1_44_holder_2000ul on slot 2
2024-12-11 14:46:43,851:INFO:stober_synthesis_utils:Dispensed 8.499999810010195 uL of ammonia_volume into Well A2 form septavialrev1_44_holder_2000ul on slot 2
2024-12-11 14:46:54,326:INFO:stober_synthesis_utils:Dispensed 42.990994453430176 uL of ammonia_volume into Well A3 form septavialrev1_44_holder_2000ul on slot 2
2024-12-11 14:47:05,104:INFO:stober_synthesis_utils:Dispensed 53.97620499134064 uL of ammonia_volume into Well A4 form septavialrev1_44_holder_2000ul on slot 2
2024-12-11 14:47:16,298:INFO:stober_synthesis_utils:Dispensed 77.69647017121315 uL of ammonia_volume into Well A5 form septavialrev1_44_holder_2000ul on slot 2
2024-12-11 14:47:27,133:INFO:stober_synthesis_utils:Dispensed 59.6741259098053 uL of ammonia_volume into Well A6 form septavialrev1_44_holder_2000ul on slot 2
2024-12-11 14:47:27,134:INFO:stober_synthesis_utils:Refilling 1cc_2 with 993.2545294947922 uL from Well A2 form 20mLscintillation 12 Well Plate 18000 µL on slot 4
2024-12-11 14:48:09,837:INFO:stober_synthesis_utils:Dispensed 177.1695464849472 uL of ammonia_volume into Well A7 form septavialrev1_44_holder_2000ul on slot 2
2024-12-11 14:48:22,200:INFO:stober_synthesis_utils:Dispensed 128.01671400666237 uL of ammonia_volume into Well A8 form septavialrev1_44_holder_2000ul on slot 2
2024-12-11 14:48:35,827:INFO:stober_synthesis_utils:Dispensed 146.73532024025917 uL of ammonia_volume into Well B1 form septavialrev1_44_holder_2000ul on slot 2
2024-12-11 14:48:48,967:INFO:stober_synthesis_utils:Dispensed 159.87804234027865 uL of ammonia_volume into Well B3 form septavialrev1_44_holder_2000ul on slot 2
2024-12-11 14:49:00,083:INFO:stober_synthesis_utils:Dispensed 70.43619975447655 uL of ammonia_volume into Well B4 form septavialrev1_44_holder_2000ul on slot 2
2024-12-11 14:49:11,488:INFO:stober_synthesis_utils:Dispensed 88.45649845898151 uL of ammonia_volume into Well B5 form septavialrev1_44_holder_2000ul on slot 2
2024-12-11 14:49:23,697:INFO:stober_synthesis_utils:Dispensed 128.66102010011673 uL of ammonia_volume into Well B6 form septavialrev1_44_holder_2000ul on slot 2
2024-12-11 14:49:23,697:INFO:stober_synthesis_utils:Refilling 1cc_2 with 899.3533413857222 uL from Well A2 form 20mLscintillation 12 Well Plate 18000 µL on slot 4
2024-12-11 14:50:04,788:INFO:stober_synthesis_utils:Dispensed 186.99999898672104 uL of ammonia_volume into Well B8 form septavialrev1_44_holder_2000ul on slot 2
2024-12-11 14:50:16,940:INFO:stober_synthesis_utils:Dispensed 74.55718629062176 uL of ammonia_volume into Well C1 form septavialrev1_44_holder_2000ul on slot 2
2024-12-11 14:50:29,366:INFO:stober_synthesis_utils:Dispensed 133.8033601641655 uL of ammonia_volume into Well C2 form septavialrev1_44_holder_2000ul on slot 2
2024-12-11 14:50:42,873:INFO:stober_synthesis_utils:Dispensed 186.99999898672104 uL of ammonia_volume into Well C3 form septavialrev1_44_holder_2000ul on slot 2
2024-12-11 14:50:56,383:INFO:stober_synthesis_utils:Dispensed 186.99999898672104 uL of ammonia_volume into Well C4 form septavialrev1_44_holder_2000ul on slot 2
2024-12-11 14:51:08,117:INFO:stober_synthesis_utils:Dispensed 99.18201193213464 uL of ammonia_volume into Well C5 form septavialrev1_44_holder_2000ul on slot 2
2024-12-11 14:51:08,118:INFO:stober_synthesis_utils:Refilling 1cc_2 with 868.542555347085 uL from Well A2 form 20mLscintillation 12 Well Plate 18000 µL on slot 4
2024-12-11 14:51:47,605:INFO:stober_synthesis_utils:Dispensed 133.15506428480148 uL of ammonia_volume into Well C6 form septavialrev1_44_holder_2000ul on slot 2
2024-12-11 14:52:14,509:INFO:stober_synthesis_utils:Dispensed 145.1545037329197 uL of ammonia_volume into Well A1 form septavialrev1_44_holder_2000ul on slot 3
2024-12-11 14:52:26,379:INFO:stober_synthesis_utils:Dispensed 112.5764198601246 uL of ammonia_volume into Well A2 form septavialrev1_44_holder_2000ul on slot 3
2024-12-11 14:52:37,162:INFO:stober_synthesis_utils:Dispensed 61.859553307294846 uL of ammonia_volume into Well A3 form septavialrev1_44_holder_2000ul on slot 3
2024-12-11 14:52:48,002:INFO:stober_synthesis_utils:Dispensed 58.703721314668655 uL of ammonia_volume into Well A4 form septavialrev1_44_holder_2000ul on slot 3
2024-12-11 14:53:00,059:INFO:stober_synthesis_utils:Dispensed 124.51363131403924 uL of ammonia_volume into Well A5 form septavialrev1_44_holder_2000ul on slot 3
2024-12-11 14:53:11,961:INFO:stober_synthesis_utils:Dispensed 112.21298202872276 uL of ammonia_volume into Well A6 form septavialrev1_44_holder_2000ul on slot 3
2024-12-11 14:53:21,725:INFO:stober_synthesis_utils:Dispensed 9.063804848119617 uL of ammonia_volume into Well A7 form septavialrev1_44_holder_2000ul on slot 3
2024-12-11 14:53:34,634:INFO:stober_synthesis_utils:Dispensed 159.3804970383644 uL of ammonia_volume into Well A8 form septavialrev1_44_holder_2000ul on slot 3
2024-12-11 14:53:45,984:INFO:stober_synthesis_utils:Dispensed 37.204208970069885 uL of ammonia_volume into Well B1 form septavialrev1_44_holder_2000ul on slot 3
2024-12-11 14:53:45,986:INFO:stober_synthesis_utils:Refilling 1cc_2 with 953.8243866991252 uL from Well A2 form 20mLscintillation 12 Well Plate 18000 µL on slot 4
2024-12-11 14:54:28,364:INFO:stober_synthesis_utils:Dispensed 147.8377677500248 uL of ammonia_volume into Well B3 form septavialrev1_44_holder_2000ul on slot 3
2024-12-11 14:54:40,235:INFO:stober_synthesis_utils:Dispensed 108.5167557001114 uL of ammonia_volume into Well B4 form septavialrev1_44_holder_2000ul on slot 3
2024-12-11 14:54:50,106:INFO:stober_synthesis_utils:Dispensed 14.93424205109477 uL of ammonia_volume into Well B5 form septavialrev1_44_holder_2000ul on slot 3
2024-12-11 14:55:01,920:INFO:stober_synthesis_utils:Dispensed 108.06085616350174 uL of ammonia_volume into Well B6 form septavialrev1_44_holder_2000ul on slot 3
2024-12-11 14:55:15,152:INFO:stober_synthesis_utils:Dispensed 159.74679738283157 uL of ammonia_volume into Well B8 form septavialrev1_44_holder_2000ul on slot 3
2024-12-11 14:55:26,885:INFO:stober_synthesis_utils:Dispensed 53.84611897170544 uL of ammonia_volume into Well C1 form septavialrev1_44_holder_2000ul on slot 3
2024-12-11 14:55:39,692:INFO:stober_synthesis_utils:Dispensed 149.9616637825966 uL of ammonia_volume into Well C2 form septavialrev1_44_holder_2000ul on slot 3
2024-12-11 14:55:50,192:INFO:stober_synthesis_utils:Dispensed 40.92723652720451 uL of ammonia_volume into Well C3 form septavialrev1_44_holder_2000ul on slot 3
2024-12-11 14:56:01,566:INFO:stober_synthesis_utils:Dispensed 82.54289478063583 uL of ammonia_volume into Well C4 form septavialrev1_44_holder_2000ul on slot 3
2024-12-11 14:56:01,566:INFO:stober_synthesis_utils:Refilling 1cc_2 with 866.3743331097066 uL from Well A2 form 20mLscintillation 12 Well Plate 18000 µL on slot 4
2024-12-11 14:56:42,766:INFO:stober_synthesis_utils:Dispensed 152.7916505932808 uL of ammonia_volume into Well C5 form septavialrev1_44_holder_2000ul on slot 3
2024-12-11 14:56:54,941:INFO:stober_synthesis_utils:Dispensed 123.92287701368332 uL of ammonia_volume into Well C6 form septavialrev1_44_holder_2000ul on slot 3
2024-12-11 14:57:51,682:INFO:stober_synthesis_utils:Mixed well Well A1 form septavialrev1_44_holder_2000ul on slot 2 5 times, 2000 uL per cycle
2024-12-11 15:00:56,390:INFO:stober_synthesis_utils:Washed mix syringe in wash solutions [Well C2 form 20mLscintillation 12 Well Plate 18000 µL on slot 4, Well C3 form 20mLscintillation 12 Well Plate 18000 µL on slot 4, Well C4 form 20mLscintillation 12 Well Plate 18000 µL on slot 4]
2024-12-11 15:01:38,564:INFO:stober_synthesis_utils:Mixed well Well A2 form septavialrev1_44_holder_2000ul on slot 2 5 times, 2000 uL per cycle
2024-12-11 15:04:43,208:INFO:stober_synthesis_utils:Washed mix syringe in wash solutions [Well C2 form 20mLscintillation 12 Well Plate 18000 µL on slot 4, Well C3 form 20mLscintillation 12 Well Plate 18000 µL on slot 4, Well C4 form 20mLscintillation 12 Well Plate 18000 µL on slot 4]
2024-12-11 15:05:25,404:INFO:stober_synthesis_utils:Mixed well Well A3 form septavialrev1_44_holder_2000ul on slot 2 5 times, 2000 uL per cycle
2024-12-11 15:08:29,834:INFO:stober_synthesis_utils:Washed mix syringe in wash solutions [Well C2 form 20mLscintillation 12 Well Plate 18000 µL on slot 4, Well C3 form 20mLscintillation 12 Well Plate 18000 µL on slot 4, Well C4 form 20mLscintillation 12 Well Plate 18000 µL on slot 4]
2024-12-11 15:09:11,750:INFO:stober_synthesis_utils:Mixed well Well A4 form septavialrev1_44_holder_2000ul on slot 2 5 times, 2000 uL per cycle
2024-12-11 15:12:16,091:INFO:stober_synthesis_utils:Washed mix syringe in wash solutions [Well C2 form 20mLscintillation 12 Well Plate 18000 µL on slot 4, Well C3 form 20mLscintillation 12 Well Plate 18000 µL on slot 4, Well C4 form 20mLscintillation 12 Well Plate 18000 µL on slot 4]
2024-12-11 15:12:58,030:INFO:stober_synthesis_utils:Mixed well Well A5 form septavialrev1_44_holder_2000ul on slot 2 5 times, 2000 uL per cycle
2024-12-11 15:16:02,625:INFO:stober_synthesis_utils:Washed mix syringe in wash solutions [Well C2 form 20mLscintillation 12 Well Plate 18000 µL on slot 4, Well C3 form 20mLscintillation 12 Well Plate 18000 µL on slot 4, Well C4 form 20mLscintillation 12 Well Plate 18000 µL on slot 4]
2024-12-11 15:16:44,315:INFO:stober_synthesis_utils:Mixed well Well A6 form septavialrev1_44_holder_2000ul on slot 2 5 times, 2000 uL per cycle
2024-12-11 15:19:49,173:INFO:stober_synthesis_utils:Washed mix syringe in wash solutions [Well C2 form 20mLscintillation 12 Well Plate 18000 µL on slot 4, Well C3 form 20mLscintillation 12 Well Plate 18000 µL on slot 4, Well C4 form 20mLscintillation 12 Well Plate 18000 µL on slot 4]
2024-12-11 15:20:30,793:INFO:stober_synthesis_utils:Mixed well Well A7 form septavialrev1_44_holder_2000ul on slot 2 5 times, 2000 uL per cycle
2024-12-11 15:23:47,215:WARNING:urllib3.connectionpool:Retrying (Retry(total=4, connect=None, read=None, redirect=None, status=None)) after connection broken by 'NewConnectionError('<urllib3.connection.HTTPConnection object at 0x74996c04cc10>: Failed to establish a new connection: [Errno 110] Connection timed out')': /rr_model?key=seqs
2024-12-11 15:25:50,039:INFO:stober_synthesis_utils:Washed mix syringe in wash solutions [Well C2 form 20mLscintillation 12 Well Plate 18000 µL on slot 4, Well C3 form 20mLscintillation 12 Well Plate 18000 µL on slot 4, Well C4 form 20mLscintillation 12 Well Plate 18000 µL on slot 4]
2024-12-11 15:26:31,775:INFO:stober_synthesis_utils:Mixed well Well A8 form septavialrev1_44_holder_2000ul on slot 2 5 times, 2000 uL per cycle
2024-12-11 15:29:36,799:INFO:stober_synthesis_utils:Washed mix syringe in wash solutions [Well C2 form 20mLscintillation 12 Well Plate 18000 µL on slot 4, Well C3 form 20mLscintillation 12 Well Plate 18000 µL on slot 4, Well C4 form 20mLscintillation 12 Well Plate 18000 µL on slot 4]
2024-12-11 15:30:19,250:INFO:stober_synthesis_utils:Mixed well Well B1 form septavialrev1_44_holder_2000ul on slot 2 5 times, 2000 uL per cycle
2024-12-11 15:33:23,972:INFO:stober_synthesis_utils:Washed mix syringe in wash solutions [Well C2 form 20mLscintillation 12 Well Plate 18000 µL on slot 4, Well C3 form 20mLscintillation 12 Well Plate 18000 µL on slot 4, Well C4 form 20mLscintillation 12 Well Plate 18000 µL on slot 4]
2024-12-11 15:34:06,179:INFO:stober_synthesis_utils:Mixed well Well B3 form septavialrev1_44_holder_2000ul on slot 2 5 times, 2000 uL per cycle
2024-12-11 15:37:10,738:INFO:stober_synthesis_utils:Washed mix syringe in wash solutions [Well C2 form 20mLscintillation 12 Well Plate 18000 µL on slot 4, Well C3 form 20mLscintillation 12 Well Plate 18000 µL on slot 4, Well C4 form 20mLscintillation 12 Well Plate 18000 µL on slot 4]
2024-12-11 15:37:52,787:INFO:stober_synthesis_utils:Mixed well Well B4 form septavialrev1_44_holder_2000ul on slot 2 5 times, 2000 uL per cycle
2024-12-11 15:40:57,423:INFO:stober_synthesis_utils:Washed mix syringe in wash solutions [Well C2 form 20mLscintillation 12 Well Plate 18000 µL on slot 4, Well C3 form 20mLscintillation 12 Well Plate 18000 µL on slot 4, Well C4 form 20mLscintillation 12 Well Plate 18000 µL on slot 4]
2024-12-11 15:41:39,319:INFO:stober_synthesis_utils:Mixed well Well B5 form septavialrev1_44_holder_2000ul on slot 2 5 times, 2000 uL per cycle
2024-12-11 15:44:44,492:INFO:stober_synthesis_utils:Washed mix syringe in wash solutions [Well C2 form 20mLscintillation 12 Well Plate 18000 µL on slot 4, Well C3 form 20mLscintillation 12 Well Plate 18000 µL on slot 4, Well C4 form 20mLscintillation 12 Well Plate 18000 µL on slot 4]
2024-12-11 15:45:26,251:INFO:stober_synthesis_utils:Mixed well Well B6 form septavialrev1_44_holder_2000ul on slot 2 5 times, 2000 uL per cycle
2024-12-11 15:48:30,797:INFO:stober_synthesis_utils:Washed mix syringe in wash solutions [Well C2 form 20mLscintillation 12 Well Plate 18000 µL on slot 4, Well C3 form 20mLscintillation 12 Well Plate 18000 µL on slot 4, Well C4 form 20mLscintillation 12 Well Plate 18000 µL on slot 4]
2024-12-11 15:49:12,613:INFO:stober_synthesis_utils:Mixed well Well B8 form septavialrev1_44_holder_2000ul on slot 2 5 times, 2000 uL per cycle
2024-12-11 15:52:17,506:INFO:stober_synthesis_utils:Washed mix syringe in wash solutions [Well C2 form 20mLscintillation 12 Well Plate 18000 µL on slot 4, Well C3 form 20mLscintillation 12 Well Plate 18000 µL on slot 4, Well C4 form 20mLscintillation 12 Well Plate 18000 µL on slot 4]
2024-12-11 15:53:00,125:INFO:stober_synthesis_utils:Mixed well Well C1 form septavialrev1_44_holder_2000ul on slot 2 5 times, 2000 uL per cycle
2024-12-11 15:56:05,136:INFO:stober_synthesis_utils:Washed mix syringe in wash solutions [Well C2 form 20mLscintillation 12 Well Plate 18000 µL on slot 4, Well C3 form 20mLscintillation 12 Well Plate 18000 µL on slot 4, Well C4 form 20mLscintillation 12 Well Plate 18000 µL on slot 4]
2024-12-11 15:56:47,501:INFO:stober_synthesis_utils:Mixed well Well C2 form septavialrev1_44_holder_2000ul on slot 2 5 times, 2000 uL per cycle
2024-12-11 15:59:52,255:INFO:stober_synthesis_utils:Washed mix syringe in wash solutions [Well C2 form 20mLscintillation 12 Well Plate 18000 µL on slot 4, Well C3 form 20mLscintillation 12 Well Plate 18000 µL on slot 4, Well C4 form 20mLscintillation 12 Well Plate 18000 µL on slot 4]
2024-12-11 16:00:34,543:INFO:stober_synthesis_utils:Mixed well Well C3 form septavialrev1_44_holder_2000ul on slot 2 5 times, 2000 uL per cycle
2024-12-11 16:03:39,218:INFO:stober_synthesis_utils:Washed mix syringe in wash solutions [Well C2 form 20mLscintillation 12 Well Plate 18000 µL on slot 4, Well C3 form 20mLscintillation 12 Well Plate 18000 µL on slot 4, Well C4 form 20mLscintillation 12 Well Plate 18000 µL on slot 4]
2024-12-11 16:04:21,389:INFO:stober_synthesis_utils:Mixed well Well C4 form septavialrev1_44_holder_2000ul on slot 2 5 times, 2000 uL per cycle
2024-12-11 16:07:25,966:INFO:stober_synthesis_utils:Washed mix syringe in wash solutions [Well C2 form 20mLscintillation 12 Well Plate 18000 µL on slot 4, Well C3 form 20mLscintillation 12 Well Plate 18000 µL on slot 4, Well C4 form 20mLscintillation 12 Well Plate 18000 µL on slot 4]
2024-12-11 16:08:07,998:INFO:stober_synthesis_utils:Mixed well Well C5 form septavialrev1_44_holder_2000ul on slot 2 5 times, 2000 uL per cycle
2024-12-11 16:11:12,643:INFO:stober_synthesis_utils:Washed mix syringe in wash solutions [Well C2 form 20mLscintillation 12 Well Plate 18000 µL on slot 4, Well C3 form 20mLscintillation 12 Well Plate 18000 µL on slot 4, Well C4 form 20mLscintillation 12 Well Plate 18000 µL on slot 4]
2024-12-11 16:11:54,536:INFO:stober_synthesis_utils:Mixed well Well C6 form septavialrev1_44_holder_2000ul on slot 2 5 times, 2000 uL per cycle
2024-12-11 16:14:59,444:INFO:stober_synthesis_utils:Washed mix syringe in wash solutions [Well C2 form 20mLscintillation 12 Well Plate 18000 µL on slot 4, Well C3 form 20mLscintillation 12 Well Plate 18000 µL on slot 4, Well C4 form 20mLscintillation 12 Well Plate 18000 µL on slot 4]
2024-12-11 16:15:54,350:INFO:stober_synthesis_utils:Mixed well Well A1 form septavialrev1_44_holder_2000ul on slot 3 5 times, 2000 uL per cycle
2024-12-11 16:19:00,267:INFO:stober_synthesis_utils:Washed mix syringe in wash solutions [Well B3 form 20mLscintillation 12 Well Plate 18000 µL on slot 5, Well B4 form 20mLscintillation 12 Well Plate 18000 µL on slot 5, Well C1 form 20mLscintillation 12 Well Plate 18000 µL on slot 5]
2024-12-11 16:20:14,321:INFO:stober_synthesis_utils:Mixed well Well A2 form septavialrev1_44_holder_2000ul on slot 3 5 times, 2000 uL per cycle
2024-12-11 16:23:20,005:INFO:stober_synthesis_utils:Washed mix syringe in wash solutions [Well B3 form 20mLscintillation 12 Well Plate 18000 µL on slot 5, Well B4 form 20mLscintillation 12 Well Plate 18000 µL on slot 5, Well C1 form 20mLscintillation 12 Well Plate 18000 µL on slot 5]
2024-12-11 16:24:01,482:INFO:stober_synthesis_utils:Mixed well Well A3 form septavialrev1_44_holder_2000ul on slot 3 5 times, 2000 uL per cycle
2024-12-11 16:27:06,965:INFO:stober_synthesis_utils:Washed mix syringe in wash solutions [Well B3 form 20mLscintillation 12 Well Plate 18000 µL on slot 5, Well B4 form 20mLscintillation 12 Well Plate 18000 µL on slot 5, Well C1 form 20mLscintillation 12 Well Plate 18000 µL on slot 5]
2024-12-11 16:27:48,722:INFO:stober_synthesis_utils:Mixed well Well A4 form septavialrev1_44_holder_2000ul on slot 3 5 times, 2000 uL per cycle
2024-12-11 16:30:54,098:INFO:stober_synthesis_utils:Washed mix syringe in wash solutions [Well B3 form 20mLscintillation 12 Well Plate 18000 µL on slot 5, Well B4 form 20mLscintillation 12 Well Plate 18000 µL on slot 5, Well C1 form 20mLscintillation 12 Well Plate 18000 µL on slot 5]
2024-12-11 16:31:36,109:INFO:stober_synthesis_utils:Mixed well Well A5 form septavialrev1_44_holder_2000ul on slot 3 5 times, 2000 uL per cycle
2024-12-11 16:34:41,568:INFO:stober_synthesis_utils:Washed mix syringe in wash solutions [Well B3 form 20mLscintillation 12 Well Plate 18000 µL on slot 5, Well B4 form 20mLscintillation 12 Well Plate 18000 µL on slot 5, Well C1 form 20mLscintillation 12 Well Plate 18000 µL on slot 5]
2024-12-11 16:35:23,769:INFO:stober_synthesis_utils:Mixed well Well A6 form septavialrev1_44_holder_2000ul on slot 3 5 times, 2000 uL per cycle
2024-12-11 16:38:29,132:INFO:stober_synthesis_utils:Washed mix syringe in wash solutions [Well B3 form 20mLscintillation 12 Well Plate 18000 µL on slot 5, Well B4 form 20mLscintillation 12 Well Plate 18000 µL on slot 5, Well C1 form 20mLscintillation 12 Well Plate 18000 µL on slot 5]
2024-12-11 16:39:11,328:INFO:stober_synthesis_utils:Mixed well Well A7 form septavialrev1_44_holder_2000ul on slot 3 5 times, 2000 uL per cycle
2024-12-11 16:42:16,811:INFO:stober_synthesis_utils:Washed mix syringe in wash solutions [Well B3 form 20mLscintillation 12 Well Plate 18000 µL on slot 5, Well B4 form 20mLscintillation 12 Well Plate 18000 µL on slot 5, Well C1 form 20mLscintillation 12 Well Plate 18000 µL on slot 5]
2024-12-11 16:42:59,274:INFO:stober_synthesis_utils:Mixed well Well A8 form septavialrev1_44_holder_2000ul on slot 3 5 times, 2000 uL per cycle
2024-12-11 16:46:05,031:INFO:stober_synthesis_utils:Washed mix syringe in wash solutions [Well B3 form 20mLscintillation 12 Well Plate 18000 µL on slot 5, Well B4 form 20mLscintillation 12 Well Plate 18000 µL on slot 5, Well C1 form 20mLscintillation 12 Well Plate 18000 µL on slot 5]
2024-12-11 16:46:46,854:INFO:stober_synthesis_utils:Mixed well Well B1 form septavialrev1_44_holder_2000ul on slot 3 5 times, 2000 uL per cycle
2024-12-11 16:49:52,776:INFO:stober_synthesis_utils:Washed mix syringe in wash solutions [Well B3 form 20mLscintillation 12 Well Plate 18000 µL on slot 5, Well B4 form 20mLscintillation 12 Well Plate 18000 µL on slot 5, Well C1 form 20mLscintillation 12 Well Plate 18000 µL on slot 5]
2024-12-11 16:50:34,584:INFO:stober_synthesis_utils:Mixed well Well B3 form septavialrev1_44_holder_2000ul on slot 3 5 times, 2000 uL per cycle
2024-12-11 16:54:51,279:WARNING:urllib3.connectionpool:Retrying (Retry(total=4, connect=None, read=None, redirect=None, status=None)) after connection broken by 'NewConnectionError('<urllib3.connection.HTTPConnection object at 0x74996c04ff70>: Failed to establish a new connection: [Errno 110] Connection timed out')': /rr_model?key=seqs
2024-12-11 16:55:53,274:INFO:stober_synthesis_utils:Washed mix syringe in wash solutions [Well B3 form 20mLscintillation 12 Well Plate 18000 µL on slot 5, Well B4 form 20mLscintillation 12 Well Plate 18000 µL on slot 5, Well C1 form 20mLscintillation 12 Well Plate 18000 µL on slot 5]
2024-12-11 16:56:35,221:INFO:stober_synthesis_utils:Mixed well Well B4 form septavialrev1_44_holder_2000ul on slot 3 5 times, 2000 uL per cycle
2024-12-11 16:59:40,869:INFO:stober_synthesis_utils:Washed mix syringe in wash solutions [Well B3 form 20mLscintillation 12 Well Plate 18000 µL on slot 5, Well B4 form 20mLscintillation 12 Well Plate 18000 µL on slot 5, Well C1 form 20mLscintillation 12 Well Plate 18000 µL on slot 5]
2024-12-11 17:00:22,797:INFO:stober_synthesis_utils:Mixed well Well B5 form septavialrev1_44_holder_2000ul on slot 3 5 times, 2000 uL per cycle
2024-12-11 17:03:28,278:INFO:stober_synthesis_utils:Washed mix syringe in wash solutions [Well B3 form 20mLscintillation 12 Well Plate 18000 µL on slot 5, Well B4 form 20mLscintillation 12 Well Plate 18000 µL on slot 5, Well C1 form 20mLscintillation 12 Well Plate 18000 µL on slot 5]
2024-12-11 17:04:10,492:INFO:stober_synthesis_utils:Mixed well Well B6 form septavialrev1_44_holder_2000ul on slot 3 5 times, 2000 uL per cycle
2024-12-11 17:07:15,919:INFO:stober_synthesis_utils:Washed mix syringe in wash solutions [Well B3 form 20mLscintillation 12 Well Plate 18000 µL on slot 5, Well B4 form 20mLscintillation 12 Well Plate 18000 µL on slot 5, Well C1 form 20mLscintillation 12 Well Plate 18000 µL on slot 5]
2024-12-11 17:07:58,410:INFO:stober_synthesis_utils:Mixed well Well B8 form septavialrev1_44_holder_2000ul on slot 3 5 times, 2000 uL per cycle
2024-12-11 17:11:04,007:INFO:stober_synthesis_utils:Washed mix syringe in wash solutions [Well B3 form 20mLscintillation 12 Well Plate 18000 µL on slot 5, Well B4 form 20mLscintillation 12 Well Plate 18000 µL on slot 5, Well C1 form 20mLscintillation 12 Well Plate 18000 µL on slot 5]
2024-12-11 17:11:45,911:INFO:stober_synthesis_utils:Mixed well Well C1 form septavialrev1_44_holder_2000ul on slot 3 5 times, 2000 uL per cycle
2024-12-11 17:14:52,102:INFO:stober_synthesis_utils:Washed mix syringe in wash solutions [Well B3 form 20mLscintillation 12 Well Plate 18000 µL on slot 5, Well B4 form 20mLscintillation 12 Well Plate 18000 µL on slot 5, Well C1 form 20mLscintillation 12 Well Plate 18000 µL on slot 5]
2024-12-11 17:15:34,017:INFO:stober_synthesis_utils:Mixed well Well C2 form septavialrev1_44_holder_2000ul on slot 3 5 times, 2000 uL per cycle
2024-12-11 17:18:39,765:INFO:stober_synthesis_utils:Washed mix syringe in wash solutions [Well B3 form 20mLscintillation 12 Well Plate 18000 µL on slot 5, Well B4 form 20mLscintillation 12 Well Plate 18000 µL on slot 5, Well C1 form 20mLscintillation 12 Well Plate 18000 µL on slot 5]
2024-12-11 17:19:21,753:INFO:stober_synthesis_utils:Mixed well Well C3 form septavialrev1_44_holder_2000ul on slot 3 5 times, 2000 uL per cycle
2024-12-11 17:22:27,702:INFO:stober_synthesis_utils:Washed mix syringe in wash solutions [Well B3 form 20mLscintillation 12 Well Plate 18000 µL on slot 5, Well B4 form 20mLscintillation 12 Well Plate 18000 µL on slot 5, Well C1 form 20mLscintillation 12 Well Plate 18000 µL on slot 5]
2024-12-11 17:23:09,734:INFO:stober_synthesis_utils:Mixed well Well C4 form septavialrev1_44_holder_2000ul on slot 3 5 times, 2000 uL per cycle
2024-12-11 17:26:15,380:INFO:stober_synthesis_utils:Washed mix syringe in wash solutions [Well B3 form 20mLscintillation 12 Well Plate 18000 µL on slot 5, Well B4 form 20mLscintillation 12 Well Plate 18000 µL on slot 5, Well C1 form 20mLscintillation 12 Well Plate 18000 µL on slot 5]
2024-12-11 17:26:57,591:INFO:stober_synthesis_utils:Mixed well Well C5 form septavialrev1_44_holder_2000ul on slot 3 5 times, 2000 uL per cycle
2024-12-11 17:30:03,190:INFO:stober_synthesis_utils:Washed mix syringe in wash solutions [Well B3 form 20mLscintillation 12 Well Plate 18000 µL on slot 5, Well B4 form 20mLscintillation 12 Well Plate 18000 µL on slot 5, Well C1 form 20mLscintillation 12 Well Plate 18000 µL on slot 5]
2024-12-11 17:30:45,706:INFO:stober_synthesis_utils:Mixed well Well C6 form septavialrev1_44_holder_2000ul on slot 3 5 times, 2000 uL per cycle
2024-12-11 17:33:51,622:INFO:stober_synthesis_utils:Washed mix syringe in wash solutions [Well B3 form 20mLscintillation 12 Well Plate 18000 µL on slot 5, Well B4 form 20mLscintillation 12 Well Plate 18000 µL on slot 5, Well C1 form 20mLscintillation 12 Well Plate 18000 µL on slot 5]
2024-12-11 17:34:18,718:INFO:stober_synthesis_utils:Dispensed 91.45577251911163 uL of teos_volume into Well A1 form septavialrev1_44_holder_2000ul on slot 2
2024-12-11 17:35:15,989:INFO:stober_synthesis_utils:Mixed well Well A1 form septavialrev1_44_holder_2000ul on slot 2 5 times, 2000 uL per cycle
2024-12-11 17:38:20,712:INFO:stober_synthesis_utils:Washed mix syringe in wash solutions [Well C2 form 20mLscintillation 12 Well Plate 18000 µL on slot 4, Well C3 form 20mLscintillation 12 Well Plate 18000 µL on slot 4, Well C4 form 20mLscintillation 12 Well Plate 18000 µL on slot 4]
2024-12-11 17:38:48,591:INFO:stober_synthesis_utils:Dispensed 140.35185277462006 uL of teos_volume into Well A2 form septavialrev1_44_holder_2000ul on slot 2
2024-12-11 17:39:45,636:INFO:stober_synthesis_utils:Mixed well Well A2 form septavialrev1_44_holder_2000ul on slot 2 5 times, 2000 uL per cycle
2024-12-11 17:42:50,296:INFO:stober_synthesis_utils:Washed mix syringe in wash solutions [Well C2 form 20mLscintillation 12 Well Plate 18000 µL on slot 4, Well C3 form 20mLscintillation 12 Well Plate 18000 µL on slot 4, Well C4 form 20mLscintillation 12 Well Plate 18000 µL on slot 4]
2024-12-11 17:43:20,781:INFO:stober_synthesis_utils:Dispensed 255.0000101327896 uL of teos_volume into Well A3 form septavialrev1_44_holder_2000ul on slot 2
2024-12-11 17:44:17,899:INFO:stober_synthesis_utils:Mixed well Well A3 form septavialrev1_44_holder_2000ul on slot 2 5 times, 2000 uL per cycle
2024-12-11 17:47:22,602:INFO:stober_synthesis_utils:Washed mix syringe in wash solutions [Well C2 form 20mLscintillation 12 Well Plate 18000 µL on slot 4, Well C3 form 20mLscintillation 12 Well Plate 18000 µL on slot 4, Well C4 form 20mLscintillation 12 Well Plate 18000 µL on slot 4]
2024-12-11 17:47:36,801:INFO:stober_synthesis_utils:Refilling 1cc_3 with 795.8076354265213 uL from Well A1 form 20mLscintillation 12 Well Plate 18000 µL on slot 4
2024-12-11 17:48:16,700:INFO:stober_synthesis_utils:Dispensed 255.0000101327896 uL of teos_volume into Well A4 form septavialrev1_44_holder_2000ul on slot 2
2024-12-11 17:49:13,793:INFO:stober_synthesis_utils:Mixed well Well A4 form septavialrev1_44_holder_2000ul on slot 2 5 times, 2000 uL per cycle
2024-12-11 17:52:18,121:INFO:stober_synthesis_utils:Washed mix syringe in wash solutions [Well C2 form 20mLscintillation 12 Well Plate 18000 µL on slot 4, Well C3 form 20mLscintillation 12 Well Plate 18000 µL on slot 4, Well C4 form 20mLscintillation 12 Well Plate 18000 µL on slot 4]
2024-12-11 17:52:44,275:INFO:stober_synthesis_utils:Dispensed 78.54530662298203 uL of teos_volume into Well A5 form septavialrev1_44_holder_2000ul on slot 2
2024-12-11 17:53:41,511:INFO:stober_synthesis_utils:Mixed well Well A5 form septavialrev1_44_holder_2000ul on slot 2 5 times, 2000 uL per cycle
2024-12-11 17:56:46,200:INFO:stober_synthesis_utils:Washed mix syringe in wash solutions [Well C2 form 20mLscintillation 12 Well Plate 18000 µL on slot 4, Well C3 form 20mLscintillation 12 Well Plate 18000 µL on slot 4, Well C4 form 20mLscintillation 12 Well Plate 18000 µL on slot 4]
2024-12-11 17:57:11,299:INFO:stober_synthesis_utils:Dispensed 52.80646309256554 uL of teos_volume into Well A6 form septavialrev1_44_holder_2000ul on slot 2
2024-12-11 17:58:08,261:INFO:stober_synthesis_utils:Mixed well Well A6 form septavialrev1_44_holder_2000ul on slot 2 5 times, 2000 uL per cycle
2024-12-11 18:01:13,127:INFO:stober_synthesis_utils:Washed mix syringe in wash solutions [Well C2 form 20mLscintillation 12 Well Plate 18000 µL on slot 4, Well C3 form 20mLscintillation 12 Well Plate 18000 µL on slot 4, Well C4 form 20mLscintillation 12 Well Plate 18000 µL on slot 4]
2024-12-11 18:01:39,275:INFO:stober_synthesis_utils:Dispensed 102.1071583032608 uL of teos_volume into Well A7 form septavialrev1_44_holder_2000ul on slot 2
2024-12-11 18:02:35,877:INFO:stober_synthesis_utils:Mixed well Well A7 form septavialrev1_44_holder_2000ul on slot 2 5 times, 2000 uL per cycle
2024-12-11 18:05:40,594:INFO:stober_synthesis_utils:Washed mix syringe in wash solutions [Well C2 form 20mLscintillation 12 Well Plate 18000 µL on slot 4, Well C3 form 20mLscintillation 12 Well Plate 18000 µL on slot 4, Well C4 form 20mLscintillation 12 Well Plate 18000 µL on slot 4]
2024-12-11 18:06:05,813:INFO:stober_synthesis_utils:Dispensed 67.49768443405628 uL of teos_volume into Well A8 form septavialrev1_44_holder_2000ul on slot 2
2024-12-11 18:07:15,876:INFO:stober_synthesis_utils:Mixed well Well A8 form septavialrev1_44_holder_2000ul on slot 2 5 times, 2000 uL per cycle
2024-12-11 18:10:20,810:INFO:stober_synthesis_utils:Washed mix syringe in wash solutions [Well C2 form 20mLscintillation 12 Well Plate 18000 µL on slot 4, Well C3 form 20mLscintillation 12 Well Plate 18000 µL on slot 4, Well C4 form 20mLscintillation 12 Well Plate 18000 µL on slot 4]
2024-12-11 18:10:48,063:INFO:stober_synthesis_utils:Dispensed 120.34286111593246 uL of teos_volume into Well B1 form septavialrev1_44_holder_2000ul on slot 2
2024-12-11 18:11:45,221:INFO:stober_synthesis_utils:Mixed well Well B1 form septavialrev1_44_holder_2000ul on slot 2 5 times, 2000 uL per cycle
2024-12-11 18:14:50,095:INFO:stober_synthesis_utils:Washed mix syringe in wash solutions [Well C2 form 20mLscintillation 12 Well Plate 18000 µL on slot 4, Well C3 form 20mLscintillation 12 Well Plate 18000 µL on slot 4, Well C4 form 20mLscintillation 12 Well Plate 18000 µL on slot 4]
2024-12-11 18:15:15,052:INFO:stober_synthesis_utils:Dispensed 16.99999962002039 uL of teos_volume into Well B3 form septavialrev1_44_holder_2000ul on slot 2
2024-12-11 18:16:11,992:INFO:stober_synthesis_utils:Mixed well Well B3 form septavialrev1_44_holder_2000ul on slot 2 5 times, 2000 uL per cycle
2024-12-11 18:19:16,605:INFO:stober_synthesis_utils:Washed mix syringe in wash solutions [Well C2 form 20mLscintillation 12 Well Plate 18000 µL on slot 4, Well C3 form 20mLscintillation 12 Well Plate 18000 µL on slot 4, Well C4 form 20mLscintillation 12 Well Plate 18000 µL on slot 4]
2024-12-11 18:19:42,538:INFO:stober_synthesis_utils:Dispensed 72.79537916183472 uL of teos_volume into Well B4 form septavialrev1_44_holder_2000ul on slot 2
2024-12-11 18:20:39,409:INFO:stober_synthesis_utils:Mixed well Well B4 form septavialrev1_44_holder_2000ul on slot 2 5 times, 2000 uL per cycle
2024-12-11 18:23:44,093:INFO:stober_synthesis_utils:Washed mix syringe in wash solutions [Well C2 form 20mLscintillation 12 Well Plate 18000 µL on slot 4, Well C3 form 20mLscintillation 12 Well Plate 18000 µL on slot 4, Well C4 form 20mLscintillation 12 Well Plate 18000 µL on slot 4]
2024-12-11 18:24:10,550:INFO:stober_synthesis_utils:Dispensed 105.38417845964432 uL of teos_volume into Well B5 form septavialrev1_44_holder_2000ul on slot 2
2024-12-11 18:25:07,505:INFO:stober_synthesis_utils:Mixed well Well B5 form septavialrev1_44_holder_2000ul on slot 2 5 times, 2000 uL per cycle
2024-12-11 18:28:11,991:INFO:stober_synthesis_utils:Washed mix syringe in wash solutions [Well C2 form 20mLscintillation 12 Well Plate 18000 µL on slot 4, Well C3 form 20mLscintillation 12 Well Plate 18000 µL on slot 4, Well C4 form 20mLscintillation 12 Well Plate 18000 µL on slot 4]
2024-12-11 18:28:38,370:INFO:stober_synthesis_utils:Dispensed 104.19480428099632 uL of teos_volume into Well B6 form septavialrev1_44_holder_2000ul on slot 2
2024-12-11 18:29:35,324:INFO:stober_synthesis_utils:Mixed well Well B6 form septavialrev1_44_holder_2000ul on slot 2 5 times, 2000 uL per cycle
2024-12-11 18:32:40,154:INFO:stober_synthesis_utils:Washed mix syringe in wash solutions [Well C2 form 20mLscintillation 12 Well Plate 18000 µL on slot 4, Well C3 form 20mLscintillation 12 Well Plate 18000 µL on slot 4, Well C4 form 20mLscintillation 12 Well Plate 18000 µL on slot 4]
2024-12-11 18:33:04,569:INFO:stober_synthesis_utils:Dispensed 16.99999962002039 uL of teos_volume into Well B8 form septavialrev1_44_holder_2000ul on slot 2
2024-12-11 18:34:01,424:INFO:stober_synthesis_utils:Mixed well Well B8 form septavialrev1_44_holder_2000ul on slot 2 5 times, 2000 uL per cycle
2024-12-11 18:37:06,550:INFO:stober_synthesis_utils:Washed mix syringe in wash solutions [Well C2 form 20mLscintillation 12 Well Plate 18000 µL on slot 4, Well C3 form 20mLscintillation 12 Well Plate 18000 µL on slot 4, Well C4 form 20mLscintillation 12 Well Plate 18000 µL on slot 4]
2024-12-11 18:37:20,528:INFO:stober_synthesis_utils:Refilling 1cc_3 with 992.6738448441029 uL from Well A1 form 20mLscintillation 12 Well Plate 18000 µL on slot 4
2024-12-11 18:38:03,193:INFO:stober_synthesis_utils:Dispensed 190.4987752437592 uL of teos_volume into Well C1 form septavialrev1_44_holder_2000ul on slot 2
2024-12-11 18:39:00,374:INFO:stober_synthesis_utils:Mixed well Well C1 form septavialrev1_44_holder_2000ul on slot 2 5 times, 2000 uL per cycle
2024-12-11 18:42:05,481:INFO:stober_synthesis_utils:Washed mix syringe in wash solutions [Well C2 form 20mLscintillation 12 Well Plate 18000 µL on slot 4, Well C3 form 20mLscintillation 12 Well Plate 18000 µL on slot 4, Well C4 form 20mLscintillation 12 Well Plate 18000 µL on slot 4]
2024-12-11 18:42:31,427:INFO:stober_synthesis_utils:Dispensed 61.07963882386685 uL of teos_volume into Well C2 form septavialrev1_44_holder_2000ul on slot 2
2024-12-11 18:43:28,740:INFO:stober_synthesis_utils:Mixed well Well C2 form septavialrev1_44_holder_2000ul on slot 2 5 times, 2000 uL per cycle
2024-12-11 18:46:33,475:INFO:stober_synthesis_utils:Washed mix syringe in wash solutions [Well C2 form 20mLscintillation 12 Well Plate 18000 µL on slot 4, Well C3 form 20mLscintillation 12 Well Plate 18000 µL on slot 4, Well C4 form 20mLscintillation 12 Well Plate 18000 µL on slot 4]
2024-12-11 18:47:00,859:INFO:stober_synthesis_utils:Dispensed 125.77246576547624 uL of teos_volume into Well C3 form septavialrev1_44_holder_2000ul on slot 2
2024-12-11 18:47:58,159:INFO:stober_synthesis_utils:Mixed well Well C3 form septavialrev1_44_holder_2000ul on slot 2 5 times, 2000 uL per cycle
2024-12-11 18:51:02,864:INFO:stober_synthesis_utils:Washed mix syringe in wash solutions [Well C2 form 20mLscintillation 12 Well Plate 18000 µL on slot 4, Well C3 form 20mLscintillation 12 Well Plate 18000 µL on slot 4, Well C4 form 20mLscintillation 12 Well Plate 18000 µL on slot 4]
2024-12-11 18:51:27,655:INFO:stober_synthesis_utils:Dispensed 16.99999962002039 uL of teos_volume into Well C4 form septavialrev1_44_holder_2000ul on slot 2
2024-12-11 18:52:24,674:INFO:stober_synthesis_utils:Mixed well Well C4 form septavialrev1_44_holder_2000ul on slot 2 5 times, 2000 uL per cycle
2024-12-11 18:55:29,335:INFO:stober_synthesis_utils:Washed mix syringe in wash solutions [Well C2 form 20mLscintillation 12 Well Plate 18000 µL on slot 4, Well C3 form 20mLscintillation 12 Well Plate 18000 µL on slot 4, Well C4 form 20mLscintillation 12 Well Plate 18000 µL on slot 4]
2024-12-11 18:55:56,786:INFO:stober_synthesis_utils:Dispensed 140.08491709828377 uL of teos_volume into Well C5 form septavialrev1_44_holder_2000ul on slot 2
2024-12-11 18:56:53,986:INFO:stober_synthesis_utils:Mixed well Well C5 form septavialrev1_44_holder_2000ul on slot 2 5 times, 2000 uL per cycle
2024-12-11 18:59:58,735:INFO:stober_synthesis_utils:Washed mix syringe in wash solutions [Well C2 form 20mLscintillation 12 Well Plate 18000 µL on slot 4, Well C3 form 20mLscintillation 12 Well Plate 18000 µL on slot 4, Well C4 form 20mLscintillation 12 Well Plate 18000 µL on slot 4]
2024-12-11 19:00:27,177:INFO:stober_synthesis_utils:Dispensed 154.96895909309387 uL of teos_volume into Well C6 form septavialrev1_44_holder_2000ul on slot 2
2024-12-11 19:01:24,521:INFO:stober_synthesis_utils:Mixed well Well C6 form septavialrev1_44_holder_2000ul on slot 2 5 times, 2000 uL per cycle
2024-12-11 19:04:29,464:INFO:stober_synthesis_utils:Washed mix syringe in wash solutions [Well C2 form 20mLscintillation 12 Well Plate 18000 µL on slot 4, Well C3 form 20mLscintillation 12 Well Plate 18000 µL on slot 4, Well C4 form 20mLscintillation 12 Well Plate 18000 µL on slot 4]
2024-12-11 19:05:01,784:INFO:stober_synthesis_utils:Dispensed 51.25920195132494 uL of teos_volume into Well A1 form septavialrev1_44_holder_2000ul on slot 3
2024-12-11 19:05:58,804:INFO:stober_synthesis_utils:Mixed well Well A1 form septavialrev1_44_holder_2000ul on slot 3 5 times, 2000 uL per cycle
2024-12-11 19:09:04,736:INFO:stober_synthesis_utils:Washed mix syringe in wash solutions [Well B3 form 20mLscintillation 12 Well Plate 18000 µL on slot 5, Well B4 form 20mLscintillation 12 Well Plate 18000 µL on slot 5, Well C1 form 20mLscintillation 12 Well Plate 18000 µL on slot 5]
2024-12-11 19:09:32,397:INFO:stober_synthesis_utils:Dispensed 174.07684177160263 uL of teos_volume into Well A2 form septavialrev1_44_holder_2000ul on slot 3
2024-12-11 19:10:29,735:INFO:stober_synthesis_utils:Mixed well Well A2 form septavialrev1_44_holder_2000ul on slot 3 5 times, 2000 uL per cycle
2024-12-11 19:13:35,444:INFO:stober_synthesis_utils:Washed mix syringe in wash solutions [Well B3 form 20mLscintillation 12 Well Plate 18000 µL on slot 5, Well B4 form 20mLscintillation 12 Well Plate 18000 µL on slot 5, Well C1 form 20mLscintillation 12 Well Plate 18000 µL on slot 5]
2024-12-11 19:13:49,693:INFO:stober_synthesis_utils:Refilling 1cc_3 with 914.7407993674278 uL from Well A1 form 20mLscintillation 12 Well Plate 18000 µL on slot 4
2024-12-11 19:14:32,194:INFO:stober_synthesis_utils:Dispensed 230.0966784358025 uL of teos_volume into Well A3 form septavialrev1_44_holder_2000ul on slot 3
2024-12-11 19:15:29,264:INFO:stober_synthesis_utils:Mixed well Well A3 form septavialrev1_44_holder_2000ul on slot 3 5 times, 2000 uL per cycle
2024-12-11 19:18:34,864:INFO:stober_synthesis_utils:Washed mix syringe in wash solutions [Well B3 form 20mLscintillation 12 Well Plate 18000 µL on slot 5, Well B4 form 20mLscintillation 12 Well Plate 18000 µL on slot 5, Well C1 form 20mLscintillation 12 Well Plate 18000 µL on slot 5]
2024-12-11 19:19:03,845:INFO:stober_synthesis_utils:Dispensed 242.37171709537503 uL of teos_volume into Well A4 form septavialrev1_44_holder_2000ul on slot 3
2024-12-11 19:20:00,959:INFO:stober_synthesis_utils:Mixed well Well A4 form septavialrev1_44_holder_2000ul on slot 3 5 times, 2000 uL per cycle
2024-12-11 19:23:06,401:INFO:stober_synthesis_utils:Washed mix syringe in wash solutions [Well B3 form 20mLscintillation 12 Well Plate 18000 µL on slot 5, Well B4 form 20mLscintillation 12 Well Plate 18000 µL on slot 5, Well C1 form 20mLscintillation 12 Well Plate 18000 µL on slot 5]
2024-12-11 19:23:33,533:INFO:stober_synthesis_utils:Dispensed 150.87284222245216 uL of teos_volume into Well A5 form septavialrev1_44_holder_2000ul on slot 3
2024-12-11 19:24:30,921:INFO:stober_synthesis_utils:Mixed well Well A5 form septavialrev1_44_holder_2000ul on slot 3 5 times, 2000 uL per cycle
2024-12-11 19:27:36,275:INFO:stober_synthesis_utils:Washed mix syringe in wash solutions [Well B3 form 20mLscintillation 12 Well Plate 18000 µL on slot 5, Well B4 form 20mLscintillation 12 Well Plate 18000 µL on slot 5, Well C1 form 20mLscintillation 12 Well Plate 18000 µL on slot 5]
2024-12-11 19:28:01,710:INFO:stober_synthesis_utils:Dispensed 70.77073380351067 uL of teos_volume into Well A6 form septavialrev1_44_holder_2000ul on slot 3
2024-12-11 19:28:59,471:INFO:stober_synthesis_utils:Mixed well Well A6 form septavialrev1_44_holder_2000ul on slot 3 5 times, 2000 uL per cycle
2024-12-11 19:32:04,780:INFO:stober_synthesis_utils:Washed mix syringe in wash solutions [Well B3 form 20mLscintillation 12 Well Plate 18000 µL on slot 5, Well B4 form 20mLscintillation 12 Well Plate 18000 µL on slot 5, Well C1 form 20mLscintillation 12 Well Plate 18000 µL on slot 5]
2024-12-11 19:32:29,966:INFO:stober_synthesis_utils:Dispensed 63.040244951844215 uL of teos_volume into Well A7 form septavialrev1_44_holder_2000ul on slot 3
2024-12-11 19:33:27,837:INFO:stober_synthesis_utils:Mixed well Well A7 form septavialrev1_44_holder_2000ul on slot 3 5 times, 2000 uL per cycle
2024-12-11 19:36:33,434:INFO:stober_synthesis_utils:Washed mix syringe in wash solutions [Well B3 form 20mLscintillation 12 Well Plate 18000 µL on slot 5, Well B4 form 20mLscintillation 12 Well Plate 18000 µL on slot 5, Well C1 form 20mLscintillation 12 Well Plate 18000 µL on slot 5]
2024-12-11 19:37:00,357:INFO:stober_synthesis_utils:Dispensed 131.7846804857254 uL of teos_volume into Well A8 form septavialrev1_44_holder_2000ul on slot 3
2024-12-11 19:37:58,541:INFO:stober_synthesis_utils:Mixed well Well A8 form septavialrev1_44_holder_2000ul on slot 3 5 times, 2000 uL per cycle
2024-12-11 19:41:04,198:INFO:stober_synthesis_utils:Washed mix syringe in wash solutions [Well B3 form 20mLscintillation 12 Well Plate 18000 µL on slot 5, Well B4 form 20mLscintillation 12 Well Plate 18000 µL on slot 5, Well C1 form 20mLscintillation 12 Well Plate 18000 µL on slot 5]
2024-12-11 19:41:18,502:INFO:stober_synthesis_utils:Refilling 1cc_3 with 888.93689699471 uL from Well A1 form 20mLscintillation 12 Well Plate 18000 µL on slot 4
2024-12-11 19:42:00,592:INFO:stober_synthesis_utils:Dispensed 231.89147412776947 uL of teos_volume into Well B1 form septavialrev1_44_holder_2000ul on slot 3
2024-12-11 19:42:57,710:INFO:stober_synthesis_utils:Mixed well Well B1 form septavialrev1_44_holder_2000ul on slot 3 5 times, 2000 uL per cycle
2024-12-11 19:46:03,599:INFO:stober_synthesis_utils:Washed mix syringe in wash solutions [Well B3 form 20mLscintillation 12 Well Plate 18000 µL on slot 5, Well B4 form 20mLscintillation 12 Well Plate 18000 µL on slot 5, Well C1 form 20mLscintillation 12 Well Plate 18000 µL on slot 5]
2024-12-11 19:46:29,803:INFO:stober_synthesis_utils:Dispensed 97.93097972869872 uL of teos_volume into Well B3 form septavialrev1_44_holder_2000ul on slot 3
2024-12-11 19:47:26,978:INFO:stober_synthesis_utils:Mixed well Well B3 form septavialrev1_44_holder_2000ul on slot 3 5 times, 2000 uL per cycle
2024-12-11 19:50:32,471:INFO:stober_synthesis_utils:Washed mix syringe in wash solutions [Well B3 form 20mLscintillation 12 Well Plate 18000 µL on slot 5, Well B4 form 20mLscintillation 12 Well Plate 18000 µL on slot 5, Well C1 form 20mLscintillation 12 Well Plate 18000 µL on slot 5]
2024-12-11 19:50:59,055:INFO:stober_synthesis_utils:Dispensed 116.02744534611702 uL of teos_volume into Well B4 form septavialrev1_44_holder_2000ul on slot 3
2024-12-11 19:51:56,248:INFO:stober_synthesis_utils:Mixed well Well B4 form septavialrev1_44_holder_2000ul on slot 3 5 times, 2000 uL per cycle
2024-12-11 19:55:01,917:INFO:stober_synthesis_utils:Washed mix syringe in wash solutions [Well B3 form 20mLscintillation 12 Well Plate 18000 µL on slot 5, Well B4 form 20mLscintillation 12 Well Plate 18000 µL on slot 5, Well C1 form 20mLscintillation 12 Well Plate 18000 µL on slot 5]
2024-12-11 19:55:26,591:INFO:stober_synthesis_utils:Dispensed 26.84694956988096 uL of teos_volume into Well B5 form septavialrev1_44_holder_2000ul on slot 3
2024-12-11 19:56:24,305:INFO:stober_synthesis_utils:Mixed well Well B5 form septavialrev1_44_holder_2000ul on slot 3 5 times, 2000 uL per cycle
2024-12-11 19:59:29,663:INFO:stober_synthesis_utils:Washed mix syringe in wash solutions [Well B3 form 20mLscintillation 12 Well Plate 18000 µL on slot 5, Well B4 form 20mLscintillation 12 Well Plate 18000 µL on slot 5, Well C1 form 20mLscintillation 12 Well Plate 18000 µL on slot 5]
2024-12-11 19:59:56,063:INFO:stober_synthesis_utils:Dispensed 110.4021891951561 uL of teos_volume into Well B6 form septavialrev1_44_holder_2000ul on slot 3
2024-12-11 20:00:54,007:INFO:stober_synthesis_utils:Mixed well Well B6 form septavialrev1_44_holder_2000ul on slot 3 5 times, 2000 uL per cycle
2024-12-11 20:04:00,615:INFO:stober_synthesis_utils:Washed mix syringe in wash solutions [Well B3 form 20mLscintillation 12 Well Plate 18000 µL on slot 5, Well B4 form 20mLscintillation 12 Well Plate 18000 µL on slot 5, Well C1 form 20mLscintillation 12 Well Plate 18000 µL on slot 5]
2024-12-11 20:04:26,977:INFO:stober_synthesis_utils:Dispensed 74.65456873178482 uL of teos_volume into Well B8 form septavialrev1_44_holder_2000ul on slot 3
2024-12-11 20:05:25,959:INFO:stober_synthesis_utils:Mixed well Well B8 form septavialrev1_44_holder_2000ul on slot 3 5 times, 2000 uL per cycle
2024-12-11 20:08:33,133:INFO:stober_synthesis_utils:Washed mix syringe in wash solutions [Well B3 form 20mLscintillation 12 Well Plate 18000 µL on slot 5, Well B4 form 20mLscintillation 12 Well Plate 18000 µL on slot 5, Well C1 form 20mLscintillation 12 Well Plate 18000 µL on slot 5]
2024-12-11 20:08:58,415:INFO:stober_synthesis_utils:Dispensed 19.585330225527287 uL of teos_volume into Well C1 form septavialrev1_44_holder_2000ul on slot 3
2024-12-11 20:09:56,696:INFO:stober_synthesis_utils:Mixed well Well C1 form septavialrev1_44_holder_2000ul on slot 3 5 times, 2000 uL per cycle
2024-12-11 20:13:04,036:INFO:stober_synthesis_utils:Washed mix syringe in wash solutions [Well B3 form 20mLscintillation 12 Well Plate 18000 µL on slot 5, Well B4 form 20mLscintillation 12 Well Plate 18000 µL on slot 5, Well C1 form 20mLscintillation 12 Well Plate 18000 µL on slot 5]
2024-12-11 20:13:31,749:INFO:stober_synthesis_utils:Dispensed 151.95320025086403 uL of teos_volume into Well C2 form septavialrev1_44_holder_2000ul on slot 3
2024-12-11 20:14:29,884:INFO:stober_synthesis_utils:Mixed well Well C2 form septavialrev1_44_holder_2000ul on slot 3 5 times, 2000 uL per cycle
2024-12-11 20:17:36,810:INFO:stober_synthesis_utils:Washed mix syringe in wash solutions [Well B3 form 20mLscintillation 12 Well Plate 18000 µL on slot 5, Well B4 form 20mLscintillation 12 Well Plate 18000 µL on slot 5, Well C1 form 20mLscintillation 12 Well Plate 18000 µL on slot 5]
2024-12-11 20:17:51,693:INFO:stober_synthesis_utils:Refilling 1cc_3 with 829.2921371757984 uL from Well A1 form 20mLscintillation 12 Well Plate 18000 µL on slot 4
2024-12-11 20:18:32,521:INFO:stober_synthesis_utils:Dispensed 206.71983882784843 uL of teos_volume into Well C3 form septavialrev1_44_holder_2000ul on slot 3
2024-12-11 20:19:30,597:INFO:stober_synthesis_utils:Mixed well Well C3 form septavialrev1_44_holder_2000ul on slot 3 5 times, 2000 uL per cycle
2024-12-11 20:22:37,397:INFO:stober_synthesis_utils:Washed mix syringe in wash solutions [Well B3 form 20mLscintillation 12 Well Plate 18000 µL on slot 5, Well B4 form 20mLscintillation 12 Well Plate 18000 µL on slot 5, Well C1 form 20mLscintillation 12 Well Plate 18000 µL on slot 5]
2024-12-11 20:23:04,032:INFO:stober_synthesis_utils:Dispensed 101.61041095852852 uL of teos_volume into Well C4 form septavialrev1_44_holder_2000ul on slot 3
2024-12-11 20:24:02,925:INFO:stober_synthesis_utils:Mixed well Well C4 form septavialrev1_44_holder_2000ul on slot 3 5 times, 2000 uL per cycle
2024-12-11 20:27:09,528:INFO:stober_synthesis_utils:Washed mix syringe in wash solutions [Well B3 form 20mLscintillation 12 Well Plate 18000 µL on slot 5, Well B4 form 20mLscintillation 12 Well Plate 18000 µL on slot 5, Well C1 form 20mLscintillation 12 Well Plate 18000 µL on slot 5]
2024-12-11 20:27:37,145:INFO:stober_synthesis_utils:Dispensed 155.0562784075737 uL of teos_volume into Well C5 form septavialrev1_44_holder_2000ul on slot 3
2024-12-11 20:28:35,622:INFO:stober_synthesis_utils:Mixed well Well C5 form septavialrev1_44_holder_2000ul on slot 3 5 times, 2000 uL per cycle
2024-12-11 20:31:41,702:INFO:stober_synthesis_utils:Washed mix syringe in wash solutions [Well B3 form 20mLscintillation 12 Well Plate 18000 µL on slot 5, Well B4 form 20mLscintillation 12 Well Plate 18000 µL on slot 5, Well C1 form 20mLscintillation 12 Well Plate 18000 µL on slot 5]
2024-12-11 20:32:08,492:INFO:stober_synthesis_utils:Dispensed 106.64491280913352 uL of teos_volume into Well C6 form septavialrev1_44_holder_2000ul on slot 3
2024-12-11 20:33:07,494:INFO:stober_synthesis_utils:Mixed well Well C6 form septavialrev1_44_holder_2000ul on slot 3 5 times, 2000 uL per cycle
2024-12-11 20:36:13,287:INFO:stober_synthesis_utils:Washed mix syringe in wash solutions [Well B3 form 20mLscintillation 12 Well Plate 18000 µL on slot 5, Well B4 form 20mLscintillation 12 Well Plate 18000 µL on slot 5, Well C1 form 20mLscintillation 12 Well Plate 18000 µL on slot 5]
2024-12-12 07:44:27,333:INFO:stober_synthesis_utils:Refilling 10cc_1 with 9998.0 uL from Well B4 form 20mLscintillation 12 Well Plate 18000 µL on slot 4
2024-12-12 07:45:13,714:INFO:stober_synthesis_utils:Dispensed 995.0 uL of ethanol_dilute_vol into Well C7 form septavialrev1_44_holder_2000ul on slot 2
2024-12-12 07:45:32,854:INFO:stober_synthesis_utils:Dispensed 1240.0 uL of ethanol_dilute_vol into Well C8 form septavialrev1_44_holder_2000ul on slot 2
2024-12-12 07:45:53,536:INFO:stober_synthesis_utils:Dispensed 1447.0 uL of ethanol_dilute_vol into Well D1 form septavialrev1_44_holder_2000ul on slot 2
2024-12-12 07:46:13,065:INFO:stober_synthesis_utils:Dispensed 1447.0 uL of ethanol_dilute_vol into Well D2 form septavialrev1_44_holder_2000ul on slot 2
2024-12-12 07:46:31,311:INFO:stober_synthesis_utils:Dispensed 879.0 uL of ethanol_dilute_vol into Well D3 form septavialrev1_44_holder_2000ul on slot 2
2024-12-12 07:46:48,784:INFO:stober_synthesis_utils:Dispensed 478.0 uL of ethanol_dilute_vol into Well D4 form septavialrev1_44_holder_2000ul on slot 2
2024-12-12 07:47:07,551:INFO:stober_synthesis_utils:Dispensed 1068.0 uL of ethanol_dilute_vol into Well D5 form septavialrev1_44_holder_2000ul on slot 2
2024-12-12 07:47:25,585:INFO:stober_synthesis_utils:Dispensed 744.0 uL of ethanol_dilute_vol into Well D6 form septavialrev1_44_holder_2000ul on slot 2
2024-12-12 07:47:44,440:INFO:stober_synthesis_utils:Dispensed 1164.0 uL of ethanol_dilute_vol into Well D7 form septavialrev1_44_holder_2000ul on slot 2
2024-12-12 07:48:01,173:INFO:stober_synthesis_utils:Dispensed 0.0 uL of ethanol_dilute_vol into Well D8 form septavialrev1_44_holder_2000ul on slot 2
2024-12-12 07:48:01,174:INFO:stober_synthesis_utils:Refilling 10cc_1 with 9462.0 uL from Well C1 form 20mLscintillation 12 Well Plate 18000 µL on slot 4
2024-12-12 07:48:47,563:INFO:stober_synthesis_utils:Dispensed 814.0 uL of ethanol_dilute_vol into Well E1 form septavialrev1_44_holder_2000ul on slot 2
2024-12-12 07:49:06,724:INFO:stober_synthesis_utils:Dispensed 1088.0 uL of ethanol_dilute_vol into Well E3 form septavialrev1_44_holder_2000ul on slot 2
2024-12-12 07:49:25,624:INFO:stober_synthesis_utils:Dispensed 1081.0 uL of ethanol_dilute_vol into Well E4 form septavialrev1_44_holder_2000ul on slot 2
2024-12-12 07:49:42,218:INFO:stober_synthesis_utils:Dispensed 0.0 uL of ethanol_dilute_vol into Well E5 form septavialrev1_44_holder_2000ul on slot 2
2024-12-12 07:50:01,518:INFO:stober_synthesis_utils:Dispensed 1361.0 uL of ethanol_dilute_vol into Well E6 form septavialrev1_44_holder_2000ul on slot 2
2024-12-12 07:50:19,580:INFO:stober_synthesis_utils:Dispensed 644.0 uL of ethanol_dilute_vol into Well E8 form septavialrev1_44_holder_2000ul on slot 2
2024-12-12 07:50:39,650:INFO:stober_synthesis_utils:Dispensed 1187.0 uL of ethanol_dilute_vol into Well F1 form septavialrev1_44_holder_2000ul on slot 2
2024-12-12 07:50:56,527:INFO:stober_synthesis_utils:Dispensed 0.0 uL of ethanol_dilute_vol into Well F2 form septavialrev1_44_holder_2000ul on slot 2
2024-12-12 07:51:15,658:INFO:stober_synthesis_utils:Dispensed 1240.0 uL of ethanol_dilute_vol into Well F3 form septavialrev1_44_holder_2000ul on slot 2
2024-12-12 07:51:34,814:INFO:stober_synthesis_utils:Dispensed 1284.0 uL of ethanol_dilute_vol into Well F4 form septavialrev1_44_holder_2000ul on slot 2
2024-12-12 07:51:59,498:INFO:__main__:Emptied ethanol syringe into trash
2024-12-12 07:52:48,654:INFO:__main__:Transferred 253.0 uL from Well A3 form septavialrev1_44_holder_2000ul on slot 2 to Well D1 form septavialrev1_44_holder_2000ul on slot 2
2024-12-12 07:55:54,028:INFO:__main__:Washed mix syringe in wash solutions [Well C2 form 20mLscintillation 12 Well Plate 18000 µL on slot 4, Well C3 form 20mLscintillation 12 Well Plate 18000 µL on slot 4, Well C4 form 20mLscintillation 12 Well Plate 18000 µL on slot 4]
2024-12-12 07:56:29,113:INFO:__main__:Transferred 253.0 uL from Well A4 form septavialrev1_44_holder_2000ul on slot 2 to Well D2 form septavialrev1_44_holder_2000ul on slot 2
2024-12-12 07:59:34,056:INFO:__main__:Washed mix syringe in wash solutions [Well C2 form 20mLscintillation 12 Well Plate 18000 µL on slot 4, Well C3 form 20mLscintillation 12 Well Plate 18000 µL on slot 4, Well C4 form 20mLscintillation 12 Well Plate 18000 µL on slot 4]
2024-12-12 08:00:11,238:INFO:__main__:Transferred 821.0 uL from Well A5 form septavialrev1_44_holder_2000ul on slot 2 to Well D3 form septavialrev1_44_holder_2000ul on slot 2
2024-12-12 08:03:16,146:INFO:__main__:Washed mix syringe in wash solutions [Well C2 form 20mLscintillation 12 Well Plate 18000 µL on slot 4, Well C3 form 20mLscintillation 12 Well Plate 18000 µL on slot 4, Well C4 form 20mLscintillation 12 Well Plate 18000 µL on slot 4]
2024-12-12 08:03:54,922:INFO:__main__:Transferred 1222.0 uL from Well A6 form septavialrev1_44_holder_2000ul on slot 2 to Well D4 form septavialrev1_44_holder_2000ul on slot 2
2024-12-12 08:06:59,762:INFO:__main__:Washed mix syringe in wash solutions [Well C2 form 20mLscintillation 12 Well Plate 18000 µL on slot 4, Well C3 form 20mLscintillation 12 Well Plate 18000 µL on slot 4, Well C4 form 20mLscintillation 12 Well Plate 18000 µL on slot 4]
2024-12-12 08:07:35,922:INFO:__main__:Transferred 632.0 uL from Well A7 form septavialrev1_44_holder_2000ul on slot 2 to Well D5 form septavialrev1_44_holder_2000ul on slot 2
2024-12-12 08:10:40,919:INFO:__main__:Washed mix syringe in wash solutions [Well C2 form 20mLscintillation 12 Well Plate 18000 µL on slot 4, Well C3 form 20mLscintillation 12 Well Plate 18000 µL on slot 4, Well C4 form 20mLscintillation 12 Well Plate 18000 µL on slot 4]
2024-12-12 08:11:18,618:INFO:__main__:Transferred 956.0 uL from Well A8 form septavialrev1_44_holder_2000ul on slot 2 to Well D6 form septavialrev1_44_holder_2000ul on slot 2
2024-12-12 08:14:23,660:INFO:__main__:Washed mix syringe in wash solutions [Well C2 form 20mLscintillation 12 Well Plate 18000 µL on slot 4, Well C3 form 20mLscintillation 12 Well Plate 18000 µL on slot 4, Well C4 form 20mLscintillation 12 Well Plate 18000 µL on slot 4]
2024-12-12 08:15:00,807:INFO:__main__:Transferred 536.0 uL from Well B1 form septavialrev1_44_holder_2000ul on slot 2 to Well D7 form septavialrev1_44_holder_2000ul on slot 2
2024-12-12 08:18:05,621:INFO:__main__:Washed mix syringe in wash solutions [Well C2 form 20mLscintillation 12 Well Plate 18000 µL on slot 4, Well C3 form 20mLscintillation 12 Well Plate 18000 µL on slot 4, Well C4 form 20mLscintillation 12 Well Plate 18000 µL on slot 4]
2024-12-12 08:18:47,113:INFO:__main__:Transferred 1700.0 uL from Well B3 form septavialrev1_44_holder_2000ul on slot 2 to Well D8 form septavialrev1_44_holder_2000ul on slot 2
2024-12-12 08:21:52,373:INFO:__main__:Washed mix syringe in wash solutions [Well C2 form 20mLscintillation 12 Well Plate 18000 µL on slot 4, Well C3 form 20mLscintillation 12 Well Plate 18000 µL on slot 4, Well C4 form 20mLscintillation 12 Well Plate 18000 µL on slot 4]
2024-12-12 08:22:30,345:INFO:__main__:Transferred 886.0 uL from Well B4 form septavialrev1_44_holder_2000ul on slot 2 to Well E1 form septavialrev1_44_holder_2000ul on slot 2
2024-12-12 08:25:35,567:INFO:__main__:Washed mix syringe in wash solutions [Well C2 form 20mLscintillation 12 Well Plate 18000 µL on slot 4, Well C3 form 20mLscintillation 12 Well Plate 18000 µL on slot 4, Well C4 form 20mLscintillation 12 Well Plate 18000 µL on slot 4]
2024-12-12 08:26:12,038:INFO:__main__:Transferred 612.0 uL from Well B5 form septavialrev1_44_holder_2000ul on slot 2 to Well E3 form septavialrev1_44_holder_2000ul on slot 2
2024-12-12 08:29:17,251:INFO:__main__:Washed mix syringe in wash solutions [Well C2 form 20mLscintillation 12 Well Plate 18000 µL on slot 4, Well C3 form 20mLscintillation 12 Well Plate 18000 µL on slot 4, Well C4 form 20mLscintillation 12 Well Plate 18000 µL on slot 4]
2024-12-12 08:29:53,705:INFO:__main__:Transferred 619.0 uL from Well B6 form septavialrev1_44_holder_2000ul on slot 2 to Well E4 form septavialrev1_44_holder_2000ul on slot 2
2024-12-12 08:32:58,686:INFO:__main__:Washed mix syringe in wash solutions [Well C2 form 20mLscintillation 12 Well Plate 18000 µL on slot 4, Well C3 form 20mLscintillation 12 Well Plate 18000 µL on slot 4, Well C4 form 20mLscintillation 12 Well Plate 18000 µL on slot 4]
2024-12-12 08:33:39,631:INFO:__main__:Transferred 1700.0 uL from Well B8 form septavialrev1_44_holder_2000ul on slot 2 to Well E5 form septavialrev1_44_holder_2000ul on slot 2
2024-12-12 08:36:44,707:INFO:__main__:Washed mix syringe in wash solutions [Well C2 form 20mLscintillation 12 Well Plate 18000 µL on slot 4, Well C3 form 20mLscintillation 12 Well Plate 18000 µL on slot 4, Well C4 form 20mLscintillation 12 Well Plate 18000 µL on slot 4]
2024-12-12 08:37:21,039:INFO:__main__:Transferred 339.0 uL from Well C1 form septavialrev1_44_holder_2000ul on slot 2 to Well E6 form septavialrev1_44_holder_2000ul on slot 2
2024-12-12 08:40:26,353:INFO:__main__:Washed mix syringe in wash solutions [Well C2 form 20mLscintillation 12 Well Plate 18000 µL on slot 4, Well C3 form 20mLscintillation 12 Well Plate 18000 µL on slot 4, Well C4 form 20mLscintillation 12 Well Plate 18000 µL on slot 4]
2024-12-12 08:41:05,767:INFO:__main__:Transferred 1056.0 uL from Well C2 form septavialrev1_44_holder_2000ul on slot 2 to Well E8 form septavialrev1_44_holder_2000ul on slot 2
2024-12-12 08:44:11,218:INFO:__main__:Washed mix syringe in wash solutions [Well C2 form 20mLscintillation 12 Well Plate 18000 µL on slot 4, Well C3 form 20mLscintillation 12 Well Plate 18000 µL on slot 4, Well C4 form 20mLscintillation 12 Well Plate 18000 µL on slot 4]
2024-12-12 08:44:47,540:INFO:__main__:Transferred 513.0 uL from Well C3 form septavialrev1_44_holder_2000ul on slot 2 to Well F1 form septavialrev1_44_holder_2000ul on slot 2
2024-12-12 08:47:52,860:INFO:__main__:Washed mix syringe in wash solutions [Well C2 form 20mLscintillation 12 Well Plate 18000 µL on slot 4, Well C3 form 20mLscintillation 12 Well Plate 18000 µL on slot 4, Well C4 form 20mLscintillation 12 Well Plate 18000 µL on slot 4]
2024-12-12 08:48:34,042:INFO:__main__:Transferred 1700.0 uL from Well C4 form septavialrev1_44_holder_2000ul on slot 2 to Well F2 form septavialrev1_44_holder_2000ul on slot 2
2024-12-12 08:51:39,221:INFO:__main__:Washed mix syringe in wash solutions [Well C2 form 20mLscintillation 12 Well Plate 18000 µL on slot 4, Well C3 form 20mLscintillation 12 Well Plate 18000 µL on slot 4, Well C4 form 20mLscintillation 12 Well Plate 18000 µL on slot 4]
2024-12-12 08:52:15,204:INFO:__main__:Transferred 460.0 uL from Well C5 form septavialrev1_44_holder_2000ul on slot 2 to Well F3 form septavialrev1_44_holder_2000ul on slot 2
2024-12-12 08:55:20,431:INFO:__main__:Washed mix syringe in wash solutions [Well C2 form 20mLscintillation 12 Well Plate 18000 µL on slot 4, Well C3 form 20mLscintillation 12 Well Plate 18000 µL on slot 4, Well C4 form 20mLscintillation 12 Well Plate 18000 µL on slot 4]
2024-12-12 08:58:11,419:INFO:__main__:Transferred 416.0 uL from Well C6 form septavialrev1_44_holder_2000ul on slot 2 to Well F4 form septavialrev1_44_holder_2000ul on slot 2
2024-12-12 09:01:16,642:INFO:__main__:Washed mix syringe in wash solutions [Well C2 form 20mLscintillation 12 Well Plate 18000 µL on slot 4, Well C3 form 20mLscintillation 12 Well Plate 18000 µL on slot 4, Well C4 form 20mLscintillation 12 Well Plate 18000 µL on slot 4]
2024-12-12 09:07:15,015:INFO:stober_synthesis_utils:Refilling 10cc_1 with 9998.0 uL from Well B1 form 20mLscintillation 12 Well Plate 18000 µL on slot 5
2024-12-12 09:09:58,543:WARNING:urllib3.connectionpool:Retrying (Retry(total=4, connect=None, read=None, redirect=None, status=None)) after connection broken by 'NewConnectionError('<urllib3.connection.HTTPConnection object at 0x74996c0544f0>: Failed to establish a new connection: [Errno 110] Connection timed out')': /rr_model?key=seqs
2024-12-12 09:10:09,382:INFO:stober_synthesis_utils:Dispensed 442.0 uL of ethanol_dilute_vol into Well C7 form septavialrev1_44_holder_2000ul on slot 3
2024-12-12 09:10:28,716:INFO:stober_synthesis_utils:Dispensed 1329.0 uL of ethanol_dilute_vol into Well C8 form septavialrev1_44_holder_2000ul on slot 3
2024-12-12 09:10:49,242:INFO:stober_synthesis_utils:Dispensed 1420.0 uL of ethanol_dilute_vol into Well D1 form septavialrev1_44_holder_2000ul on slot 3
2024-12-12 09:11:08,693:INFO:stober_synthesis_utils:Dispensed 1434.0 uL of ethanol_dilute_vol into Well D2 form septavialrev1_44_holder_2000ul on slot 3
2024-12-12 09:11:28,008:INFO:stober_synthesis_utils:Dispensed 1272.0 uL of ethanol_dilute_vol into Well D3 form septavialrev1_44_holder_2000ul on slot 3
2024-12-12 09:11:46,253:INFO:stober_synthesis_utils:Dispensed 788.0 uL of ethanol_dilute_vol into Well D4 form septavialrev1_44_holder_2000ul on slot 3
2024-12-12 09:12:04,206:INFO:stober_synthesis_utils:Dispensed 677.0 uL of ethanol_dilute_vol into Well D5 form septavialrev1_44_holder_2000ul on slot 3
2024-12-12 09:12:23,298:INFO:stober_synthesis_utils:Dispensed 1210.0 uL of ethanol_dilute_vol into Well D6 form septavialrev1_44_holder_2000ul on slot 3
2024-12-12 09:12:42,871:INFO:stober_synthesis_utils:Dispensed 1422.0 uL of ethanol_dilute_vol into Well D7 form septavialrev1_44_holder_2000ul on slot 3
2024-12-12 09:12:42,871:INFO:stober_synthesis_utils:Refilling 10cc_1 with 9994.0 uL from Well B2 form 20mLscintillation 12 Well Plate 18000 µL on slot 5
2024-12-12 09:13:31,256:INFO:stober_synthesis_utils:Dispensed 1041.0 uL of ethanol_dilute_vol into Well D8 form septavialrev1_44_holder_2000ul on slot 3
2024-12-12 09:13:51,228:INFO:stober_synthesis_utils:Dispensed 1144.0 uL of ethanol_dilute_vol into Well E1 form septavialrev1_44_holder_2000ul on slot 3
2024-12-12 09:14:08,140:INFO:stober_synthesis_utils:Dispensed 0.0 uL of ethanol_dilute_vol into Well E3 form septavialrev1_44_holder_2000ul on slot 3
2024-12-12 09:14:27,126:INFO:stober_synthesis_utils:Dispensed 1116.0 uL of ethanol_dilute_vol into Well E4 form septavialrev1_44_holder_2000ul on slot 3
2024-12-12 09:14:45,555:INFO:stober_synthesis_utils:Dispensed 836.0 uL of ethanol_dilute_vol into Well E5 form septavialrev1_44_holder_2000ul on slot 3
2024-12-12 09:15:02,338:INFO:stober_synthesis_utils:Dispensed 0.0 uL of ethanol_dilute_vol into Well E6 form septavialrev1_44_holder_2000ul on slot 3
2024-12-12 09:15:23,725:INFO:stober_synthesis_utils:Dispensed 1275.0 uL of ethanol_dilute_vol into Well E8 form septavialrev1_44_holder_2000ul on slot 3
2024-12-12 09:15:44,172:INFO:stober_synthesis_utils:Dispensed 1388.0 uL of ethanol_dilute_vol into Well F1 form septavialrev1_44_holder_2000ul on slot 3
2024-12-12 09:16:02,972:INFO:stober_synthesis_utils:Dispensed 1065.0 uL of ethanol_dilute_vol into Well F2 form septavialrev1_44_holder_2000ul on slot 3
2024-12-12 09:16:22,239:INFO:stober_synthesis_utils:Dispensed 1284.0 uL of ethanol_dilute_vol into Well F3 form septavialrev1_44_holder_2000ul on slot 3
2024-12-12 09:28:18,908:INFO:stober_synthesis_utils:Refilling 10cc_1 with 9149.0 uL from Well A1 form 20mLscintillation 12 Well Plate 18000 µL on slot 5
2024-12-12 09:29:03,459:INFO:stober_synthesis_utils:Dispensed 1284.0 uL of ethanol_dilute_vol into Well F3 form septavialrev1_44_holder_2000ul on slot 3
2024-12-12 09:29:22,240:INFO:stober_synthesis_utils:Dispensed 1095.0 uL of ethanol_dilute_vol into Well F4 form septavialrev1_44_holder_2000ul on slot 3
2024-12-12 09:30:00,215:INFO:__main__:Emptied ethanol syringe into trash
2024-12-12 09:30:54,326:INFO:__main__:Transferred 1258.0 uL from Well A1 form septavialrev1_44_holder_2000ul on slot 3 to Well C7 form septavialrev1_44_holder_2000ul on slot 3
2024-12-12 09:34:00,150:INFO:__main__:Washed mix syringe in wash solutions [Well B3 form 20mLscintillation 12 Well Plate 18000 µL on slot 5, Well B4 form 20mLscintillation 12 Well Plate 18000 µL on slot 5, Well C1 form 20mLscintillation 12 Well Plate 18000 µL on slot 5]
2024-12-12 09:34:35,922:INFO:__main__:Transferred 371.0 uL from Well A2 form septavialrev1_44_holder_2000ul on slot 3 to Well C8 form septavialrev1_44_holder_2000ul on slot 3
2024-12-12 09:37:41,813:INFO:__main__:Washed mix syringe in wash solutions [Well B3 form 20mLscintillation 12 Well Plate 18000 µL on slot 5, Well B4 form 20mLscintillation 12 Well Plate 18000 µL on slot 5, Well C1 form 20mLscintillation 12 Well Plate 18000 µL on slot 5]
2024-12-12 09:38:16,733:INFO:__main__:Transferred 280.0 uL from Well A3 form septavialrev1_44_holder_2000ul on slot 3 to Well D1 form septavialrev1_44_holder_2000ul on slot 3
2024-12-12 09:41:22,950:INFO:__main__:Washed mix syringe in wash solutions [Well B3 form 20mLscintillation 12 Well Plate 18000 µL on slot 5, Well B4 form 20mLscintillation 12 Well Plate 18000 µL on slot 5, Well C1 form 20mLscintillation 12 Well Plate 18000 µL on slot 5]
2024-12-12 09:41:58,099:INFO:__main__:Transferred 266.0 uL from Well A4 form septavialrev1_44_holder_2000ul on slot 3 to Well D2 form septavialrev1_44_holder_2000ul on slot 3
2024-12-12 09:45:04,198:INFO:__main__:Washed mix syringe in wash solutions [Well B3 form 20mLscintillation 12 Well Plate 18000 µL on slot 5, Well B4 form 20mLscintillation 12 Well Plate 18000 µL on slot 5, Well C1 form 20mLscintillation 12 Well Plate 18000 µL on slot 5]
2024-12-12 09:45:39,877:INFO:__main__:Transferred 428.0 uL from Well A5 form septavialrev1_44_holder_2000ul on slot 3 to Well D3 form septavialrev1_44_holder_2000ul on slot 3
2024-12-12 09:48:45,789:INFO:__main__:Washed mix syringe in wash solutions [Well B3 form 20mLscintillation 12 Well Plate 18000 µL on slot 5, Well B4 form 20mLscintillation 12 Well Plate 18000 µL on slot 5, Well C1 form 20mLscintillation 12 Well Plate 18000 µL on slot 5]
2024-12-12 09:49:23,615:INFO:__main__:Transferred 912.0 uL from Well A6 form septavialrev1_44_holder_2000ul on slot 3 to Well D4 form septavialrev1_44_holder_2000ul on slot 3
2024-12-12 09:52:29,396:INFO:__main__:Washed mix syringe in wash solutions [Well B3 form 20mLscintillation 12 Well Plate 18000 µL on slot 5, Well B4 form 20mLscintillation 12 Well Plate 18000 µL on slot 5, Well C1 form 20mLscintillation 12 Well Plate 18000 µL on slot 5]
2024-12-12 09:53:07,820:INFO:__main__:Transferred 1023.0 uL from Well A7 form septavialrev1_44_holder_2000ul on slot 3 to Well D5 form septavialrev1_44_holder_2000ul on slot 3
2024-12-12 09:56:13,746:INFO:__main__:Washed mix syringe in wash solutions [Well B3 form 20mLscintillation 12 Well Plate 18000 µL on slot 5, Well B4 form 20mLscintillation 12 Well Plate 18000 µL on slot 5, Well C1 form 20mLscintillation 12 Well Plate 18000 µL on slot 5]
2024-12-12 09:56:50,403:INFO:__main__:Transferred 490.0 uL from Well A8 form septavialrev1_44_holder_2000ul on slot 3 to Well D6 form septavialrev1_44_holder_2000ul on slot 3
2024-12-12 09:59:56,308:INFO:__main__:Washed mix syringe in wash solutions [Well B3 form 20mLscintillation 12 Well Plate 18000 µL on slot 5, Well B4 form 20mLscintillation 12 Well Plate 18000 µL on slot 5, Well C1 form 20mLscintillation 12 Well Plate 18000 µL on slot 5]
2024-12-12 10:00:31,875:INFO:__main__:Transferred 278.0 uL from Well B1 form septavialrev1_44_holder_2000ul on slot 3 to Well D7 form septavialrev1_44_holder_2000ul on slot 3
2024-12-12 10:03:37,816:INFO:__main__:Washed mix syringe in wash solutions [Well B3 form 20mLscintillation 12 Well Plate 18000 µL on slot 5, Well B4 form 20mLscintillation 12 Well Plate 18000 µL on slot 5, Well C1 form 20mLscintillation 12 Well Plate 18000 µL on slot 5]
2024-12-12 10:04:14,872:INFO:__main__:Transferred 659.0 uL from Well B3 form septavialrev1_44_holder_2000ul on slot 3 to Well D8 form septavialrev1_44_holder_2000ul on slot 3
2024-12-12 10:07:20,978:INFO:__main__:Washed mix syringe in wash solutions [Well B3 form 20mLscintillation 12 Well Plate 18000 µL on slot 5, Well B4 form 20mLscintillation 12 Well Plate 18000 µL on slot 5, Well C1 form 20mLscintillation 12 Well Plate 18000 µL on slot 5]
2024-12-12 10:07:57,372:INFO:__main__:Transferred 556.0 uL from Well B4 form septavialrev1_44_holder_2000ul on slot 3 to Well E1 form septavialrev1_44_holder_2000ul on slot 3
2024-12-12 10:11:03,510:INFO:__main__:Washed mix syringe in wash solutions [Well B3 form 20mLscintillation 12 Well Plate 18000 µL on slot 5, Well B4 form 20mLscintillation 12 Well Plate 18000 µL on slot 5, Well C1 form 20mLscintillation 12 Well Plate 18000 µL on slot 5]
2024-12-12 10:11:44,504:INFO:__main__:Transferred 1700.0 uL from Well B5 form septavialrev1_44_holder_2000ul on slot 3 to Well E3 form septavialrev1_44_holder_2000ul on slot 3
2024-12-12 10:14:50,569:INFO:__main__:Washed mix syringe in wash solutions [Well B3 form 20mLscintillation 12 Well Plate 18000 µL on slot 5, Well B4 form 20mLscintillation 12 Well Plate 18000 µL on slot 5, Well C1 form 20mLscintillation 12 Well Plate 18000 µL on slot 5]
2024-12-12 10:15:27,254:INFO:__main__:Transferred 584.0 uL from Well B6 form septavialrev1_44_holder_2000ul on slot 3 to Well E4 form septavialrev1_44_holder_2000ul on slot 3
2024-12-12 10:18:33,386:INFO:__main__:Washed mix syringe in wash solutions [Well B3 form 20mLscintillation 12 Well Plate 18000 µL on slot 5, Well B4 form 20mLscintillation 12 Well Plate 18000 µL on slot 5, Well C1 form 20mLscintillation 12 Well Plate 18000 µL on slot 5]
2024-12-12 10:19:11,503:INFO:__main__:Transferred 864.0 uL from Well B8 form septavialrev1_44_holder_2000ul on slot 3 to Well E5 form septavialrev1_44_holder_2000ul on slot 3
2024-12-12 10:22:17,516:INFO:__main__:Washed mix syringe in wash solutions [Well B3 form 20mLscintillation 12 Well Plate 18000 µL on slot 5, Well B4 form 20mLscintillation 12 Well Plate 18000 µL on slot 5, Well C1 form 20mLscintillation 12 Well Plate 18000 µL on slot 5]
2024-12-12 10:22:58,780:INFO:__main__:Transferred 1700.0 uL from Well C1 form septavialrev1_44_holder_2000ul on slot 3 to Well E6 form septavialrev1_44_holder_2000ul on slot 3
2024-12-12 10:26:04,698:INFO:__main__:Washed mix syringe in wash solutions [Well B3 form 20mLscintillation 12 Well Plate 18000 µL on slot 5, Well B4 form 20mLscintillation 12 Well Plate 18000 µL on slot 5, Well C1 form 20mLscintillation 12 Well Plate 18000 µL on slot 5]
2024-12-12 10:26:40,930:INFO:__main__:Transferred 425.0 uL from Well C2 form septavialrev1_44_holder_2000ul on slot 3 to Well E8 form septavialrev1_44_holder_2000ul on slot 3
2024-12-12 10:29:47,083:INFO:__main__:Washed mix syringe in wash solutions [Well B3 form 20mLscintillation 12 Well Plate 18000 µL on slot 5, Well B4 form 20mLscintillation 12 Well Plate 18000 µL on slot 5, Well C1 form 20mLscintillation 12 Well Plate 18000 µL on slot 5]
2024-12-12 10:30:22,488:INFO:__main__:Transferred 312.0 uL from Well C3 form septavialrev1_44_holder_2000ul on slot 3 to Well F1 form septavialrev1_44_holder_2000ul on slot 3
2024-12-12 10:33:29,003:INFO:__main__:Washed mix syringe in wash solutions [Well B3 form 20mLscintillation 12 Well Plate 18000 µL on slot 5, Well B4 form 20mLscintillation 12 Well Plate 18000 µL on slot 5, Well C1 form 20mLscintillation 12 Well Plate 18000 µL on slot 5]
2024-12-12 10:34:05,640:INFO:__main__:Transferred 635.0 uL from Well C4 form septavialrev1_44_holder_2000ul on slot 3 to Well F2 form septavialrev1_44_holder_2000ul on slot 3
2024-12-12 10:37:11,906:INFO:__main__:Washed mix syringe in wash solutions [Well B3 form 20mLscintillation 12 Well Plate 18000 µL on slot 5, Well B4 form 20mLscintillation 12 Well Plate 18000 µL on slot 5, Well C1 form 20mLscintillation 12 Well Plate 18000 µL on slot 5]
2024-12-12 10:37:47,906:INFO:__main__:Transferred 416.0 uL from Well C5 form septavialrev1_44_holder_2000ul on slot 3 to Well F3 form septavialrev1_44_holder_2000ul on slot 3
2024-12-12 10:40:54,167:INFO:__main__:Washed mix syringe in wash solutions [Well B3 form 20mLscintillation 12 Well Plate 18000 µL on slot 5, Well B4 form 20mLscintillation 12 Well Plate 18000 µL on slot 5, Well C1 form 20mLscintillation 12 Well Plate 18000 µL on slot 5]
2024-12-12 10:41:30,972:INFO:__main__:Transferred 605.0 uL from Well C6 form septavialrev1_44_holder_2000ul on slot 3 to Well F4 form septavialrev1_44_holder_2000ul on slot 3
2024-12-12 10:44:37,279:INFO:__main__:Washed mix syringe in wash solutions [Well B3 form 20mLscintillation 12 Well Plate 18000 µL on slot 5, Well B4 form 20mLscintillation 12 Well Plate 18000 µL on slot 5, Well C1 form 20mLscintillation 12 Well Plate 18000 µL on slot 5]
